#! /usr/local/iverilog/bin/vvp
:ivl_version "11.0 (devel)" "(s20150603-612-ga9388a89)";
:ivl_delay_selection "TYPICAL";
:vpi_time_precision - 10;
:vpi_module "system";
:vpi_module "vhdl_sys";
:vpi_module "vhdl_textio";
:vpi_module "v2005_math";
:vpi_module "va_math";
S_0000000000ef88e0 .scope module, "tb" "tb" 2 3;
 .timescale -9 -10;
v0000000000f02080_0 .var "clock", 0 0;
v0000000000f01860_0 .var "reset_n", 0 0;
S_0000000000ef8a70 .scope module, "DUT" "mystery" 2 8, 3 1 0, S_0000000000ef88e0;
 .timescale 0 0;
    .port_info 0 /INPUT 1 "clock";
    .port_info 1 /INPUT 1 "reset_n";
    .port_info 2 /OUTPUT 1 "mystery0";
    .port_info 3 /OUTPUT 1 "mystery1";
L_0000000000ef7950 .functor OR 1, L_0000000000f01d60, L_0000000000fb2660, C4<0>, C4<0>;
v000000000107c3b0_0 .net *"_s0", 31 0, L_0000000000f01fe0;  1 drivers
L_0000000000f590f0 .functor BUFT 1, C4<1>, C4<0>, C4<0>, C4<0>;
v0000000000ef8640_0 .net/2u *"_s10", 0 0, L_0000000000f590f0;  1 drivers
v0000000000ef86e0_0 .net *"_s14", 31 0, L_0000000000f01c20;  1 drivers
L_0000000000f59138 .functor BUFT 1, C4<000000000000000000000000000000>, C4<0>, C4<0>, C4<0>;
v0000000000f023a0_0 .net *"_s17", 29 0, L_0000000000f59138;  1 drivers
L_0000000000f59180 .functor BUFT 1, C4<00000000000000000000000000000010>, C4<0>, C4<0>, C4<0>;
v0000000000f019a0_0 .net/2u *"_s18", 31 0, L_0000000000f59180;  1 drivers
v0000000000f02580_0 .net *"_s20", 0 0, L_0000000000f01d60;  1 drivers
v0000000000f02440_0 .net *"_s22", 31 0, L_0000000000fb2020;  1 drivers
L_0000000000f591c8 .functor BUFT 1, C4<000000000000000000000000000000>, C4<0>, C4<0>, C4<0>;
v0000000000f021c0_0 .net *"_s25", 29 0, L_0000000000f591c8;  1 drivers
L_0000000000f59210 .functor BUFT 1, C4<00000000000000000000000000000010>, C4<0>, C4<0>, C4<0>;
v0000000000f02260_0 .net/2u *"_s26", 31 0, L_0000000000f59210;  1 drivers
v0000000000f01720_0 .net *"_s28", 0 0, L_0000000000fb2660;  1 drivers
L_0000000000f59018 .functor BUFT 1, C4<000000000000000000000000000000>, C4<0>, C4<0>, C4<0>;
v0000000000f01b80_0 .net *"_s3", 29 0, L_0000000000f59018;  1 drivers
L_0000000000f59060 .functor BUFT 1, C4<00000000000000000000000000000001>, C4<0>, C4<0>, C4<0>;
v0000000000f024e0_0 .net/2u *"_s4", 31 0, L_0000000000f59060;  1 drivers
v0000000000f01ea0_0 .net *"_s6", 0 0, L_0000000000f02120;  1 drivers
L_0000000000f590a8 .functor BUFT 1, C4<0>, C4<0>, C4<0>, C4<0>;
v0000000000f01f40_0 .net/2u *"_s8", 0 0, L_0000000000f590a8;  1 drivers
v0000000000f01a40_0 .net "clock", 0 0, v0000000000f02080_0;  1 drivers
v0000000000f01e00_0 .net "mystery0", 0 0, L_0000000000f01900;  1 drivers
v0000000000f01680_0 .var "mystery0_count", 1 0;
v0000000000f01ae0_0 .net "mystery1", 0 0, L_0000000000ef7950;  1 drivers
v0000000000f01cc0_0 .var "neg1_count", 1 0;
v0000000000f017c0_0 .var "pos1_count", 1 0;
v0000000000f02300_0 .net "reset_n", 0 0, v0000000000f01860_0;  1 drivers
E_000000000107a1a0 .event negedge, v0000000000f01a40_0;
E_000000000107a220 .event posedge, v0000000000f01a40_0;
L_0000000000f01fe0 .concat [ 2 30 0 0], v0000000000f01680_0, L_0000000000f59018;
L_0000000000f02120 .cmp/eq 32, L_0000000000f01fe0, L_0000000000f59060;
L_0000000000f01900 .functor MUXZ 1, L_0000000000f590f0, L_0000000000f590a8, L_0000000000f02120, C4<>;
L_0000000000f01c20 .concat [ 2 30 0 0], v0000000000f017c0_0, L_0000000000f59138;
L_0000000000f01d60 .cmp/eq 32, L_0000000000f01c20, L_0000000000f59180;
L_0000000000fb2020 .concat [ 2 30 0 0], v0000000000f01cc0_0, L_0000000000f591c8;
L_0000000000fb2660 .cmp/eq 32, L_0000000000fb2020, L_0000000000f59210;
    .scope S_0000000000ef8a70;
T_0 ;
    %wait E_000000000107a220;
    %load/vec4 v0000000000f02300_0;
    %inv;
    %flag_set/vec4 8;
    %jmp/0xz  T_0.0, 8;
    %pushi/vec4 0, 0, 2;
    %store/vec4 v0000000000f01680_0, 0, 2;
    %jmp T_0.1;
T_0.0 ;
    %load/vec4 v0000000000f01680_0;
    %pad/u 32;
    %cmpi/e 2, 0, 32;
    %jmp/0xz  T_0.2, 4;
    %pushi/vec4 0, 0, 2;
    %assign/vec4 v0000000000f01680_0, 0;
    %jmp T_0.3;
T_0.2 ;
    %load/vec4 v0000000000f01680_0;
    %addi 1, 0, 2;
    %assign/vec4 v0000000000f01680_0, 0;
T_0.3 ;
T_0.1 ;
    %jmp T_0;
    .thread T_0;
    .scope S_0000000000ef8a70;
T_1 ;
    %wait E_000000000107a220;
    %load/vec4 v0000000000f02300_0;
    %inv;
    %flag_set/vec4 8;
    %jmp/0xz  T_1.0, 8;
    %pushi/vec4 0, 0, 2;
    %assign/vec4 v0000000000f017c0_0, 0;
    %jmp T_1.1;
T_1.0 ;
    %load/vec4 v0000000000f017c0_0;
    %pad/u 32;
    %cmpi/e 2, 0, 32;
    %jmp/0xz  T_1.2, 4;
    %pushi/vec4 0, 0, 2;
    %assign/vec4 v0000000000f017c0_0, 0;
    %jmp T_1.3;
T_1.2 ;
    %load/vec4 v0000000000f017c0_0;
    %addi 1, 0, 2;
    %assign/vec4 v0000000000f017c0_0, 0;
T_1.3 ;
T_1.1 ;
    %jmp T_1;
    .thread T_1;
    .scope S_0000000000ef8a70;
T_2 ;
    %wait E_000000000107a1a0;
    %load/vec4 v0000000000f02300_0;
    %inv;
    %flag_set/vec4 8;
    %jmp/0xz  T_2.0, 8;
    %pushi/vec4 0, 0, 2;
    %assign/vec4 v0000000000f01cc0_0, 0;
    %jmp T_2.1;
T_2.0 ;
    %load/vec4 v0000000000f01cc0_0;
    %pad/u 32;
    %cmpi/e 2, 0, 32;
    %jmp/0xz  T_2.2, 4;
    %pushi/vec4 0, 0, 2;
    %assign/vec4 v0000000000f01cc0_0, 0;
    %jmp T_2.3;
T_2.2 ;
    %load/vec4 v0000000000f01cc0_0;
    %addi 1, 0, 2;
    %assign/vec4 v0000000000f01cc0_0, 0;
T_2.3 ;
T_2.1 ;
    %jmp T_2;
    .thread T_2;
    .scope S_0000000000ef88e0;
T_3 ;
    %delay 100, 0;
    %load/vec4 v0000000000f02080_0;
    %inv;
    %store/vec4 v0000000000f02080_0, 0, 1;
    %jmp T_3;
    .thread T_3;
    .scope S_0000000000ef88e0;
T_4 ;
    %vpi_call 2 19 "$dumpfile", "output.vcd" {0 0 0};
    %vpi_call 2 20 "$dumpvars" {0 0 0};
    %vpi_call 2 21 "$display", $time, "<< Starting Simulation >>" {0 0 0};
    %pushi/vec4 0, 0, 1;
    %store/vec4 v0000000000f02080_0, 0, 1;
    %pushi/vec4 0, 0, 1;
    %store/vec4 v0000000000f01860_0, 0, 1;
    %delay 500, 0;
    %pushi/vec4 1, 0, 1;
    %store/vec4 v0000000000f01860_0, 0, 1;
    %delay 4500, 0;
    %vpi_call 2 25 "$display", $time, "<< Simulation Complete >>" {0 0 0};
    %vpi_call 2 26 "$finish" {0 0 0};
    %end;
    .thread T_4;
# The file index is used to find the file name in the following table.
:file_names 4;
    "N/A";
    "<interactive>";
    ".\tb_mystery.v";
    ".\mystery.v";
