Analysis & Synthesis report for lab2
Fri Oct 25 21:30:17 2019
Quartus Prime Version 18.1.0 Build 625 09/12/2018 SJ Lite Edition


---------------------
; Table of Contents ;
---------------------
  1. Legal Notice
  2. Analysis & Synthesis Summary
  3. Analysis & Synthesis Settings
  4. Parallel Compilation
  5. Analysis & Synthesis Source Files Read
  6. Analysis & Synthesis Resource Usage Summary
  7. Analysis & Synthesis Resource Utilization by Entity
  8. Registers Removed During Synthesis
  9. General Register Statistics
 10. Inverted Register Statistics
 11. Parameter Settings for User Entity Instance: clkdiv:D1
 12. Port Connectivity Checks: "sevenseg:U0"
 13. Port Connectivity Checks: "sevenseg:U1"
 14. Port Connectivity Checks: "sevenseg:U2"
 15. Port Connectivity Checks: "sevenseg:U3"
 16. Port Connectivity Checks: "sevenseg:U4"
 17. Port Connectivity Checks: "sevenseg:U5"
 18. Post-Synthesis Netlist Statistics for Top Partition
 19. Elapsed Time Per Partition
 20. Analysis & Synthesis Messages
 21. Analysis & Synthesis Suppressed Messages



----------------
; Legal Notice ;
----------------
Copyright (C) 2018  Intel Corporation. All rights reserved.
Your use of Intel Corporation's design tools, logic functions 
and other software and tools, and its AMPP partner logic 
functions, and any output files from any of the foregoing 
(including device programming or simulation files), and any 
associated documentation or information are expressly subject 
to the terms and conditions of the Intel Program License 
Subscription Agreement, the Intel Quartus Prime License Agreement,
the Intel FPGA IP License Agreement, or other applicable license
agreement, including, without limitation, that your use is for
the sole purpose of programming logic devices manufactured by
Intel and sold by Intel or its authorized distributors.  Please
refer to the applicable agreement for further details.



+----------------------------------------------------------------------------------+
; Analysis & Synthesis Summary                                                     ;
+------------------------------------+---------------------------------------------+
; Analysis & Synthesis Status        ; Successful - Fri Oct 25 21:30:17 2019       ;
; Quartus Prime Version              ; 18.1.0 Build 625 09/12/2018 SJ Lite Edition ;
; Revision Name                      ; lab2                                        ;
; Top-level Entity Name              ; lab2                                        ;
; Family                             ; MAX 10                                      ;
; Total logic elements               ; 61                                          ;
;     Total combinational functions  ; 61                                          ;
;     Dedicated logic registers      ; 32                                          ;
; Total registers                    ; 32                                          ;
; Total pins                         ; 61                                          ;
; Total virtual pins                 ; 0                                           ;
; Total memory bits                  ; 0                                           ;
; Embedded Multiplier 9-bit elements ; 0                                           ;
; Total PLLs                         ; 0                                           ;
; UFM blocks                         ; 0                                           ;
; ADC blocks                         ; 0                                           ;
+------------------------------------+---------------------------------------------+


+------------------------------------------------------------------------------------------------------------+
; Analysis & Synthesis Settings                                                                              ;
+------------------------------------------------------------------+--------------------+--------------------+
; Option                                                           ; Setting            ; Default Value      ;
+------------------------------------------------------------------+--------------------+--------------------+
; Device                                                           ; 10M50DAF484C7G     ;                    ;
; Top-level entity name                                            ; lab2               ; lab2               ;
; Family name                                                      ; MAX 10             ; Cyclone V          ;
; Use smart compilation                                            ; Off                ; Off                ;
; Enable parallel Assembler and Timing Analyzer during compilation ; On                 ; On                 ;
; Enable compact report table                                      ; Off                ; Off                ;
; Restructure Multiplexers                                         ; Auto               ; Auto               ;
; Create Debugging Nodes for IP Cores                              ; Off                ; Off                ;
; Preserve fewer node names                                        ; On                 ; On                 ;
; Intel FPGA IP Evaluation Mode                                    ; Enable             ; Enable             ;
; Verilog Version                                                  ; Verilog_2001       ; Verilog_2001       ;
; VHDL Version                                                     ; VHDL_1993          ; VHDL_1993          ;
; State Machine Processing                                         ; Auto               ; Auto               ;
; Safe State Machine                                               ; Off                ; Off                ;
; Extract Verilog State Machines                                   ; On                 ; On                 ;
; Extract VHDL State Machines                                      ; On                 ; On                 ;
; Ignore Verilog initial constructs                                ; Off                ; Off                ;
; Iteration limit for constant Verilog loops                       ; 5000               ; 5000               ;
; Iteration limit for non-constant Verilog loops                   ; 250                ; 250                ;
; Add Pass-Through Logic to Inferred RAMs                          ; On                 ; On                 ;
; Infer RAMs from Raw Logic                                        ; On                 ; On                 ;
; Parallel Synthesis                                               ; On                 ; On                 ;
; DSP Block Balancing                                              ; Auto               ; Auto               ;
; NOT Gate Push-Back                                               ; On                 ; On                 ;
; Power-Up Don't Care                                              ; On                 ; On                 ;
; Remove Redundant Logic Cells                                     ; Off                ; Off                ;
; Remove Duplicate Registers                                       ; On                 ; On                 ;
; Ignore CARRY Buffers                                             ; Off                ; Off                ;
; Ignore CASCADE Buffers                                           ; Off                ; Off                ;
; Ignore GLOBAL Buffers                                            ; Off                ; Off                ;
; Ignore ROW GLOBAL Buffers                                        ; Off                ; Off                ;
; Ignore LCELL Buffers                                             ; Off                ; Off                ;
; Ignore SOFT Buffers                                              ; On                 ; On                 ;
; Limit AHDL Integers to 32 Bits                                   ; Off                ; Off                ;
; Optimization Technique                                           ; Balanced           ; Balanced           ;
; Carry Chain Length                                               ; 70                 ; 70                 ;
; Auto Carry Chains                                                ; On                 ; On                 ;
; Auto Open-Drain Pins                                             ; On                 ; On                 ;
; Perform WYSIWYG Primitive Resynthesis                            ; Off                ; Off                ;
; Auto ROM Replacement                                             ; On                 ; On                 ;
; Auto RAM Replacement                                             ; On                 ; On                 ;
; Auto DSP Block Replacement                                       ; On                 ; On                 ;
; Auto Shift Register Replacement                                  ; Auto               ; Auto               ;
; Allow Shift Register Merging across Hierarchies                  ; Auto               ; Auto               ;
; Auto Clock Enable Replacement                                    ; On                 ; On                 ;
; Strict RAM Replacement                                           ; Off                ; Off                ;
; Allow Synchronous Control Signals                                ; On                 ; On                 ;
; Force Use of Synchronous Clear Signals                           ; Off                ; Off                ;
; Auto RAM Block Balancing                                         ; On                 ; On                 ;
; Auto RAM to Logic Cell Conversion                                ; Off                ; Off                ;
; Auto Resource Sharing                                            ; Off                ; Off                ;
; Allow Any RAM Size For Recognition                               ; Off                ; Off                ;
; Allow Any ROM Size For Recognition                               ; Off                ; Off                ;
; Allow Any Shift Register Size For Recognition                    ; Off                ; Off                ;
; Use LogicLock Constraints during Resource Balancing              ; On                 ; On                 ;
; Ignore translate_off and synthesis_off directives                ; Off                ; Off                ;
; Timing-Driven Synthesis                                          ; On                 ; On                 ;
; Report Parameter Settings                                        ; On                 ; On                 ;
; Report Source Assignments                                        ; On                 ; On                 ;
; Report Connectivity Checks                                       ; On                 ; On                 ;
; Ignore Maximum Fan-Out Assignments                               ; Off                ; Off                ;
; Synchronization Register Chain Length                            ; 2                  ; 2                  ;
; Power Optimization During Synthesis                              ; Normal compilation ; Normal compilation ;
; HDL message level                                                ; Level2             ; Level2             ;
; Suppress Register Optimization Related Messages                  ; Off                ; Off                ;
; Number of Removed Registers Reported in Synthesis Report         ; 5000               ; 5000               ;
; Number of Swept Nodes Reported in Synthesis Report               ; 5000               ; 5000               ;
; Number of Inverted Registers Reported in Synthesis Report        ; 100                ; 100                ;
; Clock MUX Protection                                             ; On                 ; On                 ;
; Auto Gated Clock Conversion                                      ; Off                ; Off                ;
; Block Design Naming                                              ; Auto               ; Auto               ;
; SDC constraint protection                                        ; Off                ; Off                ;
; Synthesis Effort                                                 ; Auto               ; Auto               ;
; Shift Register Replacement - Allow Asynchronous Clear Signal     ; On                 ; On                 ;
; Pre-Mapping Resynthesis Optimization                             ; Off                ; Off                ;
; Analysis & Synthesis Message Level                               ; Medium             ; Medium             ;
; Disable Register Merging Across Hierarchies                      ; Auto               ; Auto               ;
; Resource Aware Inference For Block RAM                           ; On                 ; On                 ;
+------------------------------------------------------------------+--------------------+--------------------+


+------------------------------------------+
; Parallel Compilation                     ;
+----------------------------+-------------+
; Processors                 ; Number      ;
+----------------------------+-------------+
; Number detected on machine ; 4           ;
; Maximum allowed            ; 2           ;
;                            ;             ;
; Average used               ; 1.00        ;
; Maximum used               ; 2           ;
;                            ;             ;
; Usage by Processor         ; % Time Used ;
;     Processor 1            ; 100.0%      ;
;     Processor 2            ;   0.0%      ;
+----------------------------+-------------+


+-------------------------------------------------------------------------------------------------------------------------------------------------------+
; Analysis & Synthesis Source Files Read                                                                                                                ;
+----------------------------------+-----------------+------------------------+---------------------------------------------------------------+---------+
; File Name with User-Entered Path ; Used in Netlist ; File Type              ; File Name with Absolute Path                                  ; Library ;
+----------------------------------+-----------------+------------------------+---------------------------------------------------------------+---------+
; ../Files/toggle.v                ; yes             ; User Verilog HDL File  ; C:/Users/sjfre/Documents/Quartus Files/Lab 2/Files/toggle.v   ;         ;
; ../Files/sevenseg.v              ; yes             ; User Verilog HDL File  ; C:/Users/sjfre/Documents/Quartus Files/Lab 2/Files/sevenseg.v ;         ;
; ../Files/lab2.v                  ; yes             ; User Verilog HDL File  ; C:/Users/sjfre/Documents/Quartus Files/Lab 2/Files/lab2.v     ;         ;
; ../Files/clkdiv.v                ; yes             ; User Verilog HDL File  ; C:/Users/sjfre/Documents/Quartus Files/Lab 2/Files/clkdiv.v   ;         ;
; ../Files/bcd.v                   ; yes             ; User Verilog HDL File  ; C:/Users/sjfre/Documents/Quartus Files/Lab 2/Files/bcd.v      ;         ;
+----------------------------------+-----------------+------------------------+---------------------------------------------------------------+---------+


+---------------------------------------------------------------------+
; Analysis & Synthesis Resource Usage Summary                         ;
+---------------------------------------------+-----------------------+
; Resource                                    ; Usage                 ;
+---------------------------------------------+-----------------------+
; Estimated Total logic elements              ; 61                    ;
;                                             ;                       ;
; Total combinational functions               ; 61                    ;
; Logic element usage by number of LUT inputs ;                       ;
;     -- 4 input functions                    ; 22                    ;
;     -- 3 input functions                    ; 4                     ;
;     -- <=2 input functions                  ; 35                    ;
;                                             ;                       ;
; Logic elements by mode                      ;                       ;
;     -- normal mode                          ; 37                    ;
;     -- arithmetic mode                      ; 24                    ;
;                                             ;                       ;
; Total registers                             ; 32                    ;
;     -- Dedicated logic registers            ; 32                    ;
;     -- I/O registers                        ; 0                     ;
;                                             ;                       ;
; I/O pins                                    ; 61                    ;
;                                             ;                       ;
; Embedded Multiplier 9-bit elements          ; 0                     ;
;                                             ;                       ;
; Maximum fan-out node                        ; clkdiv:D1|LessThan0~5 ;
; Maximum fan-out                             ; 26                    ;
; Total fan-out                               ; 337                   ;
; Average fan-out                             ; 1.57                  ;
+---------------------------------------------+-----------------------+


+------------------------------------------------------------------------------------------------------------------------------------------------------------------------------------------------------------------------------------+
; Analysis & Synthesis Resource Utilization by Entity                                                                                                                                                                                ;
+----------------------------+---------------------+---------------------------+-------------+------------+--------------+---------+-----------+------+--------------+------------+---------------------+-------------+--------------+
; Compilation Hierarchy Node ; Combinational ALUTs ; Dedicated Logic Registers ; Memory Bits ; UFM Blocks ; DSP Elements ; DSP 9x9 ; DSP 18x18 ; Pins ; Virtual Pins ; ADC blocks ; Full Hierarchy Name ; Entity Name ; Library Name ;
+----------------------------+---------------------+---------------------------+-------------+------------+--------------+---------+-----------+------+--------------+------------+---------------------+-------------+--------------+
; |lab2                      ; 61 (2)              ; 32 (1)                    ; 0           ; 0          ; 0            ; 0       ; 0         ; 61   ; 0            ; 0          ; |lab2               ; lab2        ; work         ;
;    |bcd:B4|                ; 4 (4)               ; 4 (4)                     ; 0           ; 0          ; 0            ; 0       ; 0         ; 0    ; 0            ; 0          ; |lab2|bcd:B4        ; bcd         ; work         ;
;    |clkdiv:D1|             ; 40 (40)             ; 26 (26)                   ; 0           ; 0          ; 0            ; 0       ; 0         ; 0    ; 0            ; 0          ; |lab2|clkdiv:D1     ; clkdiv      ; work         ;
;    |sevenseg:U4|           ; 7 (7)               ; 0 (0)                     ; 0           ; 0          ; 0            ; 0       ; 0         ; 0    ; 0            ; 0          ; |lab2|sevenseg:U4   ; sevenseg    ; work         ;
;    |sevenseg:U5|           ; 7 (7)               ; 0 (0)                     ; 0           ; 0          ; 0            ; 0       ; 0         ; 0    ; 0            ; 0          ; |lab2|sevenseg:U5   ; sevenseg    ; work         ;
;    |toggle:T1|             ; 1 (1)               ; 1 (1)                     ; 0           ; 0          ; 0            ; 0       ; 0         ; 0    ; 0            ; 0          ; |lab2|toggle:T1     ; toggle      ; work         ;
+----------------------------+---------------------+---------------------------+-------------+------------+--------------+---------+-----------+------+--------------+------------+---------------------+-------------+--------------+
Note: For table entries with two numbers listed, the numbers in parentheses indicate the number of resources of the given type used by the specific entity alone. The numbers listed outside of parentheses indicate the total resources of the given type used by the specific entity and all of its sub-entities in the hierarchy.


+---------------------------------------------------------------------+
; Registers Removed During Synthesis                                  ;
+---------------------------------------+-----------------------------+
; Register name                         ; Reason for Removal          ;
+---------------------------------------+-----------------------------+
; bcd:B5|mod10[3]                       ; Merged with bcd:B4|mod10[3] ;
; bcd:B5|mod10[2]                       ; Merged with bcd:B4|mod10[2] ;
; bcd:B5|mod10[1]                       ; Merged with bcd:B4|mod10[1] ;
; bcd:B5|mod10[0]                       ; Merged with bcd:B4|mod10[0] ;
; Total Number of Removed Registers = 4 ;                             ;
+---------------------------------------+-----------------------------+


+------------------------------------------------------+
; General Register Statistics                          ;
+----------------------------------------------+-------+
; Statistic                                    ; Value ;
+----------------------------------------------+-------+
; Total registers                              ; 32    ;
; Number of registers using Synchronous Clear  ; 25    ;
; Number of registers using Synchronous Load   ; 0     ;
; Number of registers using Asynchronous Clear ; 4     ;
; Number of registers using Asynchronous Load  ; 0     ;
; Number of registers using Clock Enable       ; 0     ;
; Number of registers using Preset             ; 0     ;
+----------------------------------------------+-------+


+--------------------------------------------------+
; Inverted Register Statistics                     ;
+----------------------------------------+---------+
; Inverted Register                      ; Fan out ;
+----------------------------------------+---------+
; bcd:B4|mod10[0]                        ; 12      ;
; blank                                  ; 8       ;
; Total number of inverted registers = 2 ;         ;
+----------------------------------------+---------+


+--------------------------------------------------------+
; Parameter Settings for User Entity Instance: clkdiv:D1 ;
+----------------+---------+-----------------------------+
; Parameter Name ; Value   ; Type                        ;
+----------------+---------+-----------------------------+
; div            ; 5000000 ; Signed Integer              ;
+----------------+---------+-----------------------------+
Note: In order to hide this table in the UI and the text report file, please set the "Show Parameter Settings in Synthesis Report" option in "Analysis and Synthesis Settings -> More Settings" to "Off".


+---------------------------------------------------+
; Port Connectivity Checks: "sevenseg:U0"           ;
+-------+-------+----------+------------------------+
; Port  ; Type  ; Severity ; Details                ;
+-------+-------+----------+------------------------+
; data  ; Input ; Info     ; Explicitly unconnected ;
; minus ; Input ; Info     ; Stuck at GND           ;
; blank ; Input ; Info     ; Stuck at VCC           ;
+-------+-------+----------+------------------------+


+---------------------------------------------------+
; Port Connectivity Checks: "sevenseg:U1"           ;
+-------+-------+----------+------------------------+
; Port  ; Type  ; Severity ; Details                ;
+-------+-------+----------+------------------------+
; data  ; Input ; Info     ; Explicitly unconnected ;
; minus ; Input ; Info     ; Stuck at GND           ;
; blank ; Input ; Info     ; Stuck at VCC           ;
+-------+-------+----------+------------------------+


+---------------------------------------------------+
; Port Connectivity Checks: "sevenseg:U2"           ;
+-------+-------+----------+------------------------+
; Port  ; Type  ; Severity ; Details                ;
+-------+-------+----------+------------------------+
; data  ; Input ; Info     ; Explicitly unconnected ;
; minus ; Input ; Info     ; Stuck at GND           ;
; blank ; Input ; Info     ; Stuck at VCC           ;
+-------+-------+----------+------------------------+


+---------------------------------------------------+
; Port Connectivity Checks: "sevenseg:U3"           ;
+-------+-------+----------+------------------------+
; Port  ; Type  ; Severity ; Details                ;
+-------+-------+----------+------------------------+
; data  ; Input ; Info     ; Explicitly unconnected ;
; minus ; Input ; Info     ; Stuck at GND           ;
; blank ; Input ; Info     ; Stuck at VCC           ;
+-------+-------+----------+------------------------+


+-----------------------------------------+
; Port Connectivity Checks: "sevenseg:U4" ;
+-------+-------+----------+--------------+
; Port  ; Type  ; Severity ; Details      ;
+-------+-------+----------+--------------+
; minus ; Input ; Info     ; Stuck at GND ;
+-------+-------+----------+--------------+


+-----------------------------------------+
; Port Connectivity Checks: "sevenseg:U5" ;
+-------+-------+----------+--------------+
; Port  ; Type  ; Severity ; Details      ;
+-------+-------+----------+--------------+
; minus ; Input ; Info     ; Stuck at GND ;
; blank ; Input ; Info     ; Stuck at GND ;
+-------+-------+----------+--------------+


+-----------------------------------------------------+
; Post-Synthesis Netlist Statistics for Top Partition ;
+-----------------------+-----------------------------+
; Type                  ; Count                       ;
+-----------------------+-----------------------------+
; boundary_port         ; 61                          ;
; cycloneiii_ff         ; 32                          ;
;     CLR               ; 4                           ;
;     SCLR              ; 25                          ;
;     plain             ; 3                           ;
; cycloneiii_lcell_comb ; 65                          ;
;     arith             ; 24                          ;
;         2 data inputs ; 24                          ;
;     normal            ; 41                          ;
;         0 data inputs ; 2                           ;
;         1 data inputs ; 5                           ;
;         2 data inputs ; 8                           ;
;         3 data inputs ; 4                           ;
;         4 data inputs ; 22                          ;
;                       ;                             ;
; Max LUT depth         ; 4.00                        ;
; Average LUT depth     ; 2.73                        ;
+-----------------------+-----------------------------+


+-------------------------------+
; Elapsed Time Per Partition    ;
+----------------+--------------+
; Partition Name ; Elapsed Time ;
+----------------+--------------+
; Top            ; 00:00:00     ;
+----------------+--------------+


+-------------------------------+
; Analysis & Synthesis Messages ;
+-------------------------------+
Info: *******************************************************************
Info: Running Quartus Prime Analysis & Synthesis
    Info: Version 18.1.0 Build 625 09/12/2018 SJ Lite Edition
    Info: Processing started: Fri Oct 25 21:30:03 2019
Info: Command: quartus_map --read_settings_files=on --write_settings_files=off lab2 -c lab2
Warning (18236): Number of processors has not been specified which may cause overloading on shared machines.  Set the global assignment NUM_PARALLEL_PROCESSORS in your QSF to an appropriate value for best performance.
Info (20030): Parallel compilation is enabled and will use 2 of the 2 processors detected
Info (12021): Found 1 design units, including 1 entities, in source file /users/sjfre/documents/quartus files/lab 2/files/toggle.v
    Info (12023): Found entity 1: toggle File: C:/Users/sjfre/Documents/Quartus Files/Lab 2/Files/toggle.v Line: 1
Info (12021): Found 1 design units, including 1 entities, in source file /users/sjfre/documents/quartus files/lab 2/files/sevenseg.v
    Info (12023): Found entity 1: sevenseg File: C:/Users/sjfre/Documents/Quartus Files/Lab 2/Files/sevenseg.v Line: 1
Info (12021): Found 1 design units, including 1 entities, in source file /users/sjfre/documents/quartus files/lab 2/files/lab2.v
    Info (12023): Found entity 1: lab2 File: C:/Users/sjfre/Documents/Quartus Files/Lab 2/Files/lab2.v Line: 1
Info (12021): Found 1 design units, including 1 entities, in source file /users/sjfre/documents/quartus files/lab 2/files/clkdiv.v
    Info (12023): Found entity 1: clkdiv File: C:/Users/sjfre/Documents/Quartus Files/Lab 2/Files/clkdiv.v Line: 1
Info (12021): Found 1 design units, including 1 entities, in source file /users/sjfre/documents/quartus files/lab 2/files/bcd.v
    Info (12023): Found entity 1: bcd File: C:/Users/sjfre/Documents/Quartus Files/Lab 2/Files/bcd.v Line: 1
Info (12127): Elaborating entity "lab2" for the top level hierarchy
Warning (10036): Verilog HDL or VHDL warning at lab2.v(35): object "enable" assigned a value but never read File: C:/Users/sjfre/Documents/Quartus Files/Lab 2/Files/lab2.v Line: 35
Info (12128): Elaborating entity "toggle" for hierarchy "toggle:T1" File: C:/Users/sjfre/Documents/Quartus Files/Lab 2/Files/lab2.v Line: 19
Info (12128): Elaborating entity "clkdiv" for hierarchy "clkdiv:D1" File: C:/Users/sjfre/Documents/Quartus Files/Lab 2/Files/lab2.v Line: 25
Warning (10230): Verilog HDL assignment warning at clkdiv.v(12): truncated value with size 32 to match size of target (25) File: C:/Users/sjfre/Documents/Quartus Files/Lab 2/Files/clkdiv.v Line: 12
Info (12128): Elaborating entity "bcd" for hierarchy "bcd:B4" File: C:/Users/sjfre/Documents/Quartus Files/Lab 2/Files/lab2.v Line: 32
Warning (10230): Verilog HDL assignment warning at bcd.v(15): truncated value with size 32 to match size of target (4) File: C:/Users/sjfre/Documents/Quartus Files/Lab 2/Files/bcd.v Line: 15
Info (12128): Elaborating entity "sevenseg" for hierarchy "sevenseg:U5" File: C:/Users/sjfre/Documents/Quartus Files/Lab 2/Files/lab2.v Line: 51
Info (13000): Registers with preset signals will power-up high File: C:/Users/sjfre/Documents/Quartus Files/Lab 2/Files/bcd.v Line: 14
Info (13003): DEV_CLRn pin will set, and not reset, register with preset signal due to NOT Gate Push-Back
Warning (13024): Output pins are stuck at VCC or GND
    Warning (13410): Pin "HEX5[7]" is stuck at VCC File: C:/Users/sjfre/Documents/Quartus Files/Lab 2/Files/lab2.v Line: 5
    Warning (13410): Pin "HEX4[7]" is stuck at VCC File: C:/Users/sjfre/Documents/Quartus Files/Lab 2/Files/lab2.v Line: 6
    Warning (13410): Pin "HEX3[0]" is stuck at VCC File: C:/Users/sjfre/Documents/Quartus Files/Lab 2/Files/lab2.v Line: 7
    Warning (13410): Pin "HEX3[1]" is stuck at VCC File: C:/Users/sjfre/Documents/Quartus Files/Lab 2/Files/lab2.v Line: 7
    Warning (13410): Pin "HEX3[2]" is stuck at VCC File: C:/Users/sjfre/Documents/Quartus Files/Lab 2/Files/lab2.v Line: 7
    Warning (13410): Pin "HEX3[3]" is stuck at VCC File: C:/Users/sjfre/Documents/Quartus Files/Lab 2/Files/lab2.v Line: 7
    Warning (13410): Pin "HEX3[4]" is stuck at VCC File: C:/Users/sjfre/Documents/Quartus Files/Lab 2/Files/lab2.v Line: 7
    Warning (13410): Pin "HEX3[5]" is stuck at VCC File: C:/Users/sjfre/Documents/Quartus Files/Lab 2/Files/lab2.v Line: 7
    Warning (13410): Pin "HEX3[6]" is stuck at VCC File: C:/Users/sjfre/Documents/Quartus Files/Lab 2/Files/lab2.v Line: 7
    Warning (13410): Pin "HEX3[7]" is stuck at VCC File: C:/Users/sjfre/Documents/Quartus Files/Lab 2/Files/lab2.v Line: 7
    Warning (13410): Pin "HEX2[0]" is stuck at VCC File: C:/Users/sjfre/Documents/Quartus Files/Lab 2/Files/lab2.v Line: 8
    Warning (13410): Pin "HEX2[1]" is stuck at VCC File: C:/Users/sjfre/Documents/Quartus Files/Lab 2/Files/lab2.v Line: 8
    Warning (13410): Pin "HEX2[2]" is stuck at VCC File: C:/Users/sjfre/Documents/Quartus Files/Lab 2/Files/lab2.v Line: 8
    Warning (13410): Pin "HEX2[3]" is stuck at VCC File: C:/Users/sjfre/Documents/Quartus Files/Lab 2/Files/lab2.v Line: 8
    Warning (13410): Pin "HEX2[4]" is stuck at VCC File: C:/Users/sjfre/Documents/Quartus Files/Lab 2/Files/lab2.v Line: 8
    Warning (13410): Pin "HEX2[5]" is stuck at VCC File: C:/Users/sjfre/Documents/Quartus Files/Lab 2/Files/lab2.v Line: 8
    Warning (13410): Pin "HEX2[6]" is stuck at VCC File: C:/Users/sjfre/Documents/Quartus Files/Lab 2/Files/lab2.v Line: 8
    Warning (13410): Pin "HEX2[7]" is stuck at VCC File: C:/Users/sjfre/Documents/Quartus Files/Lab 2/Files/lab2.v Line: 8
    Warning (13410): Pin "HEX1[0]" is stuck at VCC File: C:/Users/sjfre/Documents/Quartus Files/Lab 2/Files/lab2.v Line: 9
    Warning (13410): Pin "HEX1[1]" is stuck at VCC File: C:/Users/sjfre/Documents/Quartus Files/Lab 2/Files/lab2.v Line: 9
    Warning (13410): Pin "HEX1[2]" is stuck at VCC File: C:/Users/sjfre/Documents/Quartus Files/Lab 2/Files/lab2.v Line: 9
    Warning (13410): Pin "HEX1[3]" is stuck at VCC File: C:/Users/sjfre/Documents/Quartus Files/Lab 2/Files/lab2.v Line: 9
    Warning (13410): Pin "HEX1[4]" is stuck at VCC File: C:/Users/sjfre/Documents/Quartus Files/Lab 2/Files/lab2.v Line: 9
    Warning (13410): Pin "HEX1[5]" is stuck at VCC File: C:/Users/sjfre/Documents/Quartus Files/Lab 2/Files/lab2.v Line: 9
    Warning (13410): Pin "HEX1[6]" is stuck at VCC File: C:/Users/sjfre/Documents/Quartus Files/Lab 2/Files/lab2.v Line: 9
    Warning (13410): Pin "HEX1[7]" is stuck at VCC File: C:/Users/sjfre/Documents/Quartus Files/Lab 2/Files/lab2.v Line: 9
    Warning (13410): Pin "HEX0[0]" is stuck at VCC File: C:/Users/sjfre/Documents/Quartus Files/Lab 2/Files/lab2.v Line: 10
    Warning (13410): Pin "HEX0[1]" is stuck at VCC File: C:/Users/sjfre/Documents/Quartus Files/Lab 2/Files/lab2.v Line: 10
    Warning (13410): Pin "HEX0[2]" is stuck at VCC File: C:/Users/sjfre/Documents/Quartus Files/Lab 2/Files/lab2.v Line: 10
    Warning (13410): Pin "HEX0[3]" is stuck at VCC File: C:/Users/sjfre/Documents/Quartus Files/Lab 2/Files/lab2.v Line: 10
    Warning (13410): Pin "HEX0[4]" is stuck at VCC File: C:/Users/sjfre/Documents/Quartus Files/Lab 2/Files/lab2.v Line: 10
    Warning (13410): Pin "HEX0[5]" is stuck at VCC File: C:/Users/sjfre/Documents/Quartus Files/Lab 2/Files/lab2.v Line: 10
    Warning (13410): Pin "HEX0[6]" is stuck at VCC File: C:/Users/sjfre/Documents/Quartus Files/Lab 2/Files/lab2.v Line: 10
    Warning (13410): Pin "HEX0[7]" is stuck at VCC File: C:/Users/sjfre/Documents/Quartus Files/Lab 2/Files/lab2.v Line: 10
    Warning (13410): Pin "LEDR[2]" is stuck at VCC File: C:/Users/sjfre/Documents/Quartus Files/Lab 2/Files/lab2.v Line: 12
    Warning (13410): Pin "LEDR[3]" is stuck at GND File: C:/Users/sjfre/Documents/Quartus Files/Lab 2/Files/lab2.v Line: 12
    Warning (13410): Pin "LEDR[4]" is stuck at GND File: C:/Users/sjfre/Documents/Quartus Files/Lab 2/Files/lab2.v Line: 12
    Warning (13410): Pin "LEDR[5]" is stuck at GND File: C:/Users/sjfre/Documents/Quartus Files/Lab 2/Files/lab2.v Line: 12
    Warning (13410): Pin "LEDR[6]" is stuck at GND File: C:/Users/sjfre/Documents/Quartus Files/Lab 2/Files/lab2.v Line: 12
    Warning (13410): Pin "LEDR[7]" is stuck at GND File: C:/Users/sjfre/Documents/Quartus Files/Lab 2/Files/lab2.v Line: 12
    Warning (13410): Pin "LEDR[8]" is stuck at GND File: C:/Users/sjfre/Documents/Quartus Files/Lab 2/Files/lab2.v Line: 12
    Warning (13410): Pin "LEDR[9]" is stuck at GND File: C:/Users/sjfre/Documents/Quartus Files/Lab 2/Files/lab2.v Line: 12
Info (286030): Timing-Driven Synthesis is running
Info (144001): Generated suppressed messages file C:/Users/sjfre/Documents/Quartus Files/Lab 2/System/output_files/lab2.map.smsg
Info (16010): Generating hard_block partition "hard_block:auto_generated_inst"
    Info (16011): Adding 0 node(s), including 0 DDIO, 0 PLL, 0 transceiver and 0 LCELL
Warning (21074): Design contains 1 input pin(s) that do not drive logic
    Warning (15610): No output dependent on input pin "KEY[1]" File: C:/Users/sjfre/Documents/Quartus Files/Lab 2/Files/lab2.v Line: 3
Info (21057): Implemented 122 device resources after synthesis - the final resource count might be different
    Info (21058): Implemented 3 input pins
    Info (21059): Implemented 58 output pins
    Info (21061): Implemented 61 logic cells
Info: Quartus Prime Analysis & Synthesis was successful. 0 errors, 49 warnings
    Info: Peak virtual memory: 4751 megabytes
    Info: Processing ended: Fri Oct 25 21:30:17 2019
    Info: Elapsed time: 00:00:14
    Info: Total CPU time (on all processors): 00:00:31


+------------------------------------------+
; Analysis & Synthesis Suppressed Messages ;
+------------------------------------------+
The suppressed messages can be found in C:/Users/sjfre/Documents/Quartus Files/Lab 2/System/output_files/lab2.map.smsg.


