#! /usr/local/iverilog/bin/vvp
:ivl_version "11.0 (devel)" "(s20150603-612-ga9388a89)";
:ivl_delay_selection "TYPICAL";
:vpi_time_precision - 10;
:vpi_module "system";
:vpi_module "vhdl_sys";
:vpi_module "vhdl_textio";
:vpi_module "v2005_math";
:vpi_module "va_math";
S_0000000000cf9c70 .scope module, "tb" "tb" 2 3;
 .timescale -9 -10;
v0000000000d8a110_0 .var "KEY", 1 0;
v0000000000d8bbf0_0 .net "LEDR", 9 0, L_0000000000d8c260;  1 drivers
v0000000000d8bd30_0 .var "SW", 9 0;
v0000000000d8bf10_0 .var "clock", 0 0;
S_0000000000d31490 .scope module, "DUT" "lab3" 2 13, 3 1 0, S_0000000000cf9c70;
 .timescale -9 -10;
    .port_info 0 /INPUT 10 "SW";
    .port_info 1 /INPUT 2 "KEY";
    .port_info 2 /INPUT 1 "ADC_CLK_10";
    .port_info 3 /OUTPUT 8 "HEX5";
    .port_info 4 /OUTPUT 8 "HEX4";
    .port_info 5 /OUTPUT 8 "HEX3";
    .port_info 6 /OUTPUT 8 "HEX2";
    .port_info 7 /OUTPUT 8 "HEX1";
    .port_info 8 /OUTPUT 8 "HEX0";
    .port_info 9 /OUTPUT 10 "LEDR";
P_0000000000d14470 .param/l "Hazard" 0 3 23, C4<001>;
P_0000000000d144a8 .param/l "Idle" 0 3 22, C4<000>;
P_0000000000d144e0 .param/l "Left1" 0 3 24, C4<010>;
P_0000000000d14518 .param/l "Left2" 0 3 25, C4<011>;
P_0000000000d14550 .param/l "Left3" 0 3 26, C4<100>;
P_0000000000d14588 .param/l "Right1" 0 3 27, C4<101>;
P_0000000000d145c0 .param/l "Right2" 0 3 28, C4<110>;
P_0000000000d145f8 .param/l "Right3" 0 3 29, C4<111>;
L_0000000000cec930 .functor NOT 1, v0000000000d8a7f0_0, C4<0>, C4<0>, C4<0>;
L_0000000000ceca80 .functor NOT 1, v0000000000d8a7f0_0, C4<0>, C4<0>, C4<0>;
v0000000000d8bdd0_0 .net "ADC_CLK_10", 0 0, v0000000000d8bf10_0;  1 drivers
v0000000000d8ae30_0 .net "CurrentS", 2 0, v0000000000d1c0b0_0;  1 drivers
v0000000000d8b470_0 .net "HEX0", 7 0, v0000000000d1cd30_0;  1 drivers
v0000000000d8b790_0 .net "HEX1", 7 0, v0000000000d1b2f0_0;  1 drivers
v0000000000d8b650_0 .net "HEX2", 7 0, v0000000000e89d50_0;  1 drivers
v0000000000d8be70_0 .net "HEX3", 7 0, v0000000000d8b510_0;  1 drivers
v0000000000d8ad90_0 .net "HEX4", 7 0, v0000000000d8abb0_0;  1 drivers
v0000000000d8b6f0_0 .net "HEX5", 7 0, v0000000000d8aa70_0;  1 drivers
v0000000000d8a1b0_0 .net "KEY", 1 0, v0000000000d8a110_0;  1 drivers
v0000000000d8b830_0 .net "LEDR", 9 0, L_0000000000d8c260;  alias, 1 drivers
v0000000000d8a9d0_0 .net "LEDval", 5 0, v0000000000d1cc90_0;  1 drivers
v0000000000d8b8d0_0 .net "NextS", 2 0, v0000000000d1c8d0_0;  1 drivers
v0000000000d8aed0_0 .net "SW", 9 0, v0000000000d8bd30_0;  1 drivers
v0000000000d8a4d0_0 .net *"_s10", 0 0, L_0000000000ceca80;  1 drivers
L_00000000026a00d0 .functor BUFT 1, C4<0>, C4<0>, C4<0>, C4<0>;
v0000000000d8a6b0_0 .net/2u *"_s14", 0 0, L_00000000026a00d0;  1 drivers
L_00000000026a0088 .functor BUFT 1, C4<0>, C4<0>, C4<0>, C4<0>;
v0000000000d8a750_0 .net/2u *"_s2", 0 0, L_00000000026a0088;  1 drivers
v0000000000d8bab0_0 .net *"_s27", 2 0, L_0000000000d8d200;  1 drivers
v0000000000d8af70_0 .net *"_s32", 2 0, L_0000000000d8c800;  1 drivers
L_00000000026a01a8 .functor BUFT 1, C4<000>, C4<0>, C4<0>, C4<0>;
v0000000000d8a2f0_0 .net/2u *"_s35", 2 0, L_00000000026a01a8;  1 drivers
v0000000000d8b0b0_0 .net *"_s38", 0 0, L_0000000000d8cee0;  1 drivers
L_00000000026a0238 .functor BUFT 1, C4<000>, C4<0>, C4<0>, C4<0>;
v0000000000d8b150_0 .net/2u *"_s43", 2 0, L_00000000026a0238;  1 drivers
L_00000000026a02c8 .functor BUFT 1, C4<0>, C4<0>, C4<0>, C4<0>;
v0000000000d8a250_0 .net/2u *"_s49", 0 0, L_00000000026a02c8;  1 drivers
v0000000000d8bb50_0 .net *"_s6", 0 0, L_0000000000cec930;  1 drivers
v0000000000d8bc90_0 .net "clk5hz", 0 0, L_0000000000cecaf0;  1 drivers
v0000000000d8a570_0 .net "lrsel", 0 0, v0000000000d8a930_0;  1 drivers
v0000000000d8a610_0 .net "reset_n", 0 0, v0000000000d8a7f0_0;  1 drivers
L_0000000000d8a070 .part v0000000000d8a110_0, 0, 1;
L_0000000000d8c4e0 .part v0000000000d8a110_0, 1, 1;
L_0000000000d8d840 .part v0000000000d8bd30_0, 1, 1;
L_0000000000d8c8a0 .part v0000000000d8bd30_0, 0, 1;
L_0000000000d8d200 .part v0000000000d1cc90_0, 3, 3;
LS_0000000000d8c260_0_0 .concat8 [ 3 1 1 1], L_0000000000d8c800, L_00000000026a00d0, L_0000000000ceca80, L_0000000000cec930;
LS_0000000000d8c260_0_4 .concat8 [ 1 3 0 0], L_00000000026a0088, L_0000000000d8d200;
L_0000000000d8c260 .concat8 [ 6 4 0 0], LS_0000000000d8c260_0_0, LS_0000000000d8c260_0_4;
L_0000000000d8c800 .part v0000000000d1cc90_0, 0, 3;
L_0000000000d8cee0 .part v0000000000d8bd30_0, 9, 1;
L_0000000000d8c080 .concat [ 1 3 0 0], L_0000000000d8cee0, L_00000000026a01a8;
L_0000000000d8c940 .concat [ 1 3 0 0], v0000000000d8a930_0, L_00000000026a0238;
L_0000000000d8d0c0 .concat [ 3 1 0 0], v0000000000d1c0b0_0, L_00000000026a02c8;
S_0000000000d31620 .scope module, "C1" "csl" 3 55, 4 1 0, S_0000000000d31490;
 .timescale -9 -10;
    .port_info 0 /INPUT 1 "clock";
    .port_info 1 /INPUT 1 "reset_n";
    .port_info 2 /INPUT 3 "NextS";
    .port_info 3 /OUTPUT 3 "CurrentS";
v0000000000d1c0b0_0 .var "CurrentS", 2 0;
v0000000000d1c510_0 .net "NextS", 2 0, v0000000000d1c8d0_0;  alias, 1 drivers
v0000000000d1bcf0_0 .net "clock", 0 0, L_0000000000cecaf0;  alias, 1 drivers
v0000000000d1b570_0 .net "reset_n", 0 0, v0000000000d8a7f0_0;  alias, 1 drivers
E_0000000000d29be0/0 .event negedge, v0000000000d1b570_0;
E_0000000000d29be0/1 .event posedge, v0000000000d1bcf0_0;
E_0000000000d29be0 .event/or E_0000000000d29be0/0, E_0000000000d29be0/1;
S_0000000000d14640 .scope module, "D1" "clkdiv" 3 49, 5 1 0, S_0000000000d31490;
 .timescale -9 -10;
    .port_info 0 /INPUT 1 "clockin";
    .port_info 1 /OUTPUT 1 "clockout";
L_0000000000cecaf0 .functor BUFZ 1, v0000000000d1bd90_0, C4<0>, C4<0>, C4<0>;
v0000000000d1bd90_0 .var "clock", 0 0;
v0000000000d1c6f0_0 .net "clockin", 0 0, v0000000000d8bf10_0;  alias, 1 drivers
v0000000000d1ba70_0 .net "clockout", 0 0, L_0000000000cecaf0;  alias, 1 drivers
v0000000000d1b610_0 .var "count", 24 0;
L_00000000026a0118 .functor BUFT 1, C4<0000000000000000000000000>, C4<0>, C4<0>, C4<0>;
v0000000000d1c790_0 .net "div", 24 0, L_00000000026a0118;  1 drivers
E_0000000000d296a0 .event posedge, v0000000000d1c6f0_0;
S_0000000000d0cf40 .scope module, "N1" "nsl" 3 59, 6 1 0, S_0000000000d31490;
 .timescale -9 -10;
    .port_info 0 /INPUT 1 "en";
    .port_info 1 /INPUT 1 "haz";
    .port_info 2 /INPUT 1 "lrsel";
    .port_info 3 /INPUT 3 "CurrentS";
    .port_info 4 /OUTPUT 3 "NextS";
v0000000000d1c830_0 .net "CurrentS", 2 0, v0000000000d1c0b0_0;  alias, 1 drivers
v0000000000d1c8d0_0 .var "NextS", 2 0;
v0000000000d1b750_0 .net "en", 0 0, L_0000000000d8d840;  1 drivers
v0000000000d1ca10_0 .net "haz", 0 0, L_0000000000d8c8a0;  1 drivers
v0000000000d1cab0_0 .net "lrsel", 0 0, v0000000000d8a930_0;  alias, 1 drivers
E_0000000000d29ca0 .event edge, v0000000000d1c0b0_0, v0000000000d1ca10_0, v0000000000d1cab0_0, v0000000000d1b750_0;
S_0000000000d0d0d0 .scope module, "O1" "ol" 3 65, 7 1 0, S_0000000000d31490;
 .timescale -9 -10;
    .port_info 0 /INPUT 3 "CurrentS";
    .port_info 1 /OUTPUT 6 "LEDval";
v0000000000d1cb50_0 .net "CurrentS", 2 0, v0000000000d1c0b0_0;  alias, 1 drivers
v0000000000d1cc90_0 .var "LEDval", 5 0;
E_0000000000d297a0 .event edge, v0000000000d1c0b0_0;
S_0000000000d0a080 .scope module, "S0" "sevenseg" 3 75, 8 1 0, S_0000000000d31490;
 .timescale -9 -10;
    .port_info 0 /INPUT 4 "data";
    .port_info 1 /INPUT 1 "blank";
    .port_info 2 /INPUT 1 "minus";
    .port_info 3 /OUTPUT 8 "HEX";
v0000000000d1cd30_0 .var "HEX", 7 0;
o0000000000d34a28 .functor BUFZ 1, C4<z>; HiZ drive
v0000000000d1afd0_0 .net "blank", 0 0, o0000000000d34a28;  0 drivers
v0000000000d1b110_0 .net "data", 3 0, L_0000000000d8d0c0;  1 drivers
o0000000000d34a88 .functor BUFZ 1, C4<z>; HiZ drive
v0000000000d1b1b0_0 .net "minus", 0 0, o0000000000d34a88;  0 drivers
E_0000000000d297e0 .event edge, v0000000000d1b110_0, v0000000000d1b1b0_0, v0000000000d1afd0_0;
S_0000000000d0a210 .scope module, "S1" "sevenseg" 3 74, 8 1 0, S_0000000000d31490;
 .timescale -9 -10;
    .port_info 0 /INPUT 4 "data";
    .port_info 1 /INPUT 1 "blank";
    .port_info 2 /INPUT 1 "minus";
    .port_info 3 /OUTPUT 8 "HEX";
v0000000000d1b2f0_0 .var "HEX", 7 0;
L_00000000026a0280 .functor BUFT 1, C4<1>, C4<0>, C4<0>, C4<0>;
v0000000000d1b390_0 .net "blank", 0 0, L_00000000026a0280;  1 drivers
o0000000000d34bd8 .functor BUFZ 4, C4<zzzz>; HiZ drive
v0000000000d1b6b0_0 .net "data", 3 0, o0000000000d34bd8;  0 drivers
o0000000000d34c08 .functor BUFZ 1, C4<z>; HiZ drive
v0000000000e89b70_0 .net "minus", 0 0, o0000000000d34c08;  0 drivers
E_0000000000d29120 .event edge, v0000000000d1b6b0_0, v0000000000e89b70_0, v0000000000d1b390_0;
S_0000000000d05d00 .scope module, "S2" "sevenseg" 3 73, 8 1 0, S_0000000000d31490;
 .timescale -9 -10;
    .port_info 0 /INPUT 4 "data";
    .port_info 1 /INPUT 1 "blank";
    .port_info 2 /INPUT 1 "minus";
    .port_info 3 /OUTPUT 8 "HEX";
v0000000000e89d50_0 .var "HEX", 7 0;
o0000000000d34d28 .functor BUFZ 1, C4<z>; HiZ drive
v0000000000e88ef0_0 .net "blank", 0 0, o0000000000d34d28;  0 drivers
v0000000000e89030_0 .net "data", 3 0, L_0000000000d8c940;  1 drivers
o0000000000d34d88 .functor BUFZ 1, C4<z>; HiZ drive
v0000000000d8b3d0_0 .net "minus", 0 0, o0000000000d34d88;  0 drivers
E_0000000000d29e20 .event edge, v0000000000e89030_0, v0000000000d8b3d0_0, v0000000000e88ef0_0;
S_0000000000d05e90 .scope module, "S3" "sevenseg" 3 72, 8 1 0, S_0000000000d31490;
 .timescale -9 -10;
    .port_info 0 /INPUT 4 "data";
    .port_info 1 /INPUT 1 "blank";
    .port_info 2 /INPUT 1 "minus";
    .port_info 3 /OUTPUT 8 "HEX";
v0000000000d8b510_0 .var "HEX", 7 0;
L_00000000026a01f0 .functor BUFT 1, C4<1>, C4<0>, C4<0>, C4<0>;
v0000000000d8b5b0_0 .net "blank", 0 0, L_00000000026a01f0;  1 drivers
o0000000000d34ed8 .functor BUFZ 4, C4<zzzz>; HiZ drive
v0000000000d8b970_0 .net "data", 3 0, o0000000000d34ed8;  0 drivers
o0000000000d34f08 .functor BUFZ 1, C4<z>; HiZ drive
v0000000000d8b330_0 .net "minus", 0 0, o0000000000d34f08;  0 drivers
E_0000000000d29d20 .event edge, v0000000000d8b970_0, v0000000000d8b330_0, v0000000000d8b5b0_0;
S_0000000000cf7f80 .scope module, "S4" "sevenseg" 3 71, 8 1 0, S_0000000000d31490;
 .timescale -9 -10;
    .port_info 0 /INPUT 4 "data";
    .port_info 1 /INPUT 1 "blank";
    .port_info 2 /INPUT 1 "minus";
    .port_info 3 /OUTPUT 8 "HEX";
v0000000000d8abb0_0 .var "HEX", 7 0;
o0000000000d35028 .functor BUFZ 1, C4<z>; HiZ drive
v0000000000d8a430_0 .net "blank", 0 0, o0000000000d35028;  0 drivers
v0000000000d8b010_0 .net "data", 3 0, L_0000000000d8c080;  1 drivers
o0000000000d35088 .functor BUFZ 1, C4<z>; HiZ drive
v0000000000d8b1f0_0 .net "minus", 0 0, o0000000000d35088;  0 drivers
E_0000000000d29620 .event edge, v0000000000d8b010_0, v0000000000d8b1f0_0, v0000000000d8a430_0;
S_0000000000cf8110 .scope module, "S5" "sevenseg" 3 70, 8 1 0, S_0000000000d31490;
 .timescale -9 -10;
    .port_info 0 /INPUT 4 "data";
    .port_info 1 /INPUT 1 "blank";
    .port_info 2 /INPUT 1 "minus";
    .port_info 3 /OUTPUT 8 "HEX";
v0000000000d8aa70_0 .var "HEX", 7 0;
L_00000000026a0160 .functor BUFT 1, C4<1>, C4<0>, C4<0>, C4<0>;
v0000000000d8ab10_0 .net "blank", 0 0, L_00000000026a0160;  1 drivers
o0000000000d351d8 .functor BUFZ 4, C4<zzzz>; HiZ drive
v0000000000d8ac50_0 .net "data", 3 0, o0000000000d351d8;  0 drivers
o0000000000d35208 .functor BUFZ 1, C4<z>; HiZ drive
v0000000000d8a390_0 .net "minus", 0 0, o0000000000d35208;  0 drivers
E_0000000000d29e60 .event edge, v0000000000d8ac50_0, v0000000000d8a390_0, v0000000000d8ab10_0;
S_0000000000d04880 .scope module, "T1" "toggle" 3 39, 9 1 0, S_0000000000d31490;
 .timescale -9 -10;
    .port_info 0 /INPUT 1 "key";
    .port_info 1 /OUTPUT 1 "value";
v0000000000d8a890_0 .net "key", 0 0, L_0000000000d8a070;  1 drivers
v0000000000d8a7f0_0 .var "val", 0 0;
v0000000000d8b290_0 .net "value", 0 0, v0000000000d8a7f0_0;  alias, 1 drivers
E_0000000000d29860 .event posedge, v0000000000d8a890_0;
S_0000000000d04a10 .scope module, "T2" "toggle" 3 44, 9 1 0, S_0000000000d31490;
 .timescale -9 -10;
    .port_info 0 /INPUT 1 "key";
    .port_info 1 /OUTPUT 1 "value";
v0000000000d8acf0_0 .net "key", 0 0, L_0000000000d8c4e0;  1 drivers
v0000000000d8a930_0 .var "val", 0 0;
v0000000000d8ba10_0 .net "value", 0 0, v0000000000d8a930_0;  alias, 1 drivers
E_0000000000d298e0 .event posedge, v0000000000d8acf0_0;
    .scope S_0000000000d04880;
T_0 ;
    %pushi/vec4 0, 0, 1;
    %store/vec4 v0000000000d8a7f0_0, 0, 1;
    %end;
    .thread T_0;
    .scope S_0000000000d04880;
T_1 ;
    %wait E_0000000000d29860;
    %load/vec4 v0000000000d8a7f0_0;
    %inv;
    %store/vec4 v0000000000d8a7f0_0, 0, 1;
    %jmp T_1;
    .thread T_1;
    .scope S_0000000000d04a10;
T_2 ;
    %pushi/vec4 0, 0, 1;
    %store/vec4 v0000000000d8a930_0, 0, 1;
    %end;
    .thread T_2;
    .scope S_0000000000d04a10;
T_3 ;
    %wait E_0000000000d298e0;
    %load/vec4 v0000000000d8a930_0;
    %inv;
    %store/vec4 v0000000000d8a930_0, 0, 1;
    %jmp T_3;
    .thread T_3;
    .scope S_0000000000d14640;
T_4 ;
    %pushi/vec4 0, 0, 1;
    %store/vec4 v0000000000d1bd90_0, 0, 1;
    %pushi/vec4 0, 0, 25;
    %store/vec4 v0000000000d1b610_0, 0, 25;
    %end;
    .thread T_4;
    .scope S_0000000000d14640;
T_5 ;
    %wait E_0000000000d296a0;
    %load/vec4 v0000000000d1b610_0;
    %load/vec4 v0000000000d1c790_0;
    %cmp/u;
    %jmp/0xz  T_5.0, 5;
    %load/vec4 v0000000000d1b610_0;
    %addi 1, 0, 25;
    %assign/vec4 v0000000000d1b610_0, 0;
    %jmp T_5.1;
T_5.0 ;
    %load/vec4 v0000000000d1b610_0;
    %load/vec4 v0000000000d1c790_0;
    %cmp/e;
    %jmp/0xz  T_5.2, 4;
    %load/vec4 v0000000000d1bd90_0;
    %inv;
    %store/vec4 v0000000000d1bd90_0, 0, 1;
    %pushi/vec4 0, 0, 25;
    %store/vec4 v0000000000d1b610_0, 0, 25;
    %jmp T_5.3;
T_5.2 ;
    %pushi/vec4 0, 0, 25;
    %store/vec4 v0000000000d1b610_0, 0, 25;
T_5.3 ;
T_5.1 ;
    %jmp T_5;
    .thread T_5;
    .scope S_0000000000d31620;
T_6 ;
    %wait E_0000000000d29be0;
    %load/vec4 v0000000000d1b570_0;
    %pad/u 32;
    %cmpi/e 0, 0, 32;
    %jmp/0xz  T_6.0, 4;
    %pushi/vec4 0, 0, 3;
    %store/vec4 v0000000000d1c0b0_0, 0, 3;
    %jmp T_6.1;
T_6.0 ;
    %load/vec4 v0000000000d1c510_0;
    %store/vec4 v0000000000d1c0b0_0, 0, 3;
T_6.1 ;
    %jmp T_6;
    .thread T_6;
    .scope S_0000000000d0cf40;
T_7 ;
    %wait E_0000000000d29ca0;
    %load/vec4 v0000000000d1b750_0;
    %load/vec4 v0000000000d1ca10_0;
    %concat/vec4; draw_concat_vec4
    %load/vec4 v0000000000d1cab0_0;
    %concat/vec4; draw_concat_vec4
    %load/vec4 v0000000000d1c830_0;
    %concat/vec4; draw_concat_vec4
    %dup/vec4;
    %pushi/vec4 15, 15, 6;
    %cmp/x;
    %jmp/1 T_7.0, 4;
    %dup/vec4;
    %pushi/vec4 63, 47, 6;
    %cmp/x;
    %jmp/1 T_7.1, 4;
    %dup/vec4;
    %pushi/vec4 32, 0, 6;
    %cmp/x;
    %jmp/1 T_7.2, 4;
    %dup/vec4;
    %pushi/vec4 34, 0, 6;
    %cmp/x;
    %jmp/1 T_7.3, 4;
    %dup/vec4;
    %pushi/vec4 35, 0, 6;
    %cmp/x;
    %jmp/1 T_7.4, 4;
    %dup/vec4;
    %pushi/vec4 36, 0, 6;
    %cmp/x;
    %jmp/1 T_7.5, 4;
    %dup/vec4;
    %pushi/vec4 40, 0, 6;
    %cmp/x;
    %jmp/1 T_7.6, 4;
    %dup/vec4;
    %pushi/vec4 45, 0, 6;
    %cmp/x;
    %jmp/1 T_7.7, 4;
    %dup/vec4;
    %pushi/vec4 46, 0, 6;
    %cmp/x;
    %jmp/1 T_7.8, 4;
    %dup/vec4;
    %pushi/vec4 47, 0, 6;
    %cmp/x;
    %jmp/1 T_7.9, 4;
    %pushi/vec4 0, 0, 3;
    %store/vec4 v0000000000d1c8d0_0, 0, 3;
    %jmp T_7.11;
T_7.0 ;
    %pushi/vec4 0, 0, 3;
    %store/vec4 v0000000000d1c8d0_0, 0, 3;
    %jmp T_7.11;
T_7.1 ;
    %load/vec4 v0000000000d1c830_0;
    %parti/s 1, 0, 2;
    %flag_set/vec4 8;
    %jmp/0 T_7.12, 8;
    %pushi/vec4 0, 0, 3;
    %jmp/1 T_7.13, 8;
T_7.12 ; End of true expr.
    %pushi/vec4 1, 0, 3;
    %jmp/0 T_7.13, 8;
 ; End of false expr.
    %blend;
T_7.13;
    %store/vec4 v0000000000d1c8d0_0, 0, 3;
    %jmp T_7.11;
T_7.2 ;
    %pushi/vec4 2, 0, 3;
    %store/vec4 v0000000000d1c8d0_0, 0, 3;
    %jmp T_7.11;
T_7.3 ;
    %pushi/vec4 3, 0, 3;
    %store/vec4 v0000000000d1c8d0_0, 0, 3;
    %jmp T_7.11;
T_7.4 ;
    %pushi/vec4 4, 0, 3;
    %store/vec4 v0000000000d1c8d0_0, 0, 3;
    %jmp T_7.11;
T_7.5 ;
    %pushi/vec4 0, 0, 3;
    %store/vec4 v0000000000d1c8d0_0, 0, 3;
    %jmp T_7.11;
T_7.6 ;
    %pushi/vec4 5, 0, 3;
    %store/vec4 v0000000000d1c8d0_0, 0, 3;
    %jmp T_7.11;
T_7.7 ;
    %pushi/vec4 6, 0, 3;
    %store/vec4 v0000000000d1c8d0_0, 0, 3;
    %jmp T_7.11;
T_7.8 ;
    %pushi/vec4 7, 0, 3;
    %store/vec4 v0000000000d1c8d0_0, 0, 3;
    %jmp T_7.11;
T_7.9 ;
    %pushi/vec4 0, 0, 3;
    %store/vec4 v0000000000d1c8d0_0, 0, 3;
    %jmp T_7.11;
T_7.11 ;
    %pop/vec4 1;
    %jmp T_7;
    .thread T_7, $push;
    .scope S_0000000000d0d0d0;
T_8 ;
    %wait E_0000000000d297a0;
    %load/vec4 v0000000000d1cb50_0;
    %dup/vec4;
    %pushi/vec4 0, 0, 3;
    %cmp/u;
    %jmp/1 T_8.0, 6;
    %dup/vec4;
    %pushi/vec4 1, 0, 3;
    %cmp/u;
    %jmp/1 T_8.1, 6;
    %dup/vec4;
    %pushi/vec4 2, 0, 3;
    %cmp/u;
    %jmp/1 T_8.2, 6;
    %dup/vec4;
    %pushi/vec4 3, 0, 3;
    %cmp/u;
    %jmp/1 T_8.3, 6;
    %dup/vec4;
    %pushi/vec4 4, 0, 3;
    %cmp/u;
    %jmp/1 T_8.4, 6;
    %dup/vec4;
    %pushi/vec4 5, 0, 3;
    %cmp/u;
    %jmp/1 T_8.5, 6;
    %dup/vec4;
    %pushi/vec4 6, 0, 3;
    %cmp/u;
    %jmp/1 T_8.6, 6;
    %dup/vec4;
    %pushi/vec4 7, 0, 3;
    %cmp/u;
    %jmp/1 T_8.7, 6;
    %pushi/vec4 0, 0, 6;
    %store/vec4 v0000000000d1cc90_0, 0, 6;
    %jmp T_8.9;
T_8.0 ;
    %pushi/vec4 0, 0, 6;
    %store/vec4 v0000000000d1cc90_0, 0, 6;
    %jmp T_8.9;
T_8.1 ;
    %pushi/vec4 63, 0, 6;
    %store/vec4 v0000000000d1cc90_0, 0, 6;
    %jmp T_8.9;
T_8.2 ;
    %pushi/vec4 8, 0, 6;
    %store/vec4 v0000000000d1cc90_0, 0, 6;
    %jmp T_8.9;
T_8.3 ;
    %pushi/vec4 24, 0, 6;
    %store/vec4 v0000000000d1cc90_0, 0, 6;
    %jmp T_8.9;
T_8.4 ;
    %pushi/vec4 56, 0, 6;
    %store/vec4 v0000000000d1cc90_0, 0, 6;
    %jmp T_8.9;
T_8.5 ;
    %pushi/vec4 4, 0, 6;
    %store/vec4 v0000000000d1cc90_0, 0, 6;
    %jmp T_8.9;
T_8.6 ;
    %pushi/vec4 6, 0, 6;
    %store/vec4 v0000000000d1cc90_0, 0, 6;
    %jmp T_8.9;
T_8.7 ;
    %pushi/vec4 7, 0, 6;
    %store/vec4 v0000000000d1cc90_0, 0, 6;
    %jmp T_8.9;
T_8.9 ;
    %pop/vec4 1;
    %jmp T_8;
    .thread T_8, $push;
    .scope S_0000000000cf8110;
T_9 ;
    %wait E_0000000000d29e60;
    %load/vec4 v0000000000d8ab10_0;
    %load/vec4 v0000000000d8a390_0;
    %concat/vec4; draw_concat_vec4
    %load/vec4 v0000000000d8ac50_0;
    %concat/vec4; draw_concat_vec4
    %dup/vec4;
    %pushi/vec4 63, 31, 6;
    %cmp/x;
    %jmp/1 T_9.0, 4;
    %dup/vec4;
    %pushi/vec4 31, 15, 6;
    %cmp/x;
    %jmp/1 T_9.1, 4;
    %dup/vec4;
    %pushi/vec4 15, 0, 6;
    %cmp/x;
    %jmp/1 T_9.2, 4;
    %dup/vec4;
    %pushi/vec4 14, 0, 6;
    %cmp/x;
    %jmp/1 T_9.3, 4;
    %dup/vec4;
    %pushi/vec4 13, 0, 6;
    %cmp/x;
    %jmp/1 T_9.4, 4;
    %dup/vec4;
    %pushi/vec4 12, 0, 6;
    %cmp/x;
    %jmp/1 T_9.5, 4;
    %dup/vec4;
    %pushi/vec4 11, 0, 6;
    %cmp/x;
    %jmp/1 T_9.6, 4;
    %dup/vec4;
    %pushi/vec4 10, 0, 6;
    %cmp/x;
    %jmp/1 T_9.7, 4;
    %dup/vec4;
    %pushi/vec4 9, 0, 6;
    %cmp/x;
    %jmp/1 T_9.8, 4;
    %dup/vec4;
    %pushi/vec4 8, 0, 6;
    %cmp/x;
    %jmp/1 T_9.9, 4;
    %dup/vec4;
    %pushi/vec4 7, 0, 6;
    %cmp/x;
    %jmp/1 T_9.10, 4;
    %dup/vec4;
    %pushi/vec4 6, 0, 6;
    %cmp/x;
    %jmp/1 T_9.11, 4;
    %dup/vec4;
    %pushi/vec4 5, 0, 6;
    %cmp/x;
    %jmp/1 T_9.12, 4;
    %dup/vec4;
    %pushi/vec4 4, 0, 6;
    %cmp/x;
    %jmp/1 T_9.13, 4;
    %dup/vec4;
    %pushi/vec4 3, 0, 6;
    %cmp/x;
    %jmp/1 T_9.14, 4;
    %dup/vec4;
    %pushi/vec4 2, 0, 6;
    %cmp/x;
    %jmp/1 T_9.15, 4;
    %dup/vec4;
    %pushi/vec4 1, 0, 6;
    %cmp/x;
    %jmp/1 T_9.16, 4;
    %dup/vec4;
    %pushi/vec4 0, 0, 6;
    %cmp/x;
    %jmp/1 T_9.17, 4;
    %pushi/vec4 255, 0, 8;
    %store/vec4 v0000000000d8aa70_0, 0, 8;
    %jmp T_9.19;
T_9.0 ;
    %pushi/vec4 255, 0, 8;
    %store/vec4 v0000000000d8aa70_0, 0, 8;
    %jmp T_9.19;
T_9.1 ;
    %pushi/vec4 191, 0, 8;
    %store/vec4 v0000000000d8aa70_0, 0, 8;
    %jmp T_9.19;
T_9.2 ;
    %pushi/vec4 142, 0, 8;
    %store/vec4 v0000000000d8aa70_0, 0, 8;
    %jmp T_9.19;
T_9.3 ;
    %pushi/vec4 134, 0, 8;
    %store/vec4 v0000000000d8aa70_0, 0, 8;
    %jmp T_9.19;
T_9.4 ;
    %pushi/vec4 161, 0, 8;
    %store/vec4 v0000000000d8aa70_0, 0, 8;
    %jmp T_9.19;
T_9.5 ;
    %pushi/vec4 198, 0, 8;
    %store/vec4 v0000000000d8aa70_0, 0, 8;
    %jmp T_9.19;
T_9.6 ;
    %pushi/vec4 131, 0, 8;
    %store/vec4 v0000000000d8aa70_0, 0, 8;
    %jmp T_9.19;
T_9.7 ;
    %pushi/vec4 136, 0, 8;
    %store/vec4 v0000000000d8aa70_0, 0, 8;
    %jmp T_9.19;
T_9.8 ;
    %pushi/vec4 144, 0, 8;
    %store/vec4 v0000000000d8aa70_0, 0, 8;
    %jmp T_9.19;
T_9.9 ;
    %pushi/vec4 128, 0, 8;
    %store/vec4 v0000000000d8aa70_0, 0, 8;
    %jmp T_9.19;
T_9.10 ;
    %pushi/vec4 248, 0, 8;
    %store/vec4 v0000000000d8aa70_0, 0, 8;
    %jmp T_9.19;
T_9.11 ;
    %pushi/vec4 130, 0, 8;
    %store/vec4 v0000000000d8aa70_0, 0, 8;
    %jmp T_9.19;
T_9.12 ;
    %pushi/vec4 146, 0, 8;
    %store/vec4 v0000000000d8aa70_0, 0, 8;
    %jmp T_9.19;
T_9.13 ;
    %pushi/vec4 153, 0, 8;
    %store/vec4 v0000000000d8aa70_0, 0, 8;
    %jmp T_9.19;
T_9.14 ;
    %pushi/vec4 176, 0, 8;
    %store/vec4 v0000000000d8aa70_0, 0, 8;
    %jmp T_9.19;
T_9.15 ;
    %pushi/vec4 164, 0, 8;
    %store/vec4 v0000000000d8aa70_0, 0, 8;
    %jmp T_9.19;
T_9.16 ;
    %pushi/vec4 249, 0, 8;
    %store/vec4 v0000000000d8aa70_0, 0, 8;
    %jmp T_9.19;
T_9.17 ;
    %pushi/vec4 192, 0, 8;
    %store/vec4 v0000000000d8aa70_0, 0, 8;
    %jmp T_9.19;
T_9.19 ;
    %pop/vec4 1;
    %jmp T_9;
    .thread T_9, $push;
    .scope S_0000000000cf7f80;
T_10 ;
    %wait E_0000000000d29620;
    %load/vec4 v0000000000d8a430_0;
    %load/vec4 v0000000000d8b1f0_0;
    %concat/vec4; draw_concat_vec4
    %load/vec4 v0000000000d8b010_0;
    %concat/vec4; draw_concat_vec4
    %dup/vec4;
    %pushi/vec4 63, 31, 6;
    %cmp/x;
    %jmp/1 T_10.0, 4;
    %dup/vec4;
    %pushi/vec4 31, 15, 6;
    %cmp/x;
    %jmp/1 T_10.1, 4;
    %dup/vec4;
    %pushi/vec4 15, 0, 6;
    %cmp/x;
    %jmp/1 T_10.2, 4;
    %dup/vec4;
    %pushi/vec4 14, 0, 6;
    %cmp/x;
    %jmp/1 T_10.3, 4;
    %dup/vec4;
    %pushi/vec4 13, 0, 6;
    %cmp/x;
    %jmp/1 T_10.4, 4;
    %dup/vec4;
    %pushi/vec4 12, 0, 6;
    %cmp/x;
    %jmp/1 T_10.5, 4;
    %dup/vec4;
    %pushi/vec4 11, 0, 6;
    %cmp/x;
    %jmp/1 T_10.6, 4;
    %dup/vec4;
    %pushi/vec4 10, 0, 6;
    %cmp/x;
    %jmp/1 T_10.7, 4;
    %dup/vec4;
    %pushi/vec4 9, 0, 6;
    %cmp/x;
    %jmp/1 T_10.8, 4;
    %dup/vec4;
    %pushi/vec4 8, 0, 6;
    %cmp/x;
    %jmp/1 T_10.9, 4;
    %dup/vec4;
    %pushi/vec4 7, 0, 6;
    %cmp/x;
    %jmp/1 T_10.10, 4;
    %dup/vec4;
    %pushi/vec4 6, 0, 6;
    %cmp/x;
    %jmp/1 T_10.11, 4;
    %dup/vec4;
    %pushi/vec4 5, 0, 6;
    %cmp/x;
    %jmp/1 T_10.12, 4;
    %dup/vec4;
    %pushi/vec4 4, 0, 6;
    %cmp/x;
    %jmp/1 T_10.13, 4;
    %dup/vec4;
    %pushi/vec4 3, 0, 6;
    %cmp/x;
    %jmp/1 T_10.14, 4;
    %dup/vec4;
    %pushi/vec4 2, 0, 6;
    %cmp/x;
    %jmp/1 T_10.15, 4;
    %dup/vec4;
    %pushi/vec4 1, 0, 6;
    %cmp/x;
    %jmp/1 T_10.16, 4;
    %dup/vec4;
    %pushi/vec4 0, 0, 6;
    %cmp/x;
    %jmp/1 T_10.17, 4;
    %pushi/vec4 255, 0, 8;
    %store/vec4 v0000000000d8abb0_0, 0, 8;
    %jmp T_10.19;
T_10.0 ;
    %pushi/vec4 255, 0, 8;
    %store/vec4 v0000000000d8abb0_0, 0, 8;
    %jmp T_10.19;
T_10.1 ;
    %pushi/vec4 191, 0, 8;
    %store/vec4 v0000000000d8abb0_0, 0, 8;
    %jmp T_10.19;
T_10.2 ;
    %pushi/vec4 142, 0, 8;
    %store/vec4 v0000000000d8abb0_0, 0, 8;
    %jmp T_10.19;
T_10.3 ;
    %pushi/vec4 134, 0, 8;
    %store/vec4 v0000000000d8abb0_0, 0, 8;
    %jmp T_10.19;
T_10.4 ;
    %pushi/vec4 161, 0, 8;
    %store/vec4 v0000000000d8abb0_0, 0, 8;
    %jmp T_10.19;
T_10.5 ;
    %pushi/vec4 198, 0, 8;
    %store/vec4 v0000000000d8abb0_0, 0, 8;
    %jmp T_10.19;
T_10.6 ;
    %pushi/vec4 131, 0, 8;
    %store/vec4 v0000000000d8abb0_0, 0, 8;
    %jmp T_10.19;
T_10.7 ;
    %pushi/vec4 136, 0, 8;
    %store/vec4 v0000000000d8abb0_0, 0, 8;
    %jmp T_10.19;
T_10.8 ;
    %pushi/vec4 144, 0, 8;
    %store/vec4 v0000000000d8abb0_0, 0, 8;
    %jmp T_10.19;
T_10.9 ;
    %pushi/vec4 128, 0, 8;
    %store/vec4 v0000000000d8abb0_0, 0, 8;
    %jmp T_10.19;
T_10.10 ;
    %pushi/vec4 248, 0, 8;
    %store/vec4 v0000000000d8abb0_0, 0, 8;
    %jmp T_10.19;
T_10.11 ;
    %pushi/vec4 130, 0, 8;
    %store/vec4 v0000000000d8abb0_0, 0, 8;
    %jmp T_10.19;
T_10.12 ;
    %pushi/vec4 146, 0, 8;
    %store/vec4 v0000000000d8abb0_0, 0, 8;
    %jmp T_10.19;
T_10.13 ;
    %pushi/vec4 153, 0, 8;
    %store/vec4 v0000000000d8abb0_0, 0, 8;
    %jmp T_10.19;
T_10.14 ;
    %pushi/vec4 176, 0, 8;
    %store/vec4 v0000000000d8abb0_0, 0, 8;
    %jmp T_10.19;
T_10.15 ;
    %pushi/vec4 164, 0, 8;
    %store/vec4 v0000000000d8abb0_0, 0, 8;
    %jmp T_10.19;
T_10.16 ;
    %pushi/vec4 249, 0, 8;
    %store/vec4 v0000000000d8abb0_0, 0, 8;
    %jmp T_10.19;
T_10.17 ;
    %pushi/vec4 192, 0, 8;
    %store/vec4 v0000000000d8abb0_0, 0, 8;
    %jmp T_10.19;
T_10.19 ;
    %pop/vec4 1;
    %jmp T_10;
    .thread T_10, $push;
    .scope S_0000000000d05e90;
T_11 ;
    %wait E_0000000000d29d20;
    %load/vec4 v0000000000d8b5b0_0;
    %load/vec4 v0000000000d8b330_0;
    %concat/vec4; draw_concat_vec4
    %load/vec4 v0000000000d8b970_0;
    %concat/vec4; draw_concat_vec4
    %dup/vec4;
    %pushi/vec4 63, 31, 6;
    %cmp/x;
    %jmp/1 T_11.0, 4;
    %dup/vec4;
    %pushi/vec4 31, 15, 6;
    %cmp/x;
    %jmp/1 T_11.1, 4;
    %dup/vec4;
    %pushi/vec4 15, 0, 6;
    %cmp/x;
    %jmp/1 T_11.2, 4;
    %dup/vec4;
    %pushi/vec4 14, 0, 6;
    %cmp/x;
    %jmp/1 T_11.3, 4;
    %dup/vec4;
    %pushi/vec4 13, 0, 6;
    %cmp/x;
    %jmp/1 T_11.4, 4;
    %dup/vec4;
    %pushi/vec4 12, 0, 6;
    %cmp/x;
    %jmp/1 T_11.5, 4;
    %dup/vec4;
    %pushi/vec4 11, 0, 6;
    %cmp/x;
    %jmp/1 T_11.6, 4;
    %dup/vec4;
    %pushi/vec4 10, 0, 6;
    %cmp/x;
    %jmp/1 T_11.7, 4;
    %dup/vec4;
    %pushi/vec4 9, 0, 6;
    %cmp/x;
    %jmp/1 T_11.8, 4;
    %dup/vec4;
    %pushi/vec4 8, 0, 6;
    %cmp/x;
    %jmp/1 T_11.9, 4;
    %dup/vec4;
    %pushi/vec4 7, 0, 6;
    %cmp/x;
    %jmp/1 T_11.10, 4;
    %dup/vec4;
    %pushi/vec4 6, 0, 6;
    %cmp/x;
    %jmp/1 T_11.11, 4;
    %dup/vec4;
    %pushi/vec4 5, 0, 6;
    %cmp/x;
    %jmp/1 T_11.12, 4;
    %dup/vec4;
    %pushi/vec4 4, 0, 6;
    %cmp/x;
    %jmp/1 T_11.13, 4;
    %dup/vec4;
    %pushi/vec4 3, 0, 6;
    %cmp/x;
    %jmp/1 T_11.14, 4;
    %dup/vec4;
    %pushi/vec4 2, 0, 6;
    %cmp/x;
    %jmp/1 T_11.15, 4;
    %dup/vec4;
    %pushi/vec4 1, 0, 6;
    %cmp/x;
    %jmp/1 T_11.16, 4;
    %dup/vec4;
    %pushi/vec4 0, 0, 6;
    %cmp/x;
    %jmp/1 T_11.17, 4;
    %pushi/vec4 255, 0, 8;
    %store/vec4 v0000000000d8b510_0, 0, 8;
    %jmp T_11.19;
T_11.0 ;
    %pushi/vec4 255, 0, 8;
    %store/vec4 v0000000000d8b510_0, 0, 8;
    %jmp T_11.19;
T_11.1 ;
    %pushi/vec4 191, 0, 8;
    %store/vec4 v0000000000d8b510_0, 0, 8;
    %jmp T_11.19;
T_11.2 ;
    %pushi/vec4 142, 0, 8;
    %store/vec4 v0000000000d8b510_0, 0, 8;
    %jmp T_11.19;
T_11.3 ;
    %pushi/vec4 134, 0, 8;
    %store/vec4 v0000000000d8b510_0, 0, 8;
    %jmp T_11.19;
T_11.4 ;
    %pushi/vec4 161, 0, 8;
    %store/vec4 v0000000000d8b510_0, 0, 8;
    %jmp T_11.19;
T_11.5 ;
    %pushi/vec4 198, 0, 8;
    %store/vec4 v0000000000d8b510_0, 0, 8;
    %jmp T_11.19;
T_11.6 ;
    %pushi/vec4 131, 0, 8;
    %store/vec4 v0000000000d8b510_0, 0, 8;
    %jmp T_11.19;
T_11.7 ;
    %pushi/vec4 136, 0, 8;
    %store/vec4 v0000000000d8b510_0, 0, 8;
    %jmp T_11.19;
T_11.8 ;
    %pushi/vec4 144, 0, 8;
    %store/vec4 v0000000000d8b510_0, 0, 8;
    %jmp T_11.19;
T_11.9 ;
    %pushi/vec4 128, 0, 8;
    %store/vec4 v0000000000d8b510_0, 0, 8;
    %jmp T_11.19;
T_11.10 ;
    %pushi/vec4 248, 0, 8;
    %store/vec4 v0000000000d8b510_0, 0, 8;
    %jmp T_11.19;
T_11.11 ;
    %pushi/vec4 130, 0, 8;
    %store/vec4 v0000000000d8b510_0, 0, 8;
    %jmp T_11.19;
T_11.12 ;
    %pushi/vec4 146, 0, 8;
    %store/vec4 v0000000000d8b510_0, 0, 8;
    %jmp T_11.19;
T_11.13 ;
    %pushi/vec4 153, 0, 8;
    %store/vec4 v0000000000d8b510_0, 0, 8;
    %jmp T_11.19;
T_11.14 ;
    %pushi/vec4 176, 0, 8;
    %store/vec4 v0000000000d8b510_0, 0, 8;
    %jmp T_11.19;
T_11.15 ;
    %pushi/vec4 164, 0, 8;
    %store/vec4 v0000000000d8b510_0, 0, 8;
    %jmp T_11.19;
T_11.16 ;
    %pushi/vec4 249, 0, 8;
    %store/vec4 v0000000000d8b510_0, 0, 8;
    %jmp T_11.19;
T_11.17 ;
    %pushi/vec4 192, 0, 8;
    %store/vec4 v0000000000d8b510_0, 0, 8;
    %jmp T_11.19;
T_11.19 ;
    %pop/vec4 1;
    %jmp T_11;
    .thread T_11, $push;
    .scope S_0000000000d05d00;
T_12 ;
    %wait E_0000000000d29e20;
    %load/vec4 v0000000000e88ef0_0;
    %load/vec4 v0000000000d8b3d0_0;
    %concat/vec4; draw_concat_vec4
    %load/vec4 v0000000000e89030_0;
    %concat/vec4; draw_concat_vec4
    %dup/vec4;
    %pushi/vec4 63, 31, 6;
    %cmp/x;
    %jmp/1 T_12.0, 4;
    %dup/vec4;
    %pushi/vec4 31, 15, 6;
    %cmp/x;
    %jmp/1 T_12.1, 4;
    %dup/vec4;
    %pushi/vec4 15, 0, 6;
    %cmp/x;
    %jmp/1 T_12.2, 4;
    %dup/vec4;
    %pushi/vec4 14, 0, 6;
    %cmp/x;
    %jmp/1 T_12.3, 4;
    %dup/vec4;
    %pushi/vec4 13, 0, 6;
    %cmp/x;
    %jmp/1 T_12.4, 4;
    %dup/vec4;
    %pushi/vec4 12, 0, 6;
    %cmp/x;
    %jmp/1 T_12.5, 4;
    %dup/vec4;
    %pushi/vec4 11, 0, 6;
    %cmp/x;
    %jmp/1 T_12.6, 4;
    %dup/vec4;
    %pushi/vec4 10, 0, 6;
    %cmp/x;
    %jmp/1 T_12.7, 4;
    %dup/vec4;
    %pushi/vec4 9, 0, 6;
    %cmp/x;
    %jmp/1 T_12.8, 4;
    %dup/vec4;
    %pushi/vec4 8, 0, 6;
    %cmp/x;
    %jmp/1 T_12.9, 4;
    %dup/vec4;
    %pushi/vec4 7, 0, 6;
    %cmp/x;
    %jmp/1 T_12.10, 4;
    %dup/vec4;
    %pushi/vec4 6, 0, 6;
    %cmp/x;
    %jmp/1 T_12.11, 4;
    %dup/vec4;
    %pushi/vec4 5, 0, 6;
    %cmp/x;
    %jmp/1 T_12.12, 4;
    %dup/vec4;
    %pushi/vec4 4, 0, 6;
    %cmp/x;
    %jmp/1 T_12.13, 4;
    %dup/vec4;
    %pushi/vec4 3, 0, 6;
    %cmp/x;
    %jmp/1 T_12.14, 4;
    %dup/vec4;
    %pushi/vec4 2, 0, 6;
    %cmp/x;
    %jmp/1 T_12.15, 4;
    %dup/vec4;
    %pushi/vec4 1, 0, 6;
    %cmp/x;
    %jmp/1 T_12.16, 4;
    %dup/vec4;
    %pushi/vec4 0, 0, 6;
    %cmp/x;
    %jmp/1 T_12.17, 4;
    %pushi/vec4 255, 0, 8;
    %store/vec4 v0000000000e89d50_0, 0, 8;
    %jmp T_12.19;
T_12.0 ;
    %pushi/vec4 255, 0, 8;
    %store/vec4 v0000000000e89d50_0, 0, 8;
    %jmp T_12.19;
T_12.1 ;
    %pushi/vec4 191, 0, 8;
    %store/vec4 v0000000000e89d50_0, 0, 8;
    %jmp T_12.19;
T_12.2 ;
    %pushi/vec4 142, 0, 8;
    %store/vec4 v0000000000e89d50_0, 0, 8;
    %jmp T_12.19;
T_12.3 ;
    %pushi/vec4 134, 0, 8;
    %store/vec4 v0000000000e89d50_0, 0, 8;
    %jmp T_12.19;
T_12.4 ;
    %pushi/vec4 161, 0, 8;
    %store/vec4 v0000000000e89d50_0, 0, 8;
    %jmp T_12.19;
T_12.5 ;
    %pushi/vec4 198, 0, 8;
    %store/vec4 v0000000000e89d50_0, 0, 8;
    %jmp T_12.19;
T_12.6 ;
    %pushi/vec4 131, 0, 8;
    %store/vec4 v0000000000e89d50_0, 0, 8;
    %jmp T_12.19;
T_12.7 ;
    %pushi/vec4 136, 0, 8;
    %store/vec4 v0000000000e89d50_0, 0, 8;
    %jmp T_12.19;
T_12.8 ;
    %pushi/vec4 144, 0, 8;
    %store/vec4 v0000000000e89d50_0, 0, 8;
    %jmp T_12.19;
T_12.9 ;
    %pushi/vec4 128, 0, 8;
    %store/vec4 v0000000000e89d50_0, 0, 8;
    %jmp T_12.19;
T_12.10 ;
    %pushi/vec4 248, 0, 8;
    %store/vec4 v0000000000e89d50_0, 0, 8;
    %jmp T_12.19;
T_12.11 ;
    %pushi/vec4 130, 0, 8;
    %store/vec4 v0000000000e89d50_0, 0, 8;
    %jmp T_12.19;
T_12.12 ;
    %pushi/vec4 146, 0, 8;
    %store/vec4 v0000000000e89d50_0, 0, 8;
    %jmp T_12.19;
T_12.13 ;
    %pushi/vec4 153, 0, 8;
    %store/vec4 v0000000000e89d50_0, 0, 8;
    %jmp T_12.19;
T_12.14 ;
    %pushi/vec4 176, 0, 8;
    %store/vec4 v0000000000e89d50_0, 0, 8;
    %jmp T_12.19;
T_12.15 ;
    %pushi/vec4 164, 0, 8;
    %store/vec4 v0000000000e89d50_0, 0, 8;
    %jmp T_12.19;
T_12.16 ;
    %pushi/vec4 249, 0, 8;
    %store/vec4 v0000000000e89d50_0, 0, 8;
    %jmp T_12.19;
T_12.17 ;
    %pushi/vec4 192, 0, 8;
    %store/vec4 v0000000000e89d50_0, 0, 8;
    %jmp T_12.19;
T_12.19 ;
    %pop/vec4 1;
    %jmp T_12;
    .thread T_12, $push;
    .scope S_0000000000d0a210;
T_13 ;
    %wait E_0000000000d29120;
    %load/vec4 v0000000000d1b390_0;
    %load/vec4 v0000000000e89b70_0;
    %concat/vec4; draw_concat_vec4
    %load/vec4 v0000000000d1b6b0_0;
    %concat/vec4; draw_concat_vec4
    %dup/vec4;
    %pushi/vec4 63, 31, 6;
    %cmp/x;
    %jmp/1 T_13.0, 4;
    %dup/vec4;
    %pushi/vec4 31, 15, 6;
    %cmp/x;
    %jmp/1 T_13.1, 4;
    %dup/vec4;
    %pushi/vec4 15, 0, 6;
    %cmp/x;
    %jmp/1 T_13.2, 4;
    %dup/vec4;
    %pushi/vec4 14, 0, 6;
    %cmp/x;
    %jmp/1 T_13.3, 4;
    %dup/vec4;
    %pushi/vec4 13, 0, 6;
    %cmp/x;
    %jmp/1 T_13.4, 4;
    %dup/vec4;
    %pushi/vec4 12, 0, 6;
    %cmp/x;
    %jmp/1 T_13.5, 4;
    %dup/vec4;
    %pushi/vec4 11, 0, 6;
    %cmp/x;
    %jmp/1 T_13.6, 4;
    %dup/vec4;
    %pushi/vec4 10, 0, 6;
    %cmp/x;
    %jmp/1 T_13.7, 4;
    %dup/vec4;
    %pushi/vec4 9, 0, 6;
    %cmp/x;
    %jmp/1 T_13.8, 4;
    %dup/vec4;
    %pushi/vec4 8, 0, 6;
    %cmp/x;
    %jmp/1 T_13.9, 4;
    %dup/vec4;
    %pushi/vec4 7, 0, 6;
    %cmp/x;
    %jmp/1 T_13.10, 4;
    %dup/vec4;
    %pushi/vec4 6, 0, 6;
    %cmp/x;
    %jmp/1 T_13.11, 4;
    %dup/vec4;
    %pushi/vec4 5, 0, 6;
    %cmp/x;
    %jmp/1 T_13.12, 4;
    %dup/vec4;
    %pushi/vec4 4, 0, 6;
    %cmp/x;
    %jmp/1 T_13.13, 4;
    %dup/vec4;
    %pushi/vec4 3, 0, 6;
    %cmp/x;
    %jmp/1 T_13.14, 4;
    %dup/vec4;
    %pushi/vec4 2, 0, 6;
    %cmp/x;
    %jmp/1 T_13.15, 4;
    %dup/vec4;
    %pushi/vec4 1, 0, 6;
    %cmp/x;
    %jmp/1 T_13.16, 4;
    %dup/vec4;
    %pushi/vec4 0, 0, 6;
    %cmp/x;
    %jmp/1 T_13.17, 4;
    %pushi/vec4 255, 0, 8;
    %store/vec4 v0000000000d1b2f0_0, 0, 8;
    %jmp T_13.19;
T_13.0 ;
    %pushi/vec4 255, 0, 8;
    %store/vec4 v0000000000d1b2f0_0, 0, 8;
    %jmp T_13.19;
T_13.1 ;
    %pushi/vec4 191, 0, 8;
    %store/vec4 v0000000000d1b2f0_0, 0, 8;
    %jmp T_13.19;
T_13.2 ;
    %pushi/vec4 142, 0, 8;
    %store/vec4 v0000000000d1b2f0_0, 0, 8;
    %jmp T_13.19;
T_13.3 ;
    %pushi/vec4 134, 0, 8;
    %store/vec4 v0000000000d1b2f0_0, 0, 8;
    %jmp T_13.19;
T_13.4 ;
    %pushi/vec4 161, 0, 8;
    %store/vec4 v0000000000d1b2f0_0, 0, 8;
    %jmp T_13.19;
T_13.5 ;
    %pushi/vec4 198, 0, 8;
    %store/vec4 v0000000000d1b2f0_0, 0, 8;
    %jmp T_13.19;
T_13.6 ;
    %pushi/vec4 131, 0, 8;
    %store/vec4 v0000000000d1b2f0_0, 0, 8;
    %jmp T_13.19;
T_13.7 ;
    %pushi/vec4 136, 0, 8;
    %store/vec4 v0000000000d1b2f0_0, 0, 8;
    %jmp T_13.19;
T_13.8 ;
    %pushi/vec4 144, 0, 8;
    %store/vec4 v0000000000d1b2f0_0, 0, 8;
    %jmp T_13.19;
T_13.9 ;
    %pushi/vec4 128, 0, 8;
    %store/vec4 v0000000000d1b2f0_0, 0, 8;
    %jmp T_13.19;
T_13.10 ;
    %pushi/vec4 248, 0, 8;
    %store/vec4 v0000000000d1b2f0_0, 0, 8;
    %jmp T_13.19;
T_13.11 ;
    %pushi/vec4 130, 0, 8;
    %store/vec4 v0000000000d1b2f0_0, 0, 8;
    %jmp T_13.19;
T_13.12 ;
    %pushi/vec4 146, 0, 8;
    %store/vec4 v0000000000d1b2f0_0, 0, 8;
    %jmp T_13.19;
T_13.13 ;
    %pushi/vec4 153, 0, 8;
    %store/vec4 v0000000000d1b2f0_0, 0, 8;
    %jmp T_13.19;
T_13.14 ;
    %pushi/vec4 176, 0, 8;
    %store/vec4 v0000000000d1b2f0_0, 0, 8;
    %jmp T_13.19;
T_13.15 ;
    %pushi/vec4 164, 0, 8;
    %store/vec4 v0000000000d1b2f0_0, 0, 8;
    %jmp T_13.19;
T_13.16 ;
    %pushi/vec4 249, 0, 8;
    %store/vec4 v0000000000d1b2f0_0, 0, 8;
    %jmp T_13.19;
T_13.17 ;
    %pushi/vec4 192, 0, 8;
    %store/vec4 v0000000000d1b2f0_0, 0, 8;
    %jmp T_13.19;
T_13.19 ;
    %pop/vec4 1;
    %jmp T_13;
    .thread T_13, $push;
    .scope S_0000000000d0a080;
T_14 ;
    %wait E_0000000000d297e0;
    %load/vec4 v0000000000d1afd0_0;
    %load/vec4 v0000000000d1b1b0_0;
    %concat/vec4; draw_concat_vec4
    %load/vec4 v0000000000d1b110_0;
    %concat/vec4; draw_concat_vec4
    %dup/vec4;
    %pushi/vec4 63, 31, 6;
    %cmp/x;
    %jmp/1 T_14.0, 4;
    %dup/vec4;
    %pushi/vec4 31, 15, 6;
    %cmp/x;
    %jmp/1 T_14.1, 4;
    %dup/vec4;
    %pushi/vec4 15, 0, 6;
    %cmp/x;
    %jmp/1 T_14.2, 4;
    %dup/vec4;
    %pushi/vec4 14, 0, 6;
    %cmp/x;
    %jmp/1 T_14.3, 4;
    %dup/vec4;
    %pushi/vec4 13, 0, 6;
    %cmp/x;
    %jmp/1 T_14.4, 4;
    %dup/vec4;
    %pushi/vec4 12, 0, 6;
    %cmp/x;
    %jmp/1 T_14.5, 4;
    %dup/vec4;
    %pushi/vec4 11, 0, 6;
    %cmp/x;
    %jmp/1 T_14.6, 4;
    %dup/vec4;
    %pushi/vec4 10, 0, 6;
    %cmp/x;
    %jmp/1 T_14.7, 4;
    %dup/vec4;
    %pushi/vec4 9, 0, 6;
    %cmp/x;
    %jmp/1 T_14.8, 4;
    %dup/vec4;
    %pushi/vec4 8, 0, 6;
    %cmp/x;
    %jmp/1 T_14.9, 4;
    %dup/vec4;
    %pushi/vec4 7, 0, 6;
    %cmp/x;
    %jmp/1 T_14.10, 4;
    %dup/vec4;
    %pushi/vec4 6, 0, 6;
    %cmp/x;
    %jmp/1 T_14.11, 4;
    %dup/vec4;
    %pushi/vec4 5, 0, 6;
    %cmp/x;
    %jmp/1 T_14.12, 4;
    %dup/vec4;
    %pushi/vec4 4, 0, 6;
    %cmp/x;
    %jmp/1 T_14.13, 4;
    %dup/vec4;
    %pushi/vec4 3, 0, 6;
    %cmp/x;
    %jmp/1 T_14.14, 4;
    %dup/vec4;
    %pushi/vec4 2, 0, 6;
    %cmp/x;
    %jmp/1 T_14.15, 4;
    %dup/vec4;
    %pushi/vec4 1, 0, 6;
    %cmp/x;
    %jmp/1 T_14.16, 4;
    %dup/vec4;
    %pushi/vec4 0, 0, 6;
    %cmp/x;
    %jmp/1 T_14.17, 4;
    %pushi/vec4 255, 0, 8;
    %store/vec4 v0000000000d1cd30_0, 0, 8;
    %jmp T_14.19;
T_14.0 ;
    %pushi/vec4 255, 0, 8;
    %store/vec4 v0000000000d1cd30_0, 0, 8;
    %jmp T_14.19;
T_14.1 ;
    %pushi/vec4 191, 0, 8;
    %store/vec4 v0000000000d1cd30_0, 0, 8;
    %jmp T_14.19;
T_14.2 ;
    %pushi/vec4 142, 0, 8;
    %store/vec4 v0000000000d1cd30_0, 0, 8;
    %jmp T_14.19;
T_14.3 ;
    %pushi/vec4 134, 0, 8;
    %store/vec4 v0000000000d1cd30_0, 0, 8;
    %jmp T_14.19;
T_14.4 ;
    %pushi/vec4 161, 0, 8;
    %store/vec4 v0000000000d1cd30_0, 0, 8;
    %jmp T_14.19;
T_14.5 ;
    %pushi/vec4 198, 0, 8;
    %store/vec4 v0000000000d1cd30_0, 0, 8;
    %jmp T_14.19;
T_14.6 ;
    %pushi/vec4 131, 0, 8;
    %store/vec4 v0000000000d1cd30_0, 0, 8;
    %jmp T_14.19;
T_14.7 ;
    %pushi/vec4 136, 0, 8;
    %store/vec4 v0000000000d1cd30_0, 0, 8;
    %jmp T_14.19;
T_14.8 ;
    %pushi/vec4 144, 0, 8;
    %store/vec4 v0000000000d1cd30_0, 0, 8;
    %jmp T_14.19;
T_14.9 ;
    %pushi/vec4 128, 0, 8;
    %store/vec4 v0000000000d1cd30_0, 0, 8;
    %jmp T_14.19;
T_14.10 ;
    %pushi/vec4 248, 0, 8;
    %store/vec4 v0000000000d1cd30_0, 0, 8;
    %jmp T_14.19;
T_14.11 ;
    %pushi/vec4 130, 0, 8;
    %store/vec4 v0000000000d1cd30_0, 0, 8;
    %jmp T_14.19;
T_14.12 ;
    %pushi/vec4 146, 0, 8;
    %store/vec4 v0000000000d1cd30_0, 0, 8;
    %jmp T_14.19;
T_14.13 ;
    %pushi/vec4 153, 0, 8;
    %store/vec4 v0000000000d1cd30_0, 0, 8;
    %jmp T_14.19;
T_14.14 ;
    %pushi/vec4 176, 0, 8;
    %store/vec4 v0000000000d1cd30_0, 0, 8;
    %jmp T_14.19;
T_14.15 ;
    %pushi/vec4 164, 0, 8;
    %store/vec4 v0000000000d1cd30_0, 0, 8;
    %jmp T_14.19;
T_14.16 ;
    %pushi/vec4 249, 0, 8;
    %store/vec4 v0000000000d1cd30_0, 0, 8;
    %jmp T_14.19;
T_14.17 ;
    %pushi/vec4 192, 0, 8;
    %store/vec4 v0000000000d1cd30_0, 0, 8;
    %jmp T_14.19;
T_14.19 ;
    %pop/vec4 1;
    %jmp T_14;
    .thread T_14, $push;
    .scope S_0000000000cf9c70;
T_15 ;
    %pushi/vec4 0, 0, 1;
    %store/vec4 v0000000000d8bf10_0, 0, 1;
    %end;
    .thread T_15;
    .scope S_0000000000cf9c70;
T_16 ;
    %delay 10, 0;
    %load/vec4 v0000000000d8bf10_0;
    %inv;
    %store/vec4 v0000000000d8bf10_0, 0, 1;
    %jmp T_16;
    .thread T_16;
    .scope S_0000000000cf9c70;
T_17 ;
    %vpi_call 2 23 "$dumpfile", "out.vcd" {0 0 0};
    %vpi_call 2 24 "$dumpvars" {0 0 0};
    %vpi_call 2 25 "$display", $time, " << Starting Simulation >>" {0 0 0};
    %vpi_call 2 26 "$display", $time, " << Reset Active >>" {0 0 0};
    %pushi/vec4 0, 0, 2;
    %ix/load 4, 0, 0;
    %flag_set/imm 4, 0;
    %store/vec4 v0000000000d8bd30_0, 4, 2;
    %pushi/vec4 0, 0, 2;
    %store/vec4 v0000000000d8a110_0, 0, 2;
    %delay 50, 0;
    %vpi_call 2 29 "$display", $time, " << Reset Inactive >>" {0 0 0};
    %pushi/vec4 0, 0, 1;
    %ix/load 4, 0, 0;
    %flag_set/imm 4, 0;
    %store/vec4 v0000000000d8a110_0, 4, 1;
    %delay 10, 0;
    %pushi/vec4 1, 0, 1;
    %ix/load 4, 0, 0;
    %flag_set/imm 4, 0;
    %store/vec4 v0000000000d8a110_0, 4, 1;
    %delay 40, 0;
    %vpi_call 2 32 "$display", $time, " << Hazards On >>" {0 0 0};
    %pushi/vec4 1, 0, 1;
    %ix/load 4, 0, 0;
    %flag_set/imm 4, 0;
    %store/vec4 v0000000000d8bd30_0, 4, 1;
    %delay 200, 0;
    %pushi/vec4 0, 0, 1;
    %ix/load 4, 0, 0;
    %flag_set/imm 4, 0;
    %store/vec4 v0000000000d8bd30_0, 4, 1;
    %vpi_call 2 35 "$display", $time, " << Enable Left Turn Signal >>" {0 0 0};
    %pushi/vec4 1, 0, 1;
    %ix/load 4, 1, 0;
    %flag_set/imm 4, 0;
    %store/vec4 v0000000000d8bd30_0, 4, 1;
    %delay 300, 0;
    %vpi_call 2 37 "$display", $time, " << Switch to Right Turn >>" {0 0 0};
    %pushi/vec4 0, 0, 1;
    %ix/load 4, 1, 0;
    %flag_set/imm 4, 0;
    %store/vec4 v0000000000d8a110_0, 4, 1;
    %delay 10, 0;
    %pushi/vec4 1, 0, 1;
    %ix/load 4, 1, 0;
    %flag_set/imm 4, 0;
    %store/vec4 v0000000000d8a110_0, 4, 1;
    %delay 290, 0;
    %vpi_call 2 40 "$display", $time, " << Assert Hazards >>" {0 0 0};
    %pushi/vec4 1, 0, 1;
    %ix/load 4, 0, 0;
    %flag_set/imm 4, 0;
    %store/vec4 v0000000000d8bd30_0, 4, 1;
    %delay 300, 0;
    %vpi_call 2 42 "$display", $time, " << Simulation Complete >>" {0 0 0};
    %vpi_call 2 43 "$finish" {0 0 0};
    %end;
    .thread T_17;
    .scope S_0000000000cf9c70;
T_18 ;
    %vpi_call 2 48 "$monitor", $time, " Low Reset = %b, L/R Select = %b, Switches = %b,  Left LEDs = %b, Right LEDs = %b", &PV<v0000000000d8a110_0, 0, 1>, &PV<v0000000000d8a110_0, 1, 1>, &PV<v0000000000d8bd30_0, 0, 2>, &PV<v0000000000d8bbf0_0, 7, 3>, &PV<v0000000000d8bbf0_0, 0, 3> {0 0 0};
    %end;
    .thread T_18;
# The file index is used to find the file name in the following table.
:file_names 10;
    "N/A";
    "<interactive>";
    ".\tb_lab3.v";
    ".\lab3.v";
    ".\csl.v";
    ".\clkdiv.v";
    ".\nsl.v";
    ".\ol.v";
    ".\sevenseg.v";
    ".\toggle.v";
