#! /usr/local/iverilog/bin/vvp
:ivl_version "11.0 (devel)" "(s20150603-612-ga9388a89)";
:ivl_delay_selection "TYPICAL";
:vpi_time_precision - 10;
:vpi_module "system";
:vpi_module "vhdl_sys";
:vpi_module "vhdl_textio";
:vpi_module "v2005_math";
:vpi_module "va_math";
S_00000000008ae680 .scope module, "tb" "tb" 2 3;
 .timescale -9 -10;
v0000000000909d90_0 .net "HEX0", 7 0, v00000000009086e0_0;  1 drivers
v00000000009091b0_0 .net "HEX1", 7 0, v0000000000908aa0_0;  1 drivers
v000000000090a970_0 .net "HEX2", 7 0, v0000000000908000_0;  1 drivers
v000000000090a830_0 .net "HEX4", 7 0, v00000000009088c0_0;  1 drivers
v0000000000909570_0 .net "HEX5", 7 0, v0000000000908500_0;  1 drivers
v000000000090ab50_0 .var "KEY", 1 0;
v000000000090a8d0_0 .var "SW", 9 0;
v0000000000909930_0 .var "clock", 0 0;
S_00000000008ae810 .scope module, "DUT" "lab2" 2 18, 3 1 0, S_00000000008ae680;
 .timescale 0 0;
    .port_info 0 /INPUT 10 "SW";
    .port_info 1 /INPUT 2 "KEY";
    .port_info 2 /INPUT 1 "ADC_CLK_10";
    .port_info 3 /OUTPUT 8 "HEX5";
    .port_info 4 /OUTPUT 8 "HEX4";
    .port_info 5 /OUTPUT 8 "HEX3";
    .port_info 6 /OUTPUT 8 "HEX2";
    .port_info 7 /OUTPUT 8 "HEX1";
    .port_info 8 /OUTPUT 8 "HEX0";
    .port_info 9 /OUTPUT 10 "LEDR";
L_00000000008622a0 .functor NOT 1, v00000000009081e0_0, C4<0>, C4<0>, C4<0>;
L_0000000000861e40 .functor NOT 1, v0000000000907c40_0, C4<0>, C4<0>, C4<0>;
L_0000000000861f90 .functor BUFZ 1, v0000000000897020_0, C4<0>, C4<0>, C4<0>;
v0000000000907b00_0 .net "ADC_CLK_10", 0 0, v0000000000909930_0;  1 drivers
v0000000000908be0_0 .net "HEX0", 7 0, v00000000009086e0_0;  alias, 1 drivers
v0000000000907ba0_0 .net "HEX1", 7 0, v0000000000908aa0_0;  alias, 1 drivers
v0000000000908c80_0 .net "HEX2", 7 0, v0000000000908000_0;  alias, 1 drivers
v0000000000908e60_0 .net "HEX3", 7 0, v0000000000908280_0;  1 drivers
v0000000000907060_0 .net "HEX4", 7 0, v00000000009088c0_0;  alias, 1 drivers
v000000000090a510_0 .net "HEX5", 7 0, v0000000000908500_0;  alias, 1 drivers
v0000000000909070_0 .net "KEY", 1 0, v000000000090ab50_0;  1 drivers
v000000000090a010_0 .net "LEDR", 9 0, L_000000000090aab0;  1 drivers
v000000000090add0_0 .net "SW", 9 0, v000000000090a8d0_0;  1 drivers
v000000000090af10_0 .net *"_s12", 0 0, L_00000000008622a0;  1 drivers
v0000000000909390_0 .net *"_s22", 0 0, L_0000000000861f90;  1 drivers
v000000000090a6f0_0 .net *"_s3", 0 0, L_0000000000909430;  1 drivers
v000000000090a290_0 .net *"_s50", 0 0, L_000000000090a1f0;  1 drivers
L_00000000029d0088 .functor BUFT 1, C4<0000000>, C4<0>, C4<0>, C4<0>;
v000000000090a5b0_0 .net/2u *"_s6", 6 0, L_00000000029d0088;  1 drivers
v0000000000909610_0 .var "blank", 0 0;
v000000000090ae70_0 .net "clktoggle", 0 0, v0000000000907c40_0;  1 drivers
v000000000090a790_0 .net "clock1", 0 0, v0000000000897020_0;  1 drivers
v0000000000909c50_0 .net "day1", 3 0, L_0000000000909a70;  1 drivers
v0000000000909cf0_0 .net "day2", 3 0, L_0000000000909b10;  1 drivers
v0000000000909110_0 .net "month", 3 0, v0000000000907f60_0;  1 drivers
v00000000009092f0_0 .net "over", 0 0, v0000000000896440_0;  1 drivers
v0000000000909250_0 .net "toggle", 0 0, v00000000009081e0_0;  1 drivers
v000000000090a330_0 .net "value1", 3 0, v00000000008982e0_0;  1 drivers
v000000000090a650_0 .net "value2", 3 0, v0000000000896580_0;  1 drivers
E_00000000008a9770/0 .event negedge, L_000000000090a1f0;
E_00000000008a9770/1 .event posedge, v0000000000896440_0;
E_00000000008a9770 .event/or E_00000000008a9770/0, E_00000000008a9770/1;
L_0000000000909430 .part v000000000090a8d0_0, 9, 1;
L_0000000000909890 .part v000000000090ab50_0, 0, 1;
L_00000000009096b0 .part v000000000090ab50_0, 1, 1;
L_000000000090aab0 .concat8 [ 1 1 7 1], L_00000000008622a0, L_0000000000861f90, L_00000000029d0088, L_0000000000909430;
L_000000000090ac90 .part v000000000090a8d0_0, 9, 1;
L_000000000090a1f0 .part v000000000090ab50_0, 0, 1;
S_000000000087ef40 .scope module, "B4" "bcd1" 3 52, 4 1 0, S_00000000008ae810;
 .timescale -9 -10;
    .port_info 0 /INPUT 1 "clock";
    .port_info 1 /INPUT 1 "reset_n";
    .port_info 2 /OUTPUT 4 "mod10";
    .port_info 3 /OUTPUT 1 "out";
v00000000008968a0_0 .net "clock", 0 0, v0000000000897020_0;  alias, 1 drivers
v00000000008982e0_0 .var "mod10", 3 0;
v0000000000896440_0 .var "out", 0 0;
v0000000000897d40_0 .net "reset_n", 0 0, v00000000009081e0_0;  alias, 1 drivers
E_00000000008a9830/0 .event negedge, v0000000000897d40_0;
E_00000000008a9830/1 .event posedge, v00000000008968a0_0;
E_00000000008a9830 .event/or E_00000000008a9830/0, E_00000000008a9830/1;
S_000000000087f0d0 .scope module, "B5" "bcd2" 3 53, 5 1 0, S_00000000008ae810;
 .timescale -9 -10;
    .port_info 0 /INPUT 1 "clock";
    .port_info 1 /INPUT 1 "reset_n";
    .port_info 2 /OUTPUT 4 "mod10";
v00000000008964e0_0 .net "clock", 0 0, v0000000000896440_0;  alias, 1 drivers
v0000000000896580_0 .var "mod10", 3 0;
v0000000000896620_0 .net "reset_n", 0 0, v00000000009081e0_0;  alias, 1 drivers
E_00000000008aa770/0 .event negedge, v0000000000897d40_0;
E_00000000008aa770/1 .event posedge, v0000000000896440_0;
E_00000000008aa770 .event/or E_00000000008aa770/0, E_00000000008aa770/1;
S_000000000086cdf0 .scope module, "D1" "clkdiv" 3 31, 6 1 0, S_00000000008ae810;
 .timescale -9 -10;
    .port_info 0 /INPUT 1 "clockin";
    .port_info 1 /INPUT 1 "key";
    .port_info 2 /OUTPUT 1 "clockout";
L_00000000029d00d0 .functor BUFT 1, C4<0000000000000000000000101>, C4<0>, C4<0>, C4<0>;
v00000000008969e0_0 .net/2s *"_s0", 24 0, L_00000000029d00d0;  1 drivers
L_00000000029d0118 .functor BUFT 1, C4<0000000000000000000000001>, C4<0>, C4<0>, C4<0>;
v0000000000897480_0 .net/2s *"_s2", 24 0, L_00000000029d0118;  1 drivers
v0000000000897020_0 .var "clock", 0 0;
v0000000000897840_0 .net "clockin", 0 0, v0000000000909930_0;  alias, 1 drivers
v0000000000896f80_0 .net "clockout", 0 0, v0000000000897020_0;  alias, 1 drivers
v0000000000897520_0 .var "count", 24 0;
v0000000000896da0_0 .net "div", 24 0, L_000000000090aa10;  1 drivers
v0000000000897200_0 .net "key", 0 0, L_0000000000861e40;  1 drivers
E_00000000008aabb0 .event posedge, v0000000000897840_0;
L_000000000090aa10 .functor MUXZ 25, L_00000000029d0118, L_00000000029d00d0, L_0000000000861e40, C4<>;
S_000000000086cf80 .scope module, "R1" "translate" 3 64, 7 1 0, S_00000000008ae810;
 .timescale -9 -10;
    .port_info 0 /INPUT 1 "clock";
    .port_info 1 /INPUT 1 "reset_n";
    .port_info 2 /INPUT 4 "ones";
    .port_info 3 /INPUT 4 "tens";
    .port_info 4 /INPUT 1 "leap";
    .port_info 5 /OUTPUT 4 "month";
    .port_info 6 /OUTPUT 4 "day1";
    .port_info 7 /OUTPUT 4 "day2";
v0000000000897340_0 .net *"_s0", 31 0, L_000000000090abf0;  1 drivers
v0000000000897660_0 .net *"_s10", 4 0, L_000000000090a3d0;  1 drivers
L_00000000029d02c8 .functor BUFT 1, C4<0>, C4<0>, C4<0>, C4<0>;
v0000000000897700_0 .net *"_s13", 0 0, L_00000000029d02c8;  1 drivers
L_00000000029d0310 .functor BUFT 1, C4<01010>, C4<0>, C4<0>, C4<0>;
v00000000008977a0_0 .net/2u *"_s14", 4 0, L_00000000029d0310;  1 drivers
v0000000000897980_0 .net *"_s17", 4 0, L_000000000090a0b0;  1 drivers
v00000000009080a0_0 .net *"_s18", 4 0, L_000000000090a150;  1 drivers
L_00000000029d0238 .functor BUFT 1, C4<000000000000000000000000000>, C4<0>, C4<0>, C4<0>;
v0000000000908f00_0 .net *"_s3", 26 0, L_00000000029d0238;  1 drivers
L_00000000029d0280 .functor BUFT 1, C4<00000000000000000000000000001010>, C4<0>, C4<0>, C4<0>;
v0000000000908a00_0 .net/2u *"_s4", 31 0, L_00000000029d0280;  1 drivers
v0000000000908640_0 .net *"_s6", 31 0, L_0000000000909f70;  1 drivers
v0000000000907ec0_0 .net "clock", 0 0, v0000000000909930_0;  alias, 1 drivers
v0000000000907740_0 .var "day", 4 0;
v0000000000908780_0 .net "day1", 3 0, L_0000000000909a70;  alias, 1 drivers
v0000000000908460_0 .net "day2", 3 0, L_0000000000909b10;  alias, 1 drivers
v0000000000907560_0 .net "leap", 0 0, L_000000000090ac90;  1 drivers
v0000000000907f60_0 .var "month", 3 0;
v0000000000907600_0 .net "ones", 3 0, v00000000008982e0_0;  alias, 1 drivers
v0000000000908d20_0 .net "reset_n", 0 0, v00000000009081e0_0;  alias, 1 drivers
v0000000000907420_0 .net "tens", 3 0, v0000000000896580_0;  alias, 1 drivers
v0000000000908140_0 .var "value", 6 0;
E_00000000008aaeb0/0 .event negedge, v0000000000897d40_0;
E_00000000008aaeb0/1 .event posedge, v0000000000897840_0;
E_00000000008aaeb0 .event/or E_00000000008aaeb0/0, E_00000000008aaeb0/1;
L_000000000090abf0 .concat [ 5 27 0 0], v0000000000907740_0, L_00000000029d0238;
L_0000000000909f70 .arith/div 32, L_000000000090abf0, L_00000000029d0280;
L_0000000000909b10 .part L_0000000000909f70, 0, 4;
L_000000000090a3d0 .concat [ 4 1 0 0], L_0000000000909b10, L_00000000029d02c8;
L_000000000090a0b0 .arith/mult 5, L_000000000090a3d0, L_00000000029d0310;
L_000000000090a150 .arith/sub 5, v0000000000907740_0, L_000000000090a0b0;
L_0000000000909a70 .part L_000000000090a150, 0, 4;
S_00000000008879f0 .scope module, "T1" "toggle" 3 20, 8 1 0, S_00000000008ae810;
 .timescale -9 -10;
    .port_info 0 /INPUT 1 "key";
    .port_info 1 /OUTPUT 1 "value";
v0000000000907380_0 .net "key", 0 0, L_0000000000909890;  1 drivers
v00000000009081e0_0 .var "val", 0 0;
v00000000009074c0_0 .net "value", 0 0, v00000000009081e0_0;  alias, 1 drivers
E_00000000008aa7b0 .event posedge, v0000000000907380_0;
S_0000000000887b80 .scope module, "T2" "toggle" 3 26, 8 1 0, S_00000000008ae810;
 .timescale -9 -10;
    .port_info 0 /INPUT 1 "key";
    .port_info 1 /OUTPUT 1 "value";
v0000000000907e20_0 .net "key", 0 0, L_00000000009096b0;  1 drivers
v0000000000907c40_0 .var "val", 0 0;
v0000000000907ce0_0 .net "value", 0 0, v0000000000907c40_0;  alias, 1 drivers
E_00000000008ab030 .event posedge, v0000000000907e20_0;
S_0000000000874760 .scope module, "U0" "sevenseg" 3 69, 9 1 0, S_00000000008ae810;
 .timescale -9 -10;
    .port_info 0 /INPUT 4 "data";
    .port_info 1 /INPUT 1 "blank";
    .port_info 2 /INPUT 1 "minus";
    .port_info 3 /OUTPUT 8 "HEX";
v00000000009086e0_0 .var "HEX", 7 0;
L_00000000029d0508 .functor BUFT 1, C4<0>, C4<0>, C4<0>, C4<0>;
v00000000009077e0_0 .net "blank", 0 0, L_00000000029d0508;  1 drivers
v00000000009076a0_0 .net "data", 3 0, L_0000000000909a70;  alias, 1 drivers
L_00000000029d0550 .functor BUFT 1, C4<0>, C4<0>, C4<0>, C4<0>;
v0000000000907880_0 .net "minus", 0 0, L_00000000029d0550;  1 drivers
E_00000000008ab2f0 .event edge, v0000000000908780_0, v0000000000907880_0, v00000000009077e0_0;
S_00000000008748f0 .scope module, "U1" "sevenseg" 3 68, 9 1 0, S_00000000008ae810;
 .timescale -9 -10;
    .port_info 0 /INPUT 4 "data";
    .port_info 1 /INPUT 1 "blank";
    .port_info 2 /INPUT 1 "minus";
    .port_info 3 /OUTPUT 8 "HEX";
v0000000000908aa0_0 .var "HEX", 7 0;
L_00000000029d0478 .functor BUFT 1, C4<0>, C4<0>, C4<0>, C4<0>;
v0000000000907d80_0 .net "blank", 0 0, L_00000000029d0478;  1 drivers
v0000000000908820_0 .net "data", 3 0, L_0000000000909b10;  alias, 1 drivers
L_00000000029d04c0 .functor BUFT 1, C4<0>, C4<0>, C4<0>, C4<0>;
v0000000000908dc0_0 .net "minus", 0 0, L_00000000029d04c0;  1 drivers
E_00000000008aaa70 .event edge, v0000000000908460_0, v0000000000908dc0_0, v0000000000907d80_0;
S_000000000087c530 .scope module, "U2" "sevenseg" 3 67, 9 1 0, S_00000000008ae810;
 .timescale -9 -10;
    .port_info 0 /INPUT 4 "data";
    .port_info 1 /INPUT 1 "blank";
    .port_info 2 /INPUT 1 "minus";
    .port_info 3 /OUTPUT 8 "HEX";
v0000000000908000_0 .var "HEX", 7 0;
L_00000000029d03e8 .functor BUFT 1, C4<0>, C4<0>, C4<0>, C4<0>;
v0000000000908960_0 .net "blank", 0 0, L_00000000029d03e8;  1 drivers
v0000000000907920_0 .net "data", 3 0, v0000000000907f60_0;  alias, 1 drivers
L_00000000029d0430 .functor BUFT 1, C4<0>, C4<0>, C4<0>, C4<0>;
v0000000000907100_0 .net "minus", 0 0, L_00000000029d0430;  1 drivers
E_00000000008aaef0 .event edge, v0000000000907f60_0, v0000000000907100_0, v0000000000908960_0;
S_000000000087c6c0 .scope module, "U3" "sevenseg" 3 66, 9 1 0, S_00000000008ae810;
 .timescale -9 -10;
    .port_info 0 /INPUT 4 "data";
    .port_info 1 /INPUT 1 "blank";
    .port_info 2 /INPUT 1 "minus";
    .port_info 3 /OUTPUT 8 "HEX";
v0000000000908280_0 .var "HEX", 7 0;
L_00000000029d0358 .functor BUFT 1, C4<1>, C4<0>, C4<0>, C4<0>;
v00000000009079c0_0 .net "blank", 0 0, L_00000000029d0358;  1 drivers
o00000000008b3fb8 .functor BUFZ 4, C4<zzzz>; HiZ drive
v00000000009071a0_0 .net "data", 3 0, o00000000008b3fb8;  0 drivers
L_00000000029d03a0 .functor BUFT 1, C4<0>, C4<0>, C4<0>, C4<0>;
v0000000000908320_0 .net "minus", 0 0, L_00000000029d03a0;  1 drivers
E_00000000008ab270 .event edge, v00000000009071a0_0, v0000000000908320_0, v00000000009079c0_0;
S_0000000000879ac0 .scope module, "U4" "sevenseg" 3 56, 9 1 0, S_00000000008ae810;
 .timescale -9 -10;
    .port_info 0 /INPUT 4 "data";
    .port_info 1 /INPUT 1 "blank";
    .port_info 2 /INPUT 1 "minus";
    .port_info 3 /OUTPUT 8 "HEX";
v00000000009088c0_0 .var "HEX", 7 0;
L_00000000029d01a8 .functor BUFT 1, C4<0>, C4<0>, C4<0>, C4<0>;
v0000000000908b40_0 .net "blank", 0 0, L_00000000029d01a8;  1 drivers
v00000000009072e0_0 .net "data", 3 0, v00000000008982e0_0;  alias, 1 drivers
L_00000000029d01f0 .functor BUFT 1, C4<0>, C4<0>, C4<0>, C4<0>;
v00000000009083c0_0 .net "minus", 0 0, L_00000000029d01f0;  1 drivers
E_00000000008aa8f0 .event edge, v00000000008982e0_0, v00000000009083c0_0, v0000000000908b40_0;
S_0000000000879c50 .scope module, "U5" "sevenseg" 3 55, 9 1 0, S_00000000008ae810;
 .timescale -9 -10;
    .port_info 0 /INPUT 4 "data";
    .port_info 1 /INPUT 1 "blank";
    .port_info 2 /INPUT 1 "minus";
    .port_info 3 /OUTPUT 8 "HEX";
v0000000000908500_0 .var "HEX", 7 0;
v00000000009085a0_0 .net "blank", 0 0, v0000000000909610_0;  1 drivers
v0000000000907a60_0 .net "data", 3 0, v0000000000896580_0;  alias, 1 drivers
L_00000000029d0160 .functor BUFT 1, C4<0>, C4<0>, C4<0>, C4<0>;
v0000000000907240_0 .net "minus", 0 0, L_00000000029d0160;  1 drivers
E_00000000008aa730 .event edge, v0000000000896580_0, v0000000000907240_0, v00000000009085a0_0;
    .scope S_00000000008879f0;
T_0 ;
    %pushi/vec4 1, 0, 1;
    %store/vec4 v00000000009081e0_0, 0, 1;
    %end;
    .thread T_0;
    .scope S_00000000008879f0;
T_1 ;
    %wait E_00000000008aa7b0;
    %load/vec4 v00000000009081e0_0;
    %inv;
    %store/vec4 v00000000009081e0_0, 0, 1;
    %jmp T_1;
    .thread T_1;
    .scope S_0000000000887b80;
T_2 ;
    %pushi/vec4 1, 0, 1;
    %store/vec4 v0000000000907c40_0, 0, 1;
    %end;
    .thread T_2;
    .scope S_0000000000887b80;
T_3 ;
    %wait E_00000000008ab030;
    %load/vec4 v0000000000907c40_0;
    %inv;
    %store/vec4 v0000000000907c40_0, 0, 1;
    %jmp T_3;
    .thread T_3;
    .scope S_000000000086cdf0;
T_4 ;
    %pushi/vec4 0, 0, 1;
    %store/vec4 v0000000000897020_0, 0, 1;
    %pushi/vec4 0, 0, 25;
    %store/vec4 v0000000000897520_0, 0, 25;
    %end;
    .thread T_4;
    .scope S_000000000086cdf0;
T_5 ;
    %wait E_00000000008aabb0;
    %load/vec4 v0000000000897520_0;
    %load/vec4 v0000000000896da0_0;
    %cmp/u;
    %jmp/0xz  T_5.0, 5;
    %load/vec4 v0000000000897520_0;
    %addi 1, 0, 25;
    %assign/vec4 v0000000000897520_0, 0;
    %jmp T_5.1;
T_5.0 ;
    %load/vec4 v0000000000897520_0;
    %load/vec4 v0000000000896da0_0;
    %cmp/e;
    %jmp/0xz  T_5.2, 4;
    %load/vec4 v0000000000897020_0;
    %inv;
    %store/vec4 v0000000000897020_0, 0, 1;
    %pushi/vec4 0, 0, 25;
    %store/vec4 v0000000000897520_0, 0, 25;
    %jmp T_5.3;
T_5.2 ;
    %pushi/vec4 0, 0, 25;
    %store/vec4 v0000000000897520_0, 0, 25;
T_5.3 ;
T_5.1 ;
    %jmp T_5;
    .thread T_5;
    .scope S_000000000087ef40;
T_6 ;
    %wait E_00000000008a9830;
    %load/vec4 v0000000000897d40_0;
    %pad/u 32;
    %cmpi/e 0, 0, 32;
    %jmp/0xz  T_6.0, 4;
    %pushi/vec4 1, 0, 4;
    %assign/vec4 v00000000008982e0_0, 0;
    %pushi/vec4 0, 0, 1;
    %assign/vec4 v0000000000896440_0, 0;
    %jmp T_6.1;
T_6.0 ;
    %load/vec4 v00000000008982e0_0;
    %pad/u 32;
    %cmpi/ne 9, 0, 32;
    %jmp/0xz  T_6.2, 4;
    %load/vec4 v00000000008982e0_0;
    %addi 1, 0, 4;
    %assign/vec4 v00000000008982e0_0, 0;
    %pushi/vec4 0, 0, 1;
    %assign/vec4 v0000000000896440_0, 0;
    %jmp T_6.3;
T_6.2 ;
    %pushi/vec4 0, 0, 4;
    %assign/vec4 v00000000008982e0_0, 0;
    %pushi/vec4 1, 0, 1;
    %assign/vec4 v0000000000896440_0, 0;
T_6.3 ;
T_6.1 ;
    %jmp T_6;
    .thread T_6;
    .scope S_000000000087f0d0;
T_7 ;
    %wait E_00000000008aa770;
    %load/vec4 v0000000000896620_0;
    %pad/u 32;
    %cmpi/e 0, 0, 32;
    %jmp/0xz  T_7.0, 4;
    %pushi/vec4 0, 0, 4;
    %assign/vec4 v0000000000896580_0, 0;
    %jmp T_7.1;
T_7.0 ;
    %load/vec4 v0000000000896580_0;
    %pad/u 32;
    %cmpi/ne 9, 0, 32;
    %jmp/0xz  T_7.2, 4;
    %load/vec4 v0000000000896580_0;
    %addi 1, 0, 4;
    %assign/vec4 v0000000000896580_0, 0;
    %jmp T_7.3;
T_7.2 ;
    %pushi/vec4 0, 0, 4;
    %assign/vec4 v0000000000896580_0, 0;
T_7.3 ;
T_7.1 ;
    %jmp T_7;
    .thread T_7;
    .scope S_0000000000879c50;
T_8 ;
    %wait E_00000000008aa730;
    %load/vec4 v00000000009085a0_0;
    %load/vec4 v0000000000907240_0;
    %concat/vec4; draw_concat_vec4
    %load/vec4 v0000000000907a60_0;
    %concat/vec4; draw_concat_vec4
    %dup/vec4;
    %pushi/vec4 63, 31, 6;
    %cmp/x;
    %jmp/1 T_8.0, 4;
    %dup/vec4;
    %pushi/vec4 31, 15, 6;
    %cmp/x;
    %jmp/1 T_8.1, 4;
    %dup/vec4;
    %pushi/vec4 15, 0, 6;
    %cmp/x;
    %jmp/1 T_8.2, 4;
    %dup/vec4;
    %pushi/vec4 14, 0, 6;
    %cmp/x;
    %jmp/1 T_8.3, 4;
    %dup/vec4;
    %pushi/vec4 13, 0, 6;
    %cmp/x;
    %jmp/1 T_8.4, 4;
    %dup/vec4;
    %pushi/vec4 12, 0, 6;
    %cmp/x;
    %jmp/1 T_8.5, 4;
    %dup/vec4;
    %pushi/vec4 11, 0, 6;
    %cmp/x;
    %jmp/1 T_8.6, 4;
    %dup/vec4;
    %pushi/vec4 10, 0, 6;
    %cmp/x;
    %jmp/1 T_8.7, 4;
    %dup/vec4;
    %pushi/vec4 9, 0, 6;
    %cmp/x;
    %jmp/1 T_8.8, 4;
    %dup/vec4;
    %pushi/vec4 8, 0, 6;
    %cmp/x;
    %jmp/1 T_8.9, 4;
    %dup/vec4;
    %pushi/vec4 7, 0, 6;
    %cmp/x;
    %jmp/1 T_8.10, 4;
    %dup/vec4;
    %pushi/vec4 6, 0, 6;
    %cmp/x;
    %jmp/1 T_8.11, 4;
    %dup/vec4;
    %pushi/vec4 5, 0, 6;
    %cmp/x;
    %jmp/1 T_8.12, 4;
    %dup/vec4;
    %pushi/vec4 4, 0, 6;
    %cmp/x;
    %jmp/1 T_8.13, 4;
    %dup/vec4;
    %pushi/vec4 3, 0, 6;
    %cmp/x;
    %jmp/1 T_8.14, 4;
    %dup/vec4;
    %pushi/vec4 2, 0, 6;
    %cmp/x;
    %jmp/1 T_8.15, 4;
    %dup/vec4;
    %pushi/vec4 1, 0, 6;
    %cmp/x;
    %jmp/1 T_8.16, 4;
    %dup/vec4;
    %pushi/vec4 0, 0, 6;
    %cmp/x;
    %jmp/1 T_8.17, 4;
    %pushi/vec4 255, 0, 8;
    %store/vec4 v0000000000908500_0, 0, 8;
    %jmp T_8.19;
T_8.0 ;
    %pushi/vec4 255, 0, 8;
    %store/vec4 v0000000000908500_0, 0, 8;
    %jmp T_8.19;
T_8.1 ;
    %pushi/vec4 191, 0, 8;
    %store/vec4 v0000000000908500_0, 0, 8;
    %jmp T_8.19;
T_8.2 ;
    %pushi/vec4 142, 0, 8;
    %store/vec4 v0000000000908500_0, 0, 8;
    %jmp T_8.19;
T_8.3 ;
    %pushi/vec4 134, 0, 8;
    %store/vec4 v0000000000908500_0, 0, 8;
    %jmp T_8.19;
T_8.4 ;
    %pushi/vec4 161, 0, 8;
    %store/vec4 v0000000000908500_0, 0, 8;
    %jmp T_8.19;
T_8.5 ;
    %pushi/vec4 198, 0, 8;
    %store/vec4 v0000000000908500_0, 0, 8;
    %jmp T_8.19;
T_8.6 ;
    %pushi/vec4 131, 0, 8;
    %store/vec4 v0000000000908500_0, 0, 8;
    %jmp T_8.19;
T_8.7 ;
    %pushi/vec4 136, 0, 8;
    %store/vec4 v0000000000908500_0, 0, 8;
    %jmp T_8.19;
T_8.8 ;
    %pushi/vec4 144, 0, 8;
    %store/vec4 v0000000000908500_0, 0, 8;
    %jmp T_8.19;
T_8.9 ;
    %pushi/vec4 128, 0, 8;
    %store/vec4 v0000000000908500_0, 0, 8;
    %jmp T_8.19;
T_8.10 ;
    %pushi/vec4 248, 0, 8;
    %store/vec4 v0000000000908500_0, 0, 8;
    %jmp T_8.19;
T_8.11 ;
    %pushi/vec4 130, 0, 8;
    %store/vec4 v0000000000908500_0, 0, 8;
    %jmp T_8.19;
T_8.12 ;
    %pushi/vec4 146, 0, 8;
    %store/vec4 v0000000000908500_0, 0, 8;
    %jmp T_8.19;
T_8.13 ;
    %pushi/vec4 153, 0, 8;
    %store/vec4 v0000000000908500_0, 0, 8;
    %jmp T_8.19;
T_8.14 ;
    %pushi/vec4 176, 0, 8;
    %store/vec4 v0000000000908500_0, 0, 8;
    %jmp T_8.19;
T_8.15 ;
    %pushi/vec4 164, 0, 8;
    %store/vec4 v0000000000908500_0, 0, 8;
    %jmp T_8.19;
T_8.16 ;
    %pushi/vec4 249, 0, 8;
    %store/vec4 v0000000000908500_0, 0, 8;
    %jmp T_8.19;
T_8.17 ;
    %pushi/vec4 192, 0, 8;
    %store/vec4 v0000000000908500_0, 0, 8;
    %jmp T_8.19;
T_8.19 ;
    %pop/vec4 1;
    %jmp T_8;
    .thread T_8, $push;
    .scope S_0000000000879ac0;
T_9 ;
    %wait E_00000000008aa8f0;
    %load/vec4 v0000000000908b40_0;
    %load/vec4 v00000000009083c0_0;
    %concat/vec4; draw_concat_vec4
    %load/vec4 v00000000009072e0_0;
    %concat/vec4; draw_concat_vec4
    %dup/vec4;
    %pushi/vec4 63, 31, 6;
    %cmp/x;
    %jmp/1 T_9.0, 4;
    %dup/vec4;
    %pushi/vec4 31, 15, 6;
    %cmp/x;
    %jmp/1 T_9.1, 4;
    %dup/vec4;
    %pushi/vec4 15, 0, 6;
    %cmp/x;
    %jmp/1 T_9.2, 4;
    %dup/vec4;
    %pushi/vec4 14, 0, 6;
    %cmp/x;
    %jmp/1 T_9.3, 4;
    %dup/vec4;
    %pushi/vec4 13, 0, 6;
    %cmp/x;
    %jmp/1 T_9.4, 4;
    %dup/vec4;
    %pushi/vec4 12, 0, 6;
    %cmp/x;
    %jmp/1 T_9.5, 4;
    %dup/vec4;
    %pushi/vec4 11, 0, 6;
    %cmp/x;
    %jmp/1 T_9.6, 4;
    %dup/vec4;
    %pushi/vec4 10, 0, 6;
    %cmp/x;
    %jmp/1 T_9.7, 4;
    %dup/vec4;
    %pushi/vec4 9, 0, 6;
    %cmp/x;
    %jmp/1 T_9.8, 4;
    %dup/vec4;
    %pushi/vec4 8, 0, 6;
    %cmp/x;
    %jmp/1 T_9.9, 4;
    %dup/vec4;
    %pushi/vec4 7, 0, 6;
    %cmp/x;
    %jmp/1 T_9.10, 4;
    %dup/vec4;
    %pushi/vec4 6, 0, 6;
    %cmp/x;
    %jmp/1 T_9.11, 4;
    %dup/vec4;
    %pushi/vec4 5, 0, 6;
    %cmp/x;
    %jmp/1 T_9.12, 4;
    %dup/vec4;
    %pushi/vec4 4, 0, 6;
    %cmp/x;
    %jmp/1 T_9.13, 4;
    %dup/vec4;
    %pushi/vec4 3, 0, 6;
    %cmp/x;
    %jmp/1 T_9.14, 4;
    %dup/vec4;
    %pushi/vec4 2, 0, 6;
    %cmp/x;
    %jmp/1 T_9.15, 4;
    %dup/vec4;
    %pushi/vec4 1, 0, 6;
    %cmp/x;
    %jmp/1 T_9.16, 4;
    %dup/vec4;
    %pushi/vec4 0, 0, 6;
    %cmp/x;
    %jmp/1 T_9.17, 4;
    %pushi/vec4 255, 0, 8;
    %store/vec4 v00000000009088c0_0, 0, 8;
    %jmp T_9.19;
T_9.0 ;
    %pushi/vec4 255, 0, 8;
    %store/vec4 v00000000009088c0_0, 0, 8;
    %jmp T_9.19;
T_9.1 ;
    %pushi/vec4 191, 0, 8;
    %store/vec4 v00000000009088c0_0, 0, 8;
    %jmp T_9.19;
T_9.2 ;
    %pushi/vec4 142, 0, 8;
    %store/vec4 v00000000009088c0_0, 0, 8;
    %jmp T_9.19;
T_9.3 ;
    %pushi/vec4 134, 0, 8;
    %store/vec4 v00000000009088c0_0, 0, 8;
    %jmp T_9.19;
T_9.4 ;
    %pushi/vec4 161, 0, 8;
    %store/vec4 v00000000009088c0_0, 0, 8;
    %jmp T_9.19;
T_9.5 ;
    %pushi/vec4 198, 0, 8;
    %store/vec4 v00000000009088c0_0, 0, 8;
    %jmp T_9.19;
T_9.6 ;
    %pushi/vec4 131, 0, 8;
    %store/vec4 v00000000009088c0_0, 0, 8;
    %jmp T_9.19;
T_9.7 ;
    %pushi/vec4 136, 0, 8;
    %store/vec4 v00000000009088c0_0, 0, 8;
    %jmp T_9.19;
T_9.8 ;
    %pushi/vec4 144, 0, 8;
    %store/vec4 v00000000009088c0_0, 0, 8;
    %jmp T_9.19;
T_9.9 ;
    %pushi/vec4 128, 0, 8;
    %store/vec4 v00000000009088c0_0, 0, 8;
    %jmp T_9.19;
T_9.10 ;
    %pushi/vec4 248, 0, 8;
    %store/vec4 v00000000009088c0_0, 0, 8;
    %jmp T_9.19;
T_9.11 ;
    %pushi/vec4 130, 0, 8;
    %store/vec4 v00000000009088c0_0, 0, 8;
    %jmp T_9.19;
T_9.12 ;
    %pushi/vec4 146, 0, 8;
    %store/vec4 v00000000009088c0_0, 0, 8;
    %jmp T_9.19;
T_9.13 ;
    %pushi/vec4 153, 0, 8;
    %store/vec4 v00000000009088c0_0, 0, 8;
    %jmp T_9.19;
T_9.14 ;
    %pushi/vec4 176, 0, 8;
    %store/vec4 v00000000009088c0_0, 0, 8;
    %jmp T_9.19;
T_9.15 ;
    %pushi/vec4 164, 0, 8;
    %store/vec4 v00000000009088c0_0, 0, 8;
    %jmp T_9.19;
T_9.16 ;
    %pushi/vec4 249, 0, 8;
    %store/vec4 v00000000009088c0_0, 0, 8;
    %jmp T_9.19;
T_9.17 ;
    %pushi/vec4 192, 0, 8;
    %store/vec4 v00000000009088c0_0, 0, 8;
    %jmp T_9.19;
T_9.19 ;
    %pop/vec4 1;
    %jmp T_9;
    .thread T_9, $push;
    .scope S_000000000086cf80;
T_10 ;
    %wait E_00000000008aaeb0;
    %load/vec4 v0000000000908d20_0;
    %pad/u 32;
    %cmpi/e 0, 0, 32;
    %jmp/0xz  T_10.0, 4;
    %pushi/vec4 1, 0, 7;
    %assign/vec4 v0000000000908140_0, 0;
    %jmp T_10.1;
T_10.0 ;
    %load/vec4 v0000000000907420_0;
    %pad/u 7;
    %muli 10, 0, 7;
    %pushi/vec4 0, 0, 3;
    %load/vec4 v0000000000907600_0;
    %concat/vec4; draw_concat_vec4
    %add;
    %assign/vec4 v0000000000908140_0, 0;
T_10.1 ;
    %jmp T_10;
    .thread T_10;
    .scope S_000000000086cf80;
T_11 ;
    %wait E_00000000008aabb0;
    %load/vec4 v0000000000908140_0;
    %pad/u 32;
    %cmpi/u 32, 0, 32;
    %jmp/0xz  T_11.0, 5;
    %pushi/vec4 1, 0, 4;
    %store/vec4 v0000000000907f60_0, 0, 4;
    %load/vec4 v0000000000908140_0;
    %pad/u 5;
    %store/vec4 v0000000000907740_0, 0, 5;
    %jmp T_11.1;
T_11.0 ;
    %load/vec4 v0000000000908140_0;
    %pad/u 32;
    %pushi/vec4 60, 0, 32;
    %load/vec4 v0000000000907560_0;
    %pad/u 32;
    %add;
    %cmp/u;
    %jmp/0xz  T_11.2, 5;
    %pushi/vec4 2, 0, 4;
    %store/vec4 v0000000000907f60_0, 0, 4;
    %load/vec4 v0000000000908140_0;
    %subi 31, 0, 7;
    %pad/u 5;
    %store/vec4 v0000000000907740_0, 0, 5;
    %jmp T_11.3;
T_11.2 ;
    %load/vec4 v0000000000908140_0;
    %pad/u 32;
    %pushi/vec4 91, 0, 32;
    %load/vec4 v0000000000907560_0;
    %pad/u 32;
    %add;
    %cmp/u;
    %jmp/0xz  T_11.4, 5;
    %pushi/vec4 3, 0, 4;
    %store/vec4 v0000000000907f60_0, 0, 4;
    %load/vec4 v0000000000908140_0;
    %pushi/vec4 59, 0, 7;
    %load/vec4 v0000000000907560_0;
    %pad/u 7;
    %add;
    %sub;
    %pad/u 5;
    %store/vec4 v0000000000907740_0, 0, 5;
    %jmp T_11.5;
T_11.4 ;
    %load/vec4 v0000000000908140_0;
    %pad/u 32;
    %pushi/vec4 100, 0, 32;
    %load/vec4 v0000000000907560_0;
    %pad/u 32;
    %add;
    %cmp/u;
    %jmp/0xz  T_11.6, 5;
    %pushi/vec4 4, 0, 4;
    %store/vec4 v0000000000907f60_0, 0, 4;
    %load/vec4 v0000000000908140_0;
    %pad/u 8;
    %pushi/vec4 90, 0, 8;
    %load/vec4 v0000000000907560_0;
    %pad/u 8;
    %add;
    %sub;
    %pad/u 5;
    %store/vec4 v0000000000907740_0, 0, 5;
    %jmp T_11.7;
T_11.6 ;
    %pushi/vec4 0, 0, 4;
    %store/vec4 v0000000000907f60_0, 0, 4;
    %pushi/vec4 0, 0, 5;
    %store/vec4 v0000000000907740_0, 0, 5;
T_11.7 ;
T_11.5 ;
T_11.3 ;
T_11.1 ;
    %jmp T_11;
    .thread T_11;
    .scope S_000000000087c6c0;
T_12 ;
    %wait E_00000000008ab270;
    %load/vec4 v00000000009079c0_0;
    %load/vec4 v0000000000908320_0;
    %concat/vec4; draw_concat_vec4
    %load/vec4 v00000000009071a0_0;
    %concat/vec4; draw_concat_vec4
    %dup/vec4;
    %pushi/vec4 63, 31, 6;
    %cmp/x;
    %jmp/1 T_12.0, 4;
    %dup/vec4;
    %pushi/vec4 31, 15, 6;
    %cmp/x;
    %jmp/1 T_12.1, 4;
    %dup/vec4;
    %pushi/vec4 15, 0, 6;
    %cmp/x;
    %jmp/1 T_12.2, 4;
    %dup/vec4;
    %pushi/vec4 14, 0, 6;
    %cmp/x;
    %jmp/1 T_12.3, 4;
    %dup/vec4;
    %pushi/vec4 13, 0, 6;
    %cmp/x;
    %jmp/1 T_12.4, 4;
    %dup/vec4;
    %pushi/vec4 12, 0, 6;
    %cmp/x;
    %jmp/1 T_12.5, 4;
    %dup/vec4;
    %pushi/vec4 11, 0, 6;
    %cmp/x;
    %jmp/1 T_12.6, 4;
    %dup/vec4;
    %pushi/vec4 10, 0, 6;
    %cmp/x;
    %jmp/1 T_12.7, 4;
    %dup/vec4;
    %pushi/vec4 9, 0, 6;
    %cmp/x;
    %jmp/1 T_12.8, 4;
    %dup/vec4;
    %pushi/vec4 8, 0, 6;
    %cmp/x;
    %jmp/1 T_12.9, 4;
    %dup/vec4;
    %pushi/vec4 7, 0, 6;
    %cmp/x;
    %jmp/1 T_12.10, 4;
    %dup/vec4;
    %pushi/vec4 6, 0, 6;
    %cmp/x;
    %jmp/1 T_12.11, 4;
    %dup/vec4;
    %pushi/vec4 5, 0, 6;
    %cmp/x;
    %jmp/1 T_12.12, 4;
    %dup/vec4;
    %pushi/vec4 4, 0, 6;
    %cmp/x;
    %jmp/1 T_12.13, 4;
    %dup/vec4;
    %pushi/vec4 3, 0, 6;
    %cmp/x;
    %jmp/1 T_12.14, 4;
    %dup/vec4;
    %pushi/vec4 2, 0, 6;
    %cmp/x;
    %jmp/1 T_12.15, 4;
    %dup/vec4;
    %pushi/vec4 1, 0, 6;
    %cmp/x;
    %jmp/1 T_12.16, 4;
    %dup/vec4;
    %pushi/vec4 0, 0, 6;
    %cmp/x;
    %jmp/1 T_12.17, 4;
    %pushi/vec4 255, 0, 8;
    %store/vec4 v0000000000908280_0, 0, 8;
    %jmp T_12.19;
T_12.0 ;
    %pushi/vec4 255, 0, 8;
    %store/vec4 v0000000000908280_0, 0, 8;
    %jmp T_12.19;
T_12.1 ;
    %pushi/vec4 191, 0, 8;
    %store/vec4 v0000000000908280_0, 0, 8;
    %jmp T_12.19;
T_12.2 ;
    %pushi/vec4 142, 0, 8;
    %store/vec4 v0000000000908280_0, 0, 8;
    %jmp T_12.19;
T_12.3 ;
    %pushi/vec4 134, 0, 8;
    %store/vec4 v0000000000908280_0, 0, 8;
    %jmp T_12.19;
T_12.4 ;
    %pushi/vec4 161, 0, 8;
    %store/vec4 v0000000000908280_0, 0, 8;
    %jmp T_12.19;
T_12.5 ;
    %pushi/vec4 198, 0, 8;
    %store/vec4 v0000000000908280_0, 0, 8;
    %jmp T_12.19;
T_12.6 ;
    %pushi/vec4 131, 0, 8;
    %store/vec4 v0000000000908280_0, 0, 8;
    %jmp T_12.19;
T_12.7 ;
    %pushi/vec4 136, 0, 8;
    %store/vec4 v0000000000908280_0, 0, 8;
    %jmp T_12.19;
T_12.8 ;
    %pushi/vec4 144, 0, 8;
    %store/vec4 v0000000000908280_0, 0, 8;
    %jmp T_12.19;
T_12.9 ;
    %pushi/vec4 128, 0, 8;
    %store/vec4 v0000000000908280_0, 0, 8;
    %jmp T_12.19;
T_12.10 ;
    %pushi/vec4 248, 0, 8;
    %store/vec4 v0000000000908280_0, 0, 8;
    %jmp T_12.19;
T_12.11 ;
    %pushi/vec4 130, 0, 8;
    %store/vec4 v0000000000908280_0, 0, 8;
    %jmp T_12.19;
T_12.12 ;
    %pushi/vec4 146, 0, 8;
    %store/vec4 v0000000000908280_0, 0, 8;
    %jmp T_12.19;
T_12.13 ;
    %pushi/vec4 153, 0, 8;
    %store/vec4 v0000000000908280_0, 0, 8;
    %jmp T_12.19;
T_12.14 ;
    %pushi/vec4 176, 0, 8;
    %store/vec4 v0000000000908280_0, 0, 8;
    %jmp T_12.19;
T_12.15 ;
    %pushi/vec4 164, 0, 8;
    %store/vec4 v0000000000908280_0, 0, 8;
    %jmp T_12.19;
T_12.16 ;
    %pushi/vec4 249, 0, 8;
    %store/vec4 v0000000000908280_0, 0, 8;
    %jmp T_12.19;
T_12.17 ;
    %pushi/vec4 192, 0, 8;
    %store/vec4 v0000000000908280_0, 0, 8;
    %jmp T_12.19;
T_12.19 ;
    %pop/vec4 1;
    %jmp T_12;
    .thread T_12, $push;
    .scope S_000000000087c530;
T_13 ;
    %wait E_00000000008aaef0;
    %load/vec4 v0000000000908960_0;
    %load/vec4 v0000000000907100_0;
    %concat/vec4; draw_concat_vec4
    %load/vec4 v0000000000907920_0;
    %concat/vec4; draw_concat_vec4
    %dup/vec4;
    %pushi/vec4 63, 31, 6;
    %cmp/x;
    %jmp/1 T_13.0, 4;
    %dup/vec4;
    %pushi/vec4 31, 15, 6;
    %cmp/x;
    %jmp/1 T_13.1, 4;
    %dup/vec4;
    %pushi/vec4 15, 0, 6;
    %cmp/x;
    %jmp/1 T_13.2, 4;
    %dup/vec4;
    %pushi/vec4 14, 0, 6;
    %cmp/x;
    %jmp/1 T_13.3, 4;
    %dup/vec4;
    %pushi/vec4 13, 0, 6;
    %cmp/x;
    %jmp/1 T_13.4, 4;
    %dup/vec4;
    %pushi/vec4 12, 0, 6;
    %cmp/x;
    %jmp/1 T_13.5, 4;
    %dup/vec4;
    %pushi/vec4 11, 0, 6;
    %cmp/x;
    %jmp/1 T_13.6, 4;
    %dup/vec4;
    %pushi/vec4 10, 0, 6;
    %cmp/x;
    %jmp/1 T_13.7, 4;
    %dup/vec4;
    %pushi/vec4 9, 0, 6;
    %cmp/x;
    %jmp/1 T_13.8, 4;
    %dup/vec4;
    %pushi/vec4 8, 0, 6;
    %cmp/x;
    %jmp/1 T_13.9, 4;
    %dup/vec4;
    %pushi/vec4 7, 0, 6;
    %cmp/x;
    %jmp/1 T_13.10, 4;
    %dup/vec4;
    %pushi/vec4 6, 0, 6;
    %cmp/x;
    %jmp/1 T_13.11, 4;
    %dup/vec4;
    %pushi/vec4 5, 0, 6;
    %cmp/x;
    %jmp/1 T_13.12, 4;
    %dup/vec4;
    %pushi/vec4 4, 0, 6;
    %cmp/x;
    %jmp/1 T_13.13, 4;
    %dup/vec4;
    %pushi/vec4 3, 0, 6;
    %cmp/x;
    %jmp/1 T_13.14, 4;
    %dup/vec4;
    %pushi/vec4 2, 0, 6;
    %cmp/x;
    %jmp/1 T_13.15, 4;
    %dup/vec4;
    %pushi/vec4 1, 0, 6;
    %cmp/x;
    %jmp/1 T_13.16, 4;
    %dup/vec4;
    %pushi/vec4 0, 0, 6;
    %cmp/x;
    %jmp/1 T_13.17, 4;
    %pushi/vec4 255, 0, 8;
    %store/vec4 v0000000000908000_0, 0, 8;
    %jmp T_13.19;
T_13.0 ;
    %pushi/vec4 255, 0, 8;
    %store/vec4 v0000000000908000_0, 0, 8;
    %jmp T_13.19;
T_13.1 ;
    %pushi/vec4 191, 0, 8;
    %store/vec4 v0000000000908000_0, 0, 8;
    %jmp T_13.19;
T_13.2 ;
    %pushi/vec4 142, 0, 8;
    %store/vec4 v0000000000908000_0, 0, 8;
    %jmp T_13.19;
T_13.3 ;
    %pushi/vec4 134, 0, 8;
    %store/vec4 v0000000000908000_0, 0, 8;
    %jmp T_13.19;
T_13.4 ;
    %pushi/vec4 161, 0, 8;
    %store/vec4 v0000000000908000_0, 0, 8;
    %jmp T_13.19;
T_13.5 ;
    %pushi/vec4 198, 0, 8;
    %store/vec4 v0000000000908000_0, 0, 8;
    %jmp T_13.19;
T_13.6 ;
    %pushi/vec4 131, 0, 8;
    %store/vec4 v0000000000908000_0, 0, 8;
    %jmp T_13.19;
T_13.7 ;
    %pushi/vec4 136, 0, 8;
    %store/vec4 v0000000000908000_0, 0, 8;
    %jmp T_13.19;
T_13.8 ;
    %pushi/vec4 144, 0, 8;
    %store/vec4 v0000000000908000_0, 0, 8;
    %jmp T_13.19;
T_13.9 ;
    %pushi/vec4 128, 0, 8;
    %store/vec4 v0000000000908000_0, 0, 8;
    %jmp T_13.19;
T_13.10 ;
    %pushi/vec4 248, 0, 8;
    %store/vec4 v0000000000908000_0, 0, 8;
    %jmp T_13.19;
T_13.11 ;
    %pushi/vec4 130, 0, 8;
    %store/vec4 v0000000000908000_0, 0, 8;
    %jmp T_13.19;
T_13.12 ;
    %pushi/vec4 146, 0, 8;
    %store/vec4 v0000000000908000_0, 0, 8;
    %jmp T_13.19;
T_13.13 ;
    %pushi/vec4 153, 0, 8;
    %store/vec4 v0000000000908000_0, 0, 8;
    %jmp T_13.19;
T_13.14 ;
    %pushi/vec4 176, 0, 8;
    %store/vec4 v0000000000908000_0, 0, 8;
    %jmp T_13.19;
T_13.15 ;
    %pushi/vec4 164, 0, 8;
    %store/vec4 v0000000000908000_0, 0, 8;
    %jmp T_13.19;
T_13.16 ;
    %pushi/vec4 249, 0, 8;
    %store/vec4 v0000000000908000_0, 0, 8;
    %jmp T_13.19;
T_13.17 ;
    %pushi/vec4 192, 0, 8;
    %store/vec4 v0000000000908000_0, 0, 8;
    %jmp T_13.19;
T_13.19 ;
    %pop/vec4 1;
    %jmp T_13;
    .thread T_13, $push;
    .scope S_00000000008748f0;
T_14 ;
    %wait E_00000000008aaa70;
    %load/vec4 v0000000000907d80_0;
    %load/vec4 v0000000000908dc0_0;
    %concat/vec4; draw_concat_vec4
    %load/vec4 v0000000000908820_0;
    %concat/vec4; draw_concat_vec4
    %dup/vec4;
    %pushi/vec4 63, 31, 6;
    %cmp/x;
    %jmp/1 T_14.0, 4;
    %dup/vec4;
    %pushi/vec4 31, 15, 6;
    %cmp/x;
    %jmp/1 T_14.1, 4;
    %dup/vec4;
    %pushi/vec4 15, 0, 6;
    %cmp/x;
    %jmp/1 T_14.2, 4;
    %dup/vec4;
    %pushi/vec4 14, 0, 6;
    %cmp/x;
    %jmp/1 T_14.3, 4;
    %dup/vec4;
    %pushi/vec4 13, 0, 6;
    %cmp/x;
    %jmp/1 T_14.4, 4;
    %dup/vec4;
    %pushi/vec4 12, 0, 6;
    %cmp/x;
    %jmp/1 T_14.5, 4;
    %dup/vec4;
    %pushi/vec4 11, 0, 6;
    %cmp/x;
    %jmp/1 T_14.6, 4;
    %dup/vec4;
    %pushi/vec4 10, 0, 6;
    %cmp/x;
    %jmp/1 T_14.7, 4;
    %dup/vec4;
    %pushi/vec4 9, 0, 6;
    %cmp/x;
    %jmp/1 T_14.8, 4;
    %dup/vec4;
    %pushi/vec4 8, 0, 6;
    %cmp/x;
    %jmp/1 T_14.9, 4;
    %dup/vec4;
    %pushi/vec4 7, 0, 6;
    %cmp/x;
    %jmp/1 T_14.10, 4;
    %dup/vec4;
    %pushi/vec4 6, 0, 6;
    %cmp/x;
    %jmp/1 T_14.11, 4;
    %dup/vec4;
    %pushi/vec4 5, 0, 6;
    %cmp/x;
    %jmp/1 T_14.12, 4;
    %dup/vec4;
    %pushi/vec4 4, 0, 6;
    %cmp/x;
    %jmp/1 T_14.13, 4;
    %dup/vec4;
    %pushi/vec4 3, 0, 6;
    %cmp/x;
    %jmp/1 T_14.14, 4;
    %dup/vec4;
    %pushi/vec4 2, 0, 6;
    %cmp/x;
    %jmp/1 T_14.15, 4;
    %dup/vec4;
    %pushi/vec4 1, 0, 6;
    %cmp/x;
    %jmp/1 T_14.16, 4;
    %dup/vec4;
    %pushi/vec4 0, 0, 6;
    %cmp/x;
    %jmp/1 T_14.17, 4;
    %pushi/vec4 255, 0, 8;
    %store/vec4 v0000000000908aa0_0, 0, 8;
    %jmp T_14.19;
T_14.0 ;
    %pushi/vec4 255, 0, 8;
    %store/vec4 v0000000000908aa0_0, 0, 8;
    %jmp T_14.19;
T_14.1 ;
    %pushi/vec4 191, 0, 8;
    %store/vec4 v0000000000908aa0_0, 0, 8;
    %jmp T_14.19;
T_14.2 ;
    %pushi/vec4 142, 0, 8;
    %store/vec4 v0000000000908aa0_0, 0, 8;
    %jmp T_14.19;
T_14.3 ;
    %pushi/vec4 134, 0, 8;
    %store/vec4 v0000000000908aa0_0, 0, 8;
    %jmp T_14.19;
T_14.4 ;
    %pushi/vec4 161, 0, 8;
    %store/vec4 v0000000000908aa0_0, 0, 8;
    %jmp T_14.19;
T_14.5 ;
    %pushi/vec4 198, 0, 8;
    %store/vec4 v0000000000908aa0_0, 0, 8;
    %jmp T_14.19;
T_14.6 ;
    %pushi/vec4 131, 0, 8;
    %store/vec4 v0000000000908aa0_0, 0, 8;
    %jmp T_14.19;
T_14.7 ;
    %pushi/vec4 136, 0, 8;
    %store/vec4 v0000000000908aa0_0, 0, 8;
    %jmp T_14.19;
T_14.8 ;
    %pushi/vec4 144, 0, 8;
    %store/vec4 v0000000000908aa0_0, 0, 8;
    %jmp T_14.19;
T_14.9 ;
    %pushi/vec4 128, 0, 8;
    %store/vec4 v0000000000908aa0_0, 0, 8;
    %jmp T_14.19;
T_14.10 ;
    %pushi/vec4 248, 0, 8;
    %store/vec4 v0000000000908aa0_0, 0, 8;
    %jmp T_14.19;
T_14.11 ;
    %pushi/vec4 130, 0, 8;
    %store/vec4 v0000000000908aa0_0, 0, 8;
    %jmp T_14.19;
T_14.12 ;
    %pushi/vec4 146, 0, 8;
    %store/vec4 v0000000000908aa0_0, 0, 8;
    %jmp T_14.19;
T_14.13 ;
    %pushi/vec4 153, 0, 8;
    %store/vec4 v0000000000908aa0_0, 0, 8;
    %jmp T_14.19;
T_14.14 ;
    %pushi/vec4 176, 0, 8;
    %store/vec4 v0000000000908aa0_0, 0, 8;
    %jmp T_14.19;
T_14.15 ;
    %pushi/vec4 164, 0, 8;
    %store/vec4 v0000000000908aa0_0, 0, 8;
    %jmp T_14.19;
T_14.16 ;
    %pushi/vec4 249, 0, 8;
    %store/vec4 v0000000000908aa0_0, 0, 8;
    %jmp T_14.19;
T_14.17 ;
    %pushi/vec4 192, 0, 8;
    %store/vec4 v0000000000908aa0_0, 0, 8;
    %jmp T_14.19;
T_14.19 ;
    %pop/vec4 1;
    %jmp T_14;
    .thread T_14, $push;
    .scope S_0000000000874760;
T_15 ;
    %wait E_00000000008ab2f0;
    %load/vec4 v00000000009077e0_0;
    %load/vec4 v0000000000907880_0;
    %concat/vec4; draw_concat_vec4
    %load/vec4 v00000000009076a0_0;
    %concat/vec4; draw_concat_vec4
    %dup/vec4;
    %pushi/vec4 63, 31, 6;
    %cmp/x;
    %jmp/1 T_15.0, 4;
    %dup/vec4;
    %pushi/vec4 31, 15, 6;
    %cmp/x;
    %jmp/1 T_15.1, 4;
    %dup/vec4;
    %pushi/vec4 15, 0, 6;
    %cmp/x;
    %jmp/1 T_15.2, 4;
    %dup/vec4;
    %pushi/vec4 14, 0, 6;
    %cmp/x;
    %jmp/1 T_15.3, 4;
    %dup/vec4;
    %pushi/vec4 13, 0, 6;
    %cmp/x;
    %jmp/1 T_15.4, 4;
    %dup/vec4;
    %pushi/vec4 12, 0, 6;
    %cmp/x;
    %jmp/1 T_15.5, 4;
    %dup/vec4;
    %pushi/vec4 11, 0, 6;
    %cmp/x;
    %jmp/1 T_15.6, 4;
    %dup/vec4;
    %pushi/vec4 10, 0, 6;
    %cmp/x;
    %jmp/1 T_15.7, 4;
    %dup/vec4;
    %pushi/vec4 9, 0, 6;
    %cmp/x;
    %jmp/1 T_15.8, 4;
    %dup/vec4;
    %pushi/vec4 8, 0, 6;
    %cmp/x;
    %jmp/1 T_15.9, 4;
    %dup/vec4;
    %pushi/vec4 7, 0, 6;
    %cmp/x;
    %jmp/1 T_15.10, 4;
    %dup/vec4;
    %pushi/vec4 6, 0, 6;
    %cmp/x;
    %jmp/1 T_15.11, 4;
    %dup/vec4;
    %pushi/vec4 5, 0, 6;
    %cmp/x;
    %jmp/1 T_15.12, 4;
    %dup/vec4;
    %pushi/vec4 4, 0, 6;
    %cmp/x;
    %jmp/1 T_15.13, 4;
    %dup/vec4;
    %pushi/vec4 3, 0, 6;
    %cmp/x;
    %jmp/1 T_15.14, 4;
    %dup/vec4;
    %pushi/vec4 2, 0, 6;
    %cmp/x;
    %jmp/1 T_15.15, 4;
    %dup/vec4;
    %pushi/vec4 1, 0, 6;
    %cmp/x;
    %jmp/1 T_15.16, 4;
    %dup/vec4;
    %pushi/vec4 0, 0, 6;
    %cmp/x;
    %jmp/1 T_15.17, 4;
    %pushi/vec4 255, 0, 8;
    %store/vec4 v00000000009086e0_0, 0, 8;
    %jmp T_15.19;
T_15.0 ;
    %pushi/vec4 255, 0, 8;
    %store/vec4 v00000000009086e0_0, 0, 8;
    %jmp T_15.19;
T_15.1 ;
    %pushi/vec4 191, 0, 8;
    %store/vec4 v00000000009086e0_0, 0, 8;
    %jmp T_15.19;
T_15.2 ;
    %pushi/vec4 142, 0, 8;
    %store/vec4 v00000000009086e0_0, 0, 8;
    %jmp T_15.19;
T_15.3 ;
    %pushi/vec4 134, 0, 8;
    %store/vec4 v00000000009086e0_0, 0, 8;
    %jmp T_15.19;
T_15.4 ;
    %pushi/vec4 161, 0, 8;
    %store/vec4 v00000000009086e0_0, 0, 8;
    %jmp T_15.19;
T_15.5 ;
    %pushi/vec4 198, 0, 8;
    %store/vec4 v00000000009086e0_0, 0, 8;
    %jmp T_15.19;
T_15.6 ;
    %pushi/vec4 131, 0, 8;
    %store/vec4 v00000000009086e0_0, 0, 8;
    %jmp T_15.19;
T_15.7 ;
    %pushi/vec4 136, 0, 8;
    %store/vec4 v00000000009086e0_0, 0, 8;
    %jmp T_15.19;
T_15.8 ;
    %pushi/vec4 144, 0, 8;
    %store/vec4 v00000000009086e0_0, 0, 8;
    %jmp T_15.19;
T_15.9 ;
    %pushi/vec4 128, 0, 8;
    %store/vec4 v00000000009086e0_0, 0, 8;
    %jmp T_15.19;
T_15.10 ;
    %pushi/vec4 248, 0, 8;
    %store/vec4 v00000000009086e0_0, 0, 8;
    %jmp T_15.19;
T_15.11 ;
    %pushi/vec4 130, 0, 8;
    %store/vec4 v00000000009086e0_0, 0, 8;
    %jmp T_15.19;
T_15.12 ;
    %pushi/vec4 146, 0, 8;
    %store/vec4 v00000000009086e0_0, 0, 8;
    %jmp T_15.19;
T_15.13 ;
    %pushi/vec4 153, 0, 8;
    %store/vec4 v00000000009086e0_0, 0, 8;
    %jmp T_15.19;
T_15.14 ;
    %pushi/vec4 176, 0, 8;
    %store/vec4 v00000000009086e0_0, 0, 8;
    %jmp T_15.19;
T_15.15 ;
    %pushi/vec4 164, 0, 8;
    %store/vec4 v00000000009086e0_0, 0, 8;
    %jmp T_15.19;
T_15.16 ;
    %pushi/vec4 249, 0, 8;
    %store/vec4 v00000000009086e0_0, 0, 8;
    %jmp T_15.19;
T_15.17 ;
    %pushi/vec4 192, 0, 8;
    %store/vec4 v00000000009086e0_0, 0, 8;
    %jmp T_15.19;
T_15.19 ;
    %pop/vec4 1;
    %jmp T_15;
    .thread T_15, $push;
    .scope S_00000000008ae810;
T_16 ;
    %pushi/vec4 1, 0, 1;
    %store/vec4 v0000000000909610_0, 0, 1;
    %end;
    .thread T_16;
    .scope S_00000000008ae810;
T_17 ;
    %wait E_00000000008a9770;
    %load/vec4 v0000000000909070_0;
    %parti/s 1, 0, 2;
    %pad/u 32;
    %cmpi/e 0, 0, 32;
    %jmp/0xz  T_17.0, 4;
    %pushi/vec4 1, 0, 1;
    %store/vec4 v0000000000909610_0, 0, 1;
    %jmp T_17.1;
T_17.0 ;
    %load/vec4 v000000000090a650_0;
    %pad/u 32;
    %cmpi/e 9, 0, 32;
    %jmp/0xz  T_17.2, 4;
    %pushi/vec4 1, 0, 1;
    %store/vec4 v0000000000909610_0, 0, 1;
    %jmp T_17.3;
T_17.2 ;
    %pushi/vec4 0, 0, 1;
    %store/vec4 v0000000000909610_0, 0, 1;
T_17.3 ;
T_17.1 ;
    %jmp T_17;
    .thread T_17;
    .scope S_00000000008ae680;
T_18 ;
    %pushi/vec4 0, 0, 1;
    %store/vec4 v0000000000909930_0, 0, 1;
    %end;
    .thread T_18;
    .scope S_00000000008ae680;
T_19 ;
    %delay 10, 0;
    %load/vec4 v0000000000909930_0;
    %inv;
    %store/vec4 v0000000000909930_0, 0, 1;
    %jmp T_19;
    .thread T_19;
    .scope S_00000000008ae680;
T_20 ;
    %vpi_call 2 32 "$dumpfile", "out.vcd" {0 0 0};
    %vpi_call 2 33 "$dumpvars" {0 0 0};
    %vpi_call 2 34 "$display", $time, " << Starting Simulation >>" {0 0 0};
    %vpi_call 2 35 "$display", $time, " << Reset Active >>" {0 0 0};
    %pushi/vec4 0, 0, 1;
    %ix/load 4, 9, 0;
    %flag_set/imm 4, 0;
    %store/vec4 v000000000090a8d0_0, 4, 1;
    %pushi/vec4 1, 0, 1;
    %ix/load 4, 0, 0;
    %flag_set/imm 4, 0;
    %store/vec4 v000000000090ab50_0, 4, 1;
    %pushi/vec4 1, 0, 1;
    %ix/load 4, 1, 0;
    %flag_set/imm 4, 0;
    %store/vec4 v000000000090ab50_0, 4, 1;
    %delay 50, 0;
    %vpi_call 2 39 "$display", $time, " << Reset Inactive >>" {0 0 0};
    %pushi/vec4 0, 0, 1;
    %ix/load 4, 0, 0;
    %flag_set/imm 4, 0;
    %store/vec4 v000000000090ab50_0, 4, 1;
    %delay 10, 0;
    %pushi/vec4 1, 0, 1;
    %ix/load 4, 0, 0;
    %flag_set/imm 4, 0;
    %store/vec4 v000000000090ab50_0, 4, 1;
    %delay 24000, 0;
    %vpi_call 2 43 "$display", $time, " << Reset Active >>" {0 0 0};
    %pushi/vec4 0, 0, 1;
    %ix/load 4, 0, 0;
    %flag_set/imm 4, 0;
    %store/vec4 v000000000090ab50_0, 4, 1;
    %delay 10, 0;
    %pushi/vec4 1, 0, 1;
    %ix/load 4, 0, 0;
    %flag_set/imm 4, 0;
    %store/vec4 v000000000090ab50_0, 4, 1;
    %delay 50, 0;
    %vpi_call 2 46 "$display", $time, " << Reset Inactive, Leap Year >>" {0 0 0};
    %pushi/vec4 0, 0, 1;
    %ix/load 4, 0, 0;
    %flag_set/imm 4, 0;
    %store/vec4 v000000000090ab50_0, 4, 1;
    %delay 10, 0;
    %pushi/vec4 1, 0, 1;
    %ix/load 4, 0, 0;
    %flag_set/imm 4, 0;
    %store/vec4 v000000000090ab50_0, 4, 1;
    %pushi/vec4 1, 0, 1;
    %ix/load 4, 9, 0;
    %flag_set/imm 4, 0;
    %store/vec4 v000000000090a8d0_0, 4, 1;
    %delay 24000, 0;
    %vpi_call 2 51 "$display", $time, " << Reset Active >>" {0 0 0};
    %pushi/vec4 0, 0, 1;
    %ix/load 4, 0, 0;
    %flag_set/imm 4, 0;
    %store/vec4 v000000000090ab50_0, 4, 1;
    %pushi/vec4 0, 0, 1;
    %ix/load 4, 9, 0;
    %flag_set/imm 4, 0;
    %store/vec4 v000000000090a8d0_0, 4, 1;
    %delay 10, 0;
    %pushi/vec4 1, 0, 1;
    %ix/load 4, 0, 0;
    %flag_set/imm 4, 0;
    %store/vec4 v000000000090ab50_0, 4, 1;
    %delay 50, 0;
    %vpi_call 2 55 "$display", $time, " << Reset Inactive, Fast Clock >>" {0 0 0};
    %pushi/vec4 0, 0, 1;
    %ix/load 4, 0, 0;
    %flag_set/imm 4, 0;
    %store/vec4 v000000000090ab50_0, 4, 1;
    %pushi/vec4 0, 0, 1;
    %ix/load 4, 1, 0;
    %flag_set/imm 4, 0;
    %store/vec4 v000000000090ab50_0, 4, 1;
    %delay 10, 0;
    %pushi/vec4 1, 0, 1;
    %ix/load 4, 0, 0;
    %flag_set/imm 4, 0;
    %store/vec4 v000000000090ab50_0, 4, 1;
    %pushi/vec4 1, 0, 1;
    %ix/load 4, 1, 0;
    %flag_set/imm 4, 0;
    %store/vec4 v000000000090ab50_0, 4, 1;
    %delay 8000, 0;
    %vpi_call 2 61 "$display", $time, " << Simulation Complete >>" {0 0 0};
    %vpi_call 2 62 "$finish" {0 0 0};
    %end;
    .thread T_20;
    .scope S_00000000008ae680;
T_21 ;
    %vpi_call 2 67 "$monitor", $time, " Clock = %b, Reset Key = %b, Value = %b_%b, Month = %b, Day = %b_%b", v0000000000909930_0, &PV<v000000000090ab50_0, 0, 1>, v0000000000909570_0, v000000000090a830_0, v000000000090a970_0, v00000000009091b0_0, v0000000000909d90_0 {0 0 0};
    %end;
    .thread T_21;
# The file index is used to find the file name in the following table.
:file_names 10;
    "N/A";
    "<interactive>";
    ".\tb_lab2.v";
    ".\lab2.v";
    ".\bcd1.v";
    ".\bcd2.v";
    ".\clkdiv.v";
    ".\translate.v";
    ".\toggle.v";
    ".\sevenseg.v";
