#! /usr/local/iverilog/bin/vvp
:ivl_version "11.0 (devel)" "(s20150603-612-ga9388a89)";
:ivl_delay_selection "TYPICAL";
:vpi_time_precision - 10;
:vpi_module "system";
:vpi_module "vhdl_sys";
:vpi_module "vhdl_textio";
:vpi_module "v2005_math";
:vpi_module "va_math";
S_0000000000d533b0 .scope module, "tb" "tb" 2 3;
 .timescale -9 -10;
v0000000000db4d00_0 .net "HEX0", 7 0, v0000000000d51390_0;  1 drivers
v0000000000db5e80_0 .net "HEX1", 7 0, v0000000000db33d0_0;  1 drivers
v0000000000db4c60_0 .net "HEX2", 7 0, v0000000000db22f0_0;  1 drivers
v0000000000db4800_0 .net "HEX3", 7 0, v0000000000db2570_0;  1 drivers
v0000000000db5b60_0 .net "HEX4", 7 0, v0000000000db3470_0;  1 drivers
v0000000000db5020_0 .net "HEX5", 7 0, v0000000000db24d0_0;  1 drivers
v0000000000db4080_0 .var "KEY", 1 0;
v0000000000db48a0_0 .net "LEDR", 9 0, L_0000000000db46c0;  1 drivers
v0000000000db5de0_0 .var "SW", 7 0;
S_0000000000d52b00 .scope module, "DUT" "block2" 2 18, 3 1 0, S_0000000000d533b0;
 .timescale 0 0;
    .port_info 0 /INPUT 8 "SW";
    .port_info 1 /INPUT 2 "KEY";
    .port_info 2 /OUTPUT 8 "HEX0";
    .port_info 3 /OUTPUT 8 "HEX1";
    .port_info 4 /OUTPUT 8 "HEX2";
    .port_info 5 /OUTPUT 8 "HEX3";
    .port_info 6 /OUTPUT 8 "HEX4";
    .port_info 7 /OUTPUT 8 "HEX5";
    .port_info 8 /OUTPUT 10 "LEDR";
L_0000000000d44120 .functor NOT 4, L_0000000000db5660, C4<0000>, C4<0000>, C4<0000>;
L_0000000000d43940 .functor NOT 4, L_0000000000db4300, C4<0000>, C4<0000>, C4<0000>;
L_0000000000d43ef0 .functor NOT 1, L_0000000000db4260, C4<0>, C4<0>, C4<0>;
L_0000000000d442e0 .functor NOT 1, L_0000000000db4440, C4<0>, C4<0>, C4<0>;
L_0000000000d43710 .functor NOT 1, L_0000000000db52a0, C4<0>, C4<0>, C4<0>;
L_0000000000d43780 .functor NOT 1, L_0000000000db44e0, C4<0>, C4<0>, C4<0>;
L_00000000026f83f0 .functor NOT 1, L_0000000000db5c00, C4<0>, C4<0>, C4<0>;
L_00000000026f8310 .functor NOT 1, L_0000000000db5520, C4<0>, C4<0>, C4<0>;
L_00000000026f88c0 .functor NOT 1, L_0000000000db7cb0, C4<0>, C4<0>, C4<0>;
L_00000000026f8b60 .functor XOR 1, L_0000000000db6770, L_0000000000db7530, C4<0>, C4<0>;
v0000000000db3bf0_0 .net "HEX0", 7 0, v0000000000d51390_0;  alias, 1 drivers
v0000000000db3650_0 .net "HEX1", 7 0, v0000000000db33d0_0;  alias, 1 drivers
v0000000000db35b0_0 .net "HEX2", 7 0, v0000000000db22f0_0;  alias, 1 drivers
v0000000000db36f0_0 .net "HEX3", 7 0, v0000000000db2570_0;  alias, 1 drivers
v0000000000db3290_0 .net "HEX4", 7 0, v0000000000db3470_0;  alias, 1 drivers
v0000000000db2c50_0 .net "HEX5", 7 0, v0000000000db24d0_0;  alias, 1 drivers
v0000000000db3330_0 .net "KEY", 1 0, v0000000000db4080_0;  1 drivers
v0000000000db2f70_0 .net "LEDR", 9 0, L_0000000000db46c0;  alias, 1 drivers
v0000000000db3150_0 .net "SW", 7 0, v0000000000db5de0_0;  1 drivers
v0000000000db3010_0 .net *"_s101", 0 0, L_0000000000db7cb0;  1 drivers
v0000000000db3510_0 .net *"_s11", 3 0, L_0000000000db5660;  1 drivers
v0000000000db3790_0 .net *"_s114", 0 0, L_0000000000db6770;  1 drivers
v0000000000db38d0_0 .net *"_s116", 0 0, L_0000000000db7530;  1 drivers
v0000000000db2cf0_0 .net *"_s12", 3 0, L_0000000000d44120;  1 drivers
L_00000000026b00d0 .functor BUFT 1, C4<0001>, C4<0>, C4<0>, C4<0>;
v0000000000db3f10_0 .net/2u *"_s14", 3 0, L_00000000026b00d0;  1 drivers
v0000000000db2610_0 .net *"_s16", 3 0, L_0000000000db4620;  1 drivers
v0000000000db26b0_0 .net *"_s19", 3 0, L_0000000000db58e0;  1 drivers
v0000000000db3970_0 .net *"_s25", 0 0, L_0000000000db4da0;  1 drivers
v0000000000db3ab0_0 .net *"_s27", 3 0, L_0000000000db4300;  1 drivers
v0000000000db2d90_0 .net *"_s28", 3 0, L_0000000000d43940;  1 drivers
L_00000000026b0118 .functor BUFT 1, C4<0001>, C4<0>, C4<0>, C4<0>;
v0000000000db3d30_0 .net/2u *"_s30", 3 0, L_00000000026b0118;  1 drivers
v0000000000db3dd0_0 .net *"_s32", 3 0, L_0000000000db5a20;  1 drivers
v0000000000db3e70_0 .net *"_s35", 3 0, L_0000000000db4e40;  1 drivers
v0000000000db2750_0 .net *"_s57", 0 0, L_0000000000db52a0;  1 drivers
L_00000000026b0088 .functor BUFT 1, C4<00000000>, C4<0>, C4<0>, C4<0>;
v0000000000db27f0_0 .net/2s *"_s6", 7 0, L_00000000026b0088;  1 drivers
v0000000000db2890_0 .net *"_s61", 0 0, L_0000000000db44e0;  1 drivers
v0000000000db2930_0 .net *"_s73", 0 0, L_0000000000db5c00;  1 drivers
v0000000000db57a0_0 .net *"_s87", 0 0, L_0000000000db5520;  1 drivers
v0000000000db5840_0 .net *"_s9", 0 0, L_0000000000db49e0;  1 drivers
v0000000000db43a0_0 .var "blank", 0 0;
v0000000000db4bc0_0 .net "carry", 3 0, L_0000000000db6810;  1 drivers
v0000000000db4580_0 .net "dispx", 3 0, L_0000000000db5980;  1 drivers
v0000000000db5700_0 .net "dispy", 3 0, L_0000000000db4f80;  1 drivers
v0000000000db5f20_0 .net "inputx", 3 0, L_0000000000db4940;  1 drivers
v0000000000db4ee0_0 .net "inputy", 3 0, L_0000000000db41c0;  1 drivers
v0000000000db5ac0_0 .var "neg", 0 0;
v0000000000db55c0_0 .net "negx", 0 0, L_0000000000db4260;  1 drivers
v0000000000db5d40_0 .net "negy", 0 0, L_0000000000db4440;  1 drivers
v0000000000db50c0_0 .var "num", 3 0;
v0000000000db4120_0 .net "over", 0 0, L_00000000026f8b60;  1 drivers
v0000000000db4760_0 .net "sum", 3 0, L_0000000000db6270;  1 drivers
E_0000000000d4d480 .event edge, v0000000000db4760_0, v0000000000db4120_0;
L_0000000000db4940 .part v0000000000db5de0_0, 4, 4;
L_0000000000db41c0 .part v0000000000db5de0_0, 0, 4;
L_0000000000db46c0 .part/pv L_00000000026b0088, 0, 8, 10;
L_0000000000db49e0 .part v0000000000db5de0_0, 7, 1;
L_0000000000db5660 .part v0000000000db5de0_0, 4, 4;
L_0000000000db4620 .arith/sum 4, L_0000000000d44120, L_00000000026b00d0;
L_0000000000db58e0 .part v0000000000db5de0_0, 4, 4;
L_0000000000db5980 .functor MUXZ 4, L_0000000000db58e0, L_0000000000db4620, L_0000000000db49e0, C4<>;
L_0000000000db4260 .part v0000000000db5de0_0, 7, 1;
L_0000000000db4da0 .part v0000000000db5de0_0, 3, 1;
L_0000000000db4300 .part v0000000000db5de0_0, 0, 4;
L_0000000000db5a20 .arith/sum 4, L_0000000000d43940, L_00000000026b0118;
L_0000000000db4e40 .part v0000000000db5de0_0, 0, 4;
L_0000000000db4f80 .functor MUXZ 4, L_0000000000db4e40, L_0000000000db5a20, L_0000000000db4da0, C4<>;
L_0000000000db4440 .part v0000000000db5de0_0, 3, 1;
L_0000000000db5160 .part L_0000000000db4940, 0, 1;
L_0000000000db5200 .part L_0000000000db41c0, 0, 1;
L_0000000000db52a0 .part v0000000000db4080_0, 0, 1;
L_0000000000db44e0 .part v0000000000db4080_0, 0, 1;
L_0000000000db5340 .part L_0000000000db4940, 1, 1;
L_0000000000db4a80 .part L_0000000000db41c0, 1, 1;
L_0000000000db5c00 .part v0000000000db4080_0, 0, 1;
L_0000000000db53e0 .part L_0000000000db6810, 0, 1;
L_0000000000db4b20 .part L_0000000000db4940, 2, 1;
L_0000000000db5480 .part L_0000000000db41c0, 2, 1;
L_0000000000db5520 .part v0000000000db4080_0, 0, 1;
L_0000000000db5ca0 .part L_0000000000db6810, 1, 1;
L_0000000000db7c10 .part L_0000000000db4940, 3, 1;
L_0000000000db7490 .part L_0000000000db41c0, 3, 1;
L_0000000000db7cb0 .part v0000000000db4080_0, 0, 1;
L_0000000000db7e90 .part L_0000000000db6810, 2, 1;
L_0000000000db6270 .concat8 [ 1 1 1 1], L_0000000000d43630, L_00000000026f8770, L_00000000026f8540, L_00000000026f8d20;
L_0000000000db6810 .concat8 [ 1 1 1 1], L_0000000000d436a0, L_00000000026f81c0, L_00000000026f8a10, L_00000000026f8850;
L_0000000000db6770 .part L_0000000000db6810, 2, 1;
L_0000000000db7530 .part L_0000000000db6810, 3, 1;
S_0000000000d52c90 .scope module, "A1" "fadder" 3 37, 4 1 0, S_0000000000d52b00;
 .timescale -9 -10;
    .port_info 0 /INPUT 1 "a";
    .port_info 1 /INPUT 1 "b";
    .port_info 2 /INPUT 1 "mode";
    .port_info 3 /INPUT 1 "cin";
    .port_info 4 /OUTPUT 1 "sum";
    .port_info 5 /OUTPUT 1 "cout";
L_0000000000d439b0 .functor XOR 1, L_0000000000d43710, L_0000000000db5200, C4<0>, C4<0>;
L_0000000000d44350 .functor OR 1, L_0000000000db5160, L_0000000000d439b0, C4<0>, C4<0>;
L_0000000000d43630 .functor XOR 1, L_0000000000db5160, L_0000000000d439b0, L_0000000000d43780, C4<0>;
L_0000000000d43be0 .functor AND 1, L_0000000000db5160, L_0000000000d439b0, C4<1>, C4<1>;
L_0000000000d43c50 .functor AND 1, L_0000000000d43780, L_0000000000d44350, C4<1>, C4<1>;
L_0000000000d436a0 .functor OR 1, L_0000000000d43be0, L_0000000000d43c50, C4<0>, C4<0>;
v0000000000d500d0_0 .net "a", 0 0, L_0000000000db5160;  1 drivers
v0000000000d505d0_0 .net "and1", 0 0, L_0000000000d43be0;  1 drivers
v0000000000d4fb30_0 .net "and2", 0 0, L_0000000000d43c50;  1 drivers
v0000000000d4fef0_0 .net "b", 0 0, L_0000000000db5200;  1 drivers
v0000000000d50ad0_0 .net "cin", 0 0, L_0000000000d43780;  1 drivers
v0000000000d4f9f0_0 .net "cout", 0 0, L_0000000000d436a0;  1 drivers
v0000000000d51070_0 .net "mode", 0 0, L_0000000000d43710;  1 drivers
v0000000000d4fdb0_0 .net "or1", 0 0, L_0000000000d44350;  1 drivers
v0000000000d502b0_0 .net "sum", 0 0, L_0000000000d43630;  1 drivers
v0000000000d50170_0 .net "xor1", 0 0, L_0000000000d439b0;  1 drivers
S_0000000000d04270 .scope module, "A2" "fadder" 3 38, 4 1 0, S_0000000000d52b00;
 .timescale -9 -10;
    .port_info 0 /INPUT 1 "a";
    .port_info 1 /INPUT 1 "b";
    .port_info 2 /INPUT 1 "mode";
    .port_info 3 /INPUT 1 "cin";
    .port_info 4 /OUTPUT 1 "sum";
    .port_info 5 /OUTPUT 1 "cout";
L_0000000000d43cc0 .functor XOR 1, L_00000000026f83f0, L_0000000000db4a80, C4<0>, C4<0>;
L_00000000026f8930 .functor OR 1, L_0000000000db5340, L_0000000000d43cc0, C4<0>, C4<0>;
L_00000000026f8770 .functor XOR 1, L_0000000000db5340, L_0000000000d43cc0, L_0000000000db53e0, C4<0>;
L_00000000026f8e00 .functor AND 1, L_0000000000db5340, L_0000000000d43cc0, C4<1>, C4<1>;
L_00000000026f82a0 .functor AND 1, L_0000000000db53e0, L_00000000026f8930, C4<1>, C4<1>;
L_00000000026f81c0 .functor OR 1, L_00000000026f8e00, L_00000000026f82a0, C4<0>, C4<0>;
v0000000000d512f0_0 .net "a", 0 0, L_0000000000db5340;  1 drivers
v0000000000d50350_0 .net "and1", 0 0, L_00000000026f8e00;  1 drivers
v0000000000d51110_0 .net "and2", 0 0, L_00000000026f82a0;  1 drivers
v0000000000d4fe50_0 .net "b", 0 0, L_0000000000db4a80;  1 drivers
v0000000000d4fc70_0 .net "cin", 0 0, L_0000000000db53e0;  1 drivers
v0000000000d50c10_0 .net "cout", 0 0, L_00000000026f81c0;  1 drivers
v0000000000d50210_0 .net "mode", 0 0, L_00000000026f83f0;  1 drivers
v0000000000d50cb0_0 .net "or1", 0 0, L_00000000026f8930;  1 drivers
v0000000000d50710_0 .net "sum", 0 0, L_00000000026f8770;  1 drivers
v0000000000d514d0_0 .net "xor1", 0 0, L_0000000000d43cc0;  1 drivers
S_0000000000d04400 .scope module, "A3" "fadder" 3 39, 4 1 0, S_0000000000d52b00;
 .timescale -9 -10;
    .port_info 0 /INPUT 1 "a";
    .port_info 1 /INPUT 1 "b";
    .port_info 2 /INPUT 1 "mode";
    .port_info 3 /INPUT 1 "cin";
    .port_info 4 /OUTPUT 1 "sum";
    .port_info 5 /OUTPUT 1 "cout";
L_00000000026f8c40 .functor XOR 1, L_00000000026f8310, L_0000000000db5480, C4<0>, C4<0>;
L_00000000026f8af0 .functor OR 1, L_0000000000db4b20, L_00000000026f8c40, C4<0>, C4<0>;
L_00000000026f8540 .functor XOR 1, L_0000000000db4b20, L_00000000026f8c40, L_0000000000db5ca0, C4<0>;
L_00000000026f87e0 .functor AND 1, L_0000000000db4b20, L_00000000026f8c40, C4<1>, C4<1>;
L_00000000026f89a0 .functor AND 1, L_0000000000db5ca0, L_00000000026f8af0, C4<1>, C4<1>;
L_00000000026f8a10 .functor OR 1, L_00000000026f87e0, L_00000000026f89a0, C4<0>, C4<0>;
v0000000000d50490_0 .net "a", 0 0, L_0000000000db4b20;  1 drivers
v0000000000d51430_0 .net "and1", 0 0, L_00000000026f87e0;  1 drivers
v0000000000d511b0_0 .net "and2", 0 0, L_00000000026f89a0;  1 drivers
v0000000000d503f0_0 .net "b", 0 0, L_0000000000db5480;  1 drivers
v0000000000d50530_0 .net "cin", 0 0, L_0000000000db5ca0;  1 drivers
v0000000000d50df0_0 .net "cout", 0 0, L_00000000026f8a10;  1 drivers
v0000000000d516b0_0 .net "mode", 0 0, L_00000000026f8310;  1 drivers
v0000000000d51570_0 .net "or1", 0 0, L_00000000026f8af0;  1 drivers
v0000000000d51610_0 .net "sum", 0 0, L_00000000026f8540;  1 drivers
v0000000000d4fa90_0 .net "xor1", 0 0, L_00000000026f8c40;  1 drivers
S_0000000000d2aa80 .scope module, "A4" "fadder" 3 40, 4 1 0, S_0000000000d52b00;
 .timescale -9 -10;
    .port_info 0 /INPUT 1 "a";
    .port_info 1 /INPUT 1 "b";
    .port_info 2 /INPUT 1 "mode";
    .port_info 3 /INPUT 1 "cin";
    .port_info 4 /OUTPUT 1 "sum";
    .port_info 5 /OUTPUT 1 "cout";
L_00000000026f8700 .functor XOR 1, L_00000000026f88c0, L_0000000000db7490, C4<0>, C4<0>;
L_00000000026f8fc0 .functor OR 1, L_0000000000db7c10, L_00000000026f8700, C4<0>, C4<0>;
L_00000000026f8d20 .functor XOR 1, L_0000000000db7c10, L_00000000026f8700, L_0000000000db7e90, C4<0>;
L_00000000026f8a80 .functor AND 1, L_0000000000db7c10, L_00000000026f8700, C4<1>, C4<1>;
L_00000000026f8ee0 .functor AND 1, L_0000000000db7e90, L_00000000026f8fc0, C4<1>, C4<1>;
L_00000000026f8850 .functor OR 1, L_00000000026f8a80, L_00000000026f8ee0, C4<0>, C4<0>;
v0000000000d51250_0 .net "a", 0 0, L_0000000000db7c10;  1 drivers
v0000000000d517f0_0 .net "and1", 0 0, L_00000000026f8a80;  1 drivers
v0000000000d51750_0 .net "and2", 0 0, L_00000000026f8ee0;  1 drivers
v0000000000d4fbd0_0 .net "b", 0 0, L_0000000000db7490;  1 drivers
v0000000000d50d50_0 .net "cin", 0 0, L_0000000000db7e90;  1 drivers
v0000000000d507b0_0 .net "cout", 0 0, L_00000000026f8850;  1 drivers
v0000000000d50670_0 .net "mode", 0 0, L_00000000026f88c0;  1 drivers
v0000000000d4fd10_0 .net "or1", 0 0, L_00000000026f8fc0;  1 drivers
v0000000000d508f0_0 .net "sum", 0 0, L_00000000026f8d20;  1 drivers
v0000000000d50e90_0 .net "xor1", 0 0, L_00000000026f8700;  1 drivers
S_0000000000d2ac10 .scope module, "U0" "sevenseg" 3 71, 5 1 0, S_0000000000d52b00;
 .timescale -9 -10;
    .port_info 0 /INPUT 4 "data";
    .port_info 1 /INPUT 1 "blank";
    .port_info 2 /INPUT 1 "minus";
    .port_info 3 /OUTPUT 8 "HEX";
v0000000000d51390_0 .var "HEX", 7 0;
L_00000000026b02c8 .functor BUFT 1, C4<0>, C4<0>, C4<0>, C4<0>;
v0000000000db2a70_0 .net "blank", 0 0, L_00000000026b02c8;  1 drivers
v0000000000db2ed0_0 .net "data", 3 0, v0000000000db50c0_0;  1 drivers
L_00000000026b0310 .functor BUFT 1, C4<0>, C4<0>, C4<0>, C4<0>;
v0000000000db2070_0 .net "minus", 0 0, L_00000000026b0310;  1 drivers
E_0000000000d4d6c0 .event edge, v0000000000db2ed0_0, v0000000000db2070_0, v0000000000db2a70_0;
S_0000000000d25e10 .scope module, "U1" "sevenseg" 3 70, 5 1 0, S_0000000000d52b00;
 .timescale -9 -10;
    .port_info 0 /INPUT 4 "data";
    .port_info 1 /INPUT 1 "blank";
    .port_info 2 /INPUT 1 "minus";
    .port_info 3 /OUTPUT 8 "HEX";
v0000000000db33d0_0 .var "HEX", 7 0;
v0000000000db2430_0 .net "blank", 0 0, v0000000000db43a0_0;  1 drivers
L_00000000026b0280 .functor BUFT 1, C4<0000>, C4<0>, C4<0>, C4<0>;
v0000000000db3830_0 .net "data", 3 0, L_00000000026b0280;  1 drivers
v0000000000db2e30_0 .net "minus", 0 0, v0000000000db5ac0_0;  1 drivers
E_0000000000d4d1c0 .event edge, v0000000000db3830_0, v0000000000db2e30_0, v0000000000db2430_0;
S_0000000000d25fa0 .scope module, "U2" "sevenseg" 3 35, 5 1 0, S_0000000000d52b00;
 .timescale -9 -10;
    .port_info 0 /INPUT 4 "data";
    .port_info 1 /INPUT 1 "blank";
    .port_info 2 /INPUT 1 "minus";
    .port_info 3 /OUTPUT 8 "HEX";
v0000000000db22f0_0 .var "HEX", 7 0;
L_00000000026b01f0 .functor BUFT 1, C4<0>, C4<0>, C4<0>, C4<0>;
v0000000000db29d0_0 .net "blank", 0 0, L_00000000026b01f0;  1 drivers
v0000000000db2250_0 .net "data", 3 0, L_0000000000db4f80;  alias, 1 drivers
L_00000000026b0238 .functor BUFT 1, C4<0>, C4<0>, C4<0>, C4<0>;
v0000000000db2390_0 .net "minus", 0 0, L_00000000026b0238;  1 drivers
E_0000000000d4cd40 .event edge, v0000000000db2250_0, v0000000000db2390_0, v0000000000db29d0_0;
S_0000000000ce2510 .scope module, "U3" "sevenseg" 3 34, 5 1 0, S_0000000000d52b00;
 .timescale -9 -10;
    .port_info 0 /INPUT 4 "data";
    .port_info 1 /INPUT 1 "blank";
    .port_info 2 /INPUT 1 "minus";
    .port_info 3 /OUTPUT 8 "HEX";
v0000000000db2570_0 .var "HEX", 7 0;
v0000000000db3b50_0 .net "blank", 0 0, L_0000000000d442e0;  1 drivers
v0000000000db2110_0 .net "data", 3 0, L_0000000000db4f80;  alias, 1 drivers
v0000000000db2b10_0 .net "minus", 0 0, L_0000000000db4440;  alias, 1 drivers
E_0000000000d4ce80 .event edge, v0000000000db2250_0, v0000000000db2b10_0, v0000000000db3b50_0;
S_0000000000ce26a0 .scope module, "U4" "sevenseg" 3 33, 5 1 0, S_0000000000d52b00;
 .timescale -9 -10;
    .port_info 0 /INPUT 4 "data";
    .port_info 1 /INPUT 1 "blank";
    .port_info 2 /INPUT 1 "minus";
    .port_info 3 /OUTPUT 8 "HEX";
v0000000000db3470_0 .var "HEX", 7 0;
L_00000000026b0160 .functor BUFT 1, C4<0>, C4<0>, C4<0>, C4<0>;
v0000000000db3a10_0 .net "blank", 0 0, L_00000000026b0160;  1 drivers
v0000000000db21b0_0 .net "data", 3 0, L_0000000000db5980;  alias, 1 drivers
L_00000000026b01a8 .functor BUFT 1, C4<0>, C4<0>, C4<0>, C4<0>;
v0000000000db31f0_0 .net "minus", 0 0, L_00000000026b01a8;  1 drivers
E_0000000000d4d740 .event edge, v0000000000db21b0_0, v0000000000db31f0_0, v0000000000db3a10_0;
S_0000000000d56020 .scope module, "U5" "sevenseg" 3 32, 5 1 0, S_0000000000d52b00;
 .timescale -9 -10;
    .port_info 0 /INPUT 4 "data";
    .port_info 1 /INPUT 1 "blank";
    .port_info 2 /INPUT 1 "minus";
    .port_info 3 /OUTPUT 8 "HEX";
v0000000000db24d0_0 .var "HEX", 7 0;
v0000000000db2bb0_0 .net "blank", 0 0, L_0000000000d43ef0;  1 drivers
v0000000000db3c90_0 .net "data", 3 0, L_0000000000db5980;  alias, 1 drivers
v0000000000db30b0_0 .net "minus", 0 0, L_0000000000db4260;  alias, 1 drivers
E_0000000000d4cfc0 .event edge, v0000000000db21b0_0, v0000000000db30b0_0, v0000000000db2bb0_0;
    .scope S_0000000000d56020;
T_0 ;
    %wait E_0000000000d4cfc0;
    %load/vec4 v0000000000db2bb0_0;
    %load/vec4 v0000000000db30b0_0;
    %concat/vec4; draw_concat_vec4
    %load/vec4 v0000000000db3c90_0;
    %concat/vec4; draw_concat_vec4
    %dup/vec4;
    %pushi/vec4 63, 31, 6;
    %cmp/x;
    %jmp/1 T_0.0, 4;
    %dup/vec4;
    %pushi/vec4 31, 15, 6;
    %cmp/x;
    %jmp/1 T_0.1, 4;
    %dup/vec4;
    %pushi/vec4 15, 0, 6;
    %cmp/x;
    %jmp/1 T_0.2, 4;
    %dup/vec4;
    %pushi/vec4 14, 0, 6;
    %cmp/x;
    %jmp/1 T_0.3, 4;
    %dup/vec4;
    %pushi/vec4 13, 0, 6;
    %cmp/x;
    %jmp/1 T_0.4, 4;
    %dup/vec4;
    %pushi/vec4 12, 0, 6;
    %cmp/x;
    %jmp/1 T_0.5, 4;
    %dup/vec4;
    %pushi/vec4 11, 0, 6;
    %cmp/x;
    %jmp/1 T_0.6, 4;
    %dup/vec4;
    %pushi/vec4 10, 0, 6;
    %cmp/x;
    %jmp/1 T_0.7, 4;
    %dup/vec4;
    %pushi/vec4 9, 0, 6;
    %cmp/x;
    %jmp/1 T_0.8, 4;
    %dup/vec4;
    %pushi/vec4 8, 0, 6;
    %cmp/x;
    %jmp/1 T_0.9, 4;
    %dup/vec4;
    %pushi/vec4 7, 0, 6;
    %cmp/x;
    %jmp/1 T_0.10, 4;
    %dup/vec4;
    %pushi/vec4 6, 0, 6;
    %cmp/x;
    %jmp/1 T_0.11, 4;
    %dup/vec4;
    %pushi/vec4 5, 0, 6;
    %cmp/x;
    %jmp/1 T_0.12, 4;
    %dup/vec4;
    %pushi/vec4 4, 0, 6;
    %cmp/x;
    %jmp/1 T_0.13, 4;
    %dup/vec4;
    %pushi/vec4 3, 0, 6;
    %cmp/x;
    %jmp/1 T_0.14, 4;
    %dup/vec4;
    %pushi/vec4 2, 0, 6;
    %cmp/x;
    %jmp/1 T_0.15, 4;
    %dup/vec4;
    %pushi/vec4 1, 0, 6;
    %cmp/x;
    %jmp/1 T_0.16, 4;
    %dup/vec4;
    %pushi/vec4 0, 0, 6;
    %cmp/x;
    %jmp/1 T_0.17, 4;
    %pushi/vec4 255, 0, 8;
    %store/vec4 v0000000000db24d0_0, 0, 8;
    %jmp T_0.19;
T_0.0 ;
    %pushi/vec4 255, 0, 8;
    %store/vec4 v0000000000db24d0_0, 0, 8;
    %jmp T_0.19;
T_0.1 ;
    %pushi/vec4 191, 0, 8;
    %store/vec4 v0000000000db24d0_0, 0, 8;
    %jmp T_0.19;
T_0.2 ;
    %pushi/vec4 142, 0, 8;
    %store/vec4 v0000000000db24d0_0, 0, 8;
    %jmp T_0.19;
T_0.3 ;
    %pushi/vec4 176, 0, 8;
    %store/vec4 v0000000000db24d0_0, 0, 8;
    %jmp T_0.19;
T_0.4 ;
    %pushi/vec4 131, 0, 8;
    %store/vec4 v0000000000db24d0_0, 0, 8;
    %jmp T_0.19;
T_0.5 ;
    %pushi/vec4 240, 0, 8;
    %store/vec4 v0000000000db24d0_0, 0, 8;
    %jmp T_0.19;
T_0.6 ;
    %pushi/vec4 161, 0, 8;
    %store/vec4 v0000000000db24d0_0, 0, 8;
    %jmp T_0.19;
T_0.7 ;
    %pushi/vec4 136, 0, 8;
    %store/vec4 v0000000000db24d0_0, 0, 8;
    %jmp T_0.19;
T_0.8 ;
    %pushi/vec4 144, 0, 8;
    %store/vec4 v0000000000db24d0_0, 0, 8;
    %jmp T_0.19;
T_0.9 ;
    %pushi/vec4 128, 0, 8;
    %store/vec4 v0000000000db24d0_0, 0, 8;
    %jmp T_0.19;
T_0.10 ;
    %pushi/vec4 248, 0, 8;
    %store/vec4 v0000000000db24d0_0, 0, 8;
    %jmp T_0.19;
T_0.11 ;
    %pushi/vec4 130, 0, 8;
    %store/vec4 v0000000000db24d0_0, 0, 8;
    %jmp T_0.19;
T_0.12 ;
    %pushi/vec4 146, 0, 8;
    %store/vec4 v0000000000db24d0_0, 0, 8;
    %jmp T_0.19;
T_0.13 ;
    %pushi/vec4 153, 0, 8;
    %store/vec4 v0000000000db24d0_0, 0, 8;
    %jmp T_0.19;
T_0.14 ;
    %pushi/vec4 176, 0, 8;
    %store/vec4 v0000000000db24d0_0, 0, 8;
    %jmp T_0.19;
T_0.15 ;
    %pushi/vec4 164, 0, 8;
    %store/vec4 v0000000000db24d0_0, 0, 8;
    %jmp T_0.19;
T_0.16 ;
    %pushi/vec4 249, 0, 8;
    %store/vec4 v0000000000db24d0_0, 0, 8;
    %jmp T_0.19;
T_0.17 ;
    %pushi/vec4 192, 0, 8;
    %store/vec4 v0000000000db24d0_0, 0, 8;
    %jmp T_0.19;
T_0.19 ;
    %pop/vec4 1;
    %jmp T_0;
    .thread T_0, $push;
    .scope S_0000000000ce26a0;
T_1 ;
    %wait E_0000000000d4d740;
    %load/vec4 v0000000000db3a10_0;
    %load/vec4 v0000000000db31f0_0;
    %concat/vec4; draw_concat_vec4
    %load/vec4 v0000000000db21b0_0;
    %concat/vec4; draw_concat_vec4
    %dup/vec4;
    %pushi/vec4 63, 31, 6;
    %cmp/x;
    %jmp/1 T_1.0, 4;
    %dup/vec4;
    %pushi/vec4 31, 15, 6;
    %cmp/x;
    %jmp/1 T_1.1, 4;
    %dup/vec4;
    %pushi/vec4 15, 0, 6;
    %cmp/x;
    %jmp/1 T_1.2, 4;
    %dup/vec4;
    %pushi/vec4 14, 0, 6;
    %cmp/x;
    %jmp/1 T_1.3, 4;
    %dup/vec4;
    %pushi/vec4 13, 0, 6;
    %cmp/x;
    %jmp/1 T_1.4, 4;
    %dup/vec4;
    %pushi/vec4 12, 0, 6;
    %cmp/x;
    %jmp/1 T_1.5, 4;
    %dup/vec4;
    %pushi/vec4 11, 0, 6;
    %cmp/x;
    %jmp/1 T_1.6, 4;
    %dup/vec4;
    %pushi/vec4 10, 0, 6;
    %cmp/x;
    %jmp/1 T_1.7, 4;
    %dup/vec4;
    %pushi/vec4 9, 0, 6;
    %cmp/x;
    %jmp/1 T_1.8, 4;
    %dup/vec4;
    %pushi/vec4 8, 0, 6;
    %cmp/x;
    %jmp/1 T_1.9, 4;
    %dup/vec4;
    %pushi/vec4 7, 0, 6;
    %cmp/x;
    %jmp/1 T_1.10, 4;
    %dup/vec4;
    %pushi/vec4 6, 0, 6;
    %cmp/x;
    %jmp/1 T_1.11, 4;
    %dup/vec4;
    %pushi/vec4 5, 0, 6;
    %cmp/x;
    %jmp/1 T_1.12, 4;
    %dup/vec4;
    %pushi/vec4 4, 0, 6;
    %cmp/x;
    %jmp/1 T_1.13, 4;
    %dup/vec4;
    %pushi/vec4 3, 0, 6;
    %cmp/x;
    %jmp/1 T_1.14, 4;
    %dup/vec4;
    %pushi/vec4 2, 0, 6;
    %cmp/x;
    %jmp/1 T_1.15, 4;
    %dup/vec4;
    %pushi/vec4 1, 0, 6;
    %cmp/x;
    %jmp/1 T_1.16, 4;
    %dup/vec4;
    %pushi/vec4 0, 0, 6;
    %cmp/x;
    %jmp/1 T_1.17, 4;
    %pushi/vec4 255, 0, 8;
    %store/vec4 v0000000000db3470_0, 0, 8;
    %jmp T_1.19;
T_1.0 ;
    %pushi/vec4 255, 0, 8;
    %store/vec4 v0000000000db3470_0, 0, 8;
    %jmp T_1.19;
T_1.1 ;
    %pushi/vec4 191, 0, 8;
    %store/vec4 v0000000000db3470_0, 0, 8;
    %jmp T_1.19;
T_1.2 ;
    %pushi/vec4 142, 0, 8;
    %store/vec4 v0000000000db3470_0, 0, 8;
    %jmp T_1.19;
T_1.3 ;
    %pushi/vec4 176, 0, 8;
    %store/vec4 v0000000000db3470_0, 0, 8;
    %jmp T_1.19;
T_1.4 ;
    %pushi/vec4 131, 0, 8;
    %store/vec4 v0000000000db3470_0, 0, 8;
    %jmp T_1.19;
T_1.5 ;
    %pushi/vec4 240, 0, 8;
    %store/vec4 v0000000000db3470_0, 0, 8;
    %jmp T_1.19;
T_1.6 ;
    %pushi/vec4 161, 0, 8;
    %store/vec4 v0000000000db3470_0, 0, 8;
    %jmp T_1.19;
T_1.7 ;
    %pushi/vec4 136, 0, 8;
    %store/vec4 v0000000000db3470_0, 0, 8;
    %jmp T_1.19;
T_1.8 ;
    %pushi/vec4 144, 0, 8;
    %store/vec4 v0000000000db3470_0, 0, 8;
    %jmp T_1.19;
T_1.9 ;
    %pushi/vec4 128, 0, 8;
    %store/vec4 v0000000000db3470_0, 0, 8;
    %jmp T_1.19;
T_1.10 ;
    %pushi/vec4 248, 0, 8;
    %store/vec4 v0000000000db3470_0, 0, 8;
    %jmp T_1.19;
T_1.11 ;
    %pushi/vec4 130, 0, 8;
    %store/vec4 v0000000000db3470_0, 0, 8;
    %jmp T_1.19;
T_1.12 ;
    %pushi/vec4 146, 0, 8;
    %store/vec4 v0000000000db3470_0, 0, 8;
    %jmp T_1.19;
T_1.13 ;
    %pushi/vec4 153, 0, 8;
    %store/vec4 v0000000000db3470_0, 0, 8;
    %jmp T_1.19;
T_1.14 ;
    %pushi/vec4 176, 0, 8;
    %store/vec4 v0000000000db3470_0, 0, 8;
    %jmp T_1.19;
T_1.15 ;
    %pushi/vec4 164, 0, 8;
    %store/vec4 v0000000000db3470_0, 0, 8;
    %jmp T_1.19;
T_1.16 ;
    %pushi/vec4 249, 0, 8;
    %store/vec4 v0000000000db3470_0, 0, 8;
    %jmp T_1.19;
T_1.17 ;
    %pushi/vec4 192, 0, 8;
    %store/vec4 v0000000000db3470_0, 0, 8;
    %jmp T_1.19;
T_1.19 ;
    %pop/vec4 1;
    %jmp T_1;
    .thread T_1, $push;
    .scope S_0000000000ce2510;
T_2 ;
    %wait E_0000000000d4ce80;
    %load/vec4 v0000000000db3b50_0;
    %load/vec4 v0000000000db2b10_0;
    %concat/vec4; draw_concat_vec4
    %load/vec4 v0000000000db2110_0;
    %concat/vec4; draw_concat_vec4
    %dup/vec4;
    %pushi/vec4 63, 31, 6;
    %cmp/x;
    %jmp/1 T_2.0, 4;
    %dup/vec4;
    %pushi/vec4 31, 15, 6;
    %cmp/x;
    %jmp/1 T_2.1, 4;
    %dup/vec4;
    %pushi/vec4 15, 0, 6;
    %cmp/x;
    %jmp/1 T_2.2, 4;
    %dup/vec4;
    %pushi/vec4 14, 0, 6;
    %cmp/x;
    %jmp/1 T_2.3, 4;
    %dup/vec4;
    %pushi/vec4 13, 0, 6;
    %cmp/x;
    %jmp/1 T_2.4, 4;
    %dup/vec4;
    %pushi/vec4 12, 0, 6;
    %cmp/x;
    %jmp/1 T_2.5, 4;
    %dup/vec4;
    %pushi/vec4 11, 0, 6;
    %cmp/x;
    %jmp/1 T_2.6, 4;
    %dup/vec4;
    %pushi/vec4 10, 0, 6;
    %cmp/x;
    %jmp/1 T_2.7, 4;
    %dup/vec4;
    %pushi/vec4 9, 0, 6;
    %cmp/x;
    %jmp/1 T_2.8, 4;
    %dup/vec4;
    %pushi/vec4 8, 0, 6;
    %cmp/x;
    %jmp/1 T_2.9, 4;
    %dup/vec4;
    %pushi/vec4 7, 0, 6;
    %cmp/x;
    %jmp/1 T_2.10, 4;
    %dup/vec4;
    %pushi/vec4 6, 0, 6;
    %cmp/x;
    %jmp/1 T_2.11, 4;
    %dup/vec4;
    %pushi/vec4 5, 0, 6;
    %cmp/x;
    %jmp/1 T_2.12, 4;
    %dup/vec4;
    %pushi/vec4 4, 0, 6;
    %cmp/x;
    %jmp/1 T_2.13, 4;
    %dup/vec4;
    %pushi/vec4 3, 0, 6;
    %cmp/x;
    %jmp/1 T_2.14, 4;
    %dup/vec4;
    %pushi/vec4 2, 0, 6;
    %cmp/x;
    %jmp/1 T_2.15, 4;
    %dup/vec4;
    %pushi/vec4 1, 0, 6;
    %cmp/x;
    %jmp/1 T_2.16, 4;
    %dup/vec4;
    %pushi/vec4 0, 0, 6;
    %cmp/x;
    %jmp/1 T_2.17, 4;
    %pushi/vec4 255, 0, 8;
    %store/vec4 v0000000000db2570_0, 0, 8;
    %jmp T_2.19;
T_2.0 ;
    %pushi/vec4 255, 0, 8;
    %store/vec4 v0000000000db2570_0, 0, 8;
    %jmp T_2.19;
T_2.1 ;
    %pushi/vec4 191, 0, 8;
    %store/vec4 v0000000000db2570_0, 0, 8;
    %jmp T_2.19;
T_2.2 ;
    %pushi/vec4 142, 0, 8;
    %store/vec4 v0000000000db2570_0, 0, 8;
    %jmp T_2.19;
T_2.3 ;
    %pushi/vec4 176, 0, 8;
    %store/vec4 v0000000000db2570_0, 0, 8;
    %jmp T_2.19;
T_2.4 ;
    %pushi/vec4 131, 0, 8;
    %store/vec4 v0000000000db2570_0, 0, 8;
    %jmp T_2.19;
T_2.5 ;
    %pushi/vec4 240, 0, 8;
    %store/vec4 v0000000000db2570_0, 0, 8;
    %jmp T_2.19;
T_2.6 ;
    %pushi/vec4 161, 0, 8;
    %store/vec4 v0000000000db2570_0, 0, 8;
    %jmp T_2.19;
T_2.7 ;
    %pushi/vec4 136, 0, 8;
    %store/vec4 v0000000000db2570_0, 0, 8;
    %jmp T_2.19;
T_2.8 ;
    %pushi/vec4 144, 0, 8;
    %store/vec4 v0000000000db2570_0, 0, 8;
    %jmp T_2.19;
T_2.9 ;
    %pushi/vec4 128, 0, 8;
    %store/vec4 v0000000000db2570_0, 0, 8;
    %jmp T_2.19;
T_2.10 ;
    %pushi/vec4 248, 0, 8;
    %store/vec4 v0000000000db2570_0, 0, 8;
    %jmp T_2.19;
T_2.11 ;
    %pushi/vec4 130, 0, 8;
    %store/vec4 v0000000000db2570_0, 0, 8;
    %jmp T_2.19;
T_2.12 ;
    %pushi/vec4 146, 0, 8;
    %store/vec4 v0000000000db2570_0, 0, 8;
    %jmp T_2.19;
T_2.13 ;
    %pushi/vec4 153, 0, 8;
    %store/vec4 v0000000000db2570_0, 0, 8;
    %jmp T_2.19;
T_2.14 ;
    %pushi/vec4 176, 0, 8;
    %store/vec4 v0000000000db2570_0, 0, 8;
    %jmp T_2.19;
T_2.15 ;
    %pushi/vec4 164, 0, 8;
    %store/vec4 v0000000000db2570_0, 0, 8;
    %jmp T_2.19;
T_2.16 ;
    %pushi/vec4 249, 0, 8;
    %store/vec4 v0000000000db2570_0, 0, 8;
    %jmp T_2.19;
T_2.17 ;
    %pushi/vec4 192, 0, 8;
    %store/vec4 v0000000000db2570_0, 0, 8;
    %jmp T_2.19;
T_2.19 ;
    %pop/vec4 1;
    %jmp T_2;
    .thread T_2, $push;
    .scope S_0000000000d25fa0;
T_3 ;
    %wait E_0000000000d4cd40;
    %load/vec4 v0000000000db29d0_0;
    %load/vec4 v0000000000db2390_0;
    %concat/vec4; draw_concat_vec4
    %load/vec4 v0000000000db2250_0;
    %concat/vec4; draw_concat_vec4
    %dup/vec4;
    %pushi/vec4 63, 31, 6;
    %cmp/x;
    %jmp/1 T_3.0, 4;
    %dup/vec4;
    %pushi/vec4 31, 15, 6;
    %cmp/x;
    %jmp/1 T_3.1, 4;
    %dup/vec4;
    %pushi/vec4 15, 0, 6;
    %cmp/x;
    %jmp/1 T_3.2, 4;
    %dup/vec4;
    %pushi/vec4 14, 0, 6;
    %cmp/x;
    %jmp/1 T_3.3, 4;
    %dup/vec4;
    %pushi/vec4 13, 0, 6;
    %cmp/x;
    %jmp/1 T_3.4, 4;
    %dup/vec4;
    %pushi/vec4 12, 0, 6;
    %cmp/x;
    %jmp/1 T_3.5, 4;
    %dup/vec4;
    %pushi/vec4 11, 0, 6;
    %cmp/x;
    %jmp/1 T_3.6, 4;
    %dup/vec4;
    %pushi/vec4 10, 0, 6;
    %cmp/x;
    %jmp/1 T_3.7, 4;
    %dup/vec4;
    %pushi/vec4 9, 0, 6;
    %cmp/x;
    %jmp/1 T_3.8, 4;
    %dup/vec4;
    %pushi/vec4 8, 0, 6;
    %cmp/x;
    %jmp/1 T_3.9, 4;
    %dup/vec4;
    %pushi/vec4 7, 0, 6;
    %cmp/x;
    %jmp/1 T_3.10, 4;
    %dup/vec4;
    %pushi/vec4 6, 0, 6;
    %cmp/x;
    %jmp/1 T_3.11, 4;
    %dup/vec4;
    %pushi/vec4 5, 0, 6;
    %cmp/x;
    %jmp/1 T_3.12, 4;
    %dup/vec4;
    %pushi/vec4 4, 0, 6;
    %cmp/x;
    %jmp/1 T_3.13, 4;
    %dup/vec4;
    %pushi/vec4 3, 0, 6;
    %cmp/x;
    %jmp/1 T_3.14, 4;
    %dup/vec4;
    %pushi/vec4 2, 0, 6;
    %cmp/x;
    %jmp/1 T_3.15, 4;
    %dup/vec4;
    %pushi/vec4 1, 0, 6;
    %cmp/x;
    %jmp/1 T_3.16, 4;
    %dup/vec4;
    %pushi/vec4 0, 0, 6;
    %cmp/x;
    %jmp/1 T_3.17, 4;
    %pushi/vec4 255, 0, 8;
    %store/vec4 v0000000000db22f0_0, 0, 8;
    %jmp T_3.19;
T_3.0 ;
    %pushi/vec4 255, 0, 8;
    %store/vec4 v0000000000db22f0_0, 0, 8;
    %jmp T_3.19;
T_3.1 ;
    %pushi/vec4 191, 0, 8;
    %store/vec4 v0000000000db22f0_0, 0, 8;
    %jmp T_3.19;
T_3.2 ;
    %pushi/vec4 142, 0, 8;
    %store/vec4 v0000000000db22f0_0, 0, 8;
    %jmp T_3.19;
T_3.3 ;
    %pushi/vec4 176, 0, 8;
    %store/vec4 v0000000000db22f0_0, 0, 8;
    %jmp T_3.19;
T_3.4 ;
    %pushi/vec4 131, 0, 8;
    %store/vec4 v0000000000db22f0_0, 0, 8;
    %jmp T_3.19;
T_3.5 ;
    %pushi/vec4 240, 0, 8;
    %store/vec4 v0000000000db22f0_0, 0, 8;
    %jmp T_3.19;
T_3.6 ;
    %pushi/vec4 161, 0, 8;
    %store/vec4 v0000000000db22f0_0, 0, 8;
    %jmp T_3.19;
T_3.7 ;
    %pushi/vec4 136, 0, 8;
    %store/vec4 v0000000000db22f0_0, 0, 8;
    %jmp T_3.19;
T_3.8 ;
    %pushi/vec4 144, 0, 8;
    %store/vec4 v0000000000db22f0_0, 0, 8;
    %jmp T_3.19;
T_3.9 ;
    %pushi/vec4 128, 0, 8;
    %store/vec4 v0000000000db22f0_0, 0, 8;
    %jmp T_3.19;
T_3.10 ;
    %pushi/vec4 248, 0, 8;
    %store/vec4 v0000000000db22f0_0, 0, 8;
    %jmp T_3.19;
T_3.11 ;
    %pushi/vec4 130, 0, 8;
    %store/vec4 v0000000000db22f0_0, 0, 8;
    %jmp T_3.19;
T_3.12 ;
    %pushi/vec4 146, 0, 8;
    %store/vec4 v0000000000db22f0_0, 0, 8;
    %jmp T_3.19;
T_3.13 ;
    %pushi/vec4 153, 0, 8;
    %store/vec4 v0000000000db22f0_0, 0, 8;
    %jmp T_3.19;
T_3.14 ;
    %pushi/vec4 176, 0, 8;
    %store/vec4 v0000000000db22f0_0, 0, 8;
    %jmp T_3.19;
T_3.15 ;
    %pushi/vec4 164, 0, 8;
    %store/vec4 v0000000000db22f0_0, 0, 8;
    %jmp T_3.19;
T_3.16 ;
    %pushi/vec4 249, 0, 8;
    %store/vec4 v0000000000db22f0_0, 0, 8;
    %jmp T_3.19;
T_3.17 ;
    %pushi/vec4 192, 0, 8;
    %store/vec4 v0000000000db22f0_0, 0, 8;
    %jmp T_3.19;
T_3.19 ;
    %pop/vec4 1;
    %jmp T_3;
    .thread T_3, $push;
    .scope S_0000000000d25e10;
T_4 ;
    %wait E_0000000000d4d1c0;
    %load/vec4 v0000000000db2430_0;
    %load/vec4 v0000000000db2e30_0;
    %concat/vec4; draw_concat_vec4
    %load/vec4 v0000000000db3830_0;
    %concat/vec4; draw_concat_vec4
    %dup/vec4;
    %pushi/vec4 63, 31, 6;
    %cmp/x;
    %jmp/1 T_4.0, 4;
    %dup/vec4;
    %pushi/vec4 31, 15, 6;
    %cmp/x;
    %jmp/1 T_4.1, 4;
    %dup/vec4;
    %pushi/vec4 15, 0, 6;
    %cmp/x;
    %jmp/1 T_4.2, 4;
    %dup/vec4;
    %pushi/vec4 14, 0, 6;
    %cmp/x;
    %jmp/1 T_4.3, 4;
    %dup/vec4;
    %pushi/vec4 13, 0, 6;
    %cmp/x;
    %jmp/1 T_4.4, 4;
    %dup/vec4;
    %pushi/vec4 12, 0, 6;
    %cmp/x;
    %jmp/1 T_4.5, 4;
    %dup/vec4;
    %pushi/vec4 11, 0, 6;
    %cmp/x;
    %jmp/1 T_4.6, 4;
    %dup/vec4;
    %pushi/vec4 10, 0, 6;
    %cmp/x;
    %jmp/1 T_4.7, 4;
    %dup/vec4;
    %pushi/vec4 9, 0, 6;
    %cmp/x;
    %jmp/1 T_4.8, 4;
    %dup/vec4;
    %pushi/vec4 8, 0, 6;
    %cmp/x;
    %jmp/1 T_4.9, 4;
    %dup/vec4;
    %pushi/vec4 7, 0, 6;
    %cmp/x;
    %jmp/1 T_4.10, 4;
    %dup/vec4;
    %pushi/vec4 6, 0, 6;
    %cmp/x;
    %jmp/1 T_4.11, 4;
    %dup/vec4;
    %pushi/vec4 5, 0, 6;
    %cmp/x;
    %jmp/1 T_4.12, 4;
    %dup/vec4;
    %pushi/vec4 4, 0, 6;
    %cmp/x;
    %jmp/1 T_4.13, 4;
    %dup/vec4;
    %pushi/vec4 3, 0, 6;
    %cmp/x;
    %jmp/1 T_4.14, 4;
    %dup/vec4;
    %pushi/vec4 2, 0, 6;
    %cmp/x;
    %jmp/1 T_4.15, 4;
    %dup/vec4;
    %pushi/vec4 1, 0, 6;
    %cmp/x;
    %jmp/1 T_4.16, 4;
    %dup/vec4;
    %pushi/vec4 0, 0, 6;
    %cmp/x;
    %jmp/1 T_4.17, 4;
    %pushi/vec4 255, 0, 8;
    %store/vec4 v0000000000db33d0_0, 0, 8;
    %jmp T_4.19;
T_4.0 ;
    %pushi/vec4 255, 0, 8;
    %store/vec4 v0000000000db33d0_0, 0, 8;
    %jmp T_4.19;
T_4.1 ;
    %pushi/vec4 191, 0, 8;
    %store/vec4 v0000000000db33d0_0, 0, 8;
    %jmp T_4.19;
T_4.2 ;
    %pushi/vec4 142, 0, 8;
    %store/vec4 v0000000000db33d0_0, 0, 8;
    %jmp T_4.19;
T_4.3 ;
    %pushi/vec4 176, 0, 8;
    %store/vec4 v0000000000db33d0_0, 0, 8;
    %jmp T_4.19;
T_4.4 ;
    %pushi/vec4 131, 0, 8;
    %store/vec4 v0000000000db33d0_0, 0, 8;
    %jmp T_4.19;
T_4.5 ;
    %pushi/vec4 240, 0, 8;
    %store/vec4 v0000000000db33d0_0, 0, 8;
    %jmp T_4.19;
T_4.6 ;
    %pushi/vec4 161, 0, 8;
    %store/vec4 v0000000000db33d0_0, 0, 8;
    %jmp T_4.19;
T_4.7 ;
    %pushi/vec4 136, 0, 8;
    %store/vec4 v0000000000db33d0_0, 0, 8;
    %jmp T_4.19;
T_4.8 ;
    %pushi/vec4 144, 0, 8;
    %store/vec4 v0000000000db33d0_0, 0, 8;
    %jmp T_4.19;
T_4.9 ;
    %pushi/vec4 128, 0, 8;
    %store/vec4 v0000000000db33d0_0, 0, 8;
    %jmp T_4.19;
T_4.10 ;
    %pushi/vec4 248, 0, 8;
    %store/vec4 v0000000000db33d0_0, 0, 8;
    %jmp T_4.19;
T_4.11 ;
    %pushi/vec4 130, 0, 8;
    %store/vec4 v0000000000db33d0_0, 0, 8;
    %jmp T_4.19;
T_4.12 ;
    %pushi/vec4 146, 0, 8;
    %store/vec4 v0000000000db33d0_0, 0, 8;
    %jmp T_4.19;
T_4.13 ;
    %pushi/vec4 153, 0, 8;
    %store/vec4 v0000000000db33d0_0, 0, 8;
    %jmp T_4.19;
T_4.14 ;
    %pushi/vec4 176, 0, 8;
    %store/vec4 v0000000000db33d0_0, 0, 8;
    %jmp T_4.19;
T_4.15 ;
    %pushi/vec4 164, 0, 8;
    %store/vec4 v0000000000db33d0_0, 0, 8;
    %jmp T_4.19;
T_4.16 ;
    %pushi/vec4 249, 0, 8;
    %store/vec4 v0000000000db33d0_0, 0, 8;
    %jmp T_4.19;
T_4.17 ;
    %pushi/vec4 192, 0, 8;
    %store/vec4 v0000000000db33d0_0, 0, 8;
    %jmp T_4.19;
T_4.19 ;
    %pop/vec4 1;
    %jmp T_4;
    .thread T_4, $push;
    .scope S_0000000000d2ac10;
T_5 ;
    %wait E_0000000000d4d6c0;
    %load/vec4 v0000000000db2a70_0;
    %load/vec4 v0000000000db2070_0;
    %concat/vec4; draw_concat_vec4
    %load/vec4 v0000000000db2ed0_0;
    %concat/vec4; draw_concat_vec4
    %dup/vec4;
    %pushi/vec4 63, 31, 6;
    %cmp/x;
    %jmp/1 T_5.0, 4;
    %dup/vec4;
    %pushi/vec4 31, 15, 6;
    %cmp/x;
    %jmp/1 T_5.1, 4;
    %dup/vec4;
    %pushi/vec4 15, 0, 6;
    %cmp/x;
    %jmp/1 T_5.2, 4;
    %dup/vec4;
    %pushi/vec4 14, 0, 6;
    %cmp/x;
    %jmp/1 T_5.3, 4;
    %dup/vec4;
    %pushi/vec4 13, 0, 6;
    %cmp/x;
    %jmp/1 T_5.4, 4;
    %dup/vec4;
    %pushi/vec4 12, 0, 6;
    %cmp/x;
    %jmp/1 T_5.5, 4;
    %dup/vec4;
    %pushi/vec4 11, 0, 6;
    %cmp/x;
    %jmp/1 T_5.6, 4;
    %dup/vec4;
    %pushi/vec4 10, 0, 6;
    %cmp/x;
    %jmp/1 T_5.7, 4;
    %dup/vec4;
    %pushi/vec4 9, 0, 6;
    %cmp/x;
    %jmp/1 T_5.8, 4;
    %dup/vec4;
    %pushi/vec4 8, 0, 6;
    %cmp/x;
    %jmp/1 T_5.9, 4;
    %dup/vec4;
    %pushi/vec4 7, 0, 6;
    %cmp/x;
    %jmp/1 T_5.10, 4;
    %dup/vec4;
    %pushi/vec4 6, 0, 6;
    %cmp/x;
    %jmp/1 T_5.11, 4;
    %dup/vec4;
    %pushi/vec4 5, 0, 6;
    %cmp/x;
    %jmp/1 T_5.12, 4;
    %dup/vec4;
    %pushi/vec4 4, 0, 6;
    %cmp/x;
    %jmp/1 T_5.13, 4;
    %dup/vec4;
    %pushi/vec4 3, 0, 6;
    %cmp/x;
    %jmp/1 T_5.14, 4;
    %dup/vec4;
    %pushi/vec4 2, 0, 6;
    %cmp/x;
    %jmp/1 T_5.15, 4;
    %dup/vec4;
    %pushi/vec4 1, 0, 6;
    %cmp/x;
    %jmp/1 T_5.16, 4;
    %dup/vec4;
    %pushi/vec4 0, 0, 6;
    %cmp/x;
    %jmp/1 T_5.17, 4;
    %pushi/vec4 255, 0, 8;
    %store/vec4 v0000000000d51390_0, 0, 8;
    %jmp T_5.19;
T_5.0 ;
    %pushi/vec4 255, 0, 8;
    %store/vec4 v0000000000d51390_0, 0, 8;
    %jmp T_5.19;
T_5.1 ;
    %pushi/vec4 191, 0, 8;
    %store/vec4 v0000000000d51390_0, 0, 8;
    %jmp T_5.19;
T_5.2 ;
    %pushi/vec4 142, 0, 8;
    %store/vec4 v0000000000d51390_0, 0, 8;
    %jmp T_5.19;
T_5.3 ;
    %pushi/vec4 176, 0, 8;
    %store/vec4 v0000000000d51390_0, 0, 8;
    %jmp T_5.19;
T_5.4 ;
    %pushi/vec4 131, 0, 8;
    %store/vec4 v0000000000d51390_0, 0, 8;
    %jmp T_5.19;
T_5.5 ;
    %pushi/vec4 240, 0, 8;
    %store/vec4 v0000000000d51390_0, 0, 8;
    %jmp T_5.19;
T_5.6 ;
    %pushi/vec4 161, 0, 8;
    %store/vec4 v0000000000d51390_0, 0, 8;
    %jmp T_5.19;
T_5.7 ;
    %pushi/vec4 136, 0, 8;
    %store/vec4 v0000000000d51390_0, 0, 8;
    %jmp T_5.19;
T_5.8 ;
    %pushi/vec4 144, 0, 8;
    %store/vec4 v0000000000d51390_0, 0, 8;
    %jmp T_5.19;
T_5.9 ;
    %pushi/vec4 128, 0, 8;
    %store/vec4 v0000000000d51390_0, 0, 8;
    %jmp T_5.19;
T_5.10 ;
    %pushi/vec4 248, 0, 8;
    %store/vec4 v0000000000d51390_0, 0, 8;
    %jmp T_5.19;
T_5.11 ;
    %pushi/vec4 130, 0, 8;
    %store/vec4 v0000000000d51390_0, 0, 8;
    %jmp T_5.19;
T_5.12 ;
    %pushi/vec4 146, 0, 8;
    %store/vec4 v0000000000d51390_0, 0, 8;
    %jmp T_5.19;
T_5.13 ;
    %pushi/vec4 153, 0, 8;
    %store/vec4 v0000000000d51390_0, 0, 8;
    %jmp T_5.19;
T_5.14 ;
    %pushi/vec4 176, 0, 8;
    %store/vec4 v0000000000d51390_0, 0, 8;
    %jmp T_5.19;
T_5.15 ;
    %pushi/vec4 164, 0, 8;
    %store/vec4 v0000000000d51390_0, 0, 8;
    %jmp T_5.19;
T_5.16 ;
    %pushi/vec4 249, 0, 8;
    %store/vec4 v0000000000d51390_0, 0, 8;
    %jmp T_5.19;
T_5.17 ;
    %pushi/vec4 192, 0, 8;
    %store/vec4 v0000000000d51390_0, 0, 8;
    %jmp T_5.19;
T_5.19 ;
    %pop/vec4 1;
    %jmp T_5;
    .thread T_5, $push;
    .scope S_0000000000d52b00;
T_6 ;
    %wait E_0000000000d4d480;
    %load/vec4 v0000000000db4120_0;
    %load/vec4 v0000000000db4760_0;
    %parti/s 1, 3, 3;
    %concat/vec4; draw_concat_vec4
    %dup/vec4;
    %pushi/vec4 3, 1, 2;
    %cmp/x;
    %jmp/1 T_6.0, 4;
    %dup/vec4;
    %pushi/vec4 1, 0, 2;
    %cmp/x;
    %jmp/1 T_6.1, 4;
    %dup/vec4;
    %pushi/vec4 0, 0, 2;
    %cmp/x;
    %jmp/1 T_6.2, 4;
    %jmp T_6.3;
T_6.0 ;
    %pushi/vec4 0, 0, 1;
    %store/vec4 v0000000000db5ac0_0, 0, 1;
    %pushi/vec4 0, 0, 1;
    %store/vec4 v0000000000db43a0_0, 0, 1;
    %pushi/vec4 15, 0, 4;
    %store/vec4 v0000000000db50c0_0, 0, 4;
    %jmp T_6.3;
T_6.1 ;
    %pushi/vec4 1, 0, 1;
    %store/vec4 v0000000000db5ac0_0, 0, 1;
    %pushi/vec4 0, 0, 1;
    %store/vec4 v0000000000db43a0_0, 0, 1;
    %load/vec4 v0000000000db4760_0;
    %inv;
    %addi 1, 0, 4;
    %store/vec4 v0000000000db50c0_0, 0, 4;
    %jmp T_6.3;
T_6.2 ;
    %pushi/vec4 0, 0, 1;
    %store/vec4 v0000000000db5ac0_0, 0, 1;
    %pushi/vec4 1, 0, 1;
    %store/vec4 v0000000000db43a0_0, 0, 1;
    %load/vec4 v0000000000db4760_0;
    %store/vec4 v0000000000db50c0_0, 0, 4;
    %jmp T_6.3;
T_6.3 ;
    %pop/vec4 1;
    %jmp T_6;
    .thread T_6, $push;
    .scope S_0000000000d533b0;
T_7 ;
    %vpi_call 2 33 "$dumpfile", "out.vcd" {0 0 0};
    %vpi_call 2 34 "$dumpvars" {0 0 0};
    %vpi_call 2 35 "$display", $time, " << Starting Simulation >>" {0 0 0};
    %vpi_call 2 36 "$display", $time, " << 6 + 1 = 7 >>" {0 0 0};
    %pushi/vec4 97, 0, 8;
    %store/vec4 v0000000000db5de0_0, 0, 8;
    %delay 100, 0;
    %vpi_call 2 38 "$display", $time, " << 6 + 2 = OF >>" {0 0 0};
    %pushi/vec4 98, 0, 8;
    %store/vec4 v0000000000db5de0_0, 0, 8;
    %delay 100, 0;
    %vpi_call 2 40 "$display", $time, " << 6 + (-8) = -2 >>" {0 0 0};
    %pushi/vec4 104, 0, 8;
    %store/vec4 v0000000000db5de0_0, 0, 8;
    %delay 100, 0;
    %vpi_call 2 42 "$display", $time, " << 6 - 1 = 5 >>" {0 0 0};
    %pushi/vec4 97, 0, 8;
    %store/vec4 v0000000000db5de0_0, 0, 8;
    %pushi/vec4 0, 0, 1;
    %ix/load 4, 0, 0;
    %flag_set/imm 4, 0;
    %store/vec4 v0000000000db4080_0, 4, 1;
    %delay 100, 0;
    %vpi_call 2 45 "$display", $time, " << Simulation Complete >>" {0 0 0};
    %end;
    .thread T_7;
    .scope S_0000000000d533b0;
T_8 ;
    %vpi_call 2 50 "$monitor", $time, " SW[7:4] = %b, KEY[0] = %b, HEX5 = %b, HEX4 = %b, SW[3:0] = %b, HEX3 = %b, HEX2 = %b, HEX1 = %b, HEX0 = %b", &PV<v0000000000db5de0_0, 4, 4>, &PV<v0000000000db4080_0, 0, 1>, v0000000000db5020_0, v0000000000db5b60_0, &PV<v0000000000db5de0_0, 0, 4>, v0000000000db4800_0, v0000000000db4c60_0, v0000000000db5e80_0, v0000000000db4d00_0 {0 0 0};
    %end;
    .thread T_8;
# The file index is used to find the file name in the following table.
:file_names 6;
    "N/A";
    "<interactive>";
    ".\tb_block2.v";
    ".\block2.v";
    ".\fadder.v";
    ".\sevenseg.v";
