Analysis & Synthesis report for block3
Sun Oct 06 23:07:10 2019
Quartus Prime Version 18.1.0 Build 625 09/12/2018 SJ Lite Edition


---------------------
; Table of Contents ;
---------------------
  1. Legal Notice
  2. Analysis & Synthesis Summary
  3. Analysis & Synthesis Settings
  4. Parallel Compilation
  5. Analysis & Synthesis Source Files Read
  6. Analysis & Synthesis Resource Usage Summary
  7. Analysis & Synthesis Resource Utilization by Entity
  8. User-Specified and Inferred Latches
  9. General Register Statistics
 10. Multiplexer Restructuring Statistics (Restructuring Performed)
 11. Port Connectivity Checks: "sevenseg:U0"
 12. Port Connectivity Checks: "sevenseg:U4"
 13. Post-Synthesis Netlist Statistics for Top Partition
 14. Elapsed Time Per Partition
 15. Analysis & Synthesis Messages



----------------
; Legal Notice ;
----------------
Copyright (C) 2018  Intel Corporation. All rights reserved.
Your use of Intel Corporation's design tools, logic functions 
and other software and tools, and its AMPP partner logic 
functions, and any output files from any of the foregoing 
(including device programming or simulation files), and any 
associated documentation or information are expressly subject 
to the terms and conditions of the Intel Program License 
Subscription Agreement, the Intel Quartus Prime License Agreement,
the Intel FPGA IP License Agreement, or other applicable license
agreement, including, without limitation, that your use is for
the sole purpose of programming logic devices manufactured by
Intel and sold by Intel or its authorized distributors.  Please
refer to the applicable agreement for further details.



+----------------------------------------------------------------------------------+
; Analysis & Synthesis Summary                                                     ;
+------------------------------------+---------------------------------------------+
; Analysis & Synthesis Status        ; Successful - Sun Oct 06 23:07:10 2019       ;
; Quartus Prime Version              ; 18.1.0 Build 625 09/12/2018 SJ Lite Edition ;
; Revision Name                      ; block3                                      ;
; Top-level Entity Name              ; block3                                      ;
; Family                             ; MAX 10                                      ;
; Total logic elements               ; 33                                          ;
;     Total combinational functions  ; 33                                          ;
;     Dedicated logic registers      ; 0                                           ;
; Total registers                    ; 0                                           ;
; Total pins                         ; 70                                          ;
; Total virtual pins                 ; 0                                           ;
; Total memory bits                  ; 0                                           ;
; Embedded Multiplier 9-bit elements ; 0                                           ;
; Total PLLs                         ; 0                                           ;
; UFM blocks                         ; 0                                           ;
; ADC blocks                         ; 0                                           ;
+------------------------------------+---------------------------------------------+


+------------------------------------------------------------------------------------------------------------+
; Analysis & Synthesis Settings                                                                              ;
+------------------------------------------------------------------+--------------------+--------------------+
; Option                                                           ; Setting            ; Default Value      ;
+------------------------------------------------------------------+--------------------+--------------------+
; Device                                                           ; 10M08DAF484C8G     ;                    ;
; Top-level entity name                                            ; block3             ; block3             ;
; Family name                                                      ; MAX 10             ; Cyclone V          ;
; Use smart compilation                                            ; Off                ; Off                ;
; Enable parallel Assembler and Timing Analyzer during compilation ; On                 ; On                 ;
; Enable compact report table                                      ; Off                ; Off                ;
; Restructure Multiplexers                                         ; Auto               ; Auto               ;
; Create Debugging Nodes for IP Cores                              ; Off                ; Off                ;
; Preserve fewer node names                                        ; On                 ; On                 ;
; Intel FPGA IP Evaluation Mode                                    ; Enable             ; Enable             ;
; Verilog Version                                                  ; Verilog_2001       ; Verilog_2001       ;
; VHDL Version                                                     ; VHDL_1993          ; VHDL_1993          ;
; State Machine Processing                                         ; Auto               ; Auto               ;
; Safe State Machine                                               ; Off                ; Off                ;
; Extract Verilog State Machines                                   ; On                 ; On                 ;
; Extract VHDL State Machines                                      ; On                 ; On                 ;
; Ignore Verilog initial constructs                                ; Off                ; Off                ;
; Iteration limit for constant Verilog loops                       ; 5000               ; 5000               ;
; Iteration limit for non-constant Verilog loops                   ; 250                ; 250                ;
; Add Pass-Through Logic to Inferred RAMs                          ; On                 ; On                 ;
; Infer RAMs from Raw Logic                                        ; On                 ; On                 ;
; Parallel Synthesis                                               ; On                 ; On                 ;
; DSP Block Balancing                                              ; Auto               ; Auto               ;
; NOT Gate Push-Back                                               ; On                 ; On                 ;
; Power-Up Don't Care                                              ; On                 ; On                 ;
; Remove Redundant Logic Cells                                     ; Off                ; Off                ;
; Remove Duplicate Registers                                       ; On                 ; On                 ;
; Ignore CARRY Buffers                                             ; Off                ; Off                ;
; Ignore CASCADE Buffers                                           ; Off                ; Off                ;
; Ignore GLOBAL Buffers                                            ; Off                ; Off                ;
; Ignore ROW GLOBAL Buffers                                        ; Off                ; Off                ;
; Ignore LCELL Buffers                                             ; Off                ; Off                ;
; Ignore SOFT Buffers                                              ; On                 ; On                 ;
; Limit AHDL Integers to 32 Bits                                   ; Off                ; Off                ;
; Optimization Technique                                           ; Balanced           ; Balanced           ;
; Carry Chain Length                                               ; 70                 ; 70                 ;
; Auto Carry Chains                                                ; On                 ; On                 ;
; Auto Open-Drain Pins                                             ; On                 ; On                 ;
; Perform WYSIWYG Primitive Resynthesis                            ; Off                ; Off                ;
; Auto ROM Replacement                                             ; On                 ; On                 ;
; Auto RAM Replacement                                             ; On                 ; On                 ;
; Auto DSP Block Replacement                                       ; On                 ; On                 ;
; Auto Shift Register Replacement                                  ; Auto               ; Auto               ;
; Allow Shift Register Merging across Hierarchies                  ; Auto               ; Auto               ;
; Auto Clock Enable Replacement                                    ; On                 ; On                 ;
; Strict RAM Replacement                                           ; Off                ; Off                ;
; Allow Synchronous Control Signals                                ; On                 ; On                 ;
; Force Use of Synchronous Clear Signals                           ; Off                ; Off                ;
; Auto RAM Block Balancing                                         ; On                 ; On                 ;
; Auto RAM to Logic Cell Conversion                                ; Off                ; Off                ;
; Auto Resource Sharing                                            ; Off                ; Off                ;
; Allow Any RAM Size For Recognition                               ; Off                ; Off                ;
; Allow Any ROM Size For Recognition                               ; Off                ; Off                ;
; Allow Any Shift Register Size For Recognition                    ; Off                ; Off                ;
; Use LogicLock Constraints during Resource Balancing              ; On                 ; On                 ;
; Ignore translate_off and synthesis_off directives                ; Off                ; Off                ;
; Timing-Driven Synthesis                                          ; On                 ; On                 ;
; Report Parameter Settings                                        ; On                 ; On                 ;
; Report Source Assignments                                        ; On                 ; On                 ;
; Report Connectivity Checks                                       ; On                 ; On                 ;
; Ignore Maximum Fan-Out Assignments                               ; Off                ; Off                ;
; Synchronization Register Chain Length                            ; 2                  ; 2                  ;
; Power Optimization During Synthesis                              ; Normal compilation ; Normal compilation ;
; HDL message level                                                ; Level2             ; Level2             ;
; Suppress Register Optimization Related Messages                  ; Off                ; Off                ;
; Number of Removed Registers Reported in Synthesis Report         ; 5000               ; 5000               ;
; Number of Swept Nodes Reported in Synthesis Report               ; 5000               ; 5000               ;
; Number of Inverted Registers Reported in Synthesis Report        ; 100                ; 100                ;
; Clock MUX Protection                                             ; On                 ; On                 ;
; Auto Gated Clock Conversion                                      ; Off                ; Off                ;
; Block Design Naming                                              ; Auto               ; Auto               ;
; SDC constraint protection                                        ; Off                ; Off                ;
; Synthesis Effort                                                 ; Auto               ; Auto               ;
; Shift Register Replacement - Allow Asynchronous Clear Signal     ; On                 ; On                 ;
; Pre-Mapping Resynthesis Optimization                             ; Off                ; Off                ;
; Analysis & Synthesis Message Level                               ; Medium             ; Medium             ;
; Disable Register Merging Across Hierarchies                      ; Auto               ; Auto               ;
; Resource Aware Inference For Block RAM                           ; On                 ; On                 ;
+------------------------------------------------------------------+--------------------+--------------------+


+------------------------------------------+
; Parallel Compilation                     ;
+----------------------------+-------------+
; Processors                 ; Number      ;
+----------------------------+-------------+
; Number detected on machine ; 4           ;
; Maximum allowed            ; 2           ;
;                            ;             ;
; Average used               ; 1.00        ;
; Maximum used               ; 1           ;
;                            ;             ;
; Usage by Processor         ; % Time Used ;
;     Processor 1            ; 100.0%      ;
+----------------------------+-------------+


+---------------------------------------------------------------------------------------------------------------------------------------------------------------+
; Analysis & Synthesis Source Files Read                                                                                                                        ;
+----------------------------------+-----------------+------------------------+-----------------------------------------------------------------------+---------+
; File Name with User-Entered Path ; Used in Netlist ; File Type              ; File Name with Absolute Path                                          ; Library ;
+----------------------------------+-----------------+------------------------+-----------------------------------------------------------------------+---------+
; ../Files/sevenseg.v              ; yes             ; User Verilog HDL File  ; C:/Users/sjfre/Documents/Quartus Files/Lab 1/Block 3/Files/sevenseg.v ;         ;
; ../Files/block3.v                ; yes             ; User Verilog HDL File  ; C:/Users/sjfre/Documents/Quartus Files/Lab 1/Block 3/Files/block3.v   ;         ;
+----------------------------------+-----------------+------------------------+-----------------------------------------------------------------------+---------+


+-----------------------------------------------------------+
; Analysis & Synthesis Resource Usage Summary               ;
+---------------------------------------------+-------------+
; Resource                                    ; Usage       ;
+---------------------------------------------+-------------+
; Estimated Total logic elements              ; 33          ;
;                                             ;             ;
; Total combinational functions               ; 33          ;
; Logic element usage by number of LUT inputs ;             ;
;     -- 4 input functions                    ; 20          ;
;     -- 3 input functions                    ; 10          ;
;     -- <=2 input functions                  ; 3           ;
;                                             ;             ;
; Logic elements by mode                      ;             ;
;     -- normal mode                          ; 33          ;
;     -- arithmetic mode                      ; 0           ;
;                                             ;             ;
; Total registers                             ; 0           ;
;     -- Dedicated logic registers            ; 0           ;
;     -- I/O registers                        ; 0           ;
;                                             ;             ;
; I/O pins                                    ; 70          ;
;                                             ;             ;
; Embedded Multiplier 9-bit elements          ; 0           ;
;                                             ;             ;
; Maximum fan-out node                        ; SW[9]~input ;
; Maximum fan-out                             ; 9           ;
; Total fan-out                               ; 202         ;
; Average fan-out                             ; 1.17        ;
+---------------------------------------------+-------------+


+------------------------------------------------------------------------------------------------------------------------------------------------------------------------------------------------------------------------------------+
; Analysis & Synthesis Resource Utilization by Entity                                                                                                                                                                                ;
+----------------------------+---------------------+---------------------------+-------------+------------+--------------+---------+-----------+------+--------------+------------+---------------------+-------------+--------------+
; Compilation Hierarchy Node ; Combinational ALUTs ; Dedicated Logic Registers ; Memory Bits ; UFM Blocks ; DSP Elements ; DSP 9x9 ; DSP 18x18 ; Pins ; Virtual Pins ; ADC blocks ; Full Hierarchy Name ; Entity Name ; Library Name ;
+----------------------------+---------------------+---------------------------+-------------+------------+--------------+---------+-----------+------+--------------+------------+---------------------+-------------+--------------+
; |block3                    ; 33 (19)             ; 0 (0)                     ; 0           ; 0          ; 0            ; 0       ; 0         ; 70   ; 0            ; 0          ; |block3             ; block3      ; work         ;
;    |sevenseg:U0|           ; 7 (7)               ; 0 (0)                     ; 0           ; 0          ; 0            ; 0       ; 0         ; 0    ; 0            ; 0          ; |block3|sevenseg:U0 ; sevenseg    ; work         ;
;    |sevenseg:U4|           ; 7 (7)               ; 0 (0)                     ; 0           ; 0          ; 0            ; 0       ; 0         ; 0    ; 0            ; 0          ; |block3|sevenseg:U4 ; sevenseg    ; work         ;
+----------------------------+---------------------+---------------------------+-------------+------------+--------------+---------+-----------+------+--------------+------------+---------------------+-------------+--------------+
Note: For table entries with two numbers listed, the numbers in parentheses indicate the number of resources of the given type used by the specific entity alone. The numbers listed outside of parentheses indicate the total resources of the given type used by the specific entity and all of its sub-entities in the hierarchy.


+----------------------------------------------------------------------------------------------------+
; User-Specified and Inferred Latches                                                                ;
+-----------------------------------------------------+---------------------+------------------------+
; Latch Name                                          ; Latch Enable Signal ; Free of Timing Hazards ;
+-----------------------------------------------------+---------------------+------------------------+
; dispy[0]                                            ; SW[9]               ; yes                    ;
; dispy[1]                                            ; SW[9]               ; yes                    ;
; dispy[2]                                            ; SW[9]               ; yes                    ;
; dispy[3]                                            ; SW[9]               ; yes                    ;
; negy                                                ; Equal1              ; yes                    ;
; dispx[0]                                            ; SW[9]               ; yes                    ;
; dispx[1]                                            ; SW[9]               ; yes                    ;
; dispx[2]                                            ; SW[9]               ; yes                    ;
; dispx[3]                                            ; SW[9]               ; yes                    ;
; negx                                                ; Equal1              ; yes                    ;
; Number of user-specified and inferred latches = 10  ;                     ;                        ;
+-----------------------------------------------------+---------------------+------------------------+
Note: All latches listed above may not be present at the end of synthesis due to various synthesis optimizations.


+------------------------------------------------------+
; General Register Statistics                          ;
+----------------------------------------------+-------+
; Statistic                                    ; Value ;
+----------------------------------------------+-------+
; Total registers                              ; 0     ;
; Number of registers using Synchronous Clear  ; 0     ;
; Number of registers using Synchronous Load   ; 0     ;
; Number of registers using Asynchronous Clear ; 0     ;
; Number of registers using Asynchronous Load  ; 0     ;
; Number of registers using Clock Enable       ; 0     ;
; Number of registers using Preset             ; 0     ;
+----------------------------------------------+-------+


+------------------------------------------------------------------------------------------------------------------------------------------+
; Multiplexer Restructuring Statistics (Restructuring Performed)                                                                           ;
+--------------------+-----------+---------------+----------------------+------------------------+------------+----------------------------+
; Multiplexer Inputs ; Bus Width ; Baseline Area ; Area if Restructured ; Saving if Restructured ; Registered ; Example Multiplexer Output ;
+--------------------+-----------+---------------+----------------------+------------------------+------------+----------------------------+
; 3:1                ; 2 bits    ; 4 LEs         ; 2 LEs                ; 2 LEs                  ; No         ; |block3|Selector2          ;
; 3:1                ; 2 bits    ; 4 LEs         ; 2 LEs                ; 2 LEs                  ; No         ; |block3|Selector6          ;
+--------------------+-----------+---------------+----------------------+------------------------+------------+----------------------------+


+-----------------------------------------+
; Port Connectivity Checks: "sevenseg:U0" ;
+-------+-------+----------+--------------+
; Port  ; Type  ; Severity ; Details      ;
+-------+-------+----------+--------------+
; minus ; Input ; Info     ; Stuck at GND ;
; blank ; Input ; Info     ; Stuck at GND ;
+-------+-------+----------+--------------+


+-----------------------------------------+
; Port Connectivity Checks: "sevenseg:U4" ;
+-------+-------+----------+--------------+
; Port  ; Type  ; Severity ; Details      ;
+-------+-------+----------+--------------+
; minus ; Input ; Info     ; Stuck at GND ;
; blank ; Input ; Info     ; Stuck at GND ;
+-------+-------+----------+--------------+


+-----------------------------------------------------+
; Post-Synthesis Netlist Statistics for Top Partition ;
+-----------------------+-----------------------------+
; Type                  ; Count                       ;
+-----------------------+-----------------------------+
; boundary_port         ; 70                          ;
; cycloneiii_lcell_comb ; 39                          ;
;     normal            ; 39                          ;
;         0 data inputs ; 2                           ;
;         1 data inputs ; 4                           ;
;         2 data inputs ; 3                           ;
;         3 data inputs ; 10                          ;
;         4 data inputs ; 20                          ;
;                       ;                             ;
; Max LUT depth         ; 3.00                        ;
; Average LUT depth     ; 1.86                        ;
+-----------------------+-----------------------------+


+-------------------------------+
; Elapsed Time Per Partition    ;
+----------------+--------------+
; Partition Name ; Elapsed Time ;
+----------------+--------------+
; Top            ; 00:00:00     ;
+----------------+--------------+


+-------------------------------+
; Analysis & Synthesis Messages ;
+-------------------------------+
Info: *******************************************************************
Info: Running Quartus Prime Analysis & Synthesis
    Info: Version 18.1.0 Build 625 09/12/2018 SJ Lite Edition
    Info: Processing started: Sun Oct 06 23:06:52 2019
Info: Command: quartus_map --read_settings_files=on --write_settings_files=off block3 -c block3
Warning (18236): Number of processors has not been specified which may cause overloading on shared machines.  Set the global assignment NUM_PARALLEL_PROCESSORS in your QSF to an appropriate value for best performance.
Info (20030): Parallel compilation is enabled and will use 2 of the 2 processors detected
Info (12021): Found 1 design units, including 1 entities, in source file /users/sjfre/documents/quartus files/lab 1/block 3/files/sevenseg.v
    Info (12023): Found entity 1: sevenseg File: C:/Users/sjfre/Documents/Quartus Files/Lab 1/Block 3/Files/sevenseg.v Line: 1
Info (12021): Found 1 design units, including 1 entities, in source file /users/sjfre/documents/quartus files/lab 1/block 3/files/block3.v
    Info (12023): Found entity 1: block3 File: C:/Users/sjfre/Documents/Quartus Files/Lab 1/Block 3/Files/block3.v Line: 1
Info (12127): Elaborating entity "block3" for the top level hierarchy
Warning (10036): Verilog HDL or VHDL warning at block3.v(13): object "inputx" assigned a value but never read File: C:/Users/sjfre/Documents/Quartus Files/Lab 1/Block 3/Files/block3.v Line: 13
Warning (10036): Verilog HDL or VHDL warning at block3.v(14): object "inputy" assigned a value but never read File: C:/Users/sjfre/Documents/Quartus Files/Lab 1/Block 3/Files/block3.v Line: 14
Warning (10270): Verilog HDL Case Statement warning at block3.v(27): incomplete case statement has no default case item File: C:/Users/sjfre/Documents/Quartus Files/Lab 1/Block 3/Files/block3.v Line: 27
Warning (10240): Verilog HDL Always Construct warning at block3.v(26): inferring latch(es) for variable "dispx", which holds its previous value in one or more paths through the always construct File: C:/Users/sjfre/Documents/Quartus Files/Lab 1/Block 3/Files/block3.v Line: 26
Warning (10240): Verilog HDL Always Construct warning at block3.v(26): inferring latch(es) for variable "dispy", which holds its previous value in one or more paths through the always construct File: C:/Users/sjfre/Documents/Quartus Files/Lab 1/Block 3/Files/block3.v Line: 26
Warning (10240): Verilog HDL Always Construct warning at block3.v(26): inferring latch(es) for variable "negx", which holds its previous value in one or more paths through the always construct File: C:/Users/sjfre/Documents/Quartus Files/Lab 1/Block 3/Files/block3.v Line: 26
Warning (10240): Verilog HDL Always Construct warning at block3.v(26): inferring latch(es) for variable "negy", which holds its previous value in one or more paths through the always construct File: C:/Users/sjfre/Documents/Quartus Files/Lab 1/Block 3/Files/block3.v Line: 26
Warning (10034): Output port "HEX2" at block3.v(6) has no driver File: C:/Users/sjfre/Documents/Quartus Files/Lab 1/Block 3/Files/block3.v Line: 6
Warning (10034): Output port "HEX3" at block3.v(7) has no driver File: C:/Users/sjfre/Documents/Quartus Files/Lab 1/Block 3/Files/block3.v Line: 7
Warning (10034): Output port "LEDR[9..3]" at block3.v(11) has no driver File: C:/Users/sjfre/Documents/Quartus Files/Lab 1/Block 3/Files/block3.v Line: 11
Info (10041): Inferred latch for "negy" at block3.v(26) File: C:/Users/sjfre/Documents/Quartus Files/Lab 1/Block 3/Files/block3.v Line: 26
Info (10041): Inferred latch for "negx" at block3.v(26) File: C:/Users/sjfre/Documents/Quartus Files/Lab 1/Block 3/Files/block3.v Line: 26
Info (10041): Inferred latch for "dispy[0]" at block3.v(26) File: C:/Users/sjfre/Documents/Quartus Files/Lab 1/Block 3/Files/block3.v Line: 26
Info (10041): Inferred latch for "dispy[1]" at block3.v(26) File: C:/Users/sjfre/Documents/Quartus Files/Lab 1/Block 3/Files/block3.v Line: 26
Info (10041): Inferred latch for "dispy[2]" at block3.v(26) File: C:/Users/sjfre/Documents/Quartus Files/Lab 1/Block 3/Files/block3.v Line: 26
Info (10041): Inferred latch for "dispy[3]" at block3.v(26) File: C:/Users/sjfre/Documents/Quartus Files/Lab 1/Block 3/Files/block3.v Line: 26
Info (10041): Inferred latch for "dispx[0]" at block3.v(26) File: C:/Users/sjfre/Documents/Quartus Files/Lab 1/Block 3/Files/block3.v Line: 26
Info (10041): Inferred latch for "dispx[1]" at block3.v(26) File: C:/Users/sjfre/Documents/Quartus Files/Lab 1/Block 3/Files/block3.v Line: 26
Info (10041): Inferred latch for "dispx[2]" at block3.v(26) File: C:/Users/sjfre/Documents/Quartus Files/Lab 1/Block 3/Files/block3.v Line: 26
Info (10041): Inferred latch for "dispx[3]" at block3.v(26) File: C:/Users/sjfre/Documents/Quartus Files/Lab 1/Block 3/Files/block3.v Line: 26
Info (12128): Elaborating entity "sevenseg" for hierarchy "sevenseg:U5" File: C:/Users/sjfre/Documents/Quartus Files/Lab 1/Block 3/Files/block3.v Line: 45
Warning (13024): Output pins are stuck at VCC or GND
    Warning (13410): Pin "HEX0[7]" is stuck at VCC File: C:/Users/sjfre/Documents/Quartus Files/Lab 1/Block 3/Files/block3.v Line: 4
    Warning (13410): Pin "HEX1[0]" is stuck at VCC File: C:/Users/sjfre/Documents/Quartus Files/Lab 1/Block 3/Files/block3.v Line: 5
    Warning (13410): Pin "HEX1[1]" is stuck at VCC File: C:/Users/sjfre/Documents/Quartus Files/Lab 1/Block 3/Files/block3.v Line: 5
    Warning (13410): Pin "HEX1[2]" is stuck at VCC File: C:/Users/sjfre/Documents/Quartus Files/Lab 1/Block 3/Files/block3.v Line: 5
    Warning (13410): Pin "HEX1[3]" is stuck at VCC File: C:/Users/sjfre/Documents/Quartus Files/Lab 1/Block 3/Files/block3.v Line: 5
    Warning (13410): Pin "HEX1[4]" is stuck at VCC File: C:/Users/sjfre/Documents/Quartus Files/Lab 1/Block 3/Files/block3.v Line: 5
    Warning (13410): Pin "HEX1[5]" is stuck at VCC File: C:/Users/sjfre/Documents/Quartus Files/Lab 1/Block 3/Files/block3.v Line: 5
    Warning (13410): Pin "HEX1[7]" is stuck at VCC File: C:/Users/sjfre/Documents/Quartus Files/Lab 1/Block 3/Files/block3.v Line: 5
    Warning (13410): Pin "HEX2[0]" is stuck at GND File: C:/Users/sjfre/Documents/Quartus Files/Lab 1/Block 3/Files/block3.v Line: 6
    Warning (13410): Pin "HEX2[1]" is stuck at GND File: C:/Users/sjfre/Documents/Quartus Files/Lab 1/Block 3/Files/block3.v Line: 6
    Warning (13410): Pin "HEX2[2]" is stuck at GND File: C:/Users/sjfre/Documents/Quartus Files/Lab 1/Block 3/Files/block3.v Line: 6
    Warning (13410): Pin "HEX2[3]" is stuck at GND File: C:/Users/sjfre/Documents/Quartus Files/Lab 1/Block 3/Files/block3.v Line: 6
    Warning (13410): Pin "HEX2[4]" is stuck at GND File: C:/Users/sjfre/Documents/Quartus Files/Lab 1/Block 3/Files/block3.v Line: 6
    Warning (13410): Pin "HEX2[5]" is stuck at GND File: C:/Users/sjfre/Documents/Quartus Files/Lab 1/Block 3/Files/block3.v Line: 6
    Warning (13410): Pin "HEX2[6]" is stuck at GND File: C:/Users/sjfre/Documents/Quartus Files/Lab 1/Block 3/Files/block3.v Line: 6
    Warning (13410): Pin "HEX2[7]" is stuck at GND File: C:/Users/sjfre/Documents/Quartus Files/Lab 1/Block 3/Files/block3.v Line: 6
    Warning (13410): Pin "HEX3[0]" is stuck at GND File: C:/Users/sjfre/Documents/Quartus Files/Lab 1/Block 3/Files/block3.v Line: 7
    Warning (13410): Pin "HEX3[1]" is stuck at GND File: C:/Users/sjfre/Documents/Quartus Files/Lab 1/Block 3/Files/block3.v Line: 7
    Warning (13410): Pin "HEX3[2]" is stuck at GND File: C:/Users/sjfre/Documents/Quartus Files/Lab 1/Block 3/Files/block3.v Line: 7
    Warning (13410): Pin "HEX3[3]" is stuck at GND File: C:/Users/sjfre/Documents/Quartus Files/Lab 1/Block 3/Files/block3.v Line: 7
    Warning (13410): Pin "HEX3[4]" is stuck at GND File: C:/Users/sjfre/Documents/Quartus Files/Lab 1/Block 3/Files/block3.v Line: 7
    Warning (13410): Pin "HEX3[5]" is stuck at GND File: C:/Users/sjfre/Documents/Quartus Files/Lab 1/Block 3/Files/block3.v Line: 7
    Warning (13410): Pin "HEX3[6]" is stuck at GND File: C:/Users/sjfre/Documents/Quartus Files/Lab 1/Block 3/Files/block3.v Line: 7
    Warning (13410): Pin "HEX3[7]" is stuck at GND File: C:/Users/sjfre/Documents/Quartus Files/Lab 1/Block 3/Files/block3.v Line: 7
    Warning (13410): Pin "HEX4[7]" is stuck at VCC File: C:/Users/sjfre/Documents/Quartus Files/Lab 1/Block 3/Files/block3.v Line: 8
    Warning (13410): Pin "HEX5[0]" is stuck at VCC File: C:/Users/sjfre/Documents/Quartus Files/Lab 1/Block 3/Files/block3.v Line: 9
    Warning (13410): Pin "HEX5[1]" is stuck at VCC File: C:/Users/sjfre/Documents/Quartus Files/Lab 1/Block 3/Files/block3.v Line: 9
    Warning (13410): Pin "HEX5[2]" is stuck at VCC File: C:/Users/sjfre/Documents/Quartus Files/Lab 1/Block 3/Files/block3.v Line: 9
    Warning (13410): Pin "HEX5[3]" is stuck at VCC File: C:/Users/sjfre/Documents/Quartus Files/Lab 1/Block 3/Files/block3.v Line: 9
    Warning (13410): Pin "HEX5[4]" is stuck at VCC File: C:/Users/sjfre/Documents/Quartus Files/Lab 1/Block 3/Files/block3.v Line: 9
    Warning (13410): Pin "HEX5[5]" is stuck at VCC File: C:/Users/sjfre/Documents/Quartus Files/Lab 1/Block 3/Files/block3.v Line: 9
    Warning (13410): Pin "HEX5[7]" is stuck at VCC File: C:/Users/sjfre/Documents/Quartus Files/Lab 1/Block 3/Files/block3.v Line: 9
    Warning (13410): Pin "LEDR[0]" is stuck at GND File: C:/Users/sjfre/Documents/Quartus Files/Lab 1/Block 3/Files/block3.v Line: 11
    Warning (13410): Pin "LEDR[1]" is stuck at GND File: C:/Users/sjfre/Documents/Quartus Files/Lab 1/Block 3/Files/block3.v Line: 11
    Warning (13410): Pin "LEDR[2]" is stuck at GND File: C:/Users/sjfre/Documents/Quartus Files/Lab 1/Block 3/Files/block3.v Line: 11
    Warning (13410): Pin "LEDR[3]" is stuck at GND File: C:/Users/sjfre/Documents/Quartus Files/Lab 1/Block 3/Files/block3.v Line: 11
    Warning (13410): Pin "LEDR[4]" is stuck at GND File: C:/Users/sjfre/Documents/Quartus Files/Lab 1/Block 3/Files/block3.v Line: 11
    Warning (13410): Pin "LEDR[5]" is stuck at GND File: C:/Users/sjfre/Documents/Quartus Files/Lab 1/Block 3/Files/block3.v Line: 11
    Warning (13410): Pin "LEDR[6]" is stuck at GND File: C:/Users/sjfre/Documents/Quartus Files/Lab 1/Block 3/Files/block3.v Line: 11
    Warning (13410): Pin "LEDR[7]" is stuck at GND File: C:/Users/sjfre/Documents/Quartus Files/Lab 1/Block 3/Files/block3.v Line: 11
    Warning (13410): Pin "LEDR[8]" is stuck at GND File: C:/Users/sjfre/Documents/Quartus Files/Lab 1/Block 3/Files/block3.v Line: 11
    Warning (13410): Pin "LEDR[9]" is stuck at GND File: C:/Users/sjfre/Documents/Quartus Files/Lab 1/Block 3/Files/block3.v Line: 11
Info (286030): Timing-Driven Synthesis is running
Info (16010): Generating hard_block partition "hard_block:auto_generated_inst"
    Info (16011): Adding 0 node(s), including 0 DDIO, 0 PLL, 0 transceiver and 0 LCELL
Warning (21074): Design contains 2 input pin(s) that do not drive logic
    Warning (15610): No output dependent on input pin "KEY[0]" File: C:/Users/sjfre/Documents/Quartus Files/Lab 1/Block 3/Files/block3.v Line: 3
    Warning (15610): No output dependent on input pin "KEY[1]" File: C:/Users/sjfre/Documents/Quartus Files/Lab 1/Block 3/Files/block3.v Line: 3
Info (21057): Implemented 103 device resources after synthesis - the final resource count might be different
    Info (21058): Implemented 12 input pins
    Info (21059): Implemented 58 output pins
    Info (21061): Implemented 33 logic cells
Info: Quartus Prime Analysis & Synthesis was successful. 0 errors, 57 warnings
    Info: Peak virtual memory: 4743 megabytes
    Info: Processing ended: Sun Oct 06 23:07:10 2019
    Info: Elapsed time: 00:00:18
    Info: Total CPU time (on all processors): 00:00:34


