#! /usr/local/iverilog/bin/vvp
:ivl_version "11.0 (devel)" "(s20150603-612-ga9388a89)";
:ivl_delay_selection "TYPICAL";
:vpi_time_precision - 10;
:vpi_module "system";
:vpi_module "vhdl_sys";
:vpi_module "vhdl_textio";
:vpi_module "v2005_math";
:vpi_module "va_math";
S_0000000002826890 .scope module, "tb" "tb" 2 2;
 .timescale -9 -10;
v00000000011ccdc0_0 .var "a", 0 0;
v00000000011cce60_0 .var "b", 0 0;
v00000000011ccf00_0 .net "c", 0 0, L_00000000027f2f60;  1 drivers
S_00000000028263b0 .scope module, "U1" "top" 2 7, 3 1 0, S_0000000002826890;
 .timescale -9 -10;
    .port_info 0 /INPUT 1 "ain";
    .port_info 1 /INPUT 1 "bin";
    .port_info 2 /OUTPUT 1 "cout";
L_00000000027f2f60 .functor AND 1, v00000000011ccdc0_0, v00000000011cce60_0, C4<1>, C4<1>;
v0000000002826a20_0 .net "ain", 0 0, v00000000011ccdc0_0;  1 drivers
v00000000028261b0_0 .net "bin", 0 0, v00000000011cce60_0;  1 drivers
v0000000002826540_0 .net "cout", 0 0, L_00000000027f2f60;  alias, 1 drivers
    .scope S_0000000002826890;
T_0 ;
    %vpi_call 2 15 "$dumpfile", "output.vcd" {0 0 0};
    %vpi_call 2 16 "$dumpvars" {0 0 0};
    %vpi_call 2 17 "$display", "Starting simulation" {0 0 0};
    %pushi/vec4 0, 0, 1;
    %store/vec4 v00000000011ccdc0_0, 0, 1;
    %pushi/vec4 0, 0, 1;
    %store/vec4 v00000000011cce60_0, 0, 1;
    %delay 100, 0;
    %pushi/vec4 1, 0, 1;
    %store/vec4 v00000000011ccdc0_0, 0, 1;
    %delay 100, 0;
    %pushi/vec4 1, 0, 1;
    %store/vec4 v00000000011cce60_0, 0, 1;
    %delay 100, 0;
    %pushi/vec4 0, 0, 1;
    %store/vec4 v00000000011ccdc0_0, 0, 1;
    %delay 100, 0;
    %vpi_call 2 23 "$display", "Simulation ended." {0 0 0};
    %vpi_call 2 24 "$finish" {0 0 0};
    %end;
    .thread T_0;
    .scope S_0000000002826890;
T_1 ;
    %vpi_call 2 29 "$monitor", $time, " a = %b, b = %b, c = %b", v00000000011ccdc0_0, v00000000011cce60_0, v00000000011ccf00_0 {0 0 0};
    %end;
    .thread T_1;
# The file index is used to find the file name in the following table.
:file_names 4;
    "N/A";
    "<interactive>";
    "tb.v";
    "top.v";
