#! /usr/local/iverilog/bin/vvp
:ivl_version "11.0 (devel)" "(s20150603-612-ga9388a89)";
:ivl_delay_selection "TYPICAL";
:vpi_time_precision - 10;
:vpi_module "system";
:vpi_module "vhdl_sys";
:vpi_module "vhdl_textio";
:vpi_module "v2005_math";
:vpi_module "va_math";
S_000000000092b7f0 .scope module, "tb" "tb" 2 3;
 .timescale -9 -10;
v0000000000989de0_0 .net "HEX0", 7 0, v000000000091d070_0;  1 drivers
v0000000000988a80_0 .net "HEX1", 7 0, v000000000091d750_0;  1 drivers
v0000000000989020_0 .net "HEX2", 7 0, v000000000091d250_0;  1 drivers
v00000000009890c0_0 .net "HEX3", 7 0, v000000000091d570_0;  1 drivers
v0000000000989200_0 .net "HEX4", 7 0, v000000000091d2f0_0;  1 drivers
v0000000000988300_0 .net "HEX5", 7 0, v000000000091e790_0;  1 drivers
v0000000000989700_0 .var "KEY", 1 0;
v00000000009892a0_0 .net "LEDR", 9 0, v0000000000989a20_0;  1 drivers
v0000000000989340_0 .var "SW", 9 0;
S_000000000092b980 .scope module, "DUT" "block3" 2 18, 3 1 0, S_000000000092b7f0;
 .timescale 0 0;
    .port_info 0 /INPUT 10 "SW";
    .port_info 1 /INPUT 2 "KEY";
    .port_info 2 /OUTPUT 8 "HEX0";
    .port_info 3 /OUTPUT 8 "HEX1";
    .port_info 4 /OUTPUT 8 "HEX2";
    .port_info 5 /OUTPUT 8 "HEX3";
    .port_info 6 /OUTPUT 8 "HEX4";
    .port_info 7 /OUTPUT 8 "HEX5";
    .port_info 8 /OUTPUT 10 "LEDR";
L_0000000000903730 .functor NOT 4, L_0000000000988120, C4<0000>, C4<0000>, C4<0000>;
L_0000000000903490 .functor NOT 4, L_00000000009883a0, C4<0000>, C4<0000>, C4<0000>;
L_00000000009039d0 .functor NOT 1, L_0000000000988760, C4<0>, C4<0>, C4<0>;
L_0000000000903500 .functor NOT 1, L_00000000009886c0, C4<0>, C4<0>, C4<0>;
v000000000091e830_0 .net "HEX0", 7 0, v000000000091d070_0;  alias, 1 drivers
v000000000091eab0_0 .net "HEX1", 7 0, v000000000091d750_0;  alias, 1 drivers
v000000000091eb50_0 .net "HEX2", 7 0, v000000000091d250_0;  alias, 1 drivers
v000000000091ebf0_0 .net "HEX3", 7 0, v000000000091d570_0;  alias, 1 drivers
v00000000008fbfd0_0 .net "HEX4", 7 0, v000000000091d2f0_0;  alias, 1 drivers
v00000000008fc430_0 .net "HEX5", 7 0, v000000000091e790_0;  alias, 1 drivers
v0000000000989520_0 .net "KEY", 1 0, v0000000000989700_0;  1 drivers
v0000000000989a20_0 .var "LEDR", 9 0;
v0000000000988c60_0 .net "SW", 9 0, v0000000000989340_0;  1 drivers
v0000000000988b20_0 .net *"_s11", 3 0, L_0000000000988120;  1 drivers
v0000000000989840_0 .net *"_s12", 3 0, L_0000000000903730;  1 drivers
L_0000000002880088 .functor BUFT 1, C4<0001>, C4<0>, C4<0>, C4<0>;
v00000000009898e0_0 .net/2u *"_s14", 3 0, L_0000000002880088;  1 drivers
v0000000000988d00_0 .net *"_s16", 3 0, L_0000000000988620;  1 drivers
v0000000000988bc0_0 .net *"_s19", 3 0, L_00000000009897a0;  1 drivers
v0000000000989d40_0 .net *"_s25", 0 0, L_00000000009888a0;  1 drivers
v0000000000988260_0 .net *"_s27", 3 0, L_00000000009883a0;  1 drivers
v00000000009895c0_0 .net *"_s28", 3 0, L_0000000000903490;  1 drivers
L_00000000028800d0 .functor BUFT 1, C4<0001>, C4<0>, C4<0>, C4<0>;
v0000000000988da0_0 .net/2u *"_s30", 3 0, L_00000000028800d0;  1 drivers
v0000000000989980_0 .net *"_s32", 3 0, L_0000000000988440;  1 drivers
v0000000000988e40_0 .net *"_s35", 3 0, L_00000000009884e0;  1 drivers
v0000000000988f80_0 .net *"_s76", 1 0, L_0000000000988940;  1 drivers
v0000000000988800_0 .net *"_s9", 0 0, L_0000000000988080;  1 drivers
v0000000000989ca0_0 .net "dispx", 3 0, L_00000000009881c0;  1 drivers
v0000000000989660_0 .net "dispy", 3 0, L_0000000000988580;  1 drivers
v00000000009889e0_0 .net "inputx", 3 0, L_0000000000989e80;  1 drivers
v0000000000989b60_0 .net/s "inputxs", 3 0, L_0000000000989f20;  1 drivers
v0000000000989160_0 .net "inputy", 3 0, L_00000000009893e0;  1 drivers
v0000000000989c00_0 .net/s "inputys", 3 0, L_0000000000989480;  1 drivers
v0000000000988ee0_0 .net "negx", 0 0, L_0000000000988760;  1 drivers
v0000000000989ac0_0 .net "negy", 0 0, L_00000000009886c0;  1 drivers
E_0000000000925000 .event edge, L_0000000000988940;
L_0000000000989e80 .part v0000000000989340_0, 4, 4;
L_0000000000989f20 .part v0000000000989340_0, 4, 4;
L_00000000009893e0 .part v0000000000989340_0, 0, 4;
L_0000000000989480 .part v0000000000989340_0, 0, 4;
L_0000000000988080 .part v0000000000989340_0, 7, 1;
L_0000000000988120 .part v0000000000989340_0, 4, 4;
L_0000000000988620 .arith/sum 4, L_0000000000903730, L_0000000002880088;
L_00000000009897a0 .part v0000000000989340_0, 4, 4;
L_00000000009881c0 .functor MUXZ 4, L_00000000009897a0, L_0000000000988620, L_0000000000988080, C4<>;
L_0000000000988760 .part v0000000000989340_0, 7, 1;
L_00000000009888a0 .part v0000000000989340_0, 3, 1;
L_00000000009883a0 .part v0000000000989340_0, 0, 4;
L_0000000000988440 .arith/sum 4, L_0000000000903490, L_00000000028800d0;
L_00000000009884e0 .part v0000000000989340_0, 0, 4;
L_0000000000988580 .functor MUXZ 4, L_00000000009884e0, L_0000000000988440, L_00000000009888a0, C4<>;
L_00000000009886c0 .part v0000000000989340_0, 3, 1;
L_0000000000988940 .part v0000000000989340_0, 8, 2;
S_00000000008bb040 .scope module, "U0" "sevenseg" 3 53, 4 1 0, S_000000000092b980;
 .timescale -9 -10;
    .port_info 0 /INPUT 4 "data";
    .port_info 1 /INPUT 1 "blank";
    .port_info 2 /INPUT 1 "minus";
    .port_info 3 /OUTPUT 8 "HEX";
v000000000091d070_0 .var "HEX", 7 0;
L_00000000028802c8 .functor BUFT 1, C4<0>, C4<0>, C4<0>, C4<0>;
v000000000091dbb0_0 .net "blank", 0 0, L_00000000028802c8;  1 drivers
v000000000091cf30_0 .net "data", 3 0, L_0000000000988580;  alias, 1 drivers
L_0000000002880310 .functor BUFT 1, C4<0>, C4<0>, C4<0>, C4<0>;
v000000000091d4d0_0 .net "minus", 0 0, L_0000000002880310;  1 drivers
E_0000000000925300 .event edge, v000000000091cf30_0, v000000000091d4d0_0, v000000000091dbb0_0;
S_00000000008bb1d0 .scope module, "U1" "sevenseg" 3 52, 4 1 0, S_000000000092b980;
 .timescale -9 -10;
    .port_info 0 /INPUT 4 "data";
    .port_info 1 /INPUT 1 "blank";
    .port_info 2 /INPUT 1 "minus";
    .port_info 3 /OUTPUT 8 "HEX";
v000000000091d750_0 .var "HEX", 7 0;
v000000000091e330_0 .net "blank", 0 0, L_0000000000903500;  1 drivers
v000000000091d930_0 .net "data", 3 0, L_0000000000988580;  alias, 1 drivers
v000000000091d1b0_0 .net "minus", 0 0, L_00000000009886c0;  alias, 1 drivers
E_00000000009253c0 .event edge, v000000000091cf30_0, v000000000091d1b0_0, v000000000091e330_0;
S_0000000000911380 .scope module, "U2" "sevenseg" 3 51, 4 1 0, S_000000000092b980;
 .timescale -9 -10;
    .port_info 0 /INPUT 4 "data";
    .port_info 1 /INPUT 1 "blank";
    .port_info 2 /INPUT 1 "minus";
    .port_info 3 /OUTPUT 8 "HEX";
v000000000091d250_0 .var "HEX", 7 0;
L_0000000002880238 .functor BUFT 1, C4<1>, C4<0>, C4<0>, C4<0>;
v000000000091e0b0_0 .net "blank", 0 0, L_0000000002880238;  1 drivers
L_00000000028803a0 .functor BUFT 1, C4<0000>, C4<0>, C4<0>, C4<0>;
v000000000091e150_0 .net "data", 3 0, L_00000000028803a0;  1 drivers
L_0000000002880280 .functor BUFT 1, C4<0>, C4<0>, C4<0>, C4<0>;
v000000000091dcf0_0 .net "minus", 0 0, L_0000000002880280;  1 drivers
E_0000000000924100 .event edge, v000000000091e150_0, v000000000091dcf0_0, v000000000091e0b0_0;
S_0000000000911510 .scope module, "U3" "sevenseg" 3 50, 4 1 0, S_000000000092b980;
 .timescale -9 -10;
    .port_info 0 /INPUT 4 "data";
    .port_info 1 /INPUT 1 "blank";
    .port_info 2 /INPUT 1 "minus";
    .port_info 3 /OUTPUT 8 "HEX";
v000000000091d570_0 .var "HEX", 7 0;
L_00000000028801a8 .functor BUFT 1, C4<1>, C4<0>, C4<0>, C4<0>;
v000000000091d9d0_0 .net "blank", 0 0, L_00000000028801a8;  1 drivers
L_0000000002880358 .functor BUFT 1, C4<0000>, C4<0>, C4<0>, C4<0>;
v000000000091d6b0_0 .net "data", 3 0, L_0000000002880358;  1 drivers
L_00000000028801f0 .functor BUFT 1, C4<0>, C4<0>, C4<0>, C4<0>;
v000000000091dc50_0 .net "minus", 0 0, L_00000000028801f0;  1 drivers
E_0000000000923d40 .event edge, v000000000091d6b0_0, v000000000091dc50_0, v000000000091d9d0_0;
S_00000000008d2510 .scope module, "U4" "sevenseg" 3 49, 4 1 0, S_000000000092b980;
 .timescale -9 -10;
    .port_info 0 /INPUT 4 "data";
    .port_info 1 /INPUT 1 "blank";
    .port_info 2 /INPUT 1 "minus";
    .port_info 3 /OUTPUT 8 "HEX";
v000000000091d2f0_0 .var "HEX", 7 0;
L_0000000002880118 .functor BUFT 1, C4<0>, C4<0>, C4<0>, C4<0>;
v000000000091e3d0_0 .net "blank", 0 0, L_0000000002880118;  1 drivers
v000000000091d390_0 .net "data", 3 0, L_00000000009881c0;  alias, 1 drivers
L_0000000002880160 .functor BUFT 1, C4<0>, C4<0>, C4<0>, C4<0>;
v000000000091e470_0 .net "minus", 0 0, L_0000000002880160;  1 drivers
E_0000000000923a40 .event edge, v000000000091d390_0, v000000000091e470_0, v000000000091e3d0_0;
S_00000000008d26a0 .scope module, "U5" "sevenseg" 3 48, 4 1 0, S_000000000092b980;
 .timescale -9 -10;
    .port_info 0 /INPUT 4 "data";
    .port_info 1 /INPUT 1 "blank";
    .port_info 2 /INPUT 1 "minus";
    .port_info 3 /OUTPUT 8 "HEX";
v000000000091e790_0 .var "HEX", 7 0;
v000000000091da70_0 .net "blank", 0 0, L_00000000009039d0;  1 drivers
v000000000091d430_0 .net "data", 3 0, L_00000000009881c0;  alias, 1 drivers
v000000000091e510_0 .net "minus", 0 0, L_0000000000988760;  alias, 1 drivers
E_0000000000923c40 .event edge, v000000000091d390_0, v000000000091e510_0, v000000000091da70_0;
    .scope S_00000000008d26a0;
T_0 ;
    %wait E_0000000000923c40;
    %load/vec4 v000000000091da70_0;
    %load/vec4 v000000000091e510_0;
    %concat/vec4; draw_concat_vec4
    %load/vec4 v000000000091d430_0;
    %concat/vec4; draw_concat_vec4
    %dup/vec4;
    %pushi/vec4 63, 31, 6;
    %cmp/x;
    %jmp/1 T_0.0, 4;
    %dup/vec4;
    %pushi/vec4 31, 15, 6;
    %cmp/x;
    %jmp/1 T_0.1, 4;
    %dup/vec4;
    %pushi/vec4 15, 0, 6;
    %cmp/x;
    %jmp/1 T_0.2, 4;
    %dup/vec4;
    %pushi/vec4 14, 0, 6;
    %cmp/x;
    %jmp/1 T_0.3, 4;
    %dup/vec4;
    %pushi/vec4 13, 0, 6;
    %cmp/x;
    %jmp/1 T_0.4, 4;
    %dup/vec4;
    %pushi/vec4 12, 0, 6;
    %cmp/x;
    %jmp/1 T_0.5, 4;
    %dup/vec4;
    %pushi/vec4 11, 0, 6;
    %cmp/x;
    %jmp/1 T_0.6, 4;
    %dup/vec4;
    %pushi/vec4 10, 0, 6;
    %cmp/x;
    %jmp/1 T_0.7, 4;
    %dup/vec4;
    %pushi/vec4 9, 0, 6;
    %cmp/x;
    %jmp/1 T_0.8, 4;
    %dup/vec4;
    %pushi/vec4 8, 0, 6;
    %cmp/x;
    %jmp/1 T_0.9, 4;
    %dup/vec4;
    %pushi/vec4 7, 0, 6;
    %cmp/x;
    %jmp/1 T_0.10, 4;
    %dup/vec4;
    %pushi/vec4 6, 0, 6;
    %cmp/x;
    %jmp/1 T_0.11, 4;
    %dup/vec4;
    %pushi/vec4 5, 0, 6;
    %cmp/x;
    %jmp/1 T_0.12, 4;
    %dup/vec4;
    %pushi/vec4 4, 0, 6;
    %cmp/x;
    %jmp/1 T_0.13, 4;
    %dup/vec4;
    %pushi/vec4 3, 0, 6;
    %cmp/x;
    %jmp/1 T_0.14, 4;
    %dup/vec4;
    %pushi/vec4 2, 0, 6;
    %cmp/x;
    %jmp/1 T_0.15, 4;
    %dup/vec4;
    %pushi/vec4 1, 0, 6;
    %cmp/x;
    %jmp/1 T_0.16, 4;
    %dup/vec4;
    %pushi/vec4 0, 0, 6;
    %cmp/x;
    %jmp/1 T_0.17, 4;
    %pushi/vec4 255, 0, 8;
    %store/vec4 v000000000091e790_0, 0, 8;
    %jmp T_0.19;
T_0.0 ;
    %pushi/vec4 255, 0, 8;
    %store/vec4 v000000000091e790_0, 0, 8;
    %jmp T_0.19;
T_0.1 ;
    %pushi/vec4 191, 0, 8;
    %store/vec4 v000000000091e790_0, 0, 8;
    %jmp T_0.19;
T_0.2 ;
    %pushi/vec4 142, 0, 8;
    %store/vec4 v000000000091e790_0, 0, 8;
    %jmp T_0.19;
T_0.3 ;
    %pushi/vec4 134, 0, 8;
    %store/vec4 v000000000091e790_0, 0, 8;
    %jmp T_0.19;
T_0.4 ;
    %pushi/vec4 161, 0, 8;
    %store/vec4 v000000000091e790_0, 0, 8;
    %jmp T_0.19;
T_0.5 ;
    %pushi/vec4 198, 0, 8;
    %store/vec4 v000000000091e790_0, 0, 8;
    %jmp T_0.19;
T_0.6 ;
    %pushi/vec4 131, 0, 8;
    %store/vec4 v000000000091e790_0, 0, 8;
    %jmp T_0.19;
T_0.7 ;
    %pushi/vec4 136, 0, 8;
    %store/vec4 v000000000091e790_0, 0, 8;
    %jmp T_0.19;
T_0.8 ;
    %pushi/vec4 144, 0, 8;
    %store/vec4 v000000000091e790_0, 0, 8;
    %jmp T_0.19;
T_0.9 ;
    %pushi/vec4 128, 0, 8;
    %store/vec4 v000000000091e790_0, 0, 8;
    %jmp T_0.19;
T_0.10 ;
    %pushi/vec4 248, 0, 8;
    %store/vec4 v000000000091e790_0, 0, 8;
    %jmp T_0.19;
T_0.11 ;
    %pushi/vec4 130, 0, 8;
    %store/vec4 v000000000091e790_0, 0, 8;
    %jmp T_0.19;
T_0.12 ;
    %pushi/vec4 146, 0, 8;
    %store/vec4 v000000000091e790_0, 0, 8;
    %jmp T_0.19;
T_0.13 ;
    %pushi/vec4 153, 0, 8;
    %store/vec4 v000000000091e790_0, 0, 8;
    %jmp T_0.19;
T_0.14 ;
    %pushi/vec4 176, 0, 8;
    %store/vec4 v000000000091e790_0, 0, 8;
    %jmp T_0.19;
T_0.15 ;
    %pushi/vec4 164, 0, 8;
    %store/vec4 v000000000091e790_0, 0, 8;
    %jmp T_0.19;
T_0.16 ;
    %pushi/vec4 249, 0, 8;
    %store/vec4 v000000000091e790_0, 0, 8;
    %jmp T_0.19;
T_0.17 ;
    %pushi/vec4 192, 0, 8;
    %store/vec4 v000000000091e790_0, 0, 8;
    %jmp T_0.19;
T_0.19 ;
    %pop/vec4 1;
    %jmp T_0;
    .thread T_0, $push;
    .scope S_00000000008d2510;
T_1 ;
    %wait E_0000000000923a40;
    %load/vec4 v000000000091e3d0_0;
    %load/vec4 v000000000091e470_0;
    %concat/vec4; draw_concat_vec4
    %load/vec4 v000000000091d390_0;
    %concat/vec4; draw_concat_vec4
    %dup/vec4;
    %pushi/vec4 63, 31, 6;
    %cmp/x;
    %jmp/1 T_1.0, 4;
    %dup/vec4;
    %pushi/vec4 31, 15, 6;
    %cmp/x;
    %jmp/1 T_1.1, 4;
    %dup/vec4;
    %pushi/vec4 15, 0, 6;
    %cmp/x;
    %jmp/1 T_1.2, 4;
    %dup/vec4;
    %pushi/vec4 14, 0, 6;
    %cmp/x;
    %jmp/1 T_1.3, 4;
    %dup/vec4;
    %pushi/vec4 13, 0, 6;
    %cmp/x;
    %jmp/1 T_1.4, 4;
    %dup/vec4;
    %pushi/vec4 12, 0, 6;
    %cmp/x;
    %jmp/1 T_1.5, 4;
    %dup/vec4;
    %pushi/vec4 11, 0, 6;
    %cmp/x;
    %jmp/1 T_1.6, 4;
    %dup/vec4;
    %pushi/vec4 10, 0, 6;
    %cmp/x;
    %jmp/1 T_1.7, 4;
    %dup/vec4;
    %pushi/vec4 9, 0, 6;
    %cmp/x;
    %jmp/1 T_1.8, 4;
    %dup/vec4;
    %pushi/vec4 8, 0, 6;
    %cmp/x;
    %jmp/1 T_1.9, 4;
    %dup/vec4;
    %pushi/vec4 7, 0, 6;
    %cmp/x;
    %jmp/1 T_1.10, 4;
    %dup/vec4;
    %pushi/vec4 6, 0, 6;
    %cmp/x;
    %jmp/1 T_1.11, 4;
    %dup/vec4;
    %pushi/vec4 5, 0, 6;
    %cmp/x;
    %jmp/1 T_1.12, 4;
    %dup/vec4;
    %pushi/vec4 4, 0, 6;
    %cmp/x;
    %jmp/1 T_1.13, 4;
    %dup/vec4;
    %pushi/vec4 3, 0, 6;
    %cmp/x;
    %jmp/1 T_1.14, 4;
    %dup/vec4;
    %pushi/vec4 2, 0, 6;
    %cmp/x;
    %jmp/1 T_1.15, 4;
    %dup/vec4;
    %pushi/vec4 1, 0, 6;
    %cmp/x;
    %jmp/1 T_1.16, 4;
    %dup/vec4;
    %pushi/vec4 0, 0, 6;
    %cmp/x;
    %jmp/1 T_1.17, 4;
    %pushi/vec4 255, 0, 8;
    %store/vec4 v000000000091d2f0_0, 0, 8;
    %jmp T_1.19;
T_1.0 ;
    %pushi/vec4 255, 0, 8;
    %store/vec4 v000000000091d2f0_0, 0, 8;
    %jmp T_1.19;
T_1.1 ;
    %pushi/vec4 191, 0, 8;
    %store/vec4 v000000000091d2f0_0, 0, 8;
    %jmp T_1.19;
T_1.2 ;
    %pushi/vec4 142, 0, 8;
    %store/vec4 v000000000091d2f0_0, 0, 8;
    %jmp T_1.19;
T_1.3 ;
    %pushi/vec4 134, 0, 8;
    %store/vec4 v000000000091d2f0_0, 0, 8;
    %jmp T_1.19;
T_1.4 ;
    %pushi/vec4 161, 0, 8;
    %store/vec4 v000000000091d2f0_0, 0, 8;
    %jmp T_1.19;
T_1.5 ;
    %pushi/vec4 198, 0, 8;
    %store/vec4 v000000000091d2f0_0, 0, 8;
    %jmp T_1.19;
T_1.6 ;
    %pushi/vec4 131, 0, 8;
    %store/vec4 v000000000091d2f0_0, 0, 8;
    %jmp T_1.19;
T_1.7 ;
    %pushi/vec4 136, 0, 8;
    %store/vec4 v000000000091d2f0_0, 0, 8;
    %jmp T_1.19;
T_1.8 ;
    %pushi/vec4 144, 0, 8;
    %store/vec4 v000000000091d2f0_0, 0, 8;
    %jmp T_1.19;
T_1.9 ;
    %pushi/vec4 128, 0, 8;
    %store/vec4 v000000000091d2f0_0, 0, 8;
    %jmp T_1.19;
T_1.10 ;
    %pushi/vec4 248, 0, 8;
    %store/vec4 v000000000091d2f0_0, 0, 8;
    %jmp T_1.19;
T_1.11 ;
    %pushi/vec4 130, 0, 8;
    %store/vec4 v000000000091d2f0_0, 0, 8;
    %jmp T_1.19;
T_1.12 ;
    %pushi/vec4 146, 0, 8;
    %store/vec4 v000000000091d2f0_0, 0, 8;
    %jmp T_1.19;
T_1.13 ;
    %pushi/vec4 153, 0, 8;
    %store/vec4 v000000000091d2f0_0, 0, 8;
    %jmp T_1.19;
T_1.14 ;
    %pushi/vec4 176, 0, 8;
    %store/vec4 v000000000091d2f0_0, 0, 8;
    %jmp T_1.19;
T_1.15 ;
    %pushi/vec4 164, 0, 8;
    %store/vec4 v000000000091d2f0_0, 0, 8;
    %jmp T_1.19;
T_1.16 ;
    %pushi/vec4 249, 0, 8;
    %store/vec4 v000000000091d2f0_0, 0, 8;
    %jmp T_1.19;
T_1.17 ;
    %pushi/vec4 192, 0, 8;
    %store/vec4 v000000000091d2f0_0, 0, 8;
    %jmp T_1.19;
T_1.19 ;
    %pop/vec4 1;
    %jmp T_1;
    .thread T_1, $push;
    .scope S_0000000000911510;
T_2 ;
    %wait E_0000000000923d40;
    %load/vec4 v000000000091d9d0_0;
    %load/vec4 v000000000091dc50_0;
    %concat/vec4; draw_concat_vec4
    %load/vec4 v000000000091d6b0_0;
    %concat/vec4; draw_concat_vec4
    %dup/vec4;
    %pushi/vec4 63, 31, 6;
    %cmp/x;
    %jmp/1 T_2.0, 4;
    %dup/vec4;
    %pushi/vec4 31, 15, 6;
    %cmp/x;
    %jmp/1 T_2.1, 4;
    %dup/vec4;
    %pushi/vec4 15, 0, 6;
    %cmp/x;
    %jmp/1 T_2.2, 4;
    %dup/vec4;
    %pushi/vec4 14, 0, 6;
    %cmp/x;
    %jmp/1 T_2.3, 4;
    %dup/vec4;
    %pushi/vec4 13, 0, 6;
    %cmp/x;
    %jmp/1 T_2.4, 4;
    %dup/vec4;
    %pushi/vec4 12, 0, 6;
    %cmp/x;
    %jmp/1 T_2.5, 4;
    %dup/vec4;
    %pushi/vec4 11, 0, 6;
    %cmp/x;
    %jmp/1 T_2.6, 4;
    %dup/vec4;
    %pushi/vec4 10, 0, 6;
    %cmp/x;
    %jmp/1 T_2.7, 4;
    %dup/vec4;
    %pushi/vec4 9, 0, 6;
    %cmp/x;
    %jmp/1 T_2.8, 4;
    %dup/vec4;
    %pushi/vec4 8, 0, 6;
    %cmp/x;
    %jmp/1 T_2.9, 4;
    %dup/vec4;
    %pushi/vec4 7, 0, 6;
    %cmp/x;
    %jmp/1 T_2.10, 4;
    %dup/vec4;
    %pushi/vec4 6, 0, 6;
    %cmp/x;
    %jmp/1 T_2.11, 4;
    %dup/vec4;
    %pushi/vec4 5, 0, 6;
    %cmp/x;
    %jmp/1 T_2.12, 4;
    %dup/vec4;
    %pushi/vec4 4, 0, 6;
    %cmp/x;
    %jmp/1 T_2.13, 4;
    %dup/vec4;
    %pushi/vec4 3, 0, 6;
    %cmp/x;
    %jmp/1 T_2.14, 4;
    %dup/vec4;
    %pushi/vec4 2, 0, 6;
    %cmp/x;
    %jmp/1 T_2.15, 4;
    %dup/vec4;
    %pushi/vec4 1, 0, 6;
    %cmp/x;
    %jmp/1 T_2.16, 4;
    %dup/vec4;
    %pushi/vec4 0, 0, 6;
    %cmp/x;
    %jmp/1 T_2.17, 4;
    %pushi/vec4 255, 0, 8;
    %store/vec4 v000000000091d570_0, 0, 8;
    %jmp T_2.19;
T_2.0 ;
    %pushi/vec4 255, 0, 8;
    %store/vec4 v000000000091d570_0, 0, 8;
    %jmp T_2.19;
T_2.1 ;
    %pushi/vec4 191, 0, 8;
    %store/vec4 v000000000091d570_0, 0, 8;
    %jmp T_2.19;
T_2.2 ;
    %pushi/vec4 142, 0, 8;
    %store/vec4 v000000000091d570_0, 0, 8;
    %jmp T_2.19;
T_2.3 ;
    %pushi/vec4 134, 0, 8;
    %store/vec4 v000000000091d570_0, 0, 8;
    %jmp T_2.19;
T_2.4 ;
    %pushi/vec4 161, 0, 8;
    %store/vec4 v000000000091d570_0, 0, 8;
    %jmp T_2.19;
T_2.5 ;
    %pushi/vec4 198, 0, 8;
    %store/vec4 v000000000091d570_0, 0, 8;
    %jmp T_2.19;
T_2.6 ;
    %pushi/vec4 131, 0, 8;
    %store/vec4 v000000000091d570_0, 0, 8;
    %jmp T_2.19;
T_2.7 ;
    %pushi/vec4 136, 0, 8;
    %store/vec4 v000000000091d570_0, 0, 8;
    %jmp T_2.19;
T_2.8 ;
    %pushi/vec4 144, 0, 8;
    %store/vec4 v000000000091d570_0, 0, 8;
    %jmp T_2.19;
T_2.9 ;
    %pushi/vec4 128, 0, 8;
    %store/vec4 v000000000091d570_0, 0, 8;
    %jmp T_2.19;
T_2.10 ;
    %pushi/vec4 248, 0, 8;
    %store/vec4 v000000000091d570_0, 0, 8;
    %jmp T_2.19;
T_2.11 ;
    %pushi/vec4 130, 0, 8;
    %store/vec4 v000000000091d570_0, 0, 8;
    %jmp T_2.19;
T_2.12 ;
    %pushi/vec4 146, 0, 8;
    %store/vec4 v000000000091d570_0, 0, 8;
    %jmp T_2.19;
T_2.13 ;
    %pushi/vec4 153, 0, 8;
    %store/vec4 v000000000091d570_0, 0, 8;
    %jmp T_2.19;
T_2.14 ;
    %pushi/vec4 176, 0, 8;
    %store/vec4 v000000000091d570_0, 0, 8;
    %jmp T_2.19;
T_2.15 ;
    %pushi/vec4 164, 0, 8;
    %store/vec4 v000000000091d570_0, 0, 8;
    %jmp T_2.19;
T_2.16 ;
    %pushi/vec4 249, 0, 8;
    %store/vec4 v000000000091d570_0, 0, 8;
    %jmp T_2.19;
T_2.17 ;
    %pushi/vec4 192, 0, 8;
    %store/vec4 v000000000091d570_0, 0, 8;
    %jmp T_2.19;
T_2.19 ;
    %pop/vec4 1;
    %jmp T_2;
    .thread T_2, $push;
    .scope S_0000000000911380;
T_3 ;
    %wait E_0000000000924100;
    %load/vec4 v000000000091e0b0_0;
    %load/vec4 v000000000091dcf0_0;
    %concat/vec4; draw_concat_vec4
    %load/vec4 v000000000091e150_0;
    %concat/vec4; draw_concat_vec4
    %dup/vec4;
    %pushi/vec4 63, 31, 6;
    %cmp/x;
    %jmp/1 T_3.0, 4;
    %dup/vec4;
    %pushi/vec4 31, 15, 6;
    %cmp/x;
    %jmp/1 T_3.1, 4;
    %dup/vec4;
    %pushi/vec4 15, 0, 6;
    %cmp/x;
    %jmp/1 T_3.2, 4;
    %dup/vec4;
    %pushi/vec4 14, 0, 6;
    %cmp/x;
    %jmp/1 T_3.3, 4;
    %dup/vec4;
    %pushi/vec4 13, 0, 6;
    %cmp/x;
    %jmp/1 T_3.4, 4;
    %dup/vec4;
    %pushi/vec4 12, 0, 6;
    %cmp/x;
    %jmp/1 T_3.5, 4;
    %dup/vec4;
    %pushi/vec4 11, 0, 6;
    %cmp/x;
    %jmp/1 T_3.6, 4;
    %dup/vec4;
    %pushi/vec4 10, 0, 6;
    %cmp/x;
    %jmp/1 T_3.7, 4;
    %dup/vec4;
    %pushi/vec4 9, 0, 6;
    %cmp/x;
    %jmp/1 T_3.8, 4;
    %dup/vec4;
    %pushi/vec4 8, 0, 6;
    %cmp/x;
    %jmp/1 T_3.9, 4;
    %dup/vec4;
    %pushi/vec4 7, 0, 6;
    %cmp/x;
    %jmp/1 T_3.10, 4;
    %dup/vec4;
    %pushi/vec4 6, 0, 6;
    %cmp/x;
    %jmp/1 T_3.11, 4;
    %dup/vec4;
    %pushi/vec4 5, 0, 6;
    %cmp/x;
    %jmp/1 T_3.12, 4;
    %dup/vec4;
    %pushi/vec4 4, 0, 6;
    %cmp/x;
    %jmp/1 T_3.13, 4;
    %dup/vec4;
    %pushi/vec4 3, 0, 6;
    %cmp/x;
    %jmp/1 T_3.14, 4;
    %dup/vec4;
    %pushi/vec4 2, 0, 6;
    %cmp/x;
    %jmp/1 T_3.15, 4;
    %dup/vec4;
    %pushi/vec4 1, 0, 6;
    %cmp/x;
    %jmp/1 T_3.16, 4;
    %dup/vec4;
    %pushi/vec4 0, 0, 6;
    %cmp/x;
    %jmp/1 T_3.17, 4;
    %pushi/vec4 255, 0, 8;
    %store/vec4 v000000000091d250_0, 0, 8;
    %jmp T_3.19;
T_3.0 ;
    %pushi/vec4 255, 0, 8;
    %store/vec4 v000000000091d250_0, 0, 8;
    %jmp T_3.19;
T_3.1 ;
    %pushi/vec4 191, 0, 8;
    %store/vec4 v000000000091d250_0, 0, 8;
    %jmp T_3.19;
T_3.2 ;
    %pushi/vec4 142, 0, 8;
    %store/vec4 v000000000091d250_0, 0, 8;
    %jmp T_3.19;
T_3.3 ;
    %pushi/vec4 134, 0, 8;
    %store/vec4 v000000000091d250_0, 0, 8;
    %jmp T_3.19;
T_3.4 ;
    %pushi/vec4 161, 0, 8;
    %store/vec4 v000000000091d250_0, 0, 8;
    %jmp T_3.19;
T_3.5 ;
    %pushi/vec4 198, 0, 8;
    %store/vec4 v000000000091d250_0, 0, 8;
    %jmp T_3.19;
T_3.6 ;
    %pushi/vec4 131, 0, 8;
    %store/vec4 v000000000091d250_0, 0, 8;
    %jmp T_3.19;
T_3.7 ;
    %pushi/vec4 136, 0, 8;
    %store/vec4 v000000000091d250_0, 0, 8;
    %jmp T_3.19;
T_3.8 ;
    %pushi/vec4 144, 0, 8;
    %store/vec4 v000000000091d250_0, 0, 8;
    %jmp T_3.19;
T_3.9 ;
    %pushi/vec4 128, 0, 8;
    %store/vec4 v000000000091d250_0, 0, 8;
    %jmp T_3.19;
T_3.10 ;
    %pushi/vec4 248, 0, 8;
    %store/vec4 v000000000091d250_0, 0, 8;
    %jmp T_3.19;
T_3.11 ;
    %pushi/vec4 130, 0, 8;
    %store/vec4 v000000000091d250_0, 0, 8;
    %jmp T_3.19;
T_3.12 ;
    %pushi/vec4 146, 0, 8;
    %store/vec4 v000000000091d250_0, 0, 8;
    %jmp T_3.19;
T_3.13 ;
    %pushi/vec4 153, 0, 8;
    %store/vec4 v000000000091d250_0, 0, 8;
    %jmp T_3.19;
T_3.14 ;
    %pushi/vec4 176, 0, 8;
    %store/vec4 v000000000091d250_0, 0, 8;
    %jmp T_3.19;
T_3.15 ;
    %pushi/vec4 164, 0, 8;
    %store/vec4 v000000000091d250_0, 0, 8;
    %jmp T_3.19;
T_3.16 ;
    %pushi/vec4 249, 0, 8;
    %store/vec4 v000000000091d250_0, 0, 8;
    %jmp T_3.19;
T_3.17 ;
    %pushi/vec4 192, 0, 8;
    %store/vec4 v000000000091d250_0, 0, 8;
    %jmp T_3.19;
T_3.19 ;
    %pop/vec4 1;
    %jmp T_3;
    .thread T_3, $push;
    .scope S_00000000008bb1d0;
T_4 ;
    %wait E_00000000009253c0;
    %load/vec4 v000000000091e330_0;
    %load/vec4 v000000000091d1b0_0;
    %concat/vec4; draw_concat_vec4
    %load/vec4 v000000000091d930_0;
    %concat/vec4; draw_concat_vec4
    %dup/vec4;
    %pushi/vec4 63, 31, 6;
    %cmp/x;
    %jmp/1 T_4.0, 4;
    %dup/vec4;
    %pushi/vec4 31, 15, 6;
    %cmp/x;
    %jmp/1 T_4.1, 4;
    %dup/vec4;
    %pushi/vec4 15, 0, 6;
    %cmp/x;
    %jmp/1 T_4.2, 4;
    %dup/vec4;
    %pushi/vec4 14, 0, 6;
    %cmp/x;
    %jmp/1 T_4.3, 4;
    %dup/vec4;
    %pushi/vec4 13, 0, 6;
    %cmp/x;
    %jmp/1 T_4.4, 4;
    %dup/vec4;
    %pushi/vec4 12, 0, 6;
    %cmp/x;
    %jmp/1 T_4.5, 4;
    %dup/vec4;
    %pushi/vec4 11, 0, 6;
    %cmp/x;
    %jmp/1 T_4.6, 4;
    %dup/vec4;
    %pushi/vec4 10, 0, 6;
    %cmp/x;
    %jmp/1 T_4.7, 4;
    %dup/vec4;
    %pushi/vec4 9, 0, 6;
    %cmp/x;
    %jmp/1 T_4.8, 4;
    %dup/vec4;
    %pushi/vec4 8, 0, 6;
    %cmp/x;
    %jmp/1 T_4.9, 4;
    %dup/vec4;
    %pushi/vec4 7, 0, 6;
    %cmp/x;
    %jmp/1 T_4.10, 4;
    %dup/vec4;
    %pushi/vec4 6, 0, 6;
    %cmp/x;
    %jmp/1 T_4.11, 4;
    %dup/vec4;
    %pushi/vec4 5, 0, 6;
    %cmp/x;
    %jmp/1 T_4.12, 4;
    %dup/vec4;
    %pushi/vec4 4, 0, 6;
    %cmp/x;
    %jmp/1 T_4.13, 4;
    %dup/vec4;
    %pushi/vec4 3, 0, 6;
    %cmp/x;
    %jmp/1 T_4.14, 4;
    %dup/vec4;
    %pushi/vec4 2, 0, 6;
    %cmp/x;
    %jmp/1 T_4.15, 4;
    %dup/vec4;
    %pushi/vec4 1, 0, 6;
    %cmp/x;
    %jmp/1 T_4.16, 4;
    %dup/vec4;
    %pushi/vec4 0, 0, 6;
    %cmp/x;
    %jmp/1 T_4.17, 4;
    %pushi/vec4 255, 0, 8;
    %store/vec4 v000000000091d750_0, 0, 8;
    %jmp T_4.19;
T_4.0 ;
    %pushi/vec4 255, 0, 8;
    %store/vec4 v000000000091d750_0, 0, 8;
    %jmp T_4.19;
T_4.1 ;
    %pushi/vec4 191, 0, 8;
    %store/vec4 v000000000091d750_0, 0, 8;
    %jmp T_4.19;
T_4.2 ;
    %pushi/vec4 142, 0, 8;
    %store/vec4 v000000000091d750_0, 0, 8;
    %jmp T_4.19;
T_4.3 ;
    %pushi/vec4 134, 0, 8;
    %store/vec4 v000000000091d750_0, 0, 8;
    %jmp T_4.19;
T_4.4 ;
    %pushi/vec4 161, 0, 8;
    %store/vec4 v000000000091d750_0, 0, 8;
    %jmp T_4.19;
T_4.5 ;
    %pushi/vec4 198, 0, 8;
    %store/vec4 v000000000091d750_0, 0, 8;
    %jmp T_4.19;
T_4.6 ;
    %pushi/vec4 131, 0, 8;
    %store/vec4 v000000000091d750_0, 0, 8;
    %jmp T_4.19;
T_4.7 ;
    %pushi/vec4 136, 0, 8;
    %store/vec4 v000000000091d750_0, 0, 8;
    %jmp T_4.19;
T_4.8 ;
    %pushi/vec4 144, 0, 8;
    %store/vec4 v000000000091d750_0, 0, 8;
    %jmp T_4.19;
T_4.9 ;
    %pushi/vec4 128, 0, 8;
    %store/vec4 v000000000091d750_0, 0, 8;
    %jmp T_4.19;
T_4.10 ;
    %pushi/vec4 248, 0, 8;
    %store/vec4 v000000000091d750_0, 0, 8;
    %jmp T_4.19;
T_4.11 ;
    %pushi/vec4 130, 0, 8;
    %store/vec4 v000000000091d750_0, 0, 8;
    %jmp T_4.19;
T_4.12 ;
    %pushi/vec4 146, 0, 8;
    %store/vec4 v000000000091d750_0, 0, 8;
    %jmp T_4.19;
T_4.13 ;
    %pushi/vec4 153, 0, 8;
    %store/vec4 v000000000091d750_0, 0, 8;
    %jmp T_4.19;
T_4.14 ;
    %pushi/vec4 176, 0, 8;
    %store/vec4 v000000000091d750_0, 0, 8;
    %jmp T_4.19;
T_4.15 ;
    %pushi/vec4 164, 0, 8;
    %store/vec4 v000000000091d750_0, 0, 8;
    %jmp T_4.19;
T_4.16 ;
    %pushi/vec4 249, 0, 8;
    %store/vec4 v000000000091d750_0, 0, 8;
    %jmp T_4.19;
T_4.17 ;
    %pushi/vec4 192, 0, 8;
    %store/vec4 v000000000091d750_0, 0, 8;
    %jmp T_4.19;
T_4.19 ;
    %pop/vec4 1;
    %jmp T_4;
    .thread T_4, $push;
    .scope S_00000000008bb040;
T_5 ;
    %wait E_0000000000925300;
    %load/vec4 v000000000091dbb0_0;
    %load/vec4 v000000000091d4d0_0;
    %concat/vec4; draw_concat_vec4
    %load/vec4 v000000000091cf30_0;
    %concat/vec4; draw_concat_vec4
    %dup/vec4;
    %pushi/vec4 63, 31, 6;
    %cmp/x;
    %jmp/1 T_5.0, 4;
    %dup/vec4;
    %pushi/vec4 31, 15, 6;
    %cmp/x;
    %jmp/1 T_5.1, 4;
    %dup/vec4;
    %pushi/vec4 15, 0, 6;
    %cmp/x;
    %jmp/1 T_5.2, 4;
    %dup/vec4;
    %pushi/vec4 14, 0, 6;
    %cmp/x;
    %jmp/1 T_5.3, 4;
    %dup/vec4;
    %pushi/vec4 13, 0, 6;
    %cmp/x;
    %jmp/1 T_5.4, 4;
    %dup/vec4;
    %pushi/vec4 12, 0, 6;
    %cmp/x;
    %jmp/1 T_5.5, 4;
    %dup/vec4;
    %pushi/vec4 11, 0, 6;
    %cmp/x;
    %jmp/1 T_5.6, 4;
    %dup/vec4;
    %pushi/vec4 10, 0, 6;
    %cmp/x;
    %jmp/1 T_5.7, 4;
    %dup/vec4;
    %pushi/vec4 9, 0, 6;
    %cmp/x;
    %jmp/1 T_5.8, 4;
    %dup/vec4;
    %pushi/vec4 8, 0, 6;
    %cmp/x;
    %jmp/1 T_5.9, 4;
    %dup/vec4;
    %pushi/vec4 7, 0, 6;
    %cmp/x;
    %jmp/1 T_5.10, 4;
    %dup/vec4;
    %pushi/vec4 6, 0, 6;
    %cmp/x;
    %jmp/1 T_5.11, 4;
    %dup/vec4;
    %pushi/vec4 5, 0, 6;
    %cmp/x;
    %jmp/1 T_5.12, 4;
    %dup/vec4;
    %pushi/vec4 4, 0, 6;
    %cmp/x;
    %jmp/1 T_5.13, 4;
    %dup/vec4;
    %pushi/vec4 3, 0, 6;
    %cmp/x;
    %jmp/1 T_5.14, 4;
    %dup/vec4;
    %pushi/vec4 2, 0, 6;
    %cmp/x;
    %jmp/1 T_5.15, 4;
    %dup/vec4;
    %pushi/vec4 1, 0, 6;
    %cmp/x;
    %jmp/1 T_5.16, 4;
    %dup/vec4;
    %pushi/vec4 0, 0, 6;
    %cmp/x;
    %jmp/1 T_5.17, 4;
    %pushi/vec4 255, 0, 8;
    %store/vec4 v000000000091d070_0, 0, 8;
    %jmp T_5.19;
T_5.0 ;
    %pushi/vec4 255, 0, 8;
    %store/vec4 v000000000091d070_0, 0, 8;
    %jmp T_5.19;
T_5.1 ;
    %pushi/vec4 191, 0, 8;
    %store/vec4 v000000000091d070_0, 0, 8;
    %jmp T_5.19;
T_5.2 ;
    %pushi/vec4 142, 0, 8;
    %store/vec4 v000000000091d070_0, 0, 8;
    %jmp T_5.19;
T_5.3 ;
    %pushi/vec4 134, 0, 8;
    %store/vec4 v000000000091d070_0, 0, 8;
    %jmp T_5.19;
T_5.4 ;
    %pushi/vec4 161, 0, 8;
    %store/vec4 v000000000091d070_0, 0, 8;
    %jmp T_5.19;
T_5.5 ;
    %pushi/vec4 198, 0, 8;
    %store/vec4 v000000000091d070_0, 0, 8;
    %jmp T_5.19;
T_5.6 ;
    %pushi/vec4 131, 0, 8;
    %store/vec4 v000000000091d070_0, 0, 8;
    %jmp T_5.19;
T_5.7 ;
    %pushi/vec4 136, 0, 8;
    %store/vec4 v000000000091d070_0, 0, 8;
    %jmp T_5.19;
T_5.8 ;
    %pushi/vec4 144, 0, 8;
    %store/vec4 v000000000091d070_0, 0, 8;
    %jmp T_5.19;
T_5.9 ;
    %pushi/vec4 128, 0, 8;
    %store/vec4 v000000000091d070_0, 0, 8;
    %jmp T_5.19;
T_5.10 ;
    %pushi/vec4 248, 0, 8;
    %store/vec4 v000000000091d070_0, 0, 8;
    %jmp T_5.19;
T_5.11 ;
    %pushi/vec4 130, 0, 8;
    %store/vec4 v000000000091d070_0, 0, 8;
    %jmp T_5.19;
T_5.12 ;
    %pushi/vec4 146, 0, 8;
    %store/vec4 v000000000091d070_0, 0, 8;
    %jmp T_5.19;
T_5.13 ;
    %pushi/vec4 153, 0, 8;
    %store/vec4 v000000000091d070_0, 0, 8;
    %jmp T_5.19;
T_5.14 ;
    %pushi/vec4 176, 0, 8;
    %store/vec4 v000000000091d070_0, 0, 8;
    %jmp T_5.19;
T_5.15 ;
    %pushi/vec4 164, 0, 8;
    %store/vec4 v000000000091d070_0, 0, 8;
    %jmp T_5.19;
T_5.16 ;
    %pushi/vec4 249, 0, 8;
    %store/vec4 v000000000091d070_0, 0, 8;
    %jmp T_5.19;
T_5.17 ;
    %pushi/vec4 192, 0, 8;
    %store/vec4 v000000000091d070_0, 0, 8;
    %jmp T_5.19;
T_5.19 ;
    %pop/vec4 1;
    %jmp T_5;
    .thread T_5, $push;
    .scope S_000000000092b980;
T_6 ;
    %wait E_0000000000925000;
    %load/vec4 v0000000000988c60_0;
    %parti/s 1, 8, 5;
    %dup/vec4;
    %pushi/vec4 1, 0, 1;
    %cmp/u;
    %jmp/1 T_6.0, 6;
    %dup/vec4;
    %pushi/vec4 0, 0, 1;
    %cmp/u;
    %jmp/1 T_6.1, 6;
    %jmp T_6.2;
T_6.0 ;
    %load/vec4 v0000000000989b60_0;
    %load/vec4 v0000000000989c00_0;
    %cmp/e;
    %flag_get/vec4 4;
    %ix/load 4, 2, 0;
    %flag_set/imm 4, 0;
    %store/vec4 v0000000000989a20_0, 4, 1;
    %load/vec4 v0000000000989c00_0;
    %load/vec4 v0000000000989b60_0;
    %cmp/s;
    %flag_get/vec4 5;
    %ix/load 4, 1, 0;
    %flag_set/imm 4, 0;
    %store/vec4 v0000000000989a20_0, 4, 1;
    %load/vec4 v0000000000989b60_0;
    %load/vec4 v0000000000989c00_0;
    %cmp/s;
    %flag_get/vec4 5;
    %ix/load 4, 0, 0;
    %flag_set/imm 4, 0;
    %store/vec4 v0000000000989a20_0, 4, 1;
    %load/vec4 v0000000000988c60_0;
    %parti/s 2, 8, 5;
    %ix/load 4, 8, 0;
    %flag_set/imm 4, 0;
    %store/vec4 v0000000000989a20_0, 4, 2;
    %jmp T_6.2;
T_6.1 ;
    %load/vec4 v00000000009889e0_0;
    %load/vec4 v0000000000989160_0;
    %cmp/e;
    %flag_get/vec4 4;
    %ix/load 4, 2, 0;
    %flag_set/imm 4, 0;
    %store/vec4 v0000000000989a20_0, 4, 1;
    %load/vec4 v0000000000989160_0;
    %load/vec4 v00000000009889e0_0;
    %cmp/u;
    %flag_get/vec4 5;
    %ix/load 4, 1, 0;
    %flag_set/imm 4, 0;
    %store/vec4 v0000000000989a20_0, 4, 1;
    %load/vec4 v00000000009889e0_0;
    %load/vec4 v0000000000989160_0;
    %cmp/u;
    %flag_get/vec4 5;
    %ix/load 4, 0, 0;
    %flag_set/imm 4, 0;
    %store/vec4 v0000000000989a20_0, 4, 1;
    %load/vec4 v0000000000988c60_0;
    %parti/s 2, 8, 5;
    %ix/load 4, 8, 0;
    %flag_set/imm 4, 0;
    %store/vec4 v0000000000989a20_0, 4, 2;
    %jmp T_6.2;
T_6.2 ;
    %pop/vec4 1;
    %jmp T_6;
    .thread T_6, $push;
    .scope S_000000000092b7f0;
T_7 ;
    %vpi_call 2 33 "$dumpfile", "out.vcd" {0 0 0};
    %vpi_call 2 34 "$dumpvars" {0 0 0};
    %vpi_call 2 35 "$display", $time, " << Starting Simulation >>" {0 0 0};
    %vpi_call 2 36 "$display", $time, " << Unsigned 1 < 8 >>" {0 0 0};
    %pushi/vec4 248, 0, 10;
    %store/vec4 v0000000000989340_0, 0, 10;
    %delay 100, 0;
    %vpi_call 2 38 "$display", $time, " << Signed 7 > -1 >>" {0 0 0};
    %delay 100, 0;
    %pushi/vec4 839, 0, 10;
    %store/vec4 v0000000000989340_0, 0, 10;
    %delay 100, 0;
    %vpi_call 2 40 "$display", $time, " << Simulation Complete >>" {0 0 0};
    %end;
    .thread T_7;
    .scope S_000000000092b7f0;
T_8 ;
    %vpi_call 2 45 "$monitor", $time, " SW[9:8] = %b, SW[7:4] = %b, SW[3:0] = %b, LED0 = %b, LED1 = %b, LED2 = %b", &PV<v0000000000989340_0, 8, 2>, &PV<v0000000000989340_0, 4, 4>, &PV<v0000000000989340_0, 0, 4>, &PV<v00000000009892a0_0, 0, 1>, &PV<v00000000009892a0_0, 1, 1>, &PV<v00000000009892a0_0, 2, 1> {0 0 0};
    %end;
    .thread T_8;
# The file index is used to find the file name in the following table.
:file_names 5;
    "N/A";
    "<interactive>";
    ".\tb_block3.v";
    ".\block3.v";
    ".\sevenseg.v";
