#! /usr/local/iverilog/bin/vvp
:ivl_version "11.0 (devel)" "(s20150603-612-ga9388a89)";
:ivl_delay_selection "TYPICAL";
:vpi_time_precision - 10;
:vpi_module "system";
:vpi_module "vhdl_sys";
:vpi_module "vhdl_textio";
:vpi_module "v2005_math";
:vpi_module "va_math";
S_0000000002608e70 .scope module, "tb" "tb" 2 3;
 .timescale -9 -10;
v0000000002612470_0 .var "KEY", 1 0;
v0000000002612970_0 .net "LEDR", 9 0, L_00000000026046f0;  1 drivers
v0000000002612650_0 .var "MAX10_CLK1_50", 0 0;
v0000000002612290_0 .var "SW", 9 0;
S_0000000002608810 .scope module, "DUT" "CounterSim" 2 10, 3 11 0, S_0000000002608e70;
 .timescale 0 0;
    .port_info 0 /INPUT 1 "MAX10_CLK1_50";
    .port_info 1 /INPUT 2 "KEY";
    .port_info 2 /OUTPUT 10 "LEDR";
    .port_info 3 /INPUT 10 "SW";
P_000000000260a410 .param/l "clock_div" 0 3 18, +C4<00000000000000000000000000000101>;
P_000000000260a448 .param/l "clock_div_width" 0 3 19, +C4<00000000000000000000000000000011>;
L_00000000026046f0 .functor BUFZ 10, v00000000026121f0_0, C4<0000000000>, C4<0000000000>, C4<0000000000>;
v0000000002609000_0 .net "KEY", 1 0, v0000000002612470_0;  1 drivers
v0000000002608630_0 .net "LEDR", 9 0, L_00000000026046f0;  alias, 1 drivers
v00000000008ecad0_0 .net "MAX10_CLK1_50", 0 0, v0000000002612650_0;  1 drivers
v00000000026089a0_0 .net "SW", 9 0, v0000000002612290_0;  1 drivers
v0000000002608a40_0 .net *"_s13", 0 0, L_0000000002612510;  1 drivers
v0000000002611ed0_0 .net *"_s4", 0 0, L_0000000002612a10;  1 drivers
v0000000002612ab0_0 .net *"_s9", 0 0, L_0000000002611f70;  1 drivers
v0000000002612830_0 .var "clock_2500000hz", 0 0;
v00000000026121f0_0 .var "count", 9 0;
v0000000002612bf0_0 .var "div_counter", 2 0;
E_00000000026075c0/0 .event negedge, L_0000000002612510, L_0000000002611f70;
E_00000000026075c0/1 .event posedge, v0000000002612830_0;
E_00000000026075c0 .event/or E_00000000026075c0/0, E_00000000026075c0/1;
E_0000000002606980/0 .event negedge, L_0000000002612a10;
E_0000000002606980/1 .event posedge, v00000000008ecad0_0;
E_0000000002606980 .event/or E_0000000002606980/0, E_0000000002606980/1;
L_0000000002612a10 .part v0000000002612470_0, 0, 1;
L_0000000002611f70 .part v0000000002612470_0, 0, 1;
L_0000000002612510 .part v0000000002612470_0, 1, 1;
S_00000000025e2510 .scope task, "load_count" "load_count" 2 45, 2 45 0, S_0000000002608e70;
 .timescale -9 -10;
v00000000026128d0_0 .var "load_value", 9 0;
E_0000000002607280 .event negedge, v00000000008ecad0_0;
TD_tb.load_count ;
    %vpi_call 2 48 "$display", $time, "<< Loading counter with %h >>", v00000000026128d0_0 {0 0 0};
    %wait E_0000000002607280;
    %pushi/vec4 0, 0, 1;
    %ix/load 4, 1, 0;
    %flag_set/imm 4, 0;
    %store/vec4 v0000000002612470_0, 4, 1;
    %wait E_0000000002607280;
    %pushi/vec4 1, 0, 1;
    %ix/load 4, 1, 0;
    %flag_set/imm 4, 0;
    %store/vec4 v0000000002612470_0, 4, 1;
    %end;
    .scope S_0000000002608810;
T_1 ;
    %wait E_0000000002606980;
    %load/vec4 v0000000002609000_0;
    %parti/s 1, 0, 2;
    %pad/u 32;
    %cmpi/e 0, 0, 32;
    %jmp/0xz  T_1.0, 4;
    %pushi/vec4 0, 0, 3;
    %assign/vec4 v0000000002612bf0_0, 0;
    %pushi/vec4 0, 0, 1;
    %assign/vec4 v0000000002612830_0, 0;
    %jmp T_1.1;
T_1.0 ;
    %load/vec4 v00000000008ecad0_0;
    %pad/u 32;
    %cmpi/e 1, 0, 32;
    %jmp/0xz  T_1.2, 4;
    %load/vec4 v0000000002612bf0_0;
    %pad/u 32;
    %cmpi/e 5, 0, 32;
    %jmp/0xz  T_1.4, 4;
    %pushi/vec4 0, 0, 3;
    %assign/vec4 v0000000002612bf0_0, 0;
    %load/vec4 v0000000002612830_0;
    %inv;
    %assign/vec4 v0000000002612830_0, 0;
    %jmp T_1.5;
T_1.4 ;
    %load/vec4 v0000000002612bf0_0;
    %addi 1, 0, 3;
    %assign/vec4 v0000000002612bf0_0, 0;
T_1.5 ;
T_1.2 ;
T_1.1 ;
    %jmp T_1;
    .thread T_1;
    .scope S_0000000002608810;
T_2 ;
    %wait E_00000000026075c0;
    %load/vec4 v0000000002609000_0;
    %parti/s 1, 0, 2;
    %pad/u 32;
    %cmpi/e 0, 0, 32;
    %jmp/0xz  T_2.0, 4;
    %pushi/vec4 0, 0, 10;
    %assign/vec4 v00000000026121f0_0, 0;
    %jmp T_2.1;
T_2.0 ;
    %load/vec4 v0000000002609000_0;
    %parti/s 1, 1, 2;
    %pad/u 32;
    %cmpi/e 0, 0, 32;
    %jmp/0xz  T_2.2, 4;
    %load/vec4 v00000000026089a0_0;
    %assign/vec4 v00000000026121f0_0, 0;
    %jmp T_2.3;
T_2.2 ;
    %load/vec4 v00000000026121f0_0;
    %addi 1, 0, 10;
    %assign/vec4 v00000000026121f0_0, 0;
T_2.3 ;
T_2.1 ;
    %jmp T_2;
    .thread T_2;
    .scope S_0000000002608e70;
T_3 ;
    %delay 100, 0;
    %load/vec4 v0000000002612650_0;
    %inv;
    %store/vec4 v0000000002612650_0, 0, 1;
    %jmp T_3;
    .thread T_3;
    .scope S_0000000002608e70;
T_4 ;
    %vpi_call 2 23 "$dumpfile", "out.vcd" {0 0 0};
    %vpi_call 2 24 "$dumpvars" {0 0 0};
    %vpi_call 2 25 "$display", $time, "<< Starting Simulation >>" {0 0 0};
    %pushi/vec4 0, 0, 1;
    %store/vec4 v0000000002612650_0, 0, 1;
    %pushi/vec4 0, 0, 1;
    %ix/load 4, 0, 0;
    %flag_set/imm 4, 0;
    %store/vec4 v0000000002612470_0, 4, 1;
    %pushi/vec4 1, 0, 1;
    %ix/load 4, 1, 0;
    %flag_set/imm 4, 0;
    %store/vec4 v0000000002612470_0, 4, 1;
    %pushi/vec4 341, 0, 10;
    %store/vec4 v0000000002612290_0, 0, 10;
    %delay 200, 0;
    %vpi_call 2 30 "$display", $time, "<< counter = %d - Turning off reset... >>", v0000000002612970_0 {0 0 0};
    %pushi/vec4 1, 0, 1;
    %ix/load 4, 0, 0;
    %flag_set/imm 4, 0;
    %store/vec4 v0000000002612470_0, 4, 1;
    %delay 10000, 0;
    %vpi_call 2 33 "$display", $time, "<< counter = %d - Loading counter... >>", v0000000002612970_0 {0 0 0};
    %load/vec4 v0000000002612290_0;
    %store/vec4 v00000000026128d0_0, 0, 10;
    %fork TD_tb.load_count, S_00000000025e2510;
    %join;
    %delay 10000, 0;
    %vpi_call 2 35 "$display", $time, "<< Samuel Freed >>" {0 0 0};
    %vpi_call 2 36 "$finish" {0 0 0};
    %end;
    .thread T_4;
    .scope S_0000000002608e70;
T_5 ;
    %vpi_call 2 41 "$monitor", $time, "clock=%b, reset=%b, load = %b, load_value =%h, counter=%h", v0000000002612650_0, &PV<v0000000002612470_0, 0, 1>, &PV<v0000000002612470_0, 1, 1>, v0000000002612290_0, v0000000002612970_0 {0 0 0};
    %end;
    .thread T_5;
# The file index is used to find the file name in the following table.
:file_names 4;
    "N/A";
    "<interactive>";
    ".\tb_CounterSim.v";
    ".\CounterSim.v";
