Analysis & Synthesis report for lab2
Wed Nov 20 12:27:27 2019
Quartus Prime Version 18.1.0 Build 625 09/12/2018 SJ Lite Edition


---------------------
; Table of Contents ;
---------------------
  1. Legal Notice
  2. Analysis & Synthesis Summary
  3. Analysis & Synthesis Settings
  4. Parallel Compilation
  5. Analysis & Synthesis Source Files Read
  6. Analysis & Synthesis Resource Usage Summary
  7. Analysis & Synthesis Resource Utilization by Entity
  8. Registers Removed During Synthesis
  9. General Register Statistics
 10. Inverted Register Statistics
 11. Multiplexer Restructuring Statistics (Restructuring Performed)
 12. Parameter Settings for Inferred Entity Instance: translate:R1|lpm_divide:Div0
 13. Port Connectivity Checks: "sevenseg:U0"
 14. Port Connectivity Checks: "sevenseg:U1"
 15. Port Connectivity Checks: "sevenseg:U2"
 16. Port Connectivity Checks: "sevenseg:U3"
 17. Port Connectivity Checks: "sevenseg:U4"
 18. Port Connectivity Checks: "sevenseg:U5"
 19. Post-Synthesis Netlist Statistics for Top Partition
 20. Elapsed Time Per Partition
 21. Analysis & Synthesis Messages
 22. Analysis & Synthesis Suppressed Messages



----------------
; Legal Notice ;
----------------
Copyright (C) 2018  Intel Corporation. All rights reserved.
Your use of Intel Corporation's design tools, logic functions 
and other software and tools, and its AMPP partner logic 
functions, and any output files from any of the foregoing 
(including device programming or simulation files), and any 
associated documentation or information are expressly subject 
to the terms and conditions of the Intel Program License 
Subscription Agreement, the Intel Quartus Prime License Agreement,
the Intel FPGA IP License Agreement, or other applicable license
agreement, including, without limitation, that your use is for
the sole purpose of programming logic devices manufactured by
Intel and sold by Intel or its authorized distributors.  Please
refer to the applicable agreement for further details.



+----------------------------------------------------------------------------------+
; Analysis & Synthesis Summary                                                     ;
+------------------------------------+---------------------------------------------+
; Analysis & Synthesis Status        ; Successful - Wed Nov 20 12:27:27 2019       ;
; Quartus Prime Version              ; 18.1.0 Build 625 09/12/2018 SJ Lite Edition ;
; Revision Name                      ; lab2                                        ;
; Top-level Entity Name              ; lab2                                        ;
; Family                             ; MAX 10                                      ;
; Total logic elements               ; 170                                         ;
;     Total combinational functions  ; 169                                         ;
;     Dedicated logic registers      ; 53                                          ;
; Total registers                    ; 53                                          ;
; Total pins                         ; 71                                          ;
; Total virtual pins                 ; 0                                           ;
; Total memory bits                  ; 0                                           ;
; Embedded Multiplier 9-bit elements ; 0                                           ;
; Total PLLs                         ; 0                                           ;
; UFM blocks                         ; 0                                           ;
; ADC blocks                         ; 0                                           ;
+------------------------------------+---------------------------------------------+


+------------------------------------------------------------------------------------------------------------+
; Analysis & Synthesis Settings                                                                              ;
+------------------------------------------------------------------+--------------------+--------------------+
; Option                                                           ; Setting            ; Default Value      ;
+------------------------------------------------------------------+--------------------+--------------------+
; Device                                                           ; 10M50DAF484C7G     ;                    ;
; Top-level entity name                                            ; lab2               ; lab2               ;
; Family name                                                      ; MAX 10 FPGA        ; Cyclone V          ;
; Use smart compilation                                            ; Off                ; Off                ;
; Enable parallel Assembler and Timing Analyzer during compilation ; On                 ; On                 ;
; Enable compact report table                                      ; Off                ; Off                ;
; Restructure Multiplexers                                         ; Auto               ; Auto               ;
; Create Debugging Nodes for IP Cores                              ; Off                ; Off                ;
; Preserve fewer node names                                        ; On                 ; On                 ;
; Intel FPGA IP Evaluation Mode                                    ; Enable             ; Enable             ;
; Verilog Version                                                  ; Verilog_2001       ; Verilog_2001       ;
; VHDL Version                                                     ; VHDL_1993          ; VHDL_1993          ;
; State Machine Processing                                         ; Auto               ; Auto               ;
; Safe State Machine                                               ; Off                ; Off                ;
; Extract Verilog State Machines                                   ; On                 ; On                 ;
; Extract VHDL State Machines                                      ; On                 ; On                 ;
; Ignore Verilog initial constructs                                ; Off                ; Off                ;
; Iteration limit for constant Verilog loops                       ; 5000               ; 5000               ;
; Iteration limit for non-constant Verilog loops                   ; 250                ; 250                ;
; Add Pass-Through Logic to Inferred RAMs                          ; On                 ; On                 ;
; Infer RAMs from Raw Logic                                        ; On                 ; On                 ;
; Parallel Synthesis                                               ; On                 ; On                 ;
; DSP Block Balancing                                              ; Auto               ; Auto               ;
; NOT Gate Push-Back                                               ; On                 ; On                 ;
; Power-Up Don't Care                                              ; On                 ; On                 ;
; Remove Redundant Logic Cells                                     ; Off                ; Off                ;
; Remove Duplicate Registers                                       ; On                 ; On                 ;
; Ignore CARRY Buffers                                             ; Off                ; Off                ;
; Ignore CASCADE Buffers                                           ; Off                ; Off                ;
; Ignore GLOBAL Buffers                                            ; Off                ; Off                ;
; Ignore ROW GLOBAL Buffers                                        ; Off                ; Off                ;
; Ignore LCELL Buffers                                             ; Off                ; Off                ;
; Ignore SOFT Buffers                                              ; On                 ; On                 ;
; Limit AHDL Integers to 32 Bits                                   ; Off                ; Off                ;
; Optimization Technique                                           ; Balanced           ; Balanced           ;
; Carry Chain Length                                               ; 70                 ; 70                 ;
; Auto Carry Chains                                                ; On                 ; On                 ;
; Auto Open-Drain Pins                                             ; On                 ; On                 ;
; Perform WYSIWYG Primitive Resynthesis                            ; Off                ; Off                ;
; Auto ROM Replacement                                             ; On                 ; On                 ;
; Auto RAM Replacement                                             ; On                 ; On                 ;
; Auto DSP Block Replacement                                       ; On                 ; On                 ;
; Auto Shift Register Replacement                                  ; Auto               ; Auto               ;
; Allow Shift Register Merging across Hierarchies                  ; Auto               ; Auto               ;
; Auto Clock Enable Replacement                                    ; On                 ; On                 ;
; Strict RAM Replacement                                           ; Off                ; Off                ;
; Allow Synchronous Control Signals                                ; On                 ; On                 ;
; Force Use of Synchronous Clear Signals                           ; Off                ; Off                ;
; Auto RAM Block Balancing                                         ; On                 ; On                 ;
; Auto RAM to Logic Cell Conversion                                ; Off                ; Off                ;
; Auto Resource Sharing                                            ; Off                ; Off                ;
; Allow Any RAM Size For Recognition                               ; Off                ; Off                ;
; Allow Any ROM Size For Recognition                               ; Off                ; Off                ;
; Allow Any Shift Register Size For Recognition                    ; Off                ; Off                ;
; Use LogicLock Constraints during Resource Balancing              ; On                 ; On                 ;
; Ignore translate_off and synthesis_off directives                ; Off                ; Off                ;
; Timing-Driven Synthesis                                          ; On                 ; On                 ;
; Report Parameter Settings                                        ; On                 ; On                 ;
; Report Source Assignments                                        ; On                 ; On                 ;
; Report Connectivity Checks                                       ; On                 ; On                 ;
; Ignore Maximum Fan-Out Assignments                               ; Off                ; Off                ;
; Synchronization Register Chain Length                            ; 2                  ; 2                  ;
; Power Optimization During Synthesis                              ; Normal compilation ; Normal compilation ;
; HDL message level                                                ; Level2             ; Level2             ;
; Suppress Register Optimization Related Messages                  ; Off                ; Off                ;
; Number of Removed Registers Reported in Synthesis Report         ; 5000               ; 5000               ;
; Number of Swept Nodes Reported in Synthesis Report               ; 5000               ; 5000               ;
; Number of Inverted Registers Reported in Synthesis Report        ; 100                ; 100                ;
; Clock MUX Protection                                             ; On                 ; On                 ;
; Auto Gated Clock Conversion                                      ; Off                ; Off                ;
; Block Design Naming                                              ; Auto               ; Auto               ;
; SDC constraint protection                                        ; Off                ; Off                ;
; Synthesis Effort                                                 ; Auto               ; Auto               ;
; Shift Register Replacement - Allow Asynchronous Clear Signal     ; On                 ; On                 ;
; Pre-Mapping Resynthesis Optimization                             ; Off                ; Off                ;
; Analysis & Synthesis Message Level                               ; Medium             ; Medium             ;
; Disable Register Merging Across Hierarchies                      ; Auto               ; Auto               ;
; Resource Aware Inference For Block RAM                           ; On                 ; On                 ;
+------------------------------------------------------------------+--------------------+--------------------+


+------------------------------------------+
; Parallel Compilation                     ;
+----------------------------+-------------+
; Processors                 ; Number      ;
+----------------------------+-------------+
; Number detected on machine ; 4           ;
; Maximum allowed            ; 2           ;
;                            ;             ;
; Average used               ; 1.00        ;
; Maximum used               ; 2           ;
;                            ;             ;
; Usage by Processor         ; % Time Used ;
;     Processor 1            ; 100.0%      ;
;     Processor 2            ;   0.0%      ;
+----------------------------+-------------+


+------------------------------------------------------------------------------------------------------------------------------------------------------------------------------+
; Analysis & Synthesis Source Files Read                                                                                                                                       ;
+----------------------------------+-----------------+------------------------------+--------------------------------------------------------------------------------+---------+
; File Name with User-Entered Path ; Used in Netlist ; File Type                    ; File Name with Absolute Path                                                   ; Library ;
+----------------------------------+-----------------+------------------------------+--------------------------------------------------------------------------------+---------+
; ../Files/translate.v             ; yes             ; User Verilog HDL File        ; C:/Users/sjfre/Documents/Quartus Files/Lab 2/Files/translate.v                 ;         ;
; ../Files/bcd2.v                  ; yes             ; User Verilog HDL File        ; C:/Users/sjfre/Documents/Quartus Files/Lab 2/Files/bcd2.v                      ;         ;
; ../Files/bcd1.v                  ; yes             ; User Verilog HDL File        ; C:/Users/sjfre/Documents/Quartus Files/Lab 2/Files/bcd1.v                      ;         ;
; ../Files/toggle.v                ; yes             ; User Verilog HDL File        ; C:/Users/sjfre/Documents/Quartus Files/Lab 2/Files/toggle.v                    ;         ;
; ../Files/sevenseg.v              ; yes             ; User Verilog HDL File        ; C:/Users/sjfre/Documents/Quartus Files/Lab 2/Files/sevenseg.v                  ;         ;
; ../Files/lab2.v                  ; yes             ; User Verilog HDL File        ; C:/Users/sjfre/Documents/Quartus Files/Lab 2/Files/lab2.v                      ;         ;
; ../Files/clkdiv.v                ; yes             ; User Verilog HDL File        ; C:/Users/sjfre/Documents/Quartus Files/Lab 2/Files/clkdiv.v                    ;         ;
; lpm_divide.tdf                   ; yes             ; Megafunction                 ; c:/intelfpga_lite/18.1/quartus/libraries/megafunctions/lpm_divide.tdf          ;         ;
; abs_divider.inc                  ; yes             ; Megafunction                 ; c:/intelfpga_lite/18.1/quartus/libraries/megafunctions/abs_divider.inc         ;         ;
; sign_div_unsign.inc              ; yes             ; Megafunction                 ; c:/intelfpga_lite/18.1/quartus/libraries/megafunctions/sign_div_unsign.inc     ;         ;
; aglobal181.inc                   ; yes             ; Megafunction                 ; c:/intelfpga_lite/18.1/quartus/libraries/megafunctions/aglobal181.inc          ;         ;
; db/lpm_divide_6sl.tdf            ; yes             ; Auto-Generated Megafunction  ; C:/Users/sjfre/Documents/Quartus Files/Lab 2/System/db/lpm_divide_6sl.tdf      ;         ;
; db/sign_div_unsign_8kh.tdf       ; yes             ; Auto-Generated Megafunction  ; C:/Users/sjfre/Documents/Quartus Files/Lab 2/System/db/sign_div_unsign_8kh.tdf ;         ;
; db/alt_u_div_qee.tdf             ; yes             ; Auto-Generated Megafunction  ; C:/Users/sjfre/Documents/Quartus Files/Lab 2/System/db/alt_u_div_qee.tdf       ;         ;
; db/add_sub_t3c.tdf               ; yes             ; Auto-Generated Megafunction  ; C:/Users/sjfre/Documents/Quartus Files/Lab 2/System/db/add_sub_t3c.tdf         ;         ;
; db/add_sub_u3c.tdf               ; yes             ; Auto-Generated Megafunction  ; C:/Users/sjfre/Documents/Quartus Files/Lab 2/System/db/add_sub_u3c.tdf         ;         ;
+----------------------------------+-----------------+------------------------------+--------------------------------------------------------------------------------+---------+


+----------------------------------------------------------------+
; Analysis & Synthesis Resource Usage Summary                    ;
+---------------------------------------------+------------------+
; Resource                                    ; Usage            ;
+---------------------------------------------+------------------+
; Estimated Total logic elements              ; 170              ;
;                                             ;                  ;
; Total combinational functions               ; 169              ;
; Logic element usage by number of LUT inputs ;                  ;
;     -- 4 input functions                    ; 62               ;
;     -- 3 input functions                    ; 31               ;
;     -- <=2 input functions                  ; 76               ;
;                                             ;                  ;
; Logic elements by mode                      ;                  ;
;     -- normal mode                          ; 121              ;
;     -- arithmetic mode                      ; 48               ;
;                                             ;                  ;
; Total registers                             ; 53               ;
;     -- Dedicated logic registers            ; 53               ;
;     -- I/O registers                        ; 0                ;
;                                             ;                  ;
; I/O pins                                    ; 71               ;
;                                             ;                  ;
; Embedded Multiplier 9-bit elements          ; 0                ;
;                                             ;                  ;
; Maximum fan-out node                        ; ADC_CLK_10~input ;
; Maximum fan-out                             ; 41               ;
; Total fan-out                               ; 737              ;
; Average fan-out                             ; 2.02             ;
+---------------------------------------------+------------------+


+----------------------------------------------------------------------------------------------------------------------------------------------------------------------------------------------------------------------------------------------------------------------------------------------------------------------------------------------------------+
; Analysis & Synthesis Resource Utilization by Entity                                                                                                                                                                                                                                                                                                      ;
+-------------------------------------------+---------------------+---------------------------+-------------+------------+--------------+---------+-----------+------+--------------+------------+--------------------------------------------------------------------------------------------------------------------+---------------------+--------------+
; Compilation Hierarchy Node                ; Combinational ALUTs ; Dedicated Logic Registers ; Memory Bits ; UFM Blocks ; DSP Elements ; DSP 9x9 ; DSP 18x18 ; Pins ; Virtual Pins ; ADC blocks ; Full Hierarchy Name                                                                                                ; Entity Name         ; Library Name ;
+-------------------------------------------+---------------------+---------------------------+-------------+------------+--------------+---------+-----------+------+--------------+------------+--------------------------------------------------------------------------------------------------------------------+---------------------+--------------+
; |lab2                                     ; 169 (0)             ; 53 (1)                    ; 0           ; 0          ; 0            ; 0       ; 0         ; 71   ; 0            ; 0          ; |lab2                                                                                                              ; lab2                ; work         ;
;    |bcd1:B4|                              ; 5 (5)               ; 5 (5)                     ; 0           ; 0          ; 0            ; 0       ; 0         ; 0    ; 0            ; 0          ; |lab2|bcd1:B4                                                                                                      ; bcd1                ; work         ;
;    |bcd2:B5|                              ; 5 (5)               ; 4 (4)                     ; 0           ; 0          ; 0            ; 0       ; 0         ; 0    ; 0            ; 0          ; |lab2|bcd2:B5                                                                                                      ; bcd2                ; work         ;
;    |clkdiv:D1|                            ; 46 (46)             ; 26 (26)                   ; 0           ; 0          ; 0            ; 0       ; 0         ; 0    ; 0            ; 0          ; |lab2|clkdiv:D1                                                                                                    ; clkdiv              ; work         ;
;    |sevenseg:U0|                          ; 7 (7)               ; 0 (0)                     ; 0           ; 0          ; 0            ; 0       ; 0         ; 0    ; 0            ; 0          ; |lab2|sevenseg:U0                                                                                                  ; sevenseg            ; work         ;
;    |sevenseg:U1|                          ; 3 (3)               ; 0 (0)                     ; 0           ; 0          ; 0            ; 0       ; 0         ; 0    ; 0            ; 0          ; |lab2|sevenseg:U1                                                                                                  ; sevenseg            ; work         ;
;    |sevenseg:U2|                          ; 7 (7)               ; 0 (0)                     ; 0           ; 0          ; 0            ; 0       ; 0         ; 0    ; 0            ; 0          ; |lab2|sevenseg:U2                                                                                                  ; sevenseg            ; work         ;
;    |sevenseg:U4|                          ; 7 (7)               ; 0 (0)                     ; 0           ; 0          ; 0            ; 0       ; 0         ; 0    ; 0            ; 0          ; |lab2|sevenseg:U4                                                                                                  ; sevenseg            ; work         ;
;    |sevenseg:U5|                          ; 14 (14)             ; 0 (0)                     ; 0           ; 0          ; 0            ; 0       ; 0         ; 0    ; 0            ; 0          ; |lab2|sevenseg:U5                                                                                                  ; sevenseg            ; work         ;
;    |toggle:T1|                            ; 1 (1)               ; 1 (1)                     ; 0           ; 0          ; 0            ; 0       ; 0         ; 0    ; 0            ; 0          ; |lab2|toggle:T1                                                                                                    ; toggle              ; work         ;
;    |toggle:T2|                            ; 1 (1)               ; 1 (1)                     ; 0           ; 0          ; 0            ; 0       ; 0         ; 0    ; 0            ; 0          ; |lab2|toggle:T2                                                                                                    ; toggle              ; work         ;
;    |translate:R1|                         ; 73 (57)             ; 15 (15)                   ; 0           ; 0          ; 0            ; 0       ; 0         ; 0    ; 0            ; 0          ; |lab2|translate:R1                                                                                                 ; translate           ; work         ;
;       |lpm_divide:Div0|                   ; 16 (0)              ; 0 (0)                     ; 0           ; 0          ; 0            ; 0       ; 0         ; 0    ; 0            ; 0          ; |lab2|translate:R1|lpm_divide:Div0                                                                                 ; lpm_divide          ; work         ;
;          |lpm_divide_6sl:auto_generated|  ; 16 (0)              ; 0 (0)                     ; 0           ; 0          ; 0            ; 0       ; 0         ; 0    ; 0            ; 0          ; |lab2|translate:R1|lpm_divide:Div0|lpm_divide_6sl:auto_generated                                                   ; lpm_divide_6sl      ; work         ;
;             |sign_div_unsign_8kh:divider| ; 16 (0)              ; 0 (0)                     ; 0           ; 0          ; 0            ; 0       ; 0         ; 0    ; 0            ; 0          ; |lab2|translate:R1|lpm_divide:Div0|lpm_divide_6sl:auto_generated|sign_div_unsign_8kh:divider                       ; sign_div_unsign_8kh ; work         ;
;                |alt_u_div_qee:divider|    ; 16 (16)             ; 0 (0)                     ; 0           ; 0          ; 0            ; 0       ; 0         ; 0    ; 0            ; 0          ; |lab2|translate:R1|lpm_divide:Div0|lpm_divide_6sl:auto_generated|sign_div_unsign_8kh:divider|alt_u_div_qee:divider ; alt_u_div_qee       ; work         ;
+-------------------------------------------+---------------------+---------------------------+-------------+------------+--------------+---------+-----------+------+--------------+------------+--------------------------------------------------------------------------------------------------------------------+---------------------+--------------+
Note: For table entries with two numbers listed, the numbers in parentheses indicate the number of resources of the given type used by the specific entity alone. The numbers listed outside of parentheses indicate the total resources of the given type used by the specific entity and all of its sub-entities in the hierarchy.


+--------------------------------------------------------------------------------+
; Registers Removed During Synthesis                                             ;
+---------------------------------------+----------------------------------------+
; Register name                         ; Reason for Removal                     ;
+---------------------------------------+----------------------------------------+
; translate:R1|month[3]                 ; Stuck at GND due to stuck port data_in ;
; Total Number of Removed Registers = 1 ;                                        ;
+---------------------------------------+----------------------------------------+


+------------------------------------------------------+
; General Register Statistics                          ;
+----------------------------------------------+-------+
; Statistic                                    ; Value ;
+----------------------------------------------+-------+
; Total registers                              ; 53    ;
; Number of registers using Synchronous Clear  ; 25    ;
; Number of registers using Synchronous Load   ; 0     ;
; Number of registers using Asynchronous Clear ; 17    ;
; Number of registers using Asynchronous Load  ; 0     ;
; Number of registers using Clock Enable       ; 0     ;
; Number of registers using Preset             ; 0     ;
+----------------------------------------------+-------+


+--------------------------------------------------+
; Inverted Register Statistics                     ;
+----------------------------------------+---------+
; Inverted Register                      ; Fan out ;
+----------------------------------------+---------+
; blank                                  ; 7       ;
; bcd1:B4|mod10[0]                       ; 13      ;
; translate:R1|value[0]                  ; 6       ;
; Total number of inverted registers = 3 ;         ;
+----------------------------------------+---------+


+-------------------------------------------------------------------------------------------------------------------------------------------+
; Multiplexer Restructuring Statistics (Restructuring Performed)                                                                            ;
+--------------------+-----------+---------------+----------------------+------------------------+------------+-----------------------------+
; Multiplexer Inputs ; Bus Width ; Baseline Area ; Area if Restructured ; Saving if Restructured ; Registered ; Example Multiplexer Output  ;
+--------------------+-----------+---------------+----------------------+------------------------+------------+-----------------------------+
; 3:1                ; 2 bits    ; 4 LEs         ; 4 LEs                ; 0 LEs                  ; Yes        ; |lab2|translate:R1|month[1] ;
; 5:1                ; 5 bits    ; 15 LEs        ; 15 LEs               ; 0 LEs                  ; Yes        ; |lab2|translate:R1|day[0]   ;
+--------------------+-----------+---------------+----------------------+------------------------+------------+-----------------------------+


+-------------------------------------------------------------------------------+
; Parameter Settings for Inferred Entity Instance: translate:R1|lpm_divide:Div0 ;
+------------------------+----------------+-------------------------------------+
; Parameter Name         ; Value          ; Type                                ;
+------------------------+----------------+-------------------------------------+
; LPM_WIDTHN             ; 5              ; Untyped                             ;
; LPM_WIDTHD             ; 4              ; Untyped                             ;
; LPM_NREPRESENTATION    ; UNSIGNED       ; Untyped                             ;
; LPM_DREPRESENTATION    ; UNSIGNED       ; Untyped                             ;
; LPM_PIPELINE           ; 0              ; Untyped                             ;
; LPM_REMAINDERPOSITIVE  ; TRUE           ; Untyped                             ;
; MAXIMIZE_SPEED         ; 5              ; Untyped                             ;
; CBXI_PARAMETER         ; lpm_divide_6sl ; Untyped                             ;
; CARRY_CHAIN            ; MANUAL         ; Untyped                             ;
; OPTIMIZE_FOR_SPEED     ; 5              ; Untyped                             ;
; AUTO_CARRY_CHAINS      ; ON             ; AUTO_CARRY                          ;
; IGNORE_CARRY_BUFFERS   ; OFF            ; IGNORE_CARRY                        ;
; AUTO_CASCADE_CHAINS    ; ON             ; AUTO_CASCADE                        ;
; IGNORE_CASCADE_BUFFERS ; OFF            ; IGNORE_CASCADE                      ;
+------------------------+----------------+-------------------------------------+
Note: In order to hide this table in the UI and the text report file, please set the "Show Parameter Settings in Synthesis Report" option in "Analysis and Synthesis Settings -> More Settings" to "Off".


+-----------------------------------------+
; Port Connectivity Checks: "sevenseg:U0" ;
+-------+-------+----------+--------------+
; Port  ; Type  ; Severity ; Details      ;
+-------+-------+----------+--------------+
; minus ; Input ; Info     ; Stuck at GND ;
; blank ; Input ; Info     ; Stuck at GND ;
+-------+-------+----------+--------------+


+-----------------------------------------+
; Port Connectivity Checks: "sevenseg:U1" ;
+-------+-------+----------+--------------+
; Port  ; Type  ; Severity ; Details      ;
+-------+-------+----------+--------------+
; minus ; Input ; Info     ; Stuck at GND ;
; blank ; Input ; Info     ; Stuck at GND ;
+-------+-------+----------+--------------+


+-----------------------------------------+
; Port Connectivity Checks: "sevenseg:U2" ;
+-------+-------+----------+--------------+
; Port  ; Type  ; Severity ; Details      ;
+-------+-------+----------+--------------+
; minus ; Input ; Info     ; Stuck at GND ;
; blank ; Input ; Info     ; Stuck at GND ;
+-------+-------+----------+--------------+


+---------------------------------------------------+
; Port Connectivity Checks: "sevenseg:U3"           ;
+-------+-------+----------+------------------------+
; Port  ; Type  ; Severity ; Details                ;
+-------+-------+----------+------------------------+
; data  ; Input ; Info     ; Explicitly unconnected ;
; minus ; Input ; Info     ; Stuck at GND           ;
; blank ; Input ; Info     ; Stuck at VCC           ;
+-------+-------+----------+------------------------+


+-----------------------------------------+
; Port Connectivity Checks: "sevenseg:U4" ;
+-------+-------+----------+--------------+
; Port  ; Type  ; Severity ; Details      ;
+-------+-------+----------+--------------+
; minus ; Input ; Info     ; Stuck at GND ;
; blank ; Input ; Info     ; Stuck at GND ;
+-------+-------+----------+--------------+


+-----------------------------------------+
; Port Connectivity Checks: "sevenseg:U5" ;
+-------+-------+----------+--------------+
; Port  ; Type  ; Severity ; Details      ;
+-------+-------+----------+--------------+
; minus ; Input ; Info     ; Stuck at GND ;
+-------+-------+----------+--------------+


+-----------------------------------------------------+
; Post-Synthesis Netlist Statistics for Top Partition ;
+-----------------------+-----------------------------+
; Type                  ; Count                       ;
+-----------------------+-----------------------------+
; boundary_port         ; 71                          ;
; cycloneiii_ff         ; 53                          ;
;     CLR               ; 17                          ;
;     SCLR              ; 25                          ;
;     plain             ; 11                          ;
; cycloneiii_lcell_comb ; 176                         ;
;     arith             ; 48                          ;
;         2 data inputs ; 36                          ;
;         3 data inputs ; 12                          ;
;     normal            ; 128                         ;
;         0 data inputs ; 4                           ;
;         1 data inputs ; 13                          ;
;         2 data inputs ; 30                          ;
;         3 data inputs ; 19                          ;
;         4 data inputs ; 62                          ;
;                       ;                             ;
; Max LUT depth         ; 7.70                        ;
; Average LUT depth     ; 3.77                        ;
+-----------------------+-----------------------------+


+-------------------------------+
; Elapsed Time Per Partition    ;
+----------------+--------------+
; Partition Name ; Elapsed Time ;
+----------------+--------------+
; Top            ; 00:00:02     ;
+----------------+--------------+


+-------------------------------+
; Analysis & Synthesis Messages ;
+-------------------------------+
Info: *******************************************************************
Info: Running Quartus Prime Analysis & Synthesis
    Info: Version 18.1.0 Build 625 09/12/2018 SJ Lite Edition
    Info: Processing started: Wed Nov 20 12:27:08 2019
Info: Command: quartus_map --read_settings_files=on --write_settings_files=off lab2 -c lab2
Warning (18236): Number of processors has not been specified which may cause overloading on shared machines.  Set the global assignment NUM_PARALLEL_PROCESSORS in your QSF to an appropriate value for best performance.
Info (20030): Parallel compilation is enabled and will use 2 of the 2 processors detected
Info (12021): Found 1 design units, including 1 entities, in source file /users/sjfre/documents/quartus files/lab 2/files/translate.v
    Info (12023): Found entity 1: translate File: C:/Users/sjfre/Documents/Quartus Files/Lab 2/Files/translate.v Line: 1
Info (12021): Found 1 design units, including 1 entities, in source file /users/sjfre/documents/quartus files/lab 2/files/bcd2.v
    Info (12023): Found entity 1: bcd2 File: C:/Users/sjfre/Documents/Quartus Files/Lab 2/Files/bcd2.v Line: 1
Info (12021): Found 1 design units, including 1 entities, in source file /users/sjfre/documents/quartus files/lab 2/files/bcd1.v
    Info (12023): Found entity 1: bcd1 File: C:/Users/sjfre/Documents/Quartus Files/Lab 2/Files/bcd1.v Line: 1
Info (12021): Found 1 design units, including 1 entities, in source file /users/sjfre/documents/quartus files/lab 2/files/toggle.v
    Info (12023): Found entity 1: toggle File: C:/Users/sjfre/Documents/Quartus Files/Lab 2/Files/toggle.v Line: 1
Info (12021): Found 1 design units, including 1 entities, in source file /users/sjfre/documents/quartus files/lab 2/files/sevenseg.v
    Info (12023): Found entity 1: sevenseg File: C:/Users/sjfre/Documents/Quartus Files/Lab 2/Files/sevenseg.v Line: 1
Info (12021): Found 1 design units, including 1 entities, in source file /users/sjfre/documents/quartus files/lab 2/files/lab2.v
    Info (12023): Found entity 1: lab2 File: C:/Users/sjfre/Documents/Quartus Files/Lab 2/Files/lab2.v Line: 1
Info (12021): Found 1 design units, including 1 entities, in source file /users/sjfre/documents/quartus files/lab 2/files/clkdiv.v
    Info (12023): Found entity 1: clkdiv File: C:/Users/sjfre/Documents/Quartus Files/Lab 2/Files/clkdiv.v Line: 1
Info (12127): Elaborating entity "lab2" for the top level hierarchy
Info (12128): Elaborating entity "toggle" for hierarchy "toggle:T1" File: C:/Users/sjfre/Documents/Quartus Files/Lab 2/Files/lab2.v Line: 20
Info (12128): Elaborating entity "clkdiv" for hierarchy "clkdiv:D1" File: C:/Users/sjfre/Documents/Quartus Files/Lab 2/Files/lab2.v Line: 31
Warning (10230): Verilog HDL assignment warning at clkdiv.v(9): truncated value with size 32 to match size of target (25) File: C:/Users/sjfre/Documents/Quartus Files/Lab 2/Files/clkdiv.v Line: 9
Warning (10230): Verilog HDL assignment warning at clkdiv.v(14): truncated value with size 32 to match size of target (25) File: C:/Users/sjfre/Documents/Quartus Files/Lab 2/Files/clkdiv.v Line: 14
Info (12128): Elaborating entity "bcd1" for hierarchy "bcd1:B4" File: C:/Users/sjfre/Documents/Quartus Files/Lab 2/Files/lab2.v Line: 51
Warning (10230): Verilog HDL assignment warning at bcd1.v(17): truncated value with size 32 to match size of target (4) File: C:/Users/sjfre/Documents/Quartus Files/Lab 2/Files/bcd1.v Line: 17
Info (12128): Elaborating entity "bcd2" for hierarchy "bcd2:B5" File: C:/Users/sjfre/Documents/Quartus Files/Lab 2/Files/lab2.v Line: 52
Warning (10230): Verilog HDL assignment warning at bcd2.v(12): truncated value with size 32 to match size of target (4) File: C:/Users/sjfre/Documents/Quartus Files/Lab 2/Files/bcd2.v Line: 12
Info (12128): Elaborating entity "sevenseg" for hierarchy "sevenseg:U5" File: C:/Users/sjfre/Documents/Quartus Files/Lab 2/Files/lab2.v Line: 54
Info (12128): Elaborating entity "translate" for hierarchy "translate:R1" File: C:/Users/sjfre/Documents/Quartus Files/Lab 2/Files/lab2.v Line: 63
Warning (10230): Verilog HDL assignment warning at translate.v(20): truncated value with size 32 to match size of target (7) File: C:/Users/sjfre/Documents/Quartus Files/Lab 2/Files/translate.v Line: 20
Warning (10230): Verilog HDL assignment warning at translate.v(28): truncated value with size 7 to match size of target (5) File: C:/Users/sjfre/Documents/Quartus Files/Lab 2/Files/translate.v Line: 28
Warning (10230): Verilog HDL assignment warning at translate.v(33): truncated value with size 32 to match size of target (5) File: C:/Users/sjfre/Documents/Quartus Files/Lab 2/Files/translate.v Line: 33
Warning (10230): Verilog HDL assignment warning at translate.v(38): truncated value with size 32 to match size of target (5) File: C:/Users/sjfre/Documents/Quartus Files/Lab 2/Files/translate.v Line: 38
Warning (10230): Verilog HDL assignment warning at translate.v(43): truncated value with size 32 to match size of target (5) File: C:/Users/sjfre/Documents/Quartus Files/Lab 2/Files/translate.v Line: 43
Warning (10230): Verilog HDL assignment warning at translate.v(52): truncated value with size 32 to match size of target (4) File: C:/Users/sjfre/Documents/Quartus Files/Lab 2/Files/translate.v Line: 52
Warning (10230): Verilog HDL assignment warning at translate.v(53): truncated value with size 32 to match size of target (4) File: C:/Users/sjfre/Documents/Quartus Files/Lab 2/Files/translate.v Line: 53
Info (278001): Inferred 1 megafunctions from design logic
    Info (278004): Inferred divider/modulo megafunction ("lpm_divide") from the following logic: "translate:R1|Div0" File: C:/Users/sjfre/Documents/Quartus Files/Lab 2/Files/translate.v Line: 52
Info (12130): Elaborated megafunction instantiation "translate:R1|lpm_divide:Div0" File: C:/Users/sjfre/Documents/Quartus Files/Lab 2/Files/translate.v Line: 52
Info (12133): Instantiated megafunction "translate:R1|lpm_divide:Div0" with the following parameter: File: C:/Users/sjfre/Documents/Quartus Files/Lab 2/Files/translate.v Line: 52
    Info (12134): Parameter "LPM_WIDTHN" = "5"
    Info (12134): Parameter "LPM_WIDTHD" = "4"
    Info (12134): Parameter "LPM_NREPRESENTATION" = "UNSIGNED"
    Info (12134): Parameter "LPM_DREPRESENTATION" = "UNSIGNED"
Info (12021): Found 1 design units, including 1 entities, in source file db/lpm_divide_6sl.tdf
    Info (12023): Found entity 1: lpm_divide_6sl File: C:/Users/sjfre/Documents/Quartus Files/Lab 2/System/db/lpm_divide_6sl.tdf Line: 24
Info (12021): Found 1 design units, including 1 entities, in source file db/sign_div_unsign_8kh.tdf
    Info (12023): Found entity 1: sign_div_unsign_8kh File: C:/Users/sjfre/Documents/Quartus Files/Lab 2/System/db/sign_div_unsign_8kh.tdf Line: 24
Info (12021): Found 1 design units, including 1 entities, in source file db/alt_u_div_qee.tdf
    Info (12023): Found entity 1: alt_u_div_qee File: C:/Users/sjfre/Documents/Quartus Files/Lab 2/System/db/alt_u_div_qee.tdf Line: 26
Info (12021): Found 1 design units, including 1 entities, in source file db/add_sub_t3c.tdf
    Info (12023): Found entity 1: add_sub_t3c File: C:/Users/sjfre/Documents/Quartus Files/Lab 2/System/db/add_sub_t3c.tdf Line: 22
Info (12021): Found 1 design units, including 1 entities, in source file db/add_sub_u3c.tdf
    Info (12023): Found entity 1: add_sub_u3c File: C:/Users/sjfre/Documents/Quartus Files/Lab 2/System/db/add_sub_u3c.tdf Line: 22
Info (13000): Registers with preset signals will power-up high File: C:/Users/sjfre/Documents/Quartus Files/Lab 2/Files/lab2.v Line: 39
Info (13003): DEV_CLRn pin will set, and not reset, register with preset signal due to NOT Gate Push-Back
Warning (13024): Output pins are stuck at VCC or GND
    Warning (13410): Pin "HEX5[7]" is stuck at VCC File: C:/Users/sjfre/Documents/Quartus Files/Lab 2/Files/lab2.v Line: 5
    Warning (13410): Pin "HEX4[7]" is stuck at VCC File: C:/Users/sjfre/Documents/Quartus Files/Lab 2/Files/lab2.v Line: 6
    Warning (13410): Pin "HEX3[0]" is stuck at VCC File: C:/Users/sjfre/Documents/Quartus Files/Lab 2/Files/lab2.v Line: 7
    Warning (13410): Pin "HEX3[1]" is stuck at VCC File: C:/Users/sjfre/Documents/Quartus Files/Lab 2/Files/lab2.v Line: 7
    Warning (13410): Pin "HEX3[2]" is stuck at VCC File: C:/Users/sjfre/Documents/Quartus Files/Lab 2/Files/lab2.v Line: 7
    Warning (13410): Pin "HEX3[3]" is stuck at VCC File: C:/Users/sjfre/Documents/Quartus Files/Lab 2/Files/lab2.v Line: 7
    Warning (13410): Pin "HEX3[4]" is stuck at VCC File: C:/Users/sjfre/Documents/Quartus Files/Lab 2/Files/lab2.v Line: 7
    Warning (13410): Pin "HEX3[5]" is stuck at VCC File: C:/Users/sjfre/Documents/Quartus Files/Lab 2/Files/lab2.v Line: 7
    Warning (13410): Pin "HEX3[6]" is stuck at VCC File: C:/Users/sjfre/Documents/Quartus Files/Lab 2/Files/lab2.v Line: 7
    Warning (13410): Pin "HEX3[7]" is stuck at VCC File: C:/Users/sjfre/Documents/Quartus Files/Lab 2/Files/lab2.v Line: 7
    Warning (13410): Pin "HEX2[7]" is stuck at VCC File: C:/Users/sjfre/Documents/Quartus Files/Lab 2/Files/lab2.v Line: 8
    Warning (13410): Pin "HEX1[1]" is stuck at GND File: C:/Users/sjfre/Documents/Quartus Files/Lab 2/Files/lab2.v Line: 9
    Warning (13410): Pin "HEX1[7]" is stuck at VCC File: C:/Users/sjfre/Documents/Quartus Files/Lab 2/Files/lab2.v Line: 9
    Warning (13410): Pin "HEX0[7]" is stuck at VCC File: C:/Users/sjfre/Documents/Quartus Files/Lab 2/Files/lab2.v Line: 10
    Warning (13410): Pin "LEDR[2]" is stuck at GND File: C:/Users/sjfre/Documents/Quartus Files/Lab 2/Files/lab2.v Line: 12
    Warning (13410): Pin "LEDR[3]" is stuck at GND File: C:/Users/sjfre/Documents/Quartus Files/Lab 2/Files/lab2.v Line: 12
    Warning (13410): Pin "LEDR[4]" is stuck at GND File: C:/Users/sjfre/Documents/Quartus Files/Lab 2/Files/lab2.v Line: 12
    Warning (13410): Pin "LEDR[5]" is stuck at GND File: C:/Users/sjfre/Documents/Quartus Files/Lab 2/Files/lab2.v Line: 12
    Warning (13410): Pin "LEDR[6]" is stuck at GND File: C:/Users/sjfre/Documents/Quartus Files/Lab 2/Files/lab2.v Line: 12
    Warning (13410): Pin "LEDR[7]" is stuck at GND File: C:/Users/sjfre/Documents/Quartus Files/Lab 2/Files/lab2.v Line: 12
    Warning (13410): Pin "LEDR[8]" is stuck at GND File: C:/Users/sjfre/Documents/Quartus Files/Lab 2/Files/lab2.v Line: 12
Info (286030): Timing-Driven Synthesis is running
Info (144001): Generated suppressed messages file C:/Users/sjfre/Documents/Quartus Files/Lab 2/System/lab2.map.smsg
Info (16010): Generating hard_block partition "hard_block:auto_generated_inst"
    Info (16011): Adding 0 node(s), including 0 DDIO, 0 PLL, 0 transceiver and 0 LCELL
Warning (21074): Design contains 9 input pin(s) that do not drive logic
    Warning (15610): No output dependent on input pin "SW[0]" File: C:/Users/sjfre/Documents/Quartus Files/Lab 2/Files/lab2.v Line: 2
    Warning (15610): No output dependent on input pin "SW[1]" File: C:/Users/sjfre/Documents/Quartus Files/Lab 2/Files/lab2.v Line: 2
    Warning (15610): No output dependent on input pin "SW[2]" File: C:/Users/sjfre/Documents/Quartus Files/Lab 2/Files/lab2.v Line: 2
    Warning (15610): No output dependent on input pin "SW[3]" File: C:/Users/sjfre/Documents/Quartus Files/Lab 2/Files/lab2.v Line: 2
    Warning (15610): No output dependent on input pin "SW[4]" File: C:/Users/sjfre/Documents/Quartus Files/Lab 2/Files/lab2.v Line: 2
    Warning (15610): No output dependent on input pin "SW[5]" File: C:/Users/sjfre/Documents/Quartus Files/Lab 2/Files/lab2.v Line: 2
    Warning (15610): No output dependent on input pin "SW[6]" File: C:/Users/sjfre/Documents/Quartus Files/Lab 2/Files/lab2.v Line: 2
    Warning (15610): No output dependent on input pin "SW[7]" File: C:/Users/sjfre/Documents/Quartus Files/Lab 2/Files/lab2.v Line: 2
    Warning (15610): No output dependent on input pin "SW[8]" File: C:/Users/sjfre/Documents/Quartus Files/Lab 2/Files/lab2.v Line: 2
Info (21057): Implemented 242 device resources after synthesis - the final resource count might be different
    Info (21058): Implemented 13 input pins
    Info (21059): Implemented 58 output pins
    Info (21061): Implemented 171 logic cells
Info: Quartus Prime Analysis & Synthesis was successful. 0 errors, 44 warnings
    Info: Peak virtual memory: 4755 megabytes
    Info: Processing ended: Wed Nov 20 12:27:27 2019
    Info: Elapsed time: 00:00:19
    Info: Total CPU time (on all processors): 00:00:33


+------------------------------------------+
; Analysis & Synthesis Suppressed Messages ;
+------------------------------------------+
The suppressed messages can be found in C:/Users/sjfre/Documents/Quartus Files/Lab 2/System/lab2.map.smsg.


