#! /usr/local/iverilog/bin/vvp
:ivl_version "11.0 (devel)" "(s20150603-612-ga9388a89)";
:ivl_delay_selection "TYPICAL";
:vpi_time_precision - 10;
:vpi_module "system";
:vpi_module "vhdl_sys";
:vpi_module "vhdl_textio";
:vpi_module "v2005_math";
:vpi_module "va_math";
S_0000000000885400 .scope module, "tb" "tb" 2 3;
 .timescale -9 -10;
v000000000087f770_0 .net "HEX5", 7 0, v0000000000880ad0_0;  1 drivers
v000000000087f8b0_0 .var "KEY", 1 0;
v000000000087f4f0_0 .net "LEDR", 9 0, L_000000000087fbd0;  1 drivers
v000000000087f9f0_0 .var "SW", 7 0;
S_0000000000863a40 .scope module, "DUT" "block1" 2 10, 3 1 0, S_0000000000885400;
 .timescale 0 0;
    .port_info 0 /INPUT 8 "SW";
    .port_info 1 /INPUT 2 "KEY";
    .port_info 2 /OUTPUT 8 "HEX0";
    .port_info 3 /OUTPUT 8 "HEX1";
    .port_info 4 /OUTPUT 8 "HEX2";
    .port_info 5 /OUTPUT 8 "HEX3";
    .port_info 6 /OUTPUT 8 "HEX4";
    .port_info 7 /OUTPUT 8 "HEX5";
    .port_info 8 /OUTPUT 10 "LEDR";
L_0000000000860fc0 .functor NOT 8, v000000000087f9f0_0, C4<00000000>, C4<00000000>, C4<00000000>;
v0000000000880990_0 .net "Bday", 23 0, L_00000000008ed950;  1 drivers
L_0000000002810088 .functor BUFT 1, C4<000100100010000110011001>, C4<0>, C4<0>, C4<0>;
v0000000000880170_0 .net "Bday1", 23 0, L_0000000002810088;  1 drivers
L_00000000028100d0 .functor BUFT 1, C4<000001000000011110011001>, C4<0>, C4<0>, C4<0>;
v0000000000880210_0 .net "Bday2", 23 0, L_00000000028100d0;  1 drivers
v00000000008805d0_0 .net "HEX0", 7 0, v000000000087f590_0;  1 drivers
v000000000087fa90_0 .net "HEX1", 7 0, v0000000000880030_0;  1 drivers
v0000000000880c10_0 .net "HEX2", 7 0, v000000000087fe50_0;  1 drivers
v000000000087f3b0_0 .net "HEX3", 7 0, v0000000000880b70_0;  1 drivers
v00000000008802b0_0 .net "HEX4", 7 0, v0000000000880350_0;  1 drivers
v0000000000880df0_0 .net "HEX5", 7 0, v0000000000880ad0_0;  alias, 1 drivers
v0000000000880530_0 .net "KEY", 1 0, v000000000087f8b0_0;  1 drivers
v000000000087f450_0 .net "LEDR", 9 0, L_000000000087fbd0;  alias, 1 drivers
v0000000000880cb0_0 .net "SW", 7 0, v000000000087f9f0_0;  1 drivers
v0000000000880e90_0 .net *"_s10", 7 0, L_00000000008ee5d0;  1 drivers
v0000000000880670_0 .net *"_s13", 0 0, L_00000000008ed590;  1 drivers
v0000000000880710_0 .net *"_s7", 0 0, L_000000000087fd10;  1 drivers
v000000000087f090_0 .net *"_s8", 7 0, L_0000000000860fc0;  1 drivers
L_000000000087fbd0 .part/pv L_00000000008ee5d0, 0, 8, 10;
L_000000000087fd10 .part v000000000087f8b0_0, 0, 1;
L_00000000008ee5d0 .functor MUXZ 8, L_0000000000860fc0, v000000000087f9f0_0, L_000000000087fd10, C4<>;
L_00000000008ed590 .part v000000000087f8b0_0, 1, 1;
L_00000000008ed950 .functor MUXZ 24, L_00000000028100d0, L_0000000002810088, L_00000000008ed590, C4<>;
L_00000000008ee8f0 .part L_00000000008ed950, 20, 4;
L_00000000008ee170 .part L_00000000008ed950, 16, 4;
L_00000000008ee670 .part L_00000000008ed950, 12, 4;
L_00000000008ed630 .part L_00000000008ed950, 8, 4;
L_00000000008ed450 .part L_00000000008ed950, 4, 4;
L_00000000008eea30 .part L_00000000008ed950, 0, 4;
S_00000000008633a0 .scope module, "U0" "sevenseg" 3 25, 4 1 0, S_0000000000863a40;
 .timescale -9 -10;
    .port_info 0 /INPUT 4 "data";
    .port_info 1 /INPUT 1 "blank";
    .port_info 2 /INPUT 1 "minus";
    .port_info 3 /OUTPUT 8 "HEX";
v000000000087f590_0 .var "HEX", 7 0;
L_00000000028103e8 .functor BUFT 1, C4<0>, C4<0>, C4<0>, C4<0>;
v000000000087f6d0_0 .net "blank", 0 0, L_00000000028103e8;  1 drivers
v000000000087f810_0 .net "data", 3 0, L_00000000008eea30;  1 drivers
L_0000000002810430 .functor BUFT 1, C4<0>, C4<0>, C4<0>, C4<0>;
v000000000087fdb0_0 .net "minus", 0 0, L_0000000002810430;  1 drivers
E_000000000087c970 .event edge, v000000000087f810_0, v000000000087fdb0_0, v000000000087f6d0_0;
S_0000000000863530 .scope module, "U1" "sevenseg" 3 24, 4 1 0, S_0000000000863a40;
 .timescale -9 -10;
    .port_info 0 /INPUT 4 "data";
    .port_info 1 /INPUT 1 "blank";
    .port_info 2 /INPUT 1 "minus";
    .port_info 3 /OUTPUT 8 "HEX";
v0000000000880030_0 .var "HEX", 7 0;
L_0000000002810358 .functor BUFT 1, C4<0>, C4<0>, C4<0>, C4<0>;
v000000000087f950_0 .net "blank", 0 0, L_0000000002810358;  1 drivers
v000000000087fc70_0 .net "data", 3 0, L_00000000008ed450;  1 drivers
L_00000000028103a0 .functor BUFT 1, C4<0>, C4<0>, C4<0>, C4<0>;
v0000000000880a30_0 .net "minus", 0 0, L_00000000028103a0;  1 drivers
E_000000000087c370 .event edge, v000000000087fc70_0, v0000000000880a30_0, v000000000087f950_0;
S_00000000008685d0 .scope module, "U2" "sevenseg" 3 23, 4 1 0, S_0000000000863a40;
 .timescale -9 -10;
    .port_info 0 /INPUT 4 "data";
    .port_info 1 /INPUT 1 "blank";
    .port_info 2 /INPUT 1 "minus";
    .port_info 3 /OUTPUT 8 "HEX";
v000000000087fe50_0 .var "HEX", 7 0;
L_00000000028102c8 .functor BUFT 1, C4<0>, C4<0>, C4<0>, C4<0>;
v000000000087f1d0_0 .net "blank", 0 0, L_00000000028102c8;  1 drivers
v00000000008807b0_0 .net "data", 3 0, L_00000000008ed630;  1 drivers
L_0000000002810310 .functor BUFT 1, C4<0>, C4<0>, C4<0>, C4<0>;
v000000000087ff90_0 .net "minus", 0 0, L_0000000002810310;  1 drivers
E_000000000087c630 .event edge, v00000000008807b0_0, v000000000087ff90_0, v000000000087f1d0_0;
S_0000000000868760 .scope module, "U3" "sevenseg" 3 22, 4 1 0, S_0000000000863a40;
 .timescale -9 -10;
    .port_info 0 /INPUT 4 "data";
    .port_info 1 /INPUT 1 "blank";
    .port_info 2 /INPUT 1 "minus";
    .port_info 3 /OUTPUT 8 "HEX";
v0000000000880b70_0 .var "HEX", 7 0;
L_0000000002810238 .functor BUFT 1, C4<0>, C4<0>, C4<0>, C4<0>;
v0000000000880850_0 .net "blank", 0 0, L_0000000002810238;  1 drivers
v000000000087fb30_0 .net "data", 3 0, L_00000000008ee670;  1 drivers
L_0000000002810280 .functor BUFT 1, C4<0>, C4<0>, C4<0>, C4<0>;
v000000000087f310_0 .net "minus", 0 0, L_0000000002810280;  1 drivers
E_000000000087cdf0 .event edge, v000000000087fb30_0, v000000000087f310_0, v0000000000880850_0;
S_000000000086cfb0 .scope module, "U4" "sevenseg" 3 21, 4 1 0, S_0000000000863a40;
 .timescale -9 -10;
    .port_info 0 /INPUT 4 "data";
    .port_info 1 /INPUT 1 "blank";
    .port_info 2 /INPUT 1 "minus";
    .port_info 3 /OUTPUT 8 "HEX";
v0000000000880350_0 .var "HEX", 7 0;
L_00000000028101a8 .functor BUFT 1, C4<0>, C4<0>, C4<0>, C4<0>;
v000000000087f630_0 .net "blank", 0 0, L_00000000028101a8;  1 drivers
v000000000087fef0_0 .net "data", 3 0, L_00000000008ee170;  1 drivers
L_00000000028101f0 .functor BUFT 1, C4<0>, C4<0>, C4<0>, C4<0>;
v00000000008803f0_0 .net "minus", 0 0, L_00000000028101f0;  1 drivers
E_000000000087cf30 .event edge, v000000000087fef0_0, v00000000008803f0_0, v000000000087f630_0;
S_000000000086d140 .scope module, "U5" "sevenseg" 3 20, 4 1 0, S_0000000000863a40;
 .timescale -9 -10;
    .port_info 0 /INPUT 4 "data";
    .port_info 1 /INPUT 1 "blank";
    .port_info 2 /INPUT 1 "minus";
    .port_info 3 /OUTPUT 8 "HEX";
v0000000000880ad0_0 .var "HEX", 7 0;
L_0000000002810118 .functor BUFT 1, C4<0>, C4<0>, C4<0>, C4<0>;
v00000000008808f0_0 .net "blank", 0 0, L_0000000002810118;  1 drivers
v00000000008800d0_0 .net "data", 3 0, L_00000000008ee8f0;  1 drivers
L_0000000002810160 .functor BUFT 1, C4<0>, C4<0>, C4<0>, C4<0>;
v000000000087f270_0 .net "minus", 0 0, L_0000000002810160;  1 drivers
E_000000000087cf70 .event edge, v00000000008800d0_0, v000000000087f270_0, v00000000008808f0_0;
    .scope S_000000000086d140;
T_0 ;
    %wait E_000000000087cf70;
    %load/vec4 v00000000008808f0_0;
    %load/vec4 v000000000087f270_0;
    %concat/vec4; draw_concat_vec4
    %load/vec4 v00000000008800d0_0;
    %concat/vec4; draw_concat_vec4
    %dup/vec4;
    %pushi/vec4 63, 31, 6;
    %cmp/x;
    %jmp/1 T_0.0, 4;
    %dup/vec4;
    %pushi/vec4 31, 15, 6;
    %cmp/x;
    %jmp/1 T_0.1, 4;
    %dup/vec4;
    %pushi/vec4 15, 0, 6;
    %cmp/x;
    %jmp/1 T_0.2, 4;
    %dup/vec4;
    %pushi/vec4 14, 0, 6;
    %cmp/x;
    %jmp/1 T_0.3, 4;
    %dup/vec4;
    %pushi/vec4 13, 0, 6;
    %cmp/x;
    %jmp/1 T_0.4, 4;
    %dup/vec4;
    %pushi/vec4 12, 0, 6;
    %cmp/x;
    %jmp/1 T_0.5, 4;
    %dup/vec4;
    %pushi/vec4 11, 0, 6;
    %cmp/x;
    %jmp/1 T_0.6, 4;
    %dup/vec4;
    %pushi/vec4 10, 0, 6;
    %cmp/x;
    %jmp/1 T_0.7, 4;
    %dup/vec4;
    %pushi/vec4 9, 0, 6;
    %cmp/x;
    %jmp/1 T_0.8, 4;
    %dup/vec4;
    %pushi/vec4 8, 0, 6;
    %cmp/x;
    %jmp/1 T_0.9, 4;
    %dup/vec4;
    %pushi/vec4 7, 0, 6;
    %cmp/x;
    %jmp/1 T_0.10, 4;
    %dup/vec4;
    %pushi/vec4 6, 0, 6;
    %cmp/x;
    %jmp/1 T_0.11, 4;
    %dup/vec4;
    %pushi/vec4 5, 0, 6;
    %cmp/x;
    %jmp/1 T_0.12, 4;
    %dup/vec4;
    %pushi/vec4 4, 0, 6;
    %cmp/x;
    %jmp/1 T_0.13, 4;
    %dup/vec4;
    %pushi/vec4 3, 0, 6;
    %cmp/x;
    %jmp/1 T_0.14, 4;
    %dup/vec4;
    %pushi/vec4 2, 0, 6;
    %cmp/x;
    %jmp/1 T_0.15, 4;
    %dup/vec4;
    %pushi/vec4 1, 0, 6;
    %cmp/x;
    %jmp/1 T_0.16, 4;
    %dup/vec4;
    %pushi/vec4 0, 0, 6;
    %cmp/x;
    %jmp/1 T_0.17, 4;
    %pushi/vec4 255, 0, 8;
    %store/vec4 v0000000000880ad0_0, 0, 8;
    %jmp T_0.19;
T_0.0 ;
    %pushi/vec4 255, 0, 8;
    %store/vec4 v0000000000880ad0_0, 0, 8;
    %jmp T_0.19;
T_0.1 ;
    %pushi/vec4 191, 0, 8;
    %store/vec4 v0000000000880ad0_0, 0, 8;
    %jmp T_0.19;
T_0.2 ;
    %pushi/vec4 184, 0, 8;
    %store/vec4 v0000000000880ad0_0, 0, 8;
    %jmp T_0.19;
T_0.3 ;
    %pushi/vec4 176, 0, 8;
    %store/vec4 v0000000000880ad0_0, 0, 8;
    %jmp T_0.19;
T_0.4 ;
    %pushi/vec4 131, 0, 8;
    %store/vec4 v0000000000880ad0_0, 0, 8;
    %jmp T_0.19;
T_0.5 ;
    %pushi/vec4 240, 0, 8;
    %store/vec4 v0000000000880ad0_0, 0, 8;
    %jmp T_0.19;
T_0.6 ;
    %pushi/vec4 161, 0, 8;
    %store/vec4 v0000000000880ad0_0, 0, 8;
    %jmp T_0.19;
T_0.7 ;
    %pushi/vec4 136, 0, 8;
    %store/vec4 v0000000000880ad0_0, 0, 8;
    %jmp T_0.19;
T_0.8 ;
    %pushi/vec4 144, 0, 8;
    %store/vec4 v0000000000880ad0_0, 0, 8;
    %jmp T_0.19;
T_0.9 ;
    %pushi/vec4 128, 0, 8;
    %store/vec4 v0000000000880ad0_0, 0, 8;
    %jmp T_0.19;
T_0.10 ;
    %pushi/vec4 248, 0, 8;
    %store/vec4 v0000000000880ad0_0, 0, 8;
    %jmp T_0.19;
T_0.11 ;
    %pushi/vec4 130, 0, 8;
    %store/vec4 v0000000000880ad0_0, 0, 8;
    %jmp T_0.19;
T_0.12 ;
    %pushi/vec4 164, 0, 8;
    %store/vec4 v0000000000880ad0_0, 0, 8;
    %jmp T_0.19;
T_0.13 ;
    %pushi/vec4 153, 0, 8;
    %store/vec4 v0000000000880ad0_0, 0, 8;
    %jmp T_0.19;
T_0.14 ;
    %pushi/vec4 176, 0, 8;
    %store/vec4 v0000000000880ad0_0, 0, 8;
    %jmp T_0.19;
T_0.15 ;
    %pushi/vec4 164, 0, 8;
    %store/vec4 v0000000000880ad0_0, 0, 8;
    %jmp T_0.19;
T_0.16 ;
    %pushi/vec4 249, 0, 8;
    %store/vec4 v0000000000880ad0_0, 0, 8;
    %jmp T_0.19;
T_0.17 ;
    %pushi/vec4 192, 0, 8;
    %store/vec4 v0000000000880ad0_0, 0, 8;
    %jmp T_0.19;
T_0.19 ;
    %pop/vec4 1;
    %jmp T_0;
    .thread T_0, $push;
    .scope S_000000000086cfb0;
T_1 ;
    %wait E_000000000087cf30;
    %load/vec4 v000000000087f630_0;
    %load/vec4 v00000000008803f0_0;
    %concat/vec4; draw_concat_vec4
    %load/vec4 v000000000087fef0_0;
    %concat/vec4; draw_concat_vec4
    %dup/vec4;
    %pushi/vec4 63, 31, 6;
    %cmp/x;
    %jmp/1 T_1.0, 4;
    %dup/vec4;
    %pushi/vec4 31, 15, 6;
    %cmp/x;
    %jmp/1 T_1.1, 4;
    %dup/vec4;
    %pushi/vec4 15, 0, 6;
    %cmp/x;
    %jmp/1 T_1.2, 4;
    %dup/vec4;
    %pushi/vec4 14, 0, 6;
    %cmp/x;
    %jmp/1 T_1.3, 4;
    %dup/vec4;
    %pushi/vec4 13, 0, 6;
    %cmp/x;
    %jmp/1 T_1.4, 4;
    %dup/vec4;
    %pushi/vec4 12, 0, 6;
    %cmp/x;
    %jmp/1 T_1.5, 4;
    %dup/vec4;
    %pushi/vec4 11, 0, 6;
    %cmp/x;
    %jmp/1 T_1.6, 4;
    %dup/vec4;
    %pushi/vec4 10, 0, 6;
    %cmp/x;
    %jmp/1 T_1.7, 4;
    %dup/vec4;
    %pushi/vec4 9, 0, 6;
    %cmp/x;
    %jmp/1 T_1.8, 4;
    %dup/vec4;
    %pushi/vec4 8, 0, 6;
    %cmp/x;
    %jmp/1 T_1.9, 4;
    %dup/vec4;
    %pushi/vec4 7, 0, 6;
    %cmp/x;
    %jmp/1 T_1.10, 4;
    %dup/vec4;
    %pushi/vec4 6, 0, 6;
    %cmp/x;
    %jmp/1 T_1.11, 4;
    %dup/vec4;
    %pushi/vec4 5, 0, 6;
    %cmp/x;
    %jmp/1 T_1.12, 4;
    %dup/vec4;
    %pushi/vec4 4, 0, 6;
    %cmp/x;
    %jmp/1 T_1.13, 4;
    %dup/vec4;
    %pushi/vec4 3, 0, 6;
    %cmp/x;
    %jmp/1 T_1.14, 4;
    %dup/vec4;
    %pushi/vec4 2, 0, 6;
    %cmp/x;
    %jmp/1 T_1.15, 4;
    %dup/vec4;
    %pushi/vec4 1, 0, 6;
    %cmp/x;
    %jmp/1 T_1.16, 4;
    %dup/vec4;
    %pushi/vec4 0, 0, 6;
    %cmp/x;
    %jmp/1 T_1.17, 4;
    %pushi/vec4 255, 0, 8;
    %store/vec4 v0000000000880350_0, 0, 8;
    %jmp T_1.19;
T_1.0 ;
    %pushi/vec4 255, 0, 8;
    %store/vec4 v0000000000880350_0, 0, 8;
    %jmp T_1.19;
T_1.1 ;
    %pushi/vec4 191, 0, 8;
    %store/vec4 v0000000000880350_0, 0, 8;
    %jmp T_1.19;
T_1.2 ;
    %pushi/vec4 184, 0, 8;
    %store/vec4 v0000000000880350_0, 0, 8;
    %jmp T_1.19;
T_1.3 ;
    %pushi/vec4 176, 0, 8;
    %store/vec4 v0000000000880350_0, 0, 8;
    %jmp T_1.19;
T_1.4 ;
    %pushi/vec4 131, 0, 8;
    %store/vec4 v0000000000880350_0, 0, 8;
    %jmp T_1.19;
T_1.5 ;
    %pushi/vec4 240, 0, 8;
    %store/vec4 v0000000000880350_0, 0, 8;
    %jmp T_1.19;
T_1.6 ;
    %pushi/vec4 161, 0, 8;
    %store/vec4 v0000000000880350_0, 0, 8;
    %jmp T_1.19;
T_1.7 ;
    %pushi/vec4 136, 0, 8;
    %store/vec4 v0000000000880350_0, 0, 8;
    %jmp T_1.19;
T_1.8 ;
    %pushi/vec4 144, 0, 8;
    %store/vec4 v0000000000880350_0, 0, 8;
    %jmp T_1.19;
T_1.9 ;
    %pushi/vec4 128, 0, 8;
    %store/vec4 v0000000000880350_0, 0, 8;
    %jmp T_1.19;
T_1.10 ;
    %pushi/vec4 248, 0, 8;
    %store/vec4 v0000000000880350_0, 0, 8;
    %jmp T_1.19;
T_1.11 ;
    %pushi/vec4 130, 0, 8;
    %store/vec4 v0000000000880350_0, 0, 8;
    %jmp T_1.19;
T_1.12 ;
    %pushi/vec4 164, 0, 8;
    %store/vec4 v0000000000880350_0, 0, 8;
    %jmp T_1.19;
T_1.13 ;
    %pushi/vec4 153, 0, 8;
    %store/vec4 v0000000000880350_0, 0, 8;
    %jmp T_1.19;
T_1.14 ;
    %pushi/vec4 176, 0, 8;
    %store/vec4 v0000000000880350_0, 0, 8;
    %jmp T_1.19;
T_1.15 ;
    %pushi/vec4 164, 0, 8;
    %store/vec4 v0000000000880350_0, 0, 8;
    %jmp T_1.19;
T_1.16 ;
    %pushi/vec4 249, 0, 8;
    %store/vec4 v0000000000880350_0, 0, 8;
    %jmp T_1.19;
T_1.17 ;
    %pushi/vec4 192, 0, 8;
    %store/vec4 v0000000000880350_0, 0, 8;
    %jmp T_1.19;
T_1.19 ;
    %pop/vec4 1;
    %jmp T_1;
    .thread T_1, $push;
    .scope S_0000000000868760;
T_2 ;
    %wait E_000000000087cdf0;
    %load/vec4 v0000000000880850_0;
    %load/vec4 v000000000087f310_0;
    %concat/vec4; draw_concat_vec4
    %load/vec4 v000000000087fb30_0;
    %concat/vec4; draw_concat_vec4
    %dup/vec4;
    %pushi/vec4 63, 31, 6;
    %cmp/x;
    %jmp/1 T_2.0, 4;
    %dup/vec4;
    %pushi/vec4 31, 15, 6;
    %cmp/x;
    %jmp/1 T_2.1, 4;
    %dup/vec4;
    %pushi/vec4 15, 0, 6;
    %cmp/x;
    %jmp/1 T_2.2, 4;
    %dup/vec4;
    %pushi/vec4 14, 0, 6;
    %cmp/x;
    %jmp/1 T_2.3, 4;
    %dup/vec4;
    %pushi/vec4 13, 0, 6;
    %cmp/x;
    %jmp/1 T_2.4, 4;
    %dup/vec4;
    %pushi/vec4 12, 0, 6;
    %cmp/x;
    %jmp/1 T_2.5, 4;
    %dup/vec4;
    %pushi/vec4 11, 0, 6;
    %cmp/x;
    %jmp/1 T_2.6, 4;
    %dup/vec4;
    %pushi/vec4 10, 0, 6;
    %cmp/x;
    %jmp/1 T_2.7, 4;
    %dup/vec4;
    %pushi/vec4 9, 0, 6;
    %cmp/x;
    %jmp/1 T_2.8, 4;
    %dup/vec4;
    %pushi/vec4 8, 0, 6;
    %cmp/x;
    %jmp/1 T_2.9, 4;
    %dup/vec4;
    %pushi/vec4 7, 0, 6;
    %cmp/x;
    %jmp/1 T_2.10, 4;
    %dup/vec4;
    %pushi/vec4 6, 0, 6;
    %cmp/x;
    %jmp/1 T_2.11, 4;
    %dup/vec4;
    %pushi/vec4 5, 0, 6;
    %cmp/x;
    %jmp/1 T_2.12, 4;
    %dup/vec4;
    %pushi/vec4 4, 0, 6;
    %cmp/x;
    %jmp/1 T_2.13, 4;
    %dup/vec4;
    %pushi/vec4 3, 0, 6;
    %cmp/x;
    %jmp/1 T_2.14, 4;
    %dup/vec4;
    %pushi/vec4 2, 0, 6;
    %cmp/x;
    %jmp/1 T_2.15, 4;
    %dup/vec4;
    %pushi/vec4 1, 0, 6;
    %cmp/x;
    %jmp/1 T_2.16, 4;
    %dup/vec4;
    %pushi/vec4 0, 0, 6;
    %cmp/x;
    %jmp/1 T_2.17, 4;
    %pushi/vec4 255, 0, 8;
    %store/vec4 v0000000000880b70_0, 0, 8;
    %jmp T_2.19;
T_2.0 ;
    %pushi/vec4 255, 0, 8;
    %store/vec4 v0000000000880b70_0, 0, 8;
    %jmp T_2.19;
T_2.1 ;
    %pushi/vec4 191, 0, 8;
    %store/vec4 v0000000000880b70_0, 0, 8;
    %jmp T_2.19;
T_2.2 ;
    %pushi/vec4 184, 0, 8;
    %store/vec4 v0000000000880b70_0, 0, 8;
    %jmp T_2.19;
T_2.3 ;
    %pushi/vec4 176, 0, 8;
    %store/vec4 v0000000000880b70_0, 0, 8;
    %jmp T_2.19;
T_2.4 ;
    %pushi/vec4 131, 0, 8;
    %store/vec4 v0000000000880b70_0, 0, 8;
    %jmp T_2.19;
T_2.5 ;
    %pushi/vec4 240, 0, 8;
    %store/vec4 v0000000000880b70_0, 0, 8;
    %jmp T_2.19;
T_2.6 ;
    %pushi/vec4 161, 0, 8;
    %store/vec4 v0000000000880b70_0, 0, 8;
    %jmp T_2.19;
T_2.7 ;
    %pushi/vec4 136, 0, 8;
    %store/vec4 v0000000000880b70_0, 0, 8;
    %jmp T_2.19;
T_2.8 ;
    %pushi/vec4 144, 0, 8;
    %store/vec4 v0000000000880b70_0, 0, 8;
    %jmp T_2.19;
T_2.9 ;
    %pushi/vec4 128, 0, 8;
    %store/vec4 v0000000000880b70_0, 0, 8;
    %jmp T_2.19;
T_2.10 ;
    %pushi/vec4 248, 0, 8;
    %store/vec4 v0000000000880b70_0, 0, 8;
    %jmp T_2.19;
T_2.11 ;
    %pushi/vec4 130, 0, 8;
    %store/vec4 v0000000000880b70_0, 0, 8;
    %jmp T_2.19;
T_2.12 ;
    %pushi/vec4 164, 0, 8;
    %store/vec4 v0000000000880b70_0, 0, 8;
    %jmp T_2.19;
T_2.13 ;
    %pushi/vec4 153, 0, 8;
    %store/vec4 v0000000000880b70_0, 0, 8;
    %jmp T_2.19;
T_2.14 ;
    %pushi/vec4 176, 0, 8;
    %store/vec4 v0000000000880b70_0, 0, 8;
    %jmp T_2.19;
T_2.15 ;
    %pushi/vec4 164, 0, 8;
    %store/vec4 v0000000000880b70_0, 0, 8;
    %jmp T_2.19;
T_2.16 ;
    %pushi/vec4 249, 0, 8;
    %store/vec4 v0000000000880b70_0, 0, 8;
    %jmp T_2.19;
T_2.17 ;
    %pushi/vec4 192, 0, 8;
    %store/vec4 v0000000000880b70_0, 0, 8;
    %jmp T_2.19;
T_2.19 ;
    %pop/vec4 1;
    %jmp T_2;
    .thread T_2, $push;
    .scope S_00000000008685d0;
T_3 ;
    %wait E_000000000087c630;
    %load/vec4 v000000000087f1d0_0;
    %load/vec4 v000000000087ff90_0;
    %concat/vec4; draw_concat_vec4
    %load/vec4 v00000000008807b0_0;
    %concat/vec4; draw_concat_vec4
    %dup/vec4;
    %pushi/vec4 63, 31, 6;
    %cmp/x;
    %jmp/1 T_3.0, 4;
    %dup/vec4;
    %pushi/vec4 31, 15, 6;
    %cmp/x;
    %jmp/1 T_3.1, 4;
    %dup/vec4;
    %pushi/vec4 15, 0, 6;
    %cmp/x;
    %jmp/1 T_3.2, 4;
    %dup/vec4;
    %pushi/vec4 14, 0, 6;
    %cmp/x;
    %jmp/1 T_3.3, 4;
    %dup/vec4;
    %pushi/vec4 13, 0, 6;
    %cmp/x;
    %jmp/1 T_3.4, 4;
    %dup/vec4;
    %pushi/vec4 12, 0, 6;
    %cmp/x;
    %jmp/1 T_3.5, 4;
    %dup/vec4;
    %pushi/vec4 11, 0, 6;
    %cmp/x;
    %jmp/1 T_3.6, 4;
    %dup/vec4;
    %pushi/vec4 10, 0, 6;
    %cmp/x;
    %jmp/1 T_3.7, 4;
    %dup/vec4;
    %pushi/vec4 9, 0, 6;
    %cmp/x;
    %jmp/1 T_3.8, 4;
    %dup/vec4;
    %pushi/vec4 8, 0, 6;
    %cmp/x;
    %jmp/1 T_3.9, 4;
    %dup/vec4;
    %pushi/vec4 7, 0, 6;
    %cmp/x;
    %jmp/1 T_3.10, 4;
    %dup/vec4;
    %pushi/vec4 6, 0, 6;
    %cmp/x;
    %jmp/1 T_3.11, 4;
    %dup/vec4;
    %pushi/vec4 5, 0, 6;
    %cmp/x;
    %jmp/1 T_3.12, 4;
    %dup/vec4;
    %pushi/vec4 4, 0, 6;
    %cmp/x;
    %jmp/1 T_3.13, 4;
    %dup/vec4;
    %pushi/vec4 3, 0, 6;
    %cmp/x;
    %jmp/1 T_3.14, 4;
    %dup/vec4;
    %pushi/vec4 2, 0, 6;
    %cmp/x;
    %jmp/1 T_3.15, 4;
    %dup/vec4;
    %pushi/vec4 1, 0, 6;
    %cmp/x;
    %jmp/1 T_3.16, 4;
    %dup/vec4;
    %pushi/vec4 0, 0, 6;
    %cmp/x;
    %jmp/1 T_3.17, 4;
    %pushi/vec4 255, 0, 8;
    %store/vec4 v000000000087fe50_0, 0, 8;
    %jmp T_3.19;
T_3.0 ;
    %pushi/vec4 255, 0, 8;
    %store/vec4 v000000000087fe50_0, 0, 8;
    %jmp T_3.19;
T_3.1 ;
    %pushi/vec4 191, 0, 8;
    %store/vec4 v000000000087fe50_0, 0, 8;
    %jmp T_3.19;
T_3.2 ;
    %pushi/vec4 184, 0, 8;
    %store/vec4 v000000000087fe50_0, 0, 8;
    %jmp T_3.19;
T_3.3 ;
    %pushi/vec4 176, 0, 8;
    %store/vec4 v000000000087fe50_0, 0, 8;
    %jmp T_3.19;
T_3.4 ;
    %pushi/vec4 131, 0, 8;
    %store/vec4 v000000000087fe50_0, 0, 8;
    %jmp T_3.19;
T_3.5 ;
    %pushi/vec4 240, 0, 8;
    %store/vec4 v000000000087fe50_0, 0, 8;
    %jmp T_3.19;
T_3.6 ;
    %pushi/vec4 161, 0, 8;
    %store/vec4 v000000000087fe50_0, 0, 8;
    %jmp T_3.19;
T_3.7 ;
    %pushi/vec4 136, 0, 8;
    %store/vec4 v000000000087fe50_0, 0, 8;
    %jmp T_3.19;
T_3.8 ;
    %pushi/vec4 144, 0, 8;
    %store/vec4 v000000000087fe50_0, 0, 8;
    %jmp T_3.19;
T_3.9 ;
    %pushi/vec4 128, 0, 8;
    %store/vec4 v000000000087fe50_0, 0, 8;
    %jmp T_3.19;
T_3.10 ;
    %pushi/vec4 248, 0, 8;
    %store/vec4 v000000000087fe50_0, 0, 8;
    %jmp T_3.19;
T_3.11 ;
    %pushi/vec4 130, 0, 8;
    %store/vec4 v000000000087fe50_0, 0, 8;
    %jmp T_3.19;
T_3.12 ;
    %pushi/vec4 164, 0, 8;
    %store/vec4 v000000000087fe50_0, 0, 8;
    %jmp T_3.19;
T_3.13 ;
    %pushi/vec4 153, 0, 8;
    %store/vec4 v000000000087fe50_0, 0, 8;
    %jmp T_3.19;
T_3.14 ;
    %pushi/vec4 176, 0, 8;
    %store/vec4 v000000000087fe50_0, 0, 8;
    %jmp T_3.19;
T_3.15 ;
    %pushi/vec4 164, 0, 8;
    %store/vec4 v000000000087fe50_0, 0, 8;
    %jmp T_3.19;
T_3.16 ;
    %pushi/vec4 249, 0, 8;
    %store/vec4 v000000000087fe50_0, 0, 8;
    %jmp T_3.19;
T_3.17 ;
    %pushi/vec4 192, 0, 8;
    %store/vec4 v000000000087fe50_0, 0, 8;
    %jmp T_3.19;
T_3.19 ;
    %pop/vec4 1;
    %jmp T_3;
    .thread T_3, $push;
    .scope S_0000000000863530;
T_4 ;
    %wait E_000000000087c370;
    %load/vec4 v000000000087f950_0;
    %load/vec4 v0000000000880a30_0;
    %concat/vec4; draw_concat_vec4
    %load/vec4 v000000000087fc70_0;
    %concat/vec4; draw_concat_vec4
    %dup/vec4;
    %pushi/vec4 63, 31, 6;
    %cmp/x;
    %jmp/1 T_4.0, 4;
    %dup/vec4;
    %pushi/vec4 31, 15, 6;
    %cmp/x;
    %jmp/1 T_4.1, 4;
    %dup/vec4;
    %pushi/vec4 15, 0, 6;
    %cmp/x;
    %jmp/1 T_4.2, 4;
    %dup/vec4;
    %pushi/vec4 14, 0, 6;
    %cmp/x;
    %jmp/1 T_4.3, 4;
    %dup/vec4;
    %pushi/vec4 13, 0, 6;
    %cmp/x;
    %jmp/1 T_4.4, 4;
    %dup/vec4;
    %pushi/vec4 12, 0, 6;
    %cmp/x;
    %jmp/1 T_4.5, 4;
    %dup/vec4;
    %pushi/vec4 11, 0, 6;
    %cmp/x;
    %jmp/1 T_4.6, 4;
    %dup/vec4;
    %pushi/vec4 10, 0, 6;
    %cmp/x;
    %jmp/1 T_4.7, 4;
    %dup/vec4;
    %pushi/vec4 9, 0, 6;
    %cmp/x;
    %jmp/1 T_4.8, 4;
    %dup/vec4;
    %pushi/vec4 8, 0, 6;
    %cmp/x;
    %jmp/1 T_4.9, 4;
    %dup/vec4;
    %pushi/vec4 7, 0, 6;
    %cmp/x;
    %jmp/1 T_4.10, 4;
    %dup/vec4;
    %pushi/vec4 6, 0, 6;
    %cmp/x;
    %jmp/1 T_4.11, 4;
    %dup/vec4;
    %pushi/vec4 5, 0, 6;
    %cmp/x;
    %jmp/1 T_4.12, 4;
    %dup/vec4;
    %pushi/vec4 4, 0, 6;
    %cmp/x;
    %jmp/1 T_4.13, 4;
    %dup/vec4;
    %pushi/vec4 3, 0, 6;
    %cmp/x;
    %jmp/1 T_4.14, 4;
    %dup/vec4;
    %pushi/vec4 2, 0, 6;
    %cmp/x;
    %jmp/1 T_4.15, 4;
    %dup/vec4;
    %pushi/vec4 1, 0, 6;
    %cmp/x;
    %jmp/1 T_4.16, 4;
    %dup/vec4;
    %pushi/vec4 0, 0, 6;
    %cmp/x;
    %jmp/1 T_4.17, 4;
    %pushi/vec4 255, 0, 8;
    %store/vec4 v0000000000880030_0, 0, 8;
    %jmp T_4.19;
T_4.0 ;
    %pushi/vec4 255, 0, 8;
    %store/vec4 v0000000000880030_0, 0, 8;
    %jmp T_4.19;
T_4.1 ;
    %pushi/vec4 191, 0, 8;
    %store/vec4 v0000000000880030_0, 0, 8;
    %jmp T_4.19;
T_4.2 ;
    %pushi/vec4 184, 0, 8;
    %store/vec4 v0000000000880030_0, 0, 8;
    %jmp T_4.19;
T_4.3 ;
    %pushi/vec4 176, 0, 8;
    %store/vec4 v0000000000880030_0, 0, 8;
    %jmp T_4.19;
T_4.4 ;
    %pushi/vec4 131, 0, 8;
    %store/vec4 v0000000000880030_0, 0, 8;
    %jmp T_4.19;
T_4.5 ;
    %pushi/vec4 240, 0, 8;
    %store/vec4 v0000000000880030_0, 0, 8;
    %jmp T_4.19;
T_4.6 ;
    %pushi/vec4 161, 0, 8;
    %store/vec4 v0000000000880030_0, 0, 8;
    %jmp T_4.19;
T_4.7 ;
    %pushi/vec4 136, 0, 8;
    %store/vec4 v0000000000880030_0, 0, 8;
    %jmp T_4.19;
T_4.8 ;
    %pushi/vec4 144, 0, 8;
    %store/vec4 v0000000000880030_0, 0, 8;
    %jmp T_4.19;
T_4.9 ;
    %pushi/vec4 128, 0, 8;
    %store/vec4 v0000000000880030_0, 0, 8;
    %jmp T_4.19;
T_4.10 ;
    %pushi/vec4 248, 0, 8;
    %store/vec4 v0000000000880030_0, 0, 8;
    %jmp T_4.19;
T_4.11 ;
    %pushi/vec4 130, 0, 8;
    %store/vec4 v0000000000880030_0, 0, 8;
    %jmp T_4.19;
T_4.12 ;
    %pushi/vec4 164, 0, 8;
    %store/vec4 v0000000000880030_0, 0, 8;
    %jmp T_4.19;
T_4.13 ;
    %pushi/vec4 153, 0, 8;
    %store/vec4 v0000000000880030_0, 0, 8;
    %jmp T_4.19;
T_4.14 ;
    %pushi/vec4 176, 0, 8;
    %store/vec4 v0000000000880030_0, 0, 8;
    %jmp T_4.19;
T_4.15 ;
    %pushi/vec4 164, 0, 8;
    %store/vec4 v0000000000880030_0, 0, 8;
    %jmp T_4.19;
T_4.16 ;
    %pushi/vec4 249, 0, 8;
    %store/vec4 v0000000000880030_0, 0, 8;
    %jmp T_4.19;
T_4.17 ;
    %pushi/vec4 192, 0, 8;
    %store/vec4 v0000000000880030_0, 0, 8;
    %jmp T_4.19;
T_4.19 ;
    %pop/vec4 1;
    %jmp T_4;
    .thread T_4, $push;
    .scope S_00000000008633a0;
T_5 ;
    %wait E_000000000087c970;
    %load/vec4 v000000000087f6d0_0;
    %load/vec4 v000000000087fdb0_0;
    %concat/vec4; draw_concat_vec4
    %load/vec4 v000000000087f810_0;
    %concat/vec4; draw_concat_vec4
    %dup/vec4;
    %pushi/vec4 63, 31, 6;
    %cmp/x;
    %jmp/1 T_5.0, 4;
    %dup/vec4;
    %pushi/vec4 31, 15, 6;
    %cmp/x;
    %jmp/1 T_5.1, 4;
    %dup/vec4;
    %pushi/vec4 15, 0, 6;
    %cmp/x;
    %jmp/1 T_5.2, 4;
    %dup/vec4;
    %pushi/vec4 14, 0, 6;
    %cmp/x;
    %jmp/1 T_5.3, 4;
    %dup/vec4;
    %pushi/vec4 13, 0, 6;
    %cmp/x;
    %jmp/1 T_5.4, 4;
    %dup/vec4;
    %pushi/vec4 12, 0, 6;
    %cmp/x;
    %jmp/1 T_5.5, 4;
    %dup/vec4;
    %pushi/vec4 11, 0, 6;
    %cmp/x;
    %jmp/1 T_5.6, 4;
    %dup/vec4;
    %pushi/vec4 10, 0, 6;
    %cmp/x;
    %jmp/1 T_5.7, 4;
    %dup/vec4;
    %pushi/vec4 9, 0, 6;
    %cmp/x;
    %jmp/1 T_5.8, 4;
    %dup/vec4;
    %pushi/vec4 8, 0, 6;
    %cmp/x;
    %jmp/1 T_5.9, 4;
    %dup/vec4;
    %pushi/vec4 7, 0, 6;
    %cmp/x;
    %jmp/1 T_5.10, 4;
    %dup/vec4;
    %pushi/vec4 6, 0, 6;
    %cmp/x;
    %jmp/1 T_5.11, 4;
    %dup/vec4;
    %pushi/vec4 5, 0, 6;
    %cmp/x;
    %jmp/1 T_5.12, 4;
    %dup/vec4;
    %pushi/vec4 4, 0, 6;
    %cmp/x;
    %jmp/1 T_5.13, 4;
    %dup/vec4;
    %pushi/vec4 3, 0, 6;
    %cmp/x;
    %jmp/1 T_5.14, 4;
    %dup/vec4;
    %pushi/vec4 2, 0, 6;
    %cmp/x;
    %jmp/1 T_5.15, 4;
    %dup/vec4;
    %pushi/vec4 1, 0, 6;
    %cmp/x;
    %jmp/1 T_5.16, 4;
    %dup/vec4;
    %pushi/vec4 0, 0, 6;
    %cmp/x;
    %jmp/1 T_5.17, 4;
    %pushi/vec4 255, 0, 8;
    %store/vec4 v000000000087f590_0, 0, 8;
    %jmp T_5.19;
T_5.0 ;
    %pushi/vec4 255, 0, 8;
    %store/vec4 v000000000087f590_0, 0, 8;
    %jmp T_5.19;
T_5.1 ;
    %pushi/vec4 191, 0, 8;
    %store/vec4 v000000000087f590_0, 0, 8;
    %jmp T_5.19;
T_5.2 ;
    %pushi/vec4 184, 0, 8;
    %store/vec4 v000000000087f590_0, 0, 8;
    %jmp T_5.19;
T_5.3 ;
    %pushi/vec4 176, 0, 8;
    %store/vec4 v000000000087f590_0, 0, 8;
    %jmp T_5.19;
T_5.4 ;
    %pushi/vec4 131, 0, 8;
    %store/vec4 v000000000087f590_0, 0, 8;
    %jmp T_5.19;
T_5.5 ;
    %pushi/vec4 240, 0, 8;
    %store/vec4 v000000000087f590_0, 0, 8;
    %jmp T_5.19;
T_5.6 ;
    %pushi/vec4 161, 0, 8;
    %store/vec4 v000000000087f590_0, 0, 8;
    %jmp T_5.19;
T_5.7 ;
    %pushi/vec4 136, 0, 8;
    %store/vec4 v000000000087f590_0, 0, 8;
    %jmp T_5.19;
T_5.8 ;
    %pushi/vec4 144, 0, 8;
    %store/vec4 v000000000087f590_0, 0, 8;
    %jmp T_5.19;
T_5.9 ;
    %pushi/vec4 128, 0, 8;
    %store/vec4 v000000000087f590_0, 0, 8;
    %jmp T_5.19;
T_5.10 ;
    %pushi/vec4 248, 0, 8;
    %store/vec4 v000000000087f590_0, 0, 8;
    %jmp T_5.19;
T_5.11 ;
    %pushi/vec4 130, 0, 8;
    %store/vec4 v000000000087f590_0, 0, 8;
    %jmp T_5.19;
T_5.12 ;
    %pushi/vec4 164, 0, 8;
    %store/vec4 v000000000087f590_0, 0, 8;
    %jmp T_5.19;
T_5.13 ;
    %pushi/vec4 153, 0, 8;
    %store/vec4 v000000000087f590_0, 0, 8;
    %jmp T_5.19;
T_5.14 ;
    %pushi/vec4 176, 0, 8;
    %store/vec4 v000000000087f590_0, 0, 8;
    %jmp T_5.19;
T_5.15 ;
    %pushi/vec4 164, 0, 8;
    %store/vec4 v000000000087f590_0, 0, 8;
    %jmp T_5.19;
T_5.16 ;
    %pushi/vec4 249, 0, 8;
    %store/vec4 v000000000087f590_0, 0, 8;
    %jmp T_5.19;
T_5.17 ;
    %pushi/vec4 192, 0, 8;
    %store/vec4 v000000000087f590_0, 0, 8;
    %jmp T_5.19;
T_5.19 ;
    %pop/vec4 1;
    %jmp T_5;
    .thread T_5, $push;
    .scope S_0000000000885400;
T_6 ;
    %vpi_call 2 20 "$dumpfile", "out.vcd" {0 0 0};
    %vpi_call 2 21 "$dumpvars" {0 0 0};
    %vpi_call 2 22 "$display", $time, " << Starting Simulation >>" {0 0 0};
    %pushi/vec4 1, 0, 1;
    %ix/load 4, 0, 0;
    %flag_set/imm 4, 0;
    %store/vec4 v000000000087f8b0_0, 4, 1;
    %pushi/vec4 1, 0, 1;
    %ix/load 4, 1, 0;
    %flag_set/imm 4, 0;
    %store/vec4 v000000000087f8b0_0, 4, 1;
    %pushi/vec4 0, 0, 1;
    %ix/load 4, 0, 0;
    %flag_set/imm 4, 0;
    %store/vec4 v000000000087f9f0_0, 4, 1;
    %delay 100, 0;
    %vpi_call 2 26 "$display", $time, " << Switch 0 switched >>" {0 0 0};
    %delay 100, 0;
    %pushi/vec4 1, 0, 1;
    %ix/load 4, 0, 0;
    %flag_set/imm 4, 0;
    %store/vec4 v000000000087f9f0_0, 4, 1;
    %delay 100, 0;
    %pushi/vec4 0, 0, 1;
    %ix/load 4, 0, 0;
    %flag_set/imm 4, 0;
    %store/vec4 v000000000087f9f0_0, 4, 1;
    %delay 100, 0;
    %vpi_call 2 29 "$display", $time, " << Key 0 pressed >>" {0 0 0};
    %delay 100, 0;
    %pushi/vec4 0, 0, 1;
    %ix/load 4, 0, 0;
    %flag_set/imm 4, 0;
    %store/vec4 v000000000087f8b0_0, 4, 1;
    %delay 100, 0;
    %pushi/vec4 1, 0, 1;
    %ix/load 4, 0, 0;
    %flag_set/imm 4, 0;
    %store/vec4 v000000000087f8b0_0, 4, 1;
    %delay 100, 0;
    %vpi_call 2 32 "$display", $time, " << Key 1 pressed >>" {0 0 0};
    %delay 100, 0;
    %pushi/vec4 0, 0, 1;
    %ix/load 4, 1, 0;
    %flag_set/imm 4, 0;
    %store/vec4 v000000000087f8b0_0, 4, 1;
    %delay 100, 0;
    %pushi/vec4 1, 0, 1;
    %ix/load 4, 1, 0;
    %flag_set/imm 4, 0;
    %store/vec4 v000000000087f8b0_0, 4, 1;
    %delay 100, 0;
    %vpi_call 2 35 "$display", $time, " << Simulation Complete >>" {0 0 0};
    %end;
    .thread T_6;
    .scope S_0000000000885400;
T_7 ;
    %vpi_call 2 40 "$monitor", $time, " KEY0 = %b, KEY1 = %b, SW0 = %b, LED0 = %b, HEX5 = %b", &PV<v000000000087f8b0_0, 0, 1>, &PV<v000000000087f8b0_0, 1, 1>, &PV<v000000000087f9f0_0, 0, 1>, &PV<v000000000087f4f0_0, 0, 1>, &PV<v000000000087f770_0, 0, 7> {0 0 0};
    %end;
    .thread T_7;
# The file index is used to find the file name in the following table.
:file_names 5;
    "N/A";
    "<interactive>";
    ".\tb_block1.v";
    ".\block1.v";
    ".\sevenseg.v";
